[5.611s] Invoking command in '/home/chase/project4/src/p4pkg': PYTHONPATH=/home/chase/project4/src/build/p4pkg/prefix_override:/home/chase/project4/src/install/p4pkg/lib/python3.8/site-packages:${PYTHONPATH} /usr/bin/python3 setup.py egg_info --egg-base ../build/p4pkg build --build-base /home/chase/project4/src/build/p4pkg/build install --record /home/chase/project4/src/build/p4pkg/install.log --single-version-externally-managed
[7.417s] running egg_info
[7.418s] writing ../build/p4pkg/p4pkg.egg-info/PKG-INFO
[7.426s] writing dependency_links to ../build/p4pkg/p4pkg.egg-info/dependency_links.txt
[7.431s] writing entry points to ../build/p4pkg/p4pkg.egg-info/entry_points.txt
[7.433s] writing requirements to ../build/p4pkg/p4pkg.egg-info/requires.txt
[7.435s] writing top-level names to ../build/p4pkg/p4pkg.egg-info/top_level.txt
[7.537s] reading manifest file '../build/p4pkg/p4pkg.egg-info/SOURCES.txt'
[7.539s] writing manifest file '../build/p4pkg/p4pkg.egg-info/SOURCES.txt'
[7.545s] running build
[7.545s] running build_py
[7.546s] copying p4pkg/world_reader.py -> /home/chase/project4/src/build/p4pkg/build/lib/p4pkg
[7.546s] running install
[7.555s] running install_lib
[7.557s] copying /home/chase/project4/src/build/p4pkg/build/lib/p4pkg/world_reader.py -> /home/chase/project4/src/install/p4pkg/lib/python3.8/site-packages/p4pkg
[7.563s] byte-compiling /home/chase/project4/src/install/p4pkg/lib/python3.8/site-packages/p4pkg/world_reader.py to world_reader.cpython-38.pyc
[7.567s] running install_data
[7.568s] running install_egg_info
[7.574s] removing '/home/chase/project4/src/install/p4pkg/lib/python3.8/site-packages/p4pkg-0.0.0-py3.8.egg-info' (and everything under it)
[7.574s] Copying ../build/p4pkg/p4pkg.egg-info to /home/chase/project4/src/install/p4pkg/lib/python3.8/site-packages/p4pkg-0.0.0-py3.8.egg-info
[7.576s] running install_scripts
[7.652s] Installing simulator script to /home/chase/project4/src/install/p4pkg/lib/p4pkg
[7.659s] writing list of installed files to '/home/chase/project4/src/build/p4pkg/install.log'
[7.733s] Invoked command in '/home/chase/project4/src/p4pkg' returned '0': PYTHONPATH=/home/chase/project4/src/build/p4pkg/prefix_override:/home/chase/project4/src/install/p4pkg/lib/python3.8/site-packages:${PYTHONPATH} /usr/bin/python3 setup.py egg_info --egg-base ../build/p4pkg build --build-base /home/chase/project4/src/build/p4pkg/build install --record /home/chase/project4/src/build/p4pkg/install.log --single-version-externally-managed
