[5.946s] Invoking command in '/home/chase/project4/src/p4pkg': PYTHONPATH=/home/chase/project4/src/build/p4pkg/prefix_override:/home/chase/project4/src/install/p4pkg/lib/python3.8/site-packages:${PYTHONPATH} /usr/bin/python3 setup.py egg_info --egg-base ../build/p4pkg build --build-base /home/chase/project4/src/build/p4pkg/build install --record /home/chase/project4/src/build/p4pkg/install.log --single-version-externally-managed
[8.459s] running egg_info
[8.460s] writing ../build/p4pkg/p4pkg.egg-info/PKG-INFO
[8.476s] writing dependency_links to ../build/p4pkg/p4pkg.egg-info/dependency_links.txt
[8.480s] writing entry points to ../build/p4pkg/p4pkg.egg-info/entry_points.txt
[8.484s] writing requirements to ../build/p4pkg/p4pkg.egg-info/requires.txt
[8.489s] writing top-level names to ../build/p4pkg/p4pkg.egg-info/top_level.txt
[8.593s] reading manifest file '../build/p4pkg/p4pkg.egg-info/SOURCES.txt'
[8.594s] writing manifest file '../build/p4pkg/p4pkg.egg-info/SOURCES.txt'
[8.603s] running build
[8.603s] running build_py
[8.608s] copying p4pkg/simulator.py -> /home/chase/project4/src/build/p4pkg/build/lib/p4pkg
[8.609s] running install
[8.614s] running install_lib
[8.617s] copying /home/chase/project4/src/build/p4pkg/build/lib/p4pkg/simulator.py -> /home/chase/project4/src/install/p4pkg/lib/python3.8/site-packages/p4pkg
[8.620s] byte-compiling /home/chase/project4/src/install/p4pkg/lib/python3.8/site-packages/p4pkg/simulator.py to simulator.cpython-38.pyc
[8.625s] running install_data
[8.626s] running install_egg_info
[8.665s] removing '/home/chase/project4/src/install/p4pkg/lib/python3.8/site-packages/p4pkg-0.0.0-py3.8.egg-info' (and everything under it)
[8.666s] Copying ../build/p4pkg/p4pkg.egg-info to /home/chase/project4/src/install/p4pkg/lib/python3.8/site-packages/p4pkg-0.0.0-py3.8.egg-info
[8.667s] running install_scripts
[8.764s] Installing simulator script to /home/chase/project4/src/install/p4pkg/lib/p4pkg
[8.776s] writing list of installed files to '/home/chase/project4/src/build/p4pkg/install.log'
[8.843s] Invoked command in '/home/chase/project4/src/p4pkg' returned '0': PYTHONPATH=/home/chase/project4/src/build/p4pkg/prefix_override:/home/chase/project4/src/install/p4pkg/lib/python3.8/site-packages:${PYTHONPATH} /usr/bin/python3 setup.py egg_info --egg-base ../build/p4pkg build --build-base /home/chase/project4/src/build/p4pkg/build install --record /home/chase/project4/src/build/p4pkg/install.log --single-version-externally-managed
