[9.789s] Invoking command in '/home/chase/project4/src/p4pkg': PYTHONPATH=/home/chase/project4/src/build/p4pkg/prefix_override:/home/chase/project4/src/install/p4pkg/lib/python3.8/site-packages:${PYTHONPATH} /usr/bin/python3 setup.py egg_info --egg-base ../build/p4pkg build --build-base /home/chase/project4/src/build/p4pkg/build install --record /home/chase/project4/src/build/p4pkg/install.log --single-version-externally-managed
[12.874s] running egg_info
[12.875s] writing ../build/p4pkg/p4pkg.egg-info/PKG-INFO
[12.892s] writing dependency_links to ../build/p4pkg/p4pkg.egg-info/dependency_links.txt
[12.905s] writing entry points to ../build/p4pkg/p4pkg.egg-info/entry_points.txt
[12.906s] writing requirements to ../build/p4pkg/p4pkg.egg-info/requires.txt
[12.922s] writing top-level names to ../build/p4pkg/p4pkg.egg-info/top_level.txt
[13.091s] reading manifest file '../build/p4pkg/p4pkg.egg-info/SOURCES.txt'
[13.093s] writing manifest file '../build/p4pkg/p4pkg.egg-info/SOURCES.txt'
[13.094s] running build
[13.107s] running build_py
[13.113s] copying p4pkg/simulator.py -> /home/chase/project4/src/build/p4pkg/build/lib/p4pkg
[13.145s] running install
[13.145s] running install_lib
[13.145s] copying /home/chase/project4/src/build/p4pkg/build/lib/p4pkg/simulator.py -> /home/chase/project4/src/install/p4pkg/lib/python3.8/site-packages/p4pkg
[13.146s] byte-compiling /home/chase/project4/src/install/p4pkg/lib/python3.8/site-packages/p4pkg/simulator.py to simulator.cpython-38.pyc
[13.156s] running install_data
[13.157s] running install_egg_info
[13.172s] removing '/home/chase/project4/src/install/p4pkg/lib/python3.8/site-packages/p4pkg-0.0.0-py3.8.egg-info' (and everything under it)
[13.173s] Copying ../build/p4pkg/p4pkg.egg-info to /home/chase/project4/src/install/p4pkg/lib/python3.8/site-packages/p4pkg-0.0.0-py3.8.egg-info
[13.199s] running install_scripts
[13.287s] Installing simulator script to /home/chase/project4/src/install/p4pkg/lib/p4pkg
[13.305s] writing list of installed files to '/home/chase/project4/src/build/p4pkg/install.log'
[13.374s] Invoked command in '/home/chase/project4/src/p4pkg' returned '0': PYTHONPATH=/home/chase/project4/src/build/p4pkg/prefix_override:/home/chase/project4/src/install/p4pkg/lib/python3.8/site-packages:${PYTHONPATH} /usr/bin/python3 setup.py egg_info --egg-base ../build/p4pkg build --build-base /home/chase/project4/src/build/p4pkg/build install --record /home/chase/project4/src/build/p4pkg/install.log --single-version-externally-managed
