[11.257s] Invoking command in '/home/chase/project4/src/p4pkg': PYTHONPATH=/home/chase/project4/src/build/p4pkg/prefix_override:/home/chase/project4/src/install/p4pkg/lib/python3.8/site-packages:${PYTHONPATH} /usr/bin/python3 setup.py egg_info --egg-base ../build/p4pkg build --build-base /home/chase/project4/src/build/p4pkg/build install --record /home/chase/project4/src/build/p4pkg/install.log --single-version-externally-managed
[15.672s] running egg_info
[15.673s] writing ../build/p4pkg/p4pkg.egg-info/PKG-INFO
[15.693s] writing dependency_links to ../build/p4pkg/p4pkg.egg-info/dependency_links.txt
[15.696s] writing entry points to ../build/p4pkg/p4pkg.egg-info/entry_points.txt
[15.697s] writing requirements to ../build/p4pkg/p4pkg.egg-info/requires.txt
[15.698s] writing top-level names to ../build/p4pkg/p4pkg.egg-info/top_level.txt
[15.967s] reading manifest file '../build/p4pkg/p4pkg.egg-info/SOURCES.txt'
[16.050s] writing manifest file '../build/p4pkg/p4pkg.egg-info/SOURCES.txt'
[16.051s] running build
[16.051s] running build_py
[16.051s] running install
[16.051s] running install_lib
[16.051s] running install_data
[16.052s] running install_egg_info
[16.061s] removing '/home/chase/project4/src/install/p4pkg/lib/python3.8/site-packages/p4pkg-0.0.0-py3.8.egg-info' (and everything under it)
[16.062s] Copying ../build/p4pkg/p4pkg.egg-info to /home/chase/project4/src/install/p4pkg/lib/python3.8/site-packages/p4pkg-0.0.0-py3.8.egg-info
[16.078s] running install_scripts
[16.319s] Installing simulator script to /home/chase/project4/src/install/p4pkg/lib/p4pkg
[16.319s] writing list of installed files to '/home/chase/project4/src/build/p4pkg/install.log'
[16.401s] Invoked command in '/home/chase/project4/src/p4pkg' returned '0': PYTHONPATH=/home/chase/project4/src/build/p4pkg/prefix_override:/home/chase/project4/src/install/p4pkg/lib/python3.8/site-packages:${PYTHONPATH} /usr/bin/python3 setup.py egg_info --egg-base ../build/p4pkg build --build-base /home/chase/project4/src/build/p4pkg/build install --record /home/chase/project4/src/build/p4pkg/install.log --single-version-externally-managed
