[0.866s] Invoking command in '/home/tate/Documents/4a/CSCE452-Project4a/src/p4pkg': PYTHONPATH=/home/tate/Documents/4a/CSCE452-Project4a/build/p4pkg/prefix_override:/home/tate/Documents/4a/CSCE452-Project4a/install/p4pkg/lib/python3.10/site-packages:${PYTHONPATH} /usr/bin/python3 setup.py egg_info --egg-base ../../build/p4pkg build --build-base /home/tate/Documents/4a/CSCE452-Project4a/build/p4pkg/build install --record /home/tate/Documents/4a/CSCE452-Project4a/build/p4pkg/install.log --single-version-externally-managed
[1.087s] running egg_info
[1.087s] writing ../../build/p4pkg/p4pkg.egg-info/PKG-INFO
[1.087s] writing dependency_links to ../../build/p4pkg/p4pkg.egg-info/dependency_links.txt
[1.087s] writing entry points to ../../build/p4pkg/p4pkg.egg-info/entry_points.txt
[1.115s] writing requirements to ../../build/p4pkg/p4pkg.egg-info/requires.txt
[1.130s] writing top-level names to ../../build/p4pkg/p4pkg.egg-info/top_level.txt
[1.149s] reading manifest file '../../build/p4pkg/p4pkg.egg-info/SOURCES.txt'
[1.150s] writing manifest file '../../build/p4pkg/p4pkg.egg-info/SOURCES.txt'
[1.150s] running build
[1.150s] running build_py
[1.150s] copying p4pkg/navigation.py -> /home/tate/Documents/4a/CSCE452-Project4a/build/p4pkg/build/lib/p4pkg
[1.150s] running install
[1.150s] running install_lib
[1.154s] copying /home/tate/Documents/4a/CSCE452-Project4a/build/p4pkg/build/lib/p4pkg/navigation.py -> /home/tate/Documents/4a/CSCE452-Project4a/install/p4pkg/lib/python3.10/site-packages/p4pkg
[1.166s] byte-compiling /home/tate/Documents/4a/CSCE452-Project4a/install/p4pkg/lib/python3.10/site-packages/p4pkg/navigation.py to navigation.cpython-310.pyc
[1.185s] running install_data
[1.185s] running install_egg_info
[1.206s] removing '/home/tate/Documents/4a/CSCE452-Project4a/install/p4pkg/lib/python3.10/site-packages/p4pkg-0.0.0-py3.10.egg-info' (and everything under it)
[1.209s] Copying ../../build/p4pkg/p4pkg.egg-info to /home/tate/Documents/4a/CSCE452-Project4a/install/p4pkg/lib/python3.10/site-packages/p4pkg-0.0.0-py3.10.egg-info
[1.209s] running install_scripts
[1.224s] Installing navigation script to /home/tate/Documents/4a/CSCE452-Project4a/install/p4pkg/lib/p4pkg
[1.224s] Installing simulator script to /home/tate/Documents/4a/CSCE452-Project4a/install/p4pkg/lib/p4pkg
[1.224s] Installing velocity script to /home/tate/Documents/4a/CSCE452-Project4a/install/p4pkg/lib/p4pkg
[1.224s] writing list of installed files to '/home/tate/Documents/4a/CSCE452-Project4a/build/p4pkg/install.log'
[1.283s] Invoked command in '/home/tate/Documents/4a/CSCE452-Project4a/src/p4pkg' returned '0': PYTHONPATH=/home/tate/Documents/4a/CSCE452-Project4a/build/p4pkg/prefix_override:/home/tate/Documents/4a/CSCE452-Project4a/install/p4pkg/lib/python3.10/site-packages:${PYTHONPATH} /usr/bin/python3 setup.py egg_info --egg-base ../../build/p4pkg build --build-base /home/tate/Documents/4a/CSCE452-Project4a/build/p4pkg/build install --record /home/tate/Documents/4a/CSCE452-Project4a/build/p4pkg/install.log --single-version-externally-managed
