[5.185s] Invoking command in '/home/chase/project4/src/p4pkg': PYTHONPATH=/home/chase/project4/src/build/p4pkg/prefix_override:/home/chase/project4/src/install/p4pkg/lib/python3.8/site-packages:${PYTHONPATH} /usr/bin/python3 setup.py egg_info --egg-base ../build/p4pkg build --build-base /home/chase/project4/src/build/p4pkg/build install --record /home/chase/project4/src/build/p4pkg/install.log --single-version-externally-managed
[7.123s] running egg_info
[7.124s] writing ../build/p4pkg/p4pkg.egg-info/PKG-INFO
[7.127s] writing dependency_links to ../build/p4pkg/p4pkg.egg-info/dependency_links.txt
[7.128s] writing entry points to ../build/p4pkg/p4pkg.egg-info/entry_points.txt
[7.130s] writing requirements to ../build/p4pkg/p4pkg.egg-info/requires.txt
[7.131s] writing top-level names to ../build/p4pkg/p4pkg.egg-info/top_level.txt
[7.215s] reading manifest file '../build/p4pkg/p4pkg.egg-info/SOURCES.txt'
[7.217s] writing manifest file '../build/p4pkg/p4pkg.egg-info/SOURCES.txt'
[7.221s] running build
[7.221s] running build_py
[7.222s] copying p4pkg/simulator.py -> /home/chase/project4/src/build/p4pkg/build/lib/p4pkg
[7.223s] running install
[7.227s] running install_lib
[7.230s] copying /home/chase/project4/src/build/p4pkg/build/lib/p4pkg/simulator.py -> /home/chase/project4/src/install/p4pkg/lib/python3.8/site-packages/p4pkg
[7.234s] byte-compiling /home/chase/project4/src/install/p4pkg/lib/python3.8/site-packages/p4pkg/simulator.py to simulator.cpython-38.pyc
[7.237s] running install_data
[7.238s] running install_egg_info
[7.245s] removing '/home/chase/project4/src/install/p4pkg/lib/python3.8/site-packages/p4pkg-0.0.0-py3.8.egg-info' (and everything under it)
[7.246s] Copying ../build/p4pkg/p4pkg.egg-info to /home/chase/project4/src/install/p4pkg/lib/python3.8/site-packages/p4pkg-0.0.0-py3.8.egg-info
[7.247s] running install_scripts
[7.324s] Installing simulator script to /home/chase/project4/src/install/p4pkg/lib/p4pkg
[7.326s] writing list of installed files to '/home/chase/project4/src/build/p4pkg/install.log'
[7.371s] Invoked command in '/home/chase/project4/src/p4pkg' returned '0': PYTHONPATH=/home/chase/project4/src/build/p4pkg/prefix_override:/home/chase/project4/src/install/p4pkg/lib/python3.8/site-packages:${PYTHONPATH} /usr/bin/python3 setup.py egg_info --egg-base ../build/p4pkg build --build-base /home/chase/project4/src/build/p4pkg/build install --record /home/chase/project4/src/build/p4pkg/install.log --single-version-externally-managed
