[9.289s] Invoking command in '/home/chase/project4/src/p4pkg': PYTHONPATH=/home/chase/project4/src/build/p4pkg/prefix_override:/home/chase/project4/src/install/p4pkg/lib/python3.8/site-packages:${PYTHONPATH} /usr/bin/python3 setup.py egg_info --egg-base ../build/p4pkg build --build-base /home/chase/project4/src/build/p4pkg/build install --record /home/chase/project4/src/build/p4pkg/install.log --single-version-externally-managed
[12.717s] running egg_info
[12.718s] writing ../build/p4pkg/p4pkg.egg-info/PKG-INFO
[12.732s] writing dependency_links to ../build/p4pkg/p4pkg.egg-info/dependency_links.txt
[12.739s] writing entry points to ../build/p4pkg/p4pkg.egg-info/entry_points.txt
[12.740s] writing requirements to ../build/p4pkg/p4pkg.egg-info/requires.txt
[12.746s] writing top-level names to ../build/p4pkg/p4pkg.egg-info/top_level.txt
[12.959s] reading manifest file '../build/p4pkg/p4pkg.egg-info/SOURCES.txt'
[12.961s] writing manifest file '../build/p4pkg/p4pkg.egg-info/SOURCES.txt'
[12.969s] running build
[12.973s] running build_py
[12.990s] copying p4pkg/world_reader.py -> /home/chase/project4/src/build/p4pkg/build/lib/p4pkg
[12.991s] copying p4pkg/disc_robot.py -> /home/chase/project4/src/build/p4pkg/build/lib/p4pkg
[12.992s] running install
[12.998s] running install_lib
[13.001s] copying /home/chase/project4/src/build/p4pkg/build/lib/p4pkg/world_reader.py -> /home/chase/project4/src/install/p4pkg/lib/python3.8/site-packages/p4pkg
[13.008s] copying /home/chase/project4/src/build/p4pkg/build/lib/p4pkg/disc_robot.py -> /home/chase/project4/src/install/p4pkg/lib/python3.8/site-packages/p4pkg
[13.023s] byte-compiling /home/chase/project4/src/install/p4pkg/lib/python3.8/site-packages/p4pkg/world_reader.py to world_reader.cpython-38.pyc
[13.030s] byte-compiling /home/chase/project4/src/install/p4pkg/lib/python3.8/site-packages/p4pkg/disc_robot.py to disc_robot.cpython-38.pyc
[13.035s] running install_data
[13.037s] running install_egg_info
[13.073s] removing '/home/chase/project4/src/install/p4pkg/lib/python3.8/site-packages/p4pkg-0.0.0-py3.8.egg-info' (and everything under it)
[13.077s] Copying ../build/p4pkg/p4pkg.egg-info to /home/chase/project4/src/install/p4pkg/lib/python3.8/site-packages/p4pkg-0.0.0-py3.8.egg-info
[13.109s] running install_scripts
[13.221s] Installing simulator script to /home/chase/project4/src/install/p4pkg/lib/p4pkg
[13.224s] writing list of installed files to '/home/chase/project4/src/build/p4pkg/install.log'
[13.295s] Invoked command in '/home/chase/project4/src/p4pkg' returned '0': PYTHONPATH=/home/chase/project4/src/build/p4pkg/prefix_override:/home/chase/project4/src/install/p4pkg/lib/python3.8/site-packages:${PYTHONPATH} /usr/bin/python3 setup.py egg_info --egg-base ../build/p4pkg build --build-base /home/chase/project4/src/build/p4pkg/build install --record /home/chase/project4/src/build/p4pkg/install.log --single-version-externally-managed
