[12.264s] Invoking command in '/home/chase/project4/src/p4pkg': PYTHONPATH=/home/chase/project4/src/build/p4pkg/prefix_override:/home/chase/project4/src/install/p4pkg/lib/python3.8/site-packages:${PYTHONPATH} /usr/bin/python3 setup.py egg_info --egg-base ../build/p4pkg build --build-base /home/chase/project4/src/build/p4pkg/build install --record /home/chase/project4/src/build/p4pkg/install.log --single-version-externally-managed
[18.562s] running egg_info
[18.568s] writing ../build/p4pkg/p4pkg.egg-info/PKG-INFO
[18.580s] writing dependency_links to ../build/p4pkg/p4pkg.egg-info/dependency_links.txt
[18.585s] writing entry points to ../build/p4pkg/p4pkg.egg-info/entry_points.txt
[18.585s] writing requirements to ../build/p4pkg/p4pkg.egg-info/requires.txt
[18.585s] writing top-level names to ../build/p4pkg/p4pkg.egg-info/top_level.txt
[18.849s] reading manifest file '../build/p4pkg/p4pkg.egg-info/SOURCES.txt'
[18.850s] writing manifest file '../build/p4pkg/p4pkg.egg-info/SOURCES.txt'
[18.854s] running build
[18.867s] running build_py
[18.867s] copying p4pkg/simulator.py -> /home/chase/project4/src/build/p4pkg/build/lib/p4pkg
[18.868s] running install
[18.872s] running install_lib
[18.875s] copying /home/chase/project4/src/build/p4pkg/build/lib/p4pkg/simulator.py -> /home/chase/project4/src/install/p4pkg/lib/python3.8/site-packages/p4pkg
[18.892s] byte-compiling /home/chase/project4/src/install/p4pkg/lib/python3.8/site-packages/p4pkg/simulator.py to simulator.cpython-38.pyc
[18.911s] running install_data
[18.913s] running install_egg_info
[18.927s] removing '/home/chase/project4/src/install/p4pkg/lib/python3.8/site-packages/p4pkg-0.0.0-py3.8.egg-info' (and everything under it)
[18.928s] Copying ../build/p4pkg/p4pkg.egg-info to /home/chase/project4/src/install/p4pkg/lib/python3.8/site-packages/p4pkg-0.0.0-py3.8.egg-info
[18.929s] running install_scripts
[19.119s] Installing simulator script to /home/chase/project4/src/install/p4pkg/lib/p4pkg
[19.135s] writing list of installed files to '/home/chase/project4/src/build/p4pkg/install.log'
[19.294s] Invoked command in '/home/chase/project4/src/p4pkg' returned '0': PYTHONPATH=/home/chase/project4/src/build/p4pkg/prefix_override:/home/chase/project4/src/install/p4pkg/lib/python3.8/site-packages:${PYTHONPATH} /usr/bin/python3 setup.py egg_info --egg-base ../build/p4pkg build --build-base /home/chase/project4/src/build/p4pkg/build install --record /home/chase/project4/src/build/p4pkg/install.log --single-version-externally-managed
