[4.533s] Invoking command in '/home/chase/project4/src/p4pkg': PYTHONPATH=/home/chase/project4/src/build/p4pkg/prefix_override:/home/chase/project4/src/install/p4pkg/lib/python3.8/site-packages:${PYTHONPATH} /usr/bin/python3 setup.py egg_info --egg-base ../build/p4pkg build --build-base /home/chase/project4/src/build/p4pkg/build install --record /home/chase/project4/src/build/p4pkg/install.log --single-version-externally-managed
[6.287s] running egg_info
[6.288s] writing ../build/p4pkg/p4pkg.egg-info/PKG-INFO
[6.302s] writing dependency_links to ../build/p4pkg/p4pkg.egg-info/dependency_links.txt
[6.304s] writing entry points to ../build/p4pkg/p4pkg.egg-info/entry_points.txt
[6.305s] writing requirements to ../build/p4pkg/p4pkg.egg-info/requires.txt
[6.306s] writing top-level names to ../build/p4pkg/p4pkg.egg-info/top_level.txt
[6.390s] reading manifest file '../build/p4pkg/p4pkg.egg-info/SOURCES.txt'
[6.391s] writing manifest file '../build/p4pkg/p4pkg.egg-info/SOURCES.txt'
[6.398s] running build
[6.402s] running build_py
[6.402s] copying p4pkg/simulator.py -> /home/chase/project4/src/build/p4pkg/build/lib/p4pkg
[6.403s] running install
[6.408s] running install_lib
[6.410s] copying /home/chase/project4/src/build/p4pkg/build/lib/p4pkg/simulator.py -> /home/chase/project4/src/install/p4pkg/lib/python3.8/site-packages/p4pkg
[6.413s] byte-compiling /home/chase/project4/src/install/p4pkg/lib/python3.8/site-packages/p4pkg/simulator.py to simulator.cpython-38.pyc
[6.430s] running install_data
[6.435s] running install_egg_info
[6.441s] removing '/home/chase/project4/src/install/p4pkg/lib/python3.8/site-packages/p4pkg-0.0.0-py3.8.egg-info' (and everything under it)
[6.442s] Copying ../build/p4pkg/p4pkg.egg-info to /home/chase/project4/src/install/p4pkg/lib/python3.8/site-packages/p4pkg-0.0.0-py3.8.egg-info
[6.443s] running install_scripts
[6.516s] Installing simulator script to /home/chase/project4/src/install/p4pkg/lib/p4pkg
[6.520s] writing list of installed files to '/home/chase/project4/src/build/p4pkg/install.log'
[6.582s] Invoked command in '/home/chase/project4/src/p4pkg' returned '0': PYTHONPATH=/home/chase/project4/src/build/p4pkg/prefix_override:/home/chase/project4/src/install/p4pkg/lib/python3.8/site-packages:${PYTHONPATH} /usr/bin/python3 setup.py egg_info --egg-base ../build/p4pkg build --build-base /home/chase/project4/src/build/p4pkg/build install --record /home/chase/project4/src/build/p4pkg/install.log --single-version-externally-managed
