[12.659s] Invoking command in '/home/chase/project4/src/p4pkg': PYTHONPATH=/home/chase/project4/src/build/p4pkg/prefix_override:/home/chase/project4/src/install/p4pkg/lib/python3.8/site-packages:${PYTHONPATH} /usr/bin/python3 setup.py egg_info --egg-base ../build/p4pkg build --build-base /home/chase/project4/src/build/p4pkg/build install --record /home/chase/project4/src/build/p4pkg/install.log --single-version-externally-managed
[17.836s] running egg_info
[17.849s] writing ../build/p4pkg/p4pkg.egg-info/PKG-INFO
[17.867s] writing dependency_links to ../build/p4pkg/p4pkg.egg-info/dependency_links.txt
[17.877s] writing entry points to ../build/p4pkg/p4pkg.egg-info/entry_points.txt
[17.879s] writing requirements to ../build/p4pkg/p4pkg.egg-info/requires.txt
[17.883s] writing top-level names to ../build/p4pkg/p4pkg.egg-info/top_level.txt
[18.104s] reading manifest file '../build/p4pkg/p4pkg.egg-info/SOURCES.txt'
[18.106s] writing manifest file '../build/p4pkg/p4pkg.egg-info/SOURCES.txt'
[18.109s] running build
[18.109s] running build_py
[18.110s] copying p4pkg/simulator.py -> /home/chase/project4/src/build/p4pkg/build/lib/p4pkg
[18.110s] running install
[18.213s] running install_lib
[18.221s] copying /home/chase/project4/src/build/p4pkg/build/lib/p4pkg/simulator.py -> /home/chase/project4/src/install/p4pkg/lib/python3.8/site-packages/p4pkg
[18.231s] byte-compiling /home/chase/project4/src/install/p4pkg/lib/python3.8/site-packages/p4pkg/simulator.py to simulator.cpython-38.pyc
[18.297s] running install_data
[18.390s] running install_egg_info
[18.396s] removing '/home/chase/project4/src/install/p4pkg/lib/python3.8/site-packages/p4pkg-0.0.0-py3.8.egg-info' (and everything under it)
[18.397s] Copying ../build/p4pkg/p4pkg.egg-info to /home/chase/project4/src/install/p4pkg/lib/python3.8/site-packages/p4pkg-0.0.0-py3.8.egg-info
[18.413s] running install_scripts
[18.675s] Installing simulator script to /home/chase/project4/src/install/p4pkg/lib/p4pkg
[18.678s] writing list of installed files to '/home/chase/project4/src/build/p4pkg/install.log'
[18.886s] Invoked command in '/home/chase/project4/src/p4pkg' returned '0': PYTHONPATH=/home/chase/project4/src/build/p4pkg/prefix_override:/home/chase/project4/src/install/p4pkg/lib/python3.8/site-packages:${PYTHONPATH} /usr/bin/python3 setup.py egg_info --egg-base ../build/p4pkg build --build-base /home/chase/project4/src/build/p4pkg/build install --record /home/chase/project4/src/build/p4pkg/install.log --single-version-externally-managed
