[10.613s] Invoking command in '/home/chase/project4/src/p4pkg': PYTHONPATH=/home/chase/project4/src/build/p4pkg/prefix_override:/home/chase/project4/src/install/p4pkg/lib/python3.8/site-packages:${PYTHONPATH} /usr/bin/python3 setup.py egg_info --egg-base ../build/p4pkg build --build-base /home/chase/project4/src/build/p4pkg/build install --record /home/chase/project4/src/build/p4pkg/install.log --single-version-externally-managed
[15.257s] running egg_info
[15.257s] writing ../build/p4pkg/p4pkg.egg-info/PKG-INFO
[15.257s] writing dependency_links to ../build/p4pkg/p4pkg.egg-info/dependency_links.txt
[15.257s] writing entry points to ../build/p4pkg/p4pkg.egg-info/entry_points.txt
[15.257s] writing requirements to ../build/p4pkg/p4pkg.egg-info/requires.txt
[15.257s] writing top-level names to ../build/p4pkg/p4pkg.egg-info/top_level.txt
[15.428s] reading manifest file '../build/p4pkg/p4pkg.egg-info/SOURCES.txt'
[15.431s] writing manifest file '../build/p4pkg/p4pkg.egg-info/SOURCES.txt'
[15.436s] running build
[15.437s] running build_py
[15.437s] copying p4pkg/simulator.py -> /home/chase/project4/src/build/p4pkg/build/lib/p4pkg
[15.449s] running install
[15.460s] running install_lib
[15.461s] copying /home/chase/project4/src/build/p4pkg/build/lib/p4pkg/simulator.py -> /home/chase/project4/src/install/p4pkg/lib/python3.8/site-packages/p4pkg
[15.472s] byte-compiling /home/chase/project4/src/install/p4pkg/lib/python3.8/site-packages/p4pkg/simulator.py to simulator.cpython-38.pyc
[15.490s] running install_data
[15.493s] running install_egg_info
[15.504s] removing '/home/chase/project4/src/install/p4pkg/lib/python3.8/site-packages/p4pkg-0.0.0-py3.8.egg-info' (and everything under it)
[15.506s] Copying ../build/p4pkg/p4pkg.egg-info to /home/chase/project4/src/install/p4pkg/lib/python3.8/site-packages/p4pkg-0.0.0-py3.8.egg-info
[15.526s] running install_scripts
[15.738s] Installing simulator script to /home/chase/project4/src/install/p4pkg/lib/p4pkg
[15.755s] writing list of installed files to '/home/chase/project4/src/build/p4pkg/install.log'
[15.868s] Invoked command in '/home/chase/project4/src/p4pkg' returned '0': PYTHONPATH=/home/chase/project4/src/build/p4pkg/prefix_override:/home/chase/project4/src/install/p4pkg/lib/python3.8/site-packages:${PYTHONPATH} /usr/bin/python3 setup.py egg_info --egg-base ../build/p4pkg build --build-base /home/chase/project4/src/build/p4pkg/build install --record /home/chase/project4/src/build/p4pkg/install.log --single-version-externally-managed
