[13.078s] Invoking command in '/home/chase/project4/src/p4pkg': PYTHONPATH=/home/chase/project4/src/build/p4pkg/prefix_override:/home/chase/project4/src/install/p4pkg/lib/python3.8/site-packages:${PYTHONPATH} /usr/bin/python3 setup.py egg_info --egg-base ../build/p4pkg build --build-base /home/chase/project4/src/build/p4pkg/build install --record /home/chase/project4/src/build/p4pkg/install.log --single-version-externally-managed
[18.855s] running egg_info
[18.871s] writing ../build/p4pkg/p4pkg.egg-info/PKG-INFO
[18.888s] writing dependency_links to ../build/p4pkg/p4pkg.egg-info/dependency_links.txt
[18.889s] writing entry points to ../build/p4pkg/p4pkg.egg-info/entry_points.txt
[18.894s] writing requirements to ../build/p4pkg/p4pkg.egg-info/requires.txt
[18.895s] writing top-level names to ../build/p4pkg/p4pkg.egg-info/top_level.txt
[19.241s] reading manifest file '../build/p4pkg/p4pkg.egg-info/SOURCES.txt'
[19.245s] writing manifest file '../build/p4pkg/p4pkg.egg-info/SOURCES.txt'
[19.256s] running build
[19.257s] running build_py
[19.257s] copying p4pkg/simulator.py -> /home/chase/project4/src/build/p4pkg/build/lib/p4pkg
[19.278s] running install
[19.290s] running install_lib
[19.292s] copying /home/chase/project4/src/build/p4pkg/build/lib/p4pkg/simulator.py -> /home/chase/project4/src/install/p4pkg/lib/python3.8/site-packages/p4pkg
[19.296s] byte-compiling /home/chase/project4/src/install/p4pkg/lib/python3.8/site-packages/p4pkg/simulator.py to simulator.cpython-38.pyc
[19.330s] running install_data
[19.332s] running install_egg_info
[19.352s] removing '/home/chase/project4/src/install/p4pkg/lib/python3.8/site-packages/p4pkg-0.0.0-py3.8.egg-info' (and everything under it)
[19.370s] Copying ../build/p4pkg/p4pkg.egg-info to /home/chase/project4/src/install/p4pkg/lib/python3.8/site-packages/p4pkg-0.0.0-py3.8.egg-info
[19.370s] running install_scripts
[19.569s] Installing simulator script to /home/chase/project4/src/install/p4pkg/lib/p4pkg
[19.599s] writing list of installed files to '/home/chase/project4/src/build/p4pkg/install.log'
[19.710s] Invoked command in '/home/chase/project4/src/p4pkg' returned '0': PYTHONPATH=/home/chase/project4/src/build/p4pkg/prefix_override:/home/chase/project4/src/install/p4pkg/lib/python3.8/site-packages:${PYTHONPATH} /usr/bin/python3 setup.py egg_info --egg-base ../build/p4pkg build --build-base /home/chase/project4/src/build/p4pkg/build install --record /home/chase/project4/src/build/p4pkg/install.log --single-version-externally-managed
