[12.753s] Invoking command in '/home/chase/project4/src/p4pkg': PYTHONPATH=/home/chase/project4/src/build/p4pkg/prefix_override:/home/chase/project4/src/install/p4pkg/lib/python3.8/site-packages:${PYTHONPATH} /usr/bin/python3 setup.py egg_info --egg-base ../build/p4pkg build --build-base /home/chase/project4/src/build/p4pkg/build install --record /home/chase/project4/src/build/p4pkg/install.log --single-version-externally-managed
[18.997s] running egg_info
[19.006s] writing ../build/p4pkg/p4pkg.egg-info/PKG-INFO
[19.014s] writing dependency_links to ../build/p4pkg/p4pkg.egg-info/dependency_links.txt
[19.028s] writing entry points to ../build/p4pkg/p4pkg.egg-info/entry_points.txt
[19.032s] writing requirements to ../build/p4pkg/p4pkg.egg-info/requires.txt
[19.038s] writing top-level names to ../build/p4pkg/p4pkg.egg-info/top_level.txt
[19.684s] reading manifest file '../build/p4pkg/p4pkg.egg-info/SOURCES.txt'
[19.686s] writing manifest file '../build/p4pkg/p4pkg.egg-info/SOURCES.txt'
[19.692s] running build
[19.693s] running build_py
[19.696s] running install
[19.701s] running install_lib
[19.724s] running install_data
[19.731s] copying launch/launch.py -> /home/chase/project4/src/install/p4pkg/share/p4pkg
[19.731s] running install_egg_info
[19.761s] removing '/home/chase/project4/src/install/p4pkg/lib/python3.8/site-packages/p4pkg-0.0.0-py3.8.egg-info' (and everything under it)
[19.762s] Copying ../build/p4pkg/p4pkg.egg-info to /home/chase/project4/src/install/p4pkg/lib/python3.8/site-packages/p4pkg-0.0.0-py3.8.egg-info
[19.765s] running install_scripts
[20.055s] Installing simulator script to /home/chase/project4/src/install/p4pkg/lib/p4pkg
[20.066s] writing list of installed files to '/home/chase/project4/src/build/p4pkg/install.log'
[20.358s] Invoked command in '/home/chase/project4/src/p4pkg' returned '0': PYTHONPATH=/home/chase/project4/src/build/p4pkg/prefix_override:/home/chase/project4/src/install/p4pkg/lib/python3.8/site-packages:${PYTHONPATH} /usr/bin/python3 setup.py egg_info --egg-base ../build/p4pkg build --build-base /home/chase/project4/src/build/p4pkg/build install --record /home/chase/project4/src/build/p4pkg/install.log --single-version-externally-managed
