running egg_info
writing ../build/p4pkg/p4pkg.egg-info/PKG-INFO
writing dependency_links to ../build/p4pkg/p4pkg.egg-info/dependency_links.txt
writing entry points to ../build/p4pkg/p4pkg.egg-info/entry_points.txt
writing requirements to ../build/p4pkg/p4pkg.egg-info/requires.txt
writing top-level names to ../build/p4pkg/p4pkg.egg-info/top_level.txt
reading manifest file '../build/p4pkg/p4pkg.egg-info/SOURCES.txt'
writing manifest file '../build/p4pkg/p4pkg.egg-info/SOURCES.txt'
running build
running build_py
copying p4pkg/simulator.py -> /home/chase/project4/src/build/p4pkg/build/lib/p4pkg
copying p4pkg/world_reader.py -> /home/chase/project4/src/build/p4pkg/build/lib/p4pkg
copying p4pkg/disc_robot.py -> /home/chase/project4/src/build/p4pkg/build/lib/p4pkg
running install
running install_lib
copying /home/chase/project4/src/build/p4pkg/build/lib/p4pkg/simulator.py -> /home/chase/project4/src/install/p4pkg/lib/python3.8/site-packages/p4pkg
copying /home/chase/project4/src/build/p4pkg/build/lib/p4pkg/world_reader.py -> /home/chase/project4/src/install/p4pkg/lib/python3.8/site-packages/p4pkg
copying /home/chase/project4/src/build/p4pkg/build/lib/p4pkg/disc_robot.py -> /home/chase/project4/src/install/p4pkg/lib/python3.8/site-packages/p4pkg
byte-compiling /home/chase/project4/src/install/p4pkg/lib/python3.8/site-packages/p4pkg/simulator.py to simulator.cpython-38.pyc
byte-compiling /home/chase/project4/src/install/p4pkg/lib/python3.8/site-packages/p4pkg/world_reader.py to world_reader.cpython-38.pyc
byte-compiling /home/chase/project4/src/install/p4pkg/lib/python3.8/site-packages/p4pkg/disc_robot.py to disc_robot.cpython-38.pyc
running install_data
running install_egg_info
removing '/home/chase/project4/src/install/p4pkg/lib/python3.8/site-packages/p4pkg-0.0.0-py3.8.egg-info' (and everything under it)
Copying ../build/p4pkg/p4pkg.egg-info to /home/chase/project4/src/install/p4pkg/lib/python3.8/site-packages/p4pkg-0.0.0-py3.8.egg-info
running install_scripts
Installing simulator script to /home/chase/project4/src/install/p4pkg/lib/p4pkg
writing list of installed files to '/home/chase/project4/src/build/p4pkg/install.log'
