[10.828s] Invoking command in '/home/chase/project4/src/p4pkg': PYTHONPATH=/home/chase/project4/src/build/p4pkg/prefix_override:/home/chase/project4/src/install/p4pkg/lib/python3.8/site-packages:${PYTHONPATH} /usr/bin/python3 setup.py egg_info --egg-base ../build/p4pkg build --build-base /home/chase/project4/src/build/p4pkg/build install --record /home/chase/project4/src/build/p4pkg/install.log --single-version-externally-managed
[14.826s] running egg_info
[14.830s] writing ../build/p4pkg/p4pkg.egg-info/PKG-INFO
[14.843s] writing dependency_links to ../build/p4pkg/p4pkg.egg-info/dependency_links.txt
[14.844s] writing entry points to ../build/p4pkg/p4pkg.egg-info/entry_points.txt
[14.848s] writing requirements to ../build/p4pkg/p4pkg.egg-info/requires.txt
[14.865s] writing top-level names to ../build/p4pkg/p4pkg.egg-info/top_level.txt
[15.124s] reading manifest file '../build/p4pkg/p4pkg.egg-info/SOURCES.txt'
[15.128s] writing manifest file '../build/p4pkg/p4pkg.egg-info/SOURCES.txt'
[15.131s] running build
[15.132s] running build_py
[15.139s] copying p4pkg/simulator.py -> /home/chase/project4/src/build/p4pkg/build/lib/p4pkg
[15.139s] copying p4pkg/world_reader.py -> /home/chase/project4/src/build/p4pkg/build/lib/p4pkg
[15.143s] copying p4pkg/disc_robot.py -> /home/chase/project4/src/build/p4pkg/build/lib/p4pkg
[15.144s] running install
[15.154s] running install_lib
[15.159s] copying /home/chase/project4/src/build/p4pkg/build/lib/p4pkg/simulator.py -> /home/chase/project4/src/install/p4pkg/lib/python3.8/site-packages/p4pkg
[15.159s] copying /home/chase/project4/src/build/p4pkg/build/lib/p4pkg/world_reader.py -> /home/chase/project4/src/install/p4pkg/lib/python3.8/site-packages/p4pkg
[15.161s] copying /home/chase/project4/src/build/p4pkg/build/lib/p4pkg/disc_robot.py -> /home/chase/project4/src/install/p4pkg/lib/python3.8/site-packages/p4pkg
[15.173s] byte-compiling /home/chase/project4/src/install/p4pkg/lib/python3.8/site-packages/p4pkg/simulator.py to simulator.cpython-38.pyc
[15.177s] byte-compiling /home/chase/project4/src/install/p4pkg/lib/python3.8/site-packages/p4pkg/world_reader.py to world_reader.cpython-38.pyc
[15.178s] byte-compiling /home/chase/project4/src/install/p4pkg/lib/python3.8/site-packages/p4pkg/disc_robot.py to disc_robot.cpython-38.pyc
[15.186s] running install_data
[15.190s] running install_egg_info
[15.218s] removing '/home/chase/project4/src/install/p4pkg/lib/python3.8/site-packages/p4pkg-0.0.0-py3.8.egg-info' (and everything under it)
[15.219s] Copying ../build/p4pkg/p4pkg.egg-info to /home/chase/project4/src/install/p4pkg/lib/python3.8/site-packages/p4pkg-0.0.0-py3.8.egg-info
[15.223s] running install_scripts
[15.331s] Installing simulator script to /home/chase/project4/src/install/p4pkg/lib/p4pkg
[15.337s] writing list of installed files to '/home/chase/project4/src/build/p4pkg/install.log'
[15.467s] Invoked command in '/home/chase/project4/src/p4pkg' returned '0': PYTHONPATH=/home/chase/project4/src/build/p4pkg/prefix_override:/home/chase/project4/src/install/p4pkg/lib/python3.8/site-packages:${PYTHONPATH} /usr/bin/python3 setup.py egg_info --egg-base ../build/p4pkg build --build-base /home/chase/project4/src/build/p4pkg/build install --record /home/chase/project4/src/build/p4pkg/install.log --single-version-externally-managed
