[13.724s] Invoking command in '/home/chase/project4/src/p4pkg': PYTHONPATH=/home/chase/project4/src/build/p4pkg/prefix_override:/home/chase/project4/src/install/p4pkg/lib/python3.8/site-packages:${PYTHONPATH} /usr/bin/python3 setup.py egg_info --egg-base ../build/p4pkg build --build-base /home/chase/project4/src/build/p4pkg/build install --record /home/chase/project4/src/build/p4pkg/install.log --single-version-externally-managed
[22.308s] running egg_info
[22.314s] writing ../build/p4pkg/p4pkg.egg-info/PKG-INFO
[22.337s] writing dependency_links to ../build/p4pkg/p4pkg.egg-info/dependency_links.txt
[22.343s] writing entry points to ../build/p4pkg/p4pkg.egg-info/entry_points.txt
[22.373s] writing requirements to ../build/p4pkg/p4pkg.egg-info/requires.txt
[22.391s] writing top-level names to ../build/p4pkg/p4pkg.egg-info/top_level.txt
[22.746s] reading manifest file '../build/p4pkg/p4pkg.egg-info/SOURCES.txt'
[22.771s] writing manifest file '../build/p4pkg/p4pkg.egg-info/SOURCES.txt'
[22.781s] running build
[22.782s] running build_py
[22.784s] copying p4pkg/simulator.py -> /home/chase/project4/src/build/p4pkg/build/lib/p4pkg
[22.786s] copying p4pkg/world_reader.py -> /home/chase/project4/src/build/p4pkg/build/lib/p4pkg
[22.826s] running install
[22.850s] running install_lib
[22.859s] copying /home/chase/project4/src/build/p4pkg/build/lib/p4pkg/simulator.py -> /home/chase/project4/src/install/p4pkg/lib/python3.8/site-packages/p4pkg
[22.868s] copying /home/chase/project4/src/build/p4pkg/build/lib/p4pkg/world_reader.py -> /home/chase/project4/src/install/p4pkg/lib/python3.8/site-packages/p4pkg
[22.882s] byte-compiling /home/chase/project4/src/install/p4pkg/lib/python3.8/site-packages/p4pkg/simulator.py to simulator.cpython-38.pyc
[22.915s] byte-compiling /home/chase/project4/src/install/p4pkg/lib/python3.8/site-packages/p4pkg/world_reader.py to world_reader.cpython-38.pyc
[22.928s] running install_data
[22.942s] running install_egg_info
[22.973s] removing '/home/chase/project4/src/install/p4pkg/lib/python3.8/site-packages/p4pkg-0.0.0-py3.8.egg-info' (and everything under it)
[22.981s] Copying ../build/p4pkg/p4pkg.egg-info to /home/chase/project4/src/install/p4pkg/lib/python3.8/site-packages/p4pkg-0.0.0-py3.8.egg-info
[23.057s] running install_scripts
[23.345s] Installing simulator script to /home/chase/project4/src/install/p4pkg/lib/p4pkg
[23.365s] writing list of installed files to '/home/chase/project4/src/build/p4pkg/install.log'
[23.540s] Invoked command in '/home/chase/project4/src/p4pkg' returned '0': PYTHONPATH=/home/chase/project4/src/build/p4pkg/prefix_override:/home/chase/project4/src/install/p4pkg/lib/python3.8/site-packages:${PYTHONPATH} /usr/bin/python3 setup.py egg_info --egg-base ../build/p4pkg build --build-base /home/chase/project4/src/build/p4pkg/build install --record /home/chase/project4/src/build/p4pkg/install.log --single-version-externally-managed
