[14.651s] Invoking command in '/home/chase/project4/src/p4pkg': PYTHONPATH=/home/chase/project4/src/build/p4pkg/prefix_override:/home/chase/project4/src/install/p4pkg/lib/python3.8/site-packages:${PYTHONPATH} /usr/bin/python3 setup.py egg_info --egg-base ../build/p4pkg build --build-base /home/chase/project4/src/build/p4pkg/build install --record /home/chase/project4/src/build/p4pkg/install.log --single-version-externally-managed
[20.803s] running egg_info
[20.804s] writing ../build/p4pkg/p4pkg.egg-info/PKG-INFO
[20.819s] writing dependency_links to ../build/p4pkg/p4pkg.egg-info/dependency_links.txt
[20.822s] writing entry points to ../build/p4pkg/p4pkg.egg-info/entry_points.txt
[20.824s] writing requirements to ../build/p4pkg/p4pkg.egg-info/requires.txt
[20.825s] writing top-level names to ../build/p4pkg/p4pkg.egg-info/top_level.txt
[21.144s] reading manifest file '../build/p4pkg/p4pkg.egg-info/SOURCES.txt'
[21.154s] writing manifest file '../build/p4pkg/p4pkg.egg-info/SOURCES.txt'
[21.173s] running build
[21.174s] running build_py
[21.175s] copying p4pkg/simulator.py -> /home/chase/project4/src/build/p4pkg/build/lib/p4pkg
[21.176s] running install
[21.207s] running install_lib
[21.211s] copying /home/chase/project4/src/build/p4pkg/build/lib/p4pkg/simulator.py -> /home/chase/project4/src/install/p4pkg/lib/python3.8/site-packages/p4pkg
[21.224s] byte-compiling /home/chase/project4/src/install/p4pkg/lib/python3.8/site-packages/p4pkg/simulator.py to simulator.cpython-38.pyc
[21.246s] running install_data
[21.253s] running install_egg_info
[21.270s] removing '/home/chase/project4/src/install/p4pkg/lib/python3.8/site-packages/p4pkg-0.0.0-py3.8.egg-info' (and everything under it)
[21.271s] Copying ../build/p4pkg/p4pkg.egg-info to /home/chase/project4/src/install/p4pkg/lib/python3.8/site-packages/p4pkg-0.0.0-py3.8.egg-info
[21.274s] running install_scripts
[21.487s] Installing simulator script to /home/chase/project4/src/install/p4pkg/lib/p4pkg
[21.489s] writing list of installed files to '/home/chase/project4/src/build/p4pkg/install.log'
[21.660s] Invoked command in '/home/chase/project4/src/p4pkg' returned '0': PYTHONPATH=/home/chase/project4/src/build/p4pkg/prefix_override:/home/chase/project4/src/install/p4pkg/lib/python3.8/site-packages:${PYTHONPATH} /usr/bin/python3 setup.py egg_info --egg-base ../build/p4pkg build --build-base /home/chase/project4/src/build/p4pkg/build install --record /home/chase/project4/src/build/p4pkg/install.log --single-version-externally-managed
