[1.464s] Invoking command in '/home/chase/project4/src/p4pkg': PYTHONPATH=/home/chase/project4/src/build/p4pkg/prefix_override:/home/chase/project4/src/install/p4pkg/lib/python3.8/site-packages: /usr/bin/python3 setup.py egg_info --egg-base ../build/p4pkg build --build-base /home/chase/project4/src/build/p4pkg/build install --record /home/chase/project4/src/build/p4pkg/install.log --single-version-externally-managed
[1.780s] running egg_info
[1.781s] writing ../build/p4pkg/p4pkg.egg-info/PKG-INFO
[1.782s] writing dependency_links to ../build/p4pkg/p4pkg.egg-info/dependency_links.txt
[1.784s] writing entry points to ../build/p4pkg/p4pkg.egg-info/entry_points.txt
[1.785s] writing requirements to ../build/p4pkg/p4pkg.egg-info/requires.txt
[1.786s] writing top-level names to ../build/p4pkg/p4pkg.egg-info/top_level.txt
[1.845s] reading manifest file '../build/p4pkg/p4pkg.egg-info/SOURCES.txt'
[1.847s] writing manifest file '../build/p4pkg/p4pkg.egg-info/SOURCES.txt'
[1.849s] running build
[1.849s] running build_py
[1.850s] copying p4pkg/navigation.py -> /home/chase/project4/src/build/p4pkg/build/lib/p4pkg
[1.850s] copying p4pkg/velocity.py -> /home/chase/project4/src/build/p4pkg/build/lib/p4pkg
[1.851s] running install
[1.852s] running install_lib
[1.853s] copying /home/chase/project4/src/build/p4pkg/build/lib/p4pkg/simulator.py -> /home/chase/project4/src/install/p4pkg/lib/python3.8/site-packages/p4pkg
[1.853s] copying /home/chase/project4/src/build/p4pkg/build/lib/p4pkg/navigation.py -> /home/chase/project4/src/install/p4pkg/lib/python3.8/site-packages/p4pkg
[1.854s] copying /home/chase/project4/src/build/p4pkg/build/lib/p4pkg/velocity.py -> /home/chase/project4/src/install/p4pkg/lib/python3.8/site-packages/p4pkg
[1.854s] byte-compiling /home/chase/project4/src/install/p4pkg/lib/python3.8/site-packages/p4pkg/simulator.py to simulator.cpython-38.pyc
[1.861s] byte-compiling /home/chase/project4/src/install/p4pkg/lib/python3.8/site-packages/p4pkg/navigation.py to navigation.cpython-38.pyc
[1.862s] byte-compiling /home/chase/project4/src/install/p4pkg/lib/python3.8/site-packages/p4pkg/velocity.py to velocity.cpython-38.pyc
[1.863s] running install_data
[1.864s] copying launch/launch.py -> /home/chase/project4/src/install/p4pkg/share/p4pkg
[1.865s] running install_egg_info
[1.866s] removing '/home/chase/project4/src/install/p4pkg/lib/python3.8/site-packages/p4pkg-0.0.0-py3.8.egg-info' (and everything under it)
[1.867s] Copying ../build/p4pkg/p4pkg.egg-info to /home/chase/project4/src/install/p4pkg/lib/python3.8/site-packages/p4pkg-0.0.0-py3.8.egg-info
[1.878s] running install_scripts
[1.921s] Installing navigation script to /home/chase/project4/src/install/p4pkg/lib/p4pkg
[1.921s] Installing simulator script to /home/chase/project4/src/install/p4pkg/lib/p4pkg
[1.923s] Installing velocity script to /home/chase/project4/src/install/p4pkg/lib/p4pkg
[1.924s] writing list of installed files to '/home/chase/project4/src/build/p4pkg/install.log'
[1.955s] Invoked command in '/home/chase/project4/src/p4pkg' returned '0': PYTHONPATH=/home/chase/project4/src/build/p4pkg/prefix_override:/home/chase/project4/src/install/p4pkg/lib/python3.8/site-packages: /usr/bin/python3 setup.py egg_info --egg-base ../build/p4pkg build --build-base /home/chase/project4/src/build/p4pkg/build install --record /home/chase/project4/src/build/p4pkg/install.log --single-version-externally-managed
