[14.447s] Invoking command in '/home/chase/project4/src/p4pkg': PYTHONPATH=/home/chase/project4/src/build/p4pkg/prefix_override:/home/chase/project4/src/install/p4pkg/lib/python3.8/site-packages:${PYTHONPATH} /usr/bin/python3 setup.py egg_info --egg-base ../build/p4pkg build --build-base /home/chase/project4/src/build/p4pkg/build install --record /home/chase/project4/src/build/p4pkg/install.log --single-version-externally-managed
[19.867s] running egg_info
[19.881s] writing ../build/p4pkg/p4pkg.egg-info/PKG-INFO
[19.908s] writing dependency_links to ../build/p4pkg/p4pkg.egg-info/dependency_links.txt
[19.919s] writing entry points to ../build/p4pkg/p4pkg.egg-info/entry_points.txt
[19.920s] writing requirements to ../build/p4pkg/p4pkg.egg-info/requires.txt
[20.003s] writing top-level names to ../build/p4pkg/p4pkg.egg-info/top_level.txt
[20.207s] reading manifest file '../build/p4pkg/p4pkg.egg-info/SOURCES.txt'
[20.208s] writing manifest file '../build/p4pkg/p4pkg.egg-info/SOURCES.txt'
[20.224s] running build
[20.292s] running build_py
[20.292s] copying p4pkg/simulator.py -> /home/chase/project4/src/build/p4pkg/build/lib/p4pkg
[20.292s] running install
[20.293s] running install_lib
[20.294s] copying /home/chase/project4/src/build/p4pkg/build/lib/p4pkg/simulator.py -> /home/chase/project4/src/install/p4pkg/lib/python3.8/site-packages/p4pkg
[20.298s] byte-compiling /home/chase/project4/src/install/p4pkg/lib/python3.8/site-packages/p4pkg/simulator.py to simulator.cpython-38.pyc
[20.328s] running install_data
[20.335s] running install_egg_info
[20.379s] removing '/home/chase/project4/src/install/p4pkg/lib/python3.8/site-packages/p4pkg-0.0.0-py3.8.egg-info' (and everything under it)
[20.429s] Copying ../build/p4pkg/p4pkg.egg-info to /home/chase/project4/src/install/p4pkg/lib/python3.8/site-packages/p4pkg-0.0.0-py3.8.egg-info
[20.442s] running install_scripts
[20.638s] Installing simulator script to /home/chase/project4/src/install/p4pkg/lib/p4pkg
[20.645s] writing list of installed files to '/home/chase/project4/src/build/p4pkg/install.log'
[20.854s] Invoked command in '/home/chase/project4/src/p4pkg' returned '0': PYTHONPATH=/home/chase/project4/src/build/p4pkg/prefix_override:/home/chase/project4/src/install/p4pkg/lib/python3.8/site-packages:${PYTHONPATH} /usr/bin/python3 setup.py egg_info --egg-base ../build/p4pkg build --build-base /home/chase/project4/src/build/p4pkg/build install --record /home/chase/project4/src/build/p4pkg/install.log --single-version-externally-managed
