[7.466s] Invoking command in '/home/chase/project4/src/p4pkg': PYTHONPATH=/home/chase/project4/src/build/p4pkg/prefix_override:/home/chase/project4/src/install/p4pkg/lib/python3.8/site-packages:${PYTHONPATH} /usr/bin/python3 setup.py egg_info --egg-base ../build/p4pkg build --build-base /home/chase/project4/src/build/p4pkg/build install --record /home/chase/project4/src/build/p4pkg/install.log --single-version-externally-managed
[10.018s] running egg_info
[10.020s] writing ../build/p4pkg/p4pkg.egg-info/PKG-INFO
[10.023s] writing dependency_links to ../build/p4pkg/p4pkg.egg-info/dependency_links.txt
[10.026s] writing entry points to ../build/p4pkg/p4pkg.egg-info/entry_points.txt
[10.027s] writing requirements to ../build/p4pkg/p4pkg.egg-info/requires.txt
[10.029s] writing top-level names to ../build/p4pkg/p4pkg.egg-info/top_level.txt
[10.136s] reading manifest file '../build/p4pkg/p4pkg.egg-info/SOURCES.txt'
[10.137s] writing manifest file '../build/p4pkg/p4pkg.egg-info/SOURCES.txt'
[10.140s] running build
[10.141s] running build_py
[10.141s] copying p4pkg/simulator.py -> /home/chase/project4/src/build/p4pkg/build/lib/p4pkg
[10.142s] running install
[10.147s] running install_lib
[10.149s] copying /home/chase/project4/src/build/p4pkg/build/lib/p4pkg/simulator.py -> /home/chase/project4/src/install/p4pkg/lib/python3.8/site-packages/p4pkg
[10.155s] byte-compiling /home/chase/project4/src/install/p4pkg/lib/python3.8/site-packages/p4pkg/simulator.py to simulator.cpython-38.pyc
[10.163s] running install_data
[10.165s] running install_egg_info
[10.177s] removing '/home/chase/project4/src/install/p4pkg/lib/python3.8/site-packages/p4pkg-0.0.0-py3.8.egg-info' (and everything under it)
[10.181s] Copying ../build/p4pkg/p4pkg.egg-info to /home/chase/project4/src/install/p4pkg/lib/python3.8/site-packages/p4pkg-0.0.0-py3.8.egg-info
[10.186s] running install_scripts
[10.275s] Installing simulator script to /home/chase/project4/src/install/p4pkg/lib/p4pkg
[10.279s] writing list of installed files to '/home/chase/project4/src/build/p4pkg/install.log'
[10.354s] Invoked command in '/home/chase/project4/src/p4pkg' returned '0': PYTHONPATH=/home/chase/project4/src/build/p4pkg/prefix_override:/home/chase/project4/src/install/p4pkg/lib/python3.8/site-packages:${PYTHONPATH} /usr/bin/python3 setup.py egg_info --egg-base ../build/p4pkg build --build-base /home/chase/project4/src/build/p4pkg/build install --record /home/chase/project4/src/build/p4pkg/install.log --single-version-externally-managed
