[7.376s] Invoking command in '/home/chase/project4/src/p4pkg': PYTHONPATH=/home/chase/project4/src/build/p4pkg/prefix_override:/home/chase/project4/src/install/p4pkg/lib/python3.8/site-packages:${PYTHONPATH} /usr/bin/python3 setup.py egg_info --egg-base ../build/p4pkg build --build-base /home/chase/project4/src/build/p4pkg/build install --record /home/chase/project4/src/build/p4pkg/install.log --single-version-externally-managed
[10.004s] running egg_info
[10.005s] writing ../build/p4pkg/p4pkg.egg-info/PKG-INFO
[10.026s] writing dependency_links to ../build/p4pkg/p4pkg.egg-info/dependency_links.txt
[10.030s] writing entry points to ../build/p4pkg/p4pkg.egg-info/entry_points.txt
[10.033s] writing requirements to ../build/p4pkg/p4pkg.egg-info/requires.txt
[10.038s] writing top-level names to ../build/p4pkg/p4pkg.egg-info/top_level.txt
[10.200s] reading manifest file '../build/p4pkg/p4pkg.egg-info/SOURCES.txt'
[10.202s] writing manifest file '../build/p4pkg/p4pkg.egg-info/SOURCES.txt'
[10.211s] running build
[10.213s] running build_py
[10.213s] copying p4pkg/simulator.py -> /home/chase/project4/src/build/p4pkg/build/lib/p4pkg
[10.219s] running install
[10.242s] running install_lib
[10.244s] copying /home/chase/project4/src/build/p4pkg/build/lib/p4pkg/simulator.py -> /home/chase/project4/src/install/p4pkg/lib/python3.8/site-packages/p4pkg
[10.256s] byte-compiling /home/chase/project4/src/install/p4pkg/lib/python3.8/site-packages/p4pkg/simulator.py to simulator.cpython-38.pyc
[10.267s] running install_data
[10.268s] running install_egg_info
[10.273s] removing '/home/chase/project4/src/install/p4pkg/lib/python3.8/site-packages/p4pkg-0.0.0-py3.8.egg-info' (and everything under it)
[10.273s] Copying ../build/p4pkg/p4pkg.egg-info to /home/chase/project4/src/install/p4pkg/lib/python3.8/site-packages/p4pkg-0.0.0-py3.8.egg-info
[10.274s] running install_scripts
[10.392s] Installing simulator script to /home/chase/project4/src/install/p4pkg/lib/p4pkg
[10.396s] writing list of installed files to '/home/chase/project4/src/build/p4pkg/install.log'
[10.486s] Invoked command in '/home/chase/project4/src/p4pkg' returned '0': PYTHONPATH=/home/chase/project4/src/build/p4pkg/prefix_override:/home/chase/project4/src/install/p4pkg/lib/python3.8/site-packages:${PYTHONPATH} /usr/bin/python3 setup.py egg_info --egg-base ../build/p4pkg build --build-base /home/chase/project4/src/build/p4pkg/build install --record /home/chase/project4/src/build/p4pkg/install.log --single-version-externally-managed
