[5.108s] DEBUG:colcon:Command line arguments: ['/usr/bin/colcon', 'build']
[5.114s] DEBUG:colcon:Parsed command line arguments: Namespace(allow_overriding=[], ament_cmake_args=None, base_paths=['.'], build_base='build', catkin_cmake_args=None, catkin_skip_building_tests=False, cmake_args=None, cmake_clean_cache=False, cmake_clean_first=False, cmake_force_configure=False, cmake_target=None, cmake_target_skip_unavailable=False, continue_on_error=False, event_handlers=None, executor='parallel', ignore_user_meta=False, install_base='install', log_base=None, log_level=None, main=<bound method BuildVerb.main of <colcon_core.verb.build.BuildVerb object at 0x7fe0be247d60>>, merge_install=False, metas=['./colcon.meta'], packages_above=None, packages_above_and_dependencies=None, packages_above_depth=None, packages_end=None, packages_ignore=None, packages_ignore_regex=None, packages_select=None, packages_select_build_failed=False, packages_select_by_dep=None, packages_select_regex=None, packages_select_test_failures=False, packages_skip=None, packages_skip_build_finished=False, packages_skip_by_dep=None, packages_skip_regex=None, packages_skip_test_passed=False, packages_skip_up_to=None, packages_start=None, packages_up_to=None, packages_up_to_regex=None, parallel_workers=1, paths=None, symlink_install=False, test_result_base=None, verb_extension=<colcon_core.verb.build.BuildVerb object at 0x7fe0be247d60>, verb_name='build', verb_parser=<colcon_defaults.argument_parser.defaults.DefaultArgumentsDecorator object at 0x7fe0be255310>)
[5.756s] Level 1:colcon.colcon_core.package_discovery:discover_packages(colcon_meta) check parameters
[5.757s] Level 1:colcon.colcon_core.package_discovery:discover_packages(recursive) check parameters
[5.757s] Level 1:colcon.colcon_core.package_discovery:discover_packages(ignore) check parameters
[5.757s] Level 1:colcon.colcon_core.package_discovery:discover_packages(path) check parameters
[5.757s] Level 1:colcon.colcon_core.package_discovery:discover_packages(colcon_meta) discover
[5.757s] Level 1:colcon.colcon_core.package_discovery:discover_packages(recursive) discover
[5.757s] INFO:colcon.colcon_core.package_discovery:Crawling recursively for packages in '/home/chase/project4/src'
[5.757s] Level 1:colcon.colcon_core.package_identification:_identify(.) by extensions ['ignore', 'ignore_ament_install']
[5.758s] Level 1:colcon.colcon_core.package_identification:_identify(.) by extension 'ignore'
[5.758s] Level 1:colcon.colcon_core.package_identification:_identify(.) by extension 'ignore_ament_install'
[5.758s] Level 1:colcon.colcon_core.package_identification:_identify(.) by extensions ['colcon_pkg']
[5.758s] Level 1:colcon.colcon_core.package_identification:_identify(.) by extension 'colcon_pkg'
[5.758s] Level 1:colcon.colcon_core.package_identification:_identify(.) by extensions ['colcon_meta']
[5.758s] Level 1:colcon.colcon_core.package_identification:_identify(.) by extension 'colcon_meta'
[5.758s] Level 1:colcon.colcon_core.package_identification:_identify(.) by extensions ['ros']
[5.758s] Level 1:colcon.colcon_core.package_identification:_identify(.) by extension 'ros'
[5.860s] Level 1:colcon.colcon_core.package_identification:_identify(.) by extensions ['cmake', 'python']
[5.860s] Level 1:colcon.colcon_core.package_identification:_identify(.) by extension 'cmake'
[5.860s] Level 1:colcon.colcon_core.package_identification:_identify(.) by extension 'python'
[5.861s] Level 1:colcon.colcon_core.package_identification:_identify(.) by extensions ['python_setup_py']
[5.861s] Level 1:colcon.colcon_core.package_identification:_identify(.) by extension 'python_setup_py'
[5.870s] Level 1:colcon.colcon_core.package_identification:_identify(bags) by extensions ['ignore', 'ignore_ament_install']
[5.871s] Level 1:colcon.colcon_core.package_identification:_identify(bags) by extension 'ignore'
[5.871s] Level 1:colcon.colcon_core.package_identification:_identify(bags) by extension 'ignore_ament_install'
[5.871s] Level 1:colcon.colcon_core.package_identification:_identify(bags) by extensions ['colcon_pkg']
[5.871s] Level 1:colcon.colcon_core.package_identification:_identify(bags) by extension 'colcon_pkg'
[5.871s] Level 1:colcon.colcon_core.package_identification:_identify(bags) by extensions ['colcon_meta']
[5.871s] Level 1:colcon.colcon_core.package_identification:_identify(bags) by extension 'colcon_meta'
[5.871s] Level 1:colcon.colcon_core.package_identification:_identify(bags) by extensions ['ros']
[5.871s] Level 1:colcon.colcon_core.package_identification:_identify(bags) by extension 'ros'
[5.871s] Level 1:colcon.colcon_core.package_identification:_identify(bags) by extensions ['cmake', 'python']
[5.871s] Level 1:colcon.colcon_core.package_identification:_identify(bags) by extension 'cmake'
[5.871s] Level 1:colcon.colcon_core.package_identification:_identify(bags) by extension 'python'
[5.871s] Level 1:colcon.colcon_core.package_identification:_identify(bags) by extensions ['python_setup_py']
[5.871s] Level 1:colcon.colcon_core.package_identification:_identify(bags) by extension 'python_setup_py'
[5.892s] Level 1:colcon.colcon_core.package_identification:_identify(bags/input1) by extensions ['ignore', 'ignore_ament_install']
[5.892s] Level 1:colcon.colcon_core.package_identification:_identify(bags/input1) by extension 'ignore'
[5.892s] Level 1:colcon.colcon_core.package_identification:_identify(bags/input1) by extension 'ignore_ament_install'
[5.892s] Level 1:colcon.colcon_core.package_identification:_identify(bags/input1) by extensions ['colcon_pkg']
[5.892s] Level 1:colcon.colcon_core.package_identification:_identify(bags/input1) by extension 'colcon_pkg'
[5.892s] Level 1:colcon.colcon_core.package_identification:_identify(bags/input1) by extensions ['colcon_meta']
[5.892s] Level 1:colcon.colcon_core.package_identification:_identify(bags/input1) by extension 'colcon_meta'
[5.892s] Level 1:colcon.colcon_core.package_identification:_identify(bags/input1) by extensions ['ros']
[5.892s] Level 1:colcon.colcon_core.package_identification:_identify(bags/input1) by extension 'ros'
[5.893s] Level 1:colcon.colcon_core.package_identification:_identify(bags/input1) by extensions ['cmake', 'python']
[5.893s] Level 1:colcon.colcon_core.package_identification:_identify(bags/input1) by extension 'cmake'
[5.893s] Level 1:colcon.colcon_core.package_identification:_identify(bags/input1) by extension 'python'
[5.893s] Level 1:colcon.colcon_core.package_identification:_identify(bags/input1) by extensions ['python_setup_py']
[5.893s] Level 1:colcon.colcon_core.package_identification:_identify(bags/input1) by extension 'python_setup_py'
[5.893s] Level 1:colcon.colcon_core.package_identification:_identify(bags/input2) by extensions ['ignore', 'ignore_ament_install']
[5.893s] Level 1:colcon.colcon_core.package_identification:_identify(bags/input2) by extension 'ignore'
[5.894s] Level 1:colcon.colcon_core.package_identification:_identify(bags/input2) by extension 'ignore_ament_install'
[5.894s] Level 1:colcon.colcon_core.package_identification:_identify(bags/input2) by extensions ['colcon_pkg']
[5.894s] Level 1:colcon.colcon_core.package_identification:_identify(bags/input2) by extension 'colcon_pkg'
[5.894s] Level 1:colcon.colcon_core.package_identification:_identify(bags/input2) by extensions ['colcon_meta']
[5.894s] Level 1:colcon.colcon_core.package_identification:_identify(bags/input2) by extension 'colcon_meta'
[5.894s] Level 1:colcon.colcon_core.package_identification:_identify(bags/input2) by extensions ['ros']
[5.894s] Level 1:colcon.colcon_core.package_identification:_identify(bags/input2) by extension 'ros'
[5.896s] Level 1:colcon.colcon_core.package_identification:_identify(bags/input2) by extensions ['cmake', 'python']
[5.896s] Level 1:colcon.colcon_core.package_identification:_identify(bags/input2) by extension 'cmake'
[5.897s] Level 1:colcon.colcon_core.package_identification:_identify(bags/input2) by extension 'python'
[5.897s] Level 1:colcon.colcon_core.package_identification:_identify(bags/input2) by extensions ['python_setup_py']
[5.897s] Level 1:colcon.colcon_core.package_identification:_identify(bags/input2) by extension 'python_setup_py'
[5.908s] Level 1:colcon.colcon_core.package_identification:_identify(bags/input3) by extensions ['ignore', 'ignore_ament_install']
[5.909s] Level 1:colcon.colcon_core.package_identification:_identify(bags/input3) by extension 'ignore'
[5.909s] Level 1:colcon.colcon_core.package_identification:_identify(bags/input3) by extension 'ignore_ament_install'
[5.909s] Level 1:colcon.colcon_core.package_identification:_identify(bags/input3) by extensions ['colcon_pkg']
[5.909s] Level 1:colcon.colcon_core.package_identification:_identify(bags/input3) by extension 'colcon_pkg'
[5.909s] Level 1:colcon.colcon_core.package_identification:_identify(bags/input3) by extensions ['colcon_meta']
[5.909s] Level 1:colcon.colcon_core.package_identification:_identify(bags/input3) by extension 'colcon_meta'
[5.909s] Level 1:colcon.colcon_core.package_identification:_identify(bags/input3) by extensions ['ros']
[5.909s] Level 1:colcon.colcon_core.package_identification:_identify(bags/input3) by extension 'ros'
[5.909s] Level 1:colcon.colcon_core.package_identification:_identify(bags/input3) by extensions ['cmake', 'python']
[5.909s] Level 1:colcon.colcon_core.package_identification:_identify(bags/input3) by extension 'cmake'
[5.909s] Level 1:colcon.colcon_core.package_identification:_identify(bags/input3) by extension 'python'
[5.909s] Level 1:colcon.colcon_core.package_identification:_identify(bags/input3) by extensions ['python_setup_py']
[5.909s] Level 1:colcon.colcon_core.package_identification:_identify(bags/input3) by extension 'python_setup_py'
[5.910s] Level 1:colcon.colcon_core.package_identification:_identify(bags/input4) by extensions ['ignore', 'ignore_ament_install']
[5.910s] Level 1:colcon.colcon_core.package_identification:_identify(bags/input4) by extension 'ignore'
[5.910s] Level 1:colcon.colcon_core.package_identification:_identify(bags/input4) by extension 'ignore_ament_install'
[5.910s] Level 1:colcon.colcon_core.package_identification:_identify(bags/input4) by extensions ['colcon_pkg']
[5.910s] Level 1:colcon.colcon_core.package_identification:_identify(bags/input4) by extension 'colcon_pkg'
[5.910s] Level 1:colcon.colcon_core.package_identification:_identify(bags/input4) by extensions ['colcon_meta']
[5.910s] Level 1:colcon.colcon_core.package_identification:_identify(bags/input4) by extension 'colcon_meta'
[5.910s] Level 1:colcon.colcon_core.package_identification:_identify(bags/input4) by extensions ['ros']
[5.910s] Level 1:colcon.colcon_core.package_identification:_identify(bags/input4) by extension 'ros'
[5.910s] Level 1:colcon.colcon_core.package_identification:_identify(bags/input4) by extensions ['cmake', 'python']
[5.910s] Level 1:colcon.colcon_core.package_identification:_identify(bags/input4) by extension 'cmake'
[5.911s] Level 1:colcon.colcon_core.package_identification:_identify(bags/input4) by extension 'python'
[5.911s] Level 1:colcon.colcon_core.package_identification:_identify(bags/input4) by extensions ['python_setup_py']
[5.911s] Level 1:colcon.colcon_core.package_identification:_identify(bags/input4) by extension 'python_setup_py'
[5.911s] Level 1:colcon.colcon_core.package_identification:_identify(bags/input5) by extensions ['ignore', 'ignore_ament_install']
[5.911s] Level 1:colcon.colcon_core.package_identification:_identify(bags/input5) by extension 'ignore'
[5.911s] Level 1:colcon.colcon_core.package_identification:_identify(bags/input5) by extension 'ignore_ament_install'
[5.911s] Level 1:colcon.colcon_core.package_identification:_identify(bags/input5) by extensions ['colcon_pkg']
[5.911s] Level 1:colcon.colcon_core.package_identification:_identify(bags/input5) by extension 'colcon_pkg'
[5.911s] Level 1:colcon.colcon_core.package_identification:_identify(bags/input5) by extensions ['colcon_meta']
[5.911s] Level 1:colcon.colcon_core.package_identification:_identify(bags/input5) by extension 'colcon_meta'
[5.911s] Level 1:colcon.colcon_core.package_identification:_identify(bags/input5) by extensions ['ros']
[5.911s] Level 1:colcon.colcon_core.package_identification:_identify(bags/input5) by extension 'ros'
[5.912s] Level 1:colcon.colcon_core.package_identification:_identify(bags/input5) by extensions ['cmake', 'python']
[5.928s] Level 1:colcon.colcon_core.package_identification:_identify(bags/input5) by extension 'cmake'
[5.929s] Level 1:colcon.colcon_core.package_identification:_identify(bags/input5) by extension 'python'
[5.929s] Level 1:colcon.colcon_core.package_identification:_identify(bags/input5) by extensions ['python_setup_py']
[5.929s] Level 1:colcon.colcon_core.package_identification:_identify(bags/input5) by extension 'python_setup_py'
[5.929s] Level 1:colcon.colcon_core.package_identification:_identify(build) by extensions ['ignore', 'ignore_ament_install']
[5.929s] Level 1:colcon.colcon_core.package_identification:_identify(build) by extension 'ignore'
[5.929s] Level 1:colcon.colcon_core.package_identification:_identify(build) ignored
[5.930s] Level 1:colcon.colcon_core.package_identification:_identify(install) by extensions ['ignore', 'ignore_ament_install']
[5.930s] Level 1:colcon.colcon_core.package_identification:_identify(install) by extension 'ignore'
[5.930s] Level 1:colcon.colcon_core.package_identification:_identify(install) ignored
[5.930s] Level 1:colcon.colcon_core.package_identification:_identify(log) by extensions ['ignore', 'ignore_ament_install']
[5.930s] Level 1:colcon.colcon_core.package_identification:_identify(log) by extension 'ignore'
[5.930s] Level 1:colcon.colcon_core.package_identification:_identify(log) ignored
[5.931s] Level 1:colcon.colcon_core.package_identification:_identify(p4pkg) by extensions ['ignore', 'ignore_ament_install']
[5.931s] Level 1:colcon.colcon_core.package_identification:_identify(p4pkg) by extension 'ignore'
[5.931s] Level 1:colcon.colcon_core.package_identification:_identify(p4pkg) by extension 'ignore_ament_install'
[5.931s] Level 1:colcon.colcon_core.package_identification:_identify(p4pkg) by extensions ['colcon_pkg']
[5.931s] Level 1:colcon.colcon_core.package_identification:_identify(p4pkg) by extension 'colcon_pkg'
[5.931s] Level 1:colcon.colcon_core.package_identification:_identify(p4pkg) by extensions ['colcon_meta']
[5.931s] Level 1:colcon.colcon_core.package_identification:_identify(p4pkg) by extension 'colcon_meta'
[5.931s] Level 1:colcon.colcon_core.package_identification:_identify(p4pkg) by extensions ['ros']
[5.931s] Level 1:colcon.colcon_core.package_identification:_identify(p4pkg) by extension 'ros'
[5.953s] DEBUG:colcon.colcon_core.package_identification:Package 'p4pkg' with type 'ros.ament_python' and name 'p4pkg'
[5.953s] Level 1:colcon.colcon_core.package_discovery:discover_packages(recursive) using defaults
[5.953s] Level 1:colcon.colcon_core.package_discovery:discover_packages(ignore) discover
[5.954s] Level 1:colcon.colcon_core.package_discovery:discover_packages(ignore) using defaults
[5.954s] Level 1:colcon.colcon_core.package_discovery:discover_packages(path) discover
[5.954s] Level 1:colcon.colcon_core.package_discovery:discover_packages(path) using defaults
[6.392s] Level 1:colcon.colcon_core.package_discovery:discover_packages(prefix_path) check parameters
[6.393s] Level 1:colcon.colcon_core.package_discovery:discover_packages(prefix_path) discover
[6.489s] DEBUG:colcon.colcon_installed_package_information.package_discovery:Found 5 installed packages in /home/chase/project4/src/install
[7.415s] DEBUG:colcon.colcon_installed_package_information.package_discovery:Found 325 installed packages in /home/chase/ros2_humble/install
[7.433s] Level 1:colcon.colcon_core.package_discovery:discover_packages(prefix_path) using defaults
[9.915s] Level 5:colcon.colcon_core.verb:set package 'p4pkg' build argument 'cmake_args' from command line to 'None'
[9.915s] Level 5:colcon.colcon_core.verb:set package 'p4pkg' build argument 'cmake_target' from command line to 'None'
[9.915s] Level 5:colcon.colcon_core.verb:set package 'p4pkg' build argument 'cmake_target_skip_unavailable' from command line to 'False'
[9.915s] Level 5:colcon.colcon_core.verb:set package 'p4pkg' build argument 'cmake_clean_cache' from command line to 'False'
[9.915s] Level 5:colcon.colcon_core.verb:set package 'p4pkg' build argument 'cmake_clean_first' from command line to 'False'
[9.915s] Level 5:colcon.colcon_core.verb:set package 'p4pkg' build argument 'cmake_force_configure' from command line to 'False'
[9.915s] Level 5:colcon.colcon_core.verb:set package 'p4pkg' build argument 'ament_cmake_args' from command line to 'None'
[9.915s] Level 5:colcon.colcon_core.verb:set package 'p4pkg' build argument 'catkin_cmake_args' from command line to 'None'
[9.915s] Level 5:colcon.colcon_core.verb:set package 'p4pkg' build argument 'catkin_skip_building_tests' from command line to 'False'
[9.915s] DEBUG:colcon.colcon_core.verb:Building package 'p4pkg' with the following arguments: {'ament_cmake_args': None, 'build_base': '/home/chase/project4/src/build/p4pkg', 'catkin_cmake_args': None, 'catkin_skip_building_tests': False, 'cmake_args': None, 'cmake_clean_cache': False, 'cmake_clean_first': False, 'cmake_force_configure': False, 'cmake_target': None, 'cmake_target_skip_unavailable': False, 'install_base': '/home/chase/project4/src/install/p4pkg', 'merge_install': False, 'path': '/home/chase/project4/src/p4pkg', 'symlink_install': False, 'test_result_base': None}
[9.916s] INFO:colcon.colcon_core.executor:Executing jobs using 'parallel' executor
[9.956s] DEBUG:colcon.colcon_parallel_executor.executor.parallel:run_until_complete
[9.957s] INFO:colcon.colcon_ros.task.ament_python.build:Building ROS package in '/home/chase/project4/src/p4pkg' with build type 'ament_python'
[9.957s] Level 1:colcon.colcon_core.shell:create_environment_hook('p4pkg', 'ament_prefix_path')
[10.061s] INFO:colcon.colcon_core.plugin_system:Skipping extension 'colcon_core.shell.bat': Not used on non-Windows systems
[10.061s] INFO:colcon.colcon_core.shell:Creating environment hook '/home/chase/project4/src/install/p4pkg/share/p4pkg/hook/ament_prefix_path.ps1'
[10.068s] INFO:colcon.colcon_core.shell:Creating environment descriptor '/home/chase/project4/src/install/p4pkg/share/p4pkg/hook/ament_prefix_path.dsv'
[10.072s] INFO:colcon.colcon_core.shell:Creating environment hook '/home/chase/project4/src/install/p4pkg/share/p4pkg/hook/ament_prefix_path.sh'
[10.096s] INFO:colcon.colcon_core.shell:Skip shell extension 'powershell' for command environment: Not usable outside of PowerShell
[10.096s] DEBUG:colcon.colcon_core.shell:Skip shell extension 'dsv' for command environment
[17.226s] INFO:colcon.colcon_core.task.python.build:Building Python package in '/home/chase/project4/src/p4pkg'
[17.246s] INFO:colcon.colcon_core.shell:Skip shell extension 'powershell' for command environment: Not usable outside of PowerShell
[17.247s] DEBUG:colcon.colcon_core.shell:Skip shell extension 'dsv' for command environment
[26.994s] DEBUG:colcon.colcon_core.event_handler.log_command:Invoking command in '/home/chase/project4/src/p4pkg': PYTHONPATH=/home/chase/project4/src/build/p4pkg/prefix_override:/home/chase/project4/src/install/p4pkg/lib/python3.8/site-packages:${PYTHONPATH} /usr/bin/python3 setup.py egg_info --egg-base ../build/p4pkg build --build-base /home/chase/project4/src/build/p4pkg/build install --record /home/chase/project4/src/build/p4pkg/install.log --single-version-externally-managed
[35.361s] DEBUG:colcon.colcon_core.event_handler.log_command:Invoked command in '/home/chase/project4/src/p4pkg' returned '0': PYTHONPATH=/home/chase/project4/src/build/p4pkg/prefix_override:/home/chase/project4/src/install/p4pkg/lib/python3.8/site-packages:${PYTHONPATH} /usr/bin/python3 setup.py egg_info --egg-base ../build/p4pkg build --build-base /home/chase/project4/src/build/p4pkg/build install --record /home/chase/project4/src/build/p4pkg/install.log --single-version-externally-managed
[35.496s] Level 1:colcon.colcon_core.environment:checking '/home/chase/project4/src/install/p4pkg' for CMake module files
[35.497s] Level 1:colcon.colcon_core.environment:checking '/home/chase/project4/src/install/p4pkg' for CMake config files
[35.502s] Level 1:colcon.colcon_core.environment:checking '/home/chase/project4/src/install/p4pkg/lib'
[35.502s] Level 1:colcon.colcon_core.environment:checking '/home/chase/project4/src/install/p4pkg/bin'
[35.502s] Level 1:colcon.colcon_core.environment:checking '/home/chase/project4/src/install/p4pkg/lib/pkgconfig/p4pkg.pc'
[35.503s] Level 1:colcon.colcon_core.environment:checking '/home/chase/project4/src/install/p4pkg/lib/python3.8/site-packages'
[35.503s] Level 1:colcon.colcon_core.shell:create_environment_hook('p4pkg', 'pythonpath')
[35.506s] INFO:colcon.colcon_core.shell:Creating environment hook '/home/chase/project4/src/install/p4pkg/share/p4pkg/hook/pythonpath.ps1'
[35.537s] INFO:colcon.colcon_core.shell:Creating environment descriptor '/home/chase/project4/src/install/p4pkg/share/p4pkg/hook/pythonpath.dsv'
[35.539s] INFO:colcon.colcon_core.shell:Creating environment hook '/home/chase/project4/src/install/p4pkg/share/p4pkg/hook/pythonpath.sh'
[35.540s] Level 1:colcon.colcon_core.environment:checking '/home/chase/project4/src/install/p4pkg/bin'
[35.541s] Level 1:colcon.colcon_core.environment:create_environment_scripts_only(p4pkg)
[35.553s] INFO:colcon.colcon_core.shell:Creating package script '/home/chase/project4/src/install/p4pkg/share/p4pkg/package.ps1'
[35.575s] INFO:colcon.colcon_core.shell:Creating package descriptor '/home/chase/project4/src/install/p4pkg/share/p4pkg/package.dsv'
[35.580s] INFO:colcon.colcon_core.shell:Creating package script '/home/chase/project4/src/install/p4pkg/share/p4pkg/package.sh'
[35.585s] INFO:colcon.colcon_core.shell:Creating package script '/home/chase/project4/src/install/p4pkg/share/p4pkg/package.bash'
[35.618s] INFO:colcon.colcon_core.shell:Creating package script '/home/chase/project4/src/install/p4pkg/share/p4pkg/package.zsh'
[35.646s] Level 1:colcon.colcon_core.environment:create_file_with_runtime_dependencies(/home/chase/project4/src/install/p4pkg/share/colcon-core/packages/p4pkg)
[35.649s] DEBUG:colcon.colcon_parallel_executor.executor.parallel:closing loop
[35.649s] DEBUG:colcon.colcon_parallel_executor.executor.parallel:loop closed
[35.649s] DEBUG:colcon.colcon_parallel_executor.executor.parallel:run_until_complete finished with '0'
[35.649s] DEBUG:colcon.colcon_core.event_reactor:joining thread
[35.739s] INFO:colcon.colcon_core.plugin_system:Skipping extension 'colcon_notification.desktop_notification.terminal_notifier': Not used on non-Darwin systems
[35.739s] INFO:colcon.colcon_core.plugin_system:Skipping extension 'colcon_notification.desktop_notification.win32': Not used on non-Windows systems
[35.739s] INFO:colcon.colcon_notification.desktop_notification:Sending desktop notification using 'notify2'
[35.956s] DEBUG:colcon.colcon_core.event_reactor:joined thread
[35.967s] INFO:colcon.colcon_core.shell:Creating prefix script '/home/chase/project4/src/install/local_setup.ps1'
[35.992s] INFO:colcon.colcon_core.shell:Creating prefix util module '/home/chase/project4/src/install/_local_setup_util_ps1.py'
[36.003s] INFO:colcon.colcon_core.shell:Creating prefix chain script '/home/chase/project4/src/install/setup.ps1'
[36.099s] INFO:colcon.colcon_core.shell:Creating prefix script '/home/chase/project4/src/install/local_setup.sh'
[36.104s] INFO:colcon.colcon_core.shell:Creating prefix util module '/home/chase/project4/src/install/_local_setup_util_sh.py'
[36.105s] INFO:colcon.colcon_core.shell:Creating prefix chain script '/home/chase/project4/src/install/setup.sh'
[36.184s] INFO:colcon.colcon_core.shell:Creating prefix script '/home/chase/project4/src/install/local_setup.bash'
[36.195s] INFO:colcon.colcon_core.shell:Creating prefix chain script '/home/chase/project4/src/install/setup.bash'
[36.281s] INFO:colcon.colcon_core.shell:Creating prefix script '/home/chase/project4/src/install/local_setup.zsh'
[36.303s] INFO:colcon.colcon_core.shell:Creating prefix chain script '/home/chase/project4/src/install/setup.zsh'
