[4.699s] Invoking command in '/home/chase/project4/src/p4pkg': PYTHONPATH=/home/chase/project4/src/build/p4pkg/prefix_override:/home/chase/project4/src/install/p4pkg/lib/python3.8/site-packages:${PYTHONPATH} /usr/bin/python3 setup.py egg_info --egg-base ../build/p4pkg build --build-base /home/chase/project4/src/build/p4pkg/build install --record /home/chase/project4/src/build/p4pkg/install.log --single-version-externally-managed
[6.249s] running egg_info
[6.251s] writing ../build/p4pkg/p4pkg.egg-info/PKG-INFO
[6.254s] writing dependency_links to ../build/p4pkg/p4pkg.egg-info/dependency_links.txt
[6.256s] writing entry points to ../build/p4pkg/p4pkg.egg-info/entry_points.txt
[6.258s] writing requirements to ../build/p4pkg/p4pkg.egg-info/requires.txt
[6.261s] writing top-level names to ../build/p4pkg/p4pkg.egg-info/top_level.txt
[6.342s] reading manifest file '../build/p4pkg/p4pkg.egg-info/SOURCES.txt'
[6.343s] writing manifest file '../build/p4pkg/p4pkg.egg-info/SOURCES.txt'
[6.344s] running build
[6.345s] running build_py
[6.345s] running install
[6.349s] running install_lib
[6.355s] running install_data
[6.357s] copying launch/launch.py -> /home/chase/project4/src/install/p4pkg/share/p4pkg
[6.358s] running install_egg_info
[6.365s] removing '/home/chase/project4/src/install/p4pkg/lib/python3.8/site-packages/p4pkg-0.0.0-py3.8.egg-info' (and everything under it)
[6.365s] Copying ../build/p4pkg/p4pkg.egg-info to /home/chase/project4/src/install/p4pkg/lib/python3.8/site-packages/p4pkg-0.0.0-py3.8.egg-info
[6.366s] running install_scripts
[6.451s] Installing simulator script to /home/chase/project4/src/install/p4pkg/lib/p4pkg
[6.457s] writing list of installed files to '/home/chase/project4/src/build/p4pkg/install.log'
[6.505s] Invoked command in '/home/chase/project4/src/p4pkg' returned '0': PYTHONPATH=/home/chase/project4/src/build/p4pkg/prefix_override:/home/chase/project4/src/install/p4pkg/lib/python3.8/site-packages:${PYTHONPATH} /usr/bin/python3 setup.py egg_info --egg-base ../build/p4pkg build --build-base /home/chase/project4/src/build/p4pkg/build install --record /home/chase/project4/src/build/p4pkg/install.log --single-version-externally-managed
