[12.857s] Invoking command in '/home/chase/project4/src/p4pkg': PYTHONPATH=/home/chase/project4/src/build/p4pkg/prefix_override:/home/chase/project4/src/install/p4pkg/lib/python3.8/site-packages:${PYTHONPATH} /usr/bin/python3 setup.py egg_info --egg-base ../build/p4pkg build --build-base /home/chase/project4/src/build/p4pkg/build install --record /home/chase/project4/src/build/p4pkg/install.log --single-version-externally-managed
[18.136s] running egg_info
[18.147s] writing ../build/p4pkg/p4pkg.egg-info/PKG-INFO
[18.149s] writing dependency_links to ../build/p4pkg/p4pkg.egg-info/dependency_links.txt
[18.164s] writing entry points to ../build/p4pkg/p4pkg.egg-info/entry_points.txt
[18.172s] writing requirements to ../build/p4pkg/p4pkg.egg-info/requires.txt
[18.181s] writing top-level names to ../build/p4pkg/p4pkg.egg-info/top_level.txt
[18.425s] reading manifest file '../build/p4pkg/p4pkg.egg-info/SOURCES.txt'
[18.440s] writing manifest file '../build/p4pkg/p4pkg.egg-info/SOURCES.txt'
[18.469s] running build
[18.469s] running build_py
[18.498s] copying p4pkg/simulator.py -> /home/chase/project4/src/build/p4pkg/build/lib/p4pkg
[18.498s] running install
[18.498s] running install_lib
[18.509s] copying /home/chase/project4/src/build/p4pkg/build/lib/p4pkg/simulator.py -> /home/chase/project4/src/install/p4pkg/lib/python3.8/site-packages/p4pkg
[18.526s] byte-compiling /home/chase/project4/src/install/p4pkg/lib/python3.8/site-packages/p4pkg/simulator.py to simulator.cpython-38.pyc
[18.551s] running install_data
[18.552s] running install_egg_info
[18.570s] removing '/home/chase/project4/src/install/p4pkg/lib/python3.8/site-packages/p4pkg-0.0.0-py3.8.egg-info' (and everything under it)
[18.596s] Copying ../build/p4pkg/p4pkg.egg-info to /home/chase/project4/src/install/p4pkg/lib/python3.8/site-packages/p4pkg-0.0.0-py3.8.egg-info
[18.598s] running install_scripts
[18.787s] Installing simulator script to /home/chase/project4/src/install/p4pkg/lib/p4pkg
[18.800s] writing list of installed files to '/home/chase/project4/src/build/p4pkg/install.log'
[18.901s] Invoked command in '/home/chase/project4/src/p4pkg' returned '0': PYTHONPATH=/home/chase/project4/src/build/p4pkg/prefix_override:/home/chase/project4/src/install/p4pkg/lib/python3.8/site-packages:${PYTHONPATH} /usr/bin/python3 setup.py egg_info --egg-base ../build/p4pkg build --build-base /home/chase/project4/src/build/p4pkg/build install --record /home/chase/project4/src/build/p4pkg/install.log --single-version-externally-managed
