[2.633s] DEBUG:colcon:Command line arguments: ['/usr/bin/colcon', 'build']
[2.633s] DEBUG:colcon:Parsed command line arguments: Namespace(allow_overriding=[], ament_cmake_args=None, base_paths=['.'], build_base='build', catkin_cmake_args=None, catkin_skip_building_tests=False, cmake_args=None, cmake_clean_cache=False, cmake_clean_first=False, cmake_force_configure=False, cmake_target=None, cmake_target_skip_unavailable=False, continue_on_error=False, event_handlers=None, executor='parallel', ignore_user_meta=False, install_base='install', log_base=None, log_level=None, main=<bound method BuildVerb.main of <colcon_core.verb.build.BuildVerb object at 0x7f6f09b18d60>>, merge_install=False, metas=['./colcon.meta'], packages_above=None, packages_above_and_dependencies=None, packages_above_depth=None, packages_end=None, packages_ignore=None, packages_ignore_regex=None, packages_select=None, packages_select_build_failed=False, packages_select_by_dep=None, packages_select_regex=None, packages_select_test_failures=False, packages_skip=None, packages_skip_build_finished=False, packages_skip_by_dep=None, packages_skip_regex=None, packages_skip_test_passed=False, packages_skip_up_to=None, packages_start=None, packages_up_to=None, packages_up_to_regex=None, parallel_workers=1, paths=None, symlink_install=False, test_result_base=None, verb_extension=<colcon_core.verb.build.BuildVerb object at 0x7f6f09b18d60>, verb_name='build', verb_parser=<colcon_defaults.argument_parser.defaults.DefaultArgumentsDecorator object at 0x7f6f09b23310>)
[2.852s] Level 1:colcon.colcon_core.package_discovery:discover_packages(colcon_meta) check parameters
[2.852s] Level 1:colcon.colcon_core.package_discovery:discover_packages(recursive) check parameters
[2.852s] Level 1:colcon.colcon_core.package_discovery:discover_packages(ignore) check parameters
[2.852s] Level 1:colcon.colcon_core.package_discovery:discover_packages(path) check parameters
[2.852s] Level 1:colcon.colcon_core.package_discovery:discover_packages(colcon_meta) discover
[2.852s] Level 1:colcon.colcon_core.package_discovery:discover_packages(recursive) discover
[2.852s] INFO:colcon.colcon_core.package_discovery:Crawling recursively for packages in '/home/chase/project4/src'
[2.853s] Level 1:colcon.colcon_core.package_identification:_identify(.) by extensions ['ignore', 'ignore_ament_install']
[2.853s] Level 1:colcon.colcon_core.package_identification:_identify(.) by extension 'ignore'
[2.853s] Level 1:colcon.colcon_core.package_identification:_identify(.) by extension 'ignore_ament_install'
[2.853s] Level 1:colcon.colcon_core.package_identification:_identify(.) by extensions ['colcon_pkg']
[2.853s] Level 1:colcon.colcon_core.package_identification:_identify(.) by extension 'colcon_pkg'
[2.853s] Level 1:colcon.colcon_core.package_identification:_identify(.) by extensions ['colcon_meta']
[2.853s] Level 1:colcon.colcon_core.package_identification:_identify(.) by extension 'colcon_meta'
[2.853s] Level 1:colcon.colcon_core.package_identification:_identify(.) by extensions ['ros']
[2.853s] Level 1:colcon.colcon_core.package_identification:_identify(.) by extension 'ros'
[2.894s] Level 1:colcon.colcon_core.package_identification:_identify(.) by extensions ['cmake', 'python']
[2.894s] Level 1:colcon.colcon_core.package_identification:_identify(.) by extension 'cmake'
[2.894s] Level 1:colcon.colcon_core.package_identification:_identify(.) by extension 'python'
[2.894s] Level 1:colcon.colcon_core.package_identification:_identify(.) by extensions ['python_setup_py']
[2.894s] Level 1:colcon.colcon_core.package_identification:_identify(.) by extension 'python_setup_py'
[2.895s] Level 1:colcon.colcon_core.package_identification:_identify(bags) by extensions ['ignore', 'ignore_ament_install']
[2.895s] Level 1:colcon.colcon_core.package_identification:_identify(bags) by extension 'ignore'
[2.895s] Level 1:colcon.colcon_core.package_identification:_identify(bags) by extension 'ignore_ament_install'
[2.895s] Level 1:colcon.colcon_core.package_identification:_identify(bags) by extensions ['colcon_pkg']
[2.895s] Level 1:colcon.colcon_core.package_identification:_identify(bags) by extension 'colcon_pkg'
[2.895s] Level 1:colcon.colcon_core.package_identification:_identify(bags) by extensions ['colcon_meta']
[2.895s] Level 1:colcon.colcon_core.package_identification:_identify(bags) by extension 'colcon_meta'
[2.901s] Level 1:colcon.colcon_core.package_identification:_identify(bags) by extensions ['ros']
[2.901s] Level 1:colcon.colcon_core.package_identification:_identify(bags) by extension 'ros'
[2.901s] Level 1:colcon.colcon_core.package_identification:_identify(bags) by extensions ['cmake', 'python']
[2.901s] Level 1:colcon.colcon_core.package_identification:_identify(bags) by extension 'cmake'
[2.901s] Level 1:colcon.colcon_core.package_identification:_identify(bags) by extension 'python'
[2.901s] Level 1:colcon.colcon_core.package_identification:_identify(bags) by extensions ['python_setup_py']
[2.902s] Level 1:colcon.colcon_core.package_identification:_identify(bags) by extension 'python_setup_py'
[2.902s] Level 1:colcon.colcon_core.package_identification:_identify(bags/input1) by extensions ['ignore', 'ignore_ament_install']
[2.902s] Level 1:colcon.colcon_core.package_identification:_identify(bags/input1) by extension 'ignore'
[2.902s] Level 1:colcon.colcon_core.package_identification:_identify(bags/input1) by extension 'ignore_ament_install'
[2.902s] Level 1:colcon.colcon_core.package_identification:_identify(bags/input1) by extensions ['colcon_pkg']
[2.902s] Level 1:colcon.colcon_core.package_identification:_identify(bags/input1) by extension 'colcon_pkg'
[2.902s] Level 1:colcon.colcon_core.package_identification:_identify(bags/input1) by extensions ['colcon_meta']
[2.902s] Level 1:colcon.colcon_core.package_identification:_identify(bags/input1) by extension 'colcon_meta'
[2.902s] Level 1:colcon.colcon_core.package_identification:_identify(bags/input1) by extensions ['ros']
[2.902s] Level 1:colcon.colcon_core.package_identification:_identify(bags/input1) by extension 'ros'
[2.903s] Level 1:colcon.colcon_core.package_identification:_identify(bags/input1) by extensions ['cmake', 'python']
[2.903s] Level 1:colcon.colcon_core.package_identification:_identify(bags/input1) by extension 'cmake'
[2.903s] Level 1:colcon.colcon_core.package_identification:_identify(bags/input1) by extension 'python'
[2.903s] Level 1:colcon.colcon_core.package_identification:_identify(bags/input1) by extensions ['python_setup_py']
[2.903s] Level 1:colcon.colcon_core.package_identification:_identify(bags/input1) by extension 'python_setup_py'
[2.903s] Level 1:colcon.colcon_core.package_identification:_identify(bags/input2) by extensions ['ignore', 'ignore_ament_install']
[2.903s] Level 1:colcon.colcon_core.package_identification:_identify(bags/input2) by extension 'ignore'
[2.903s] Level 1:colcon.colcon_core.package_identification:_identify(bags/input2) by extension 'ignore_ament_install'
[2.903s] Level 1:colcon.colcon_core.package_identification:_identify(bags/input2) by extensions ['colcon_pkg']
[2.903s] Level 1:colcon.colcon_core.package_identification:_identify(bags/input2) by extension 'colcon_pkg'
[2.903s] Level 1:colcon.colcon_core.package_identification:_identify(bags/input2) by extensions ['colcon_meta']
[2.904s] Level 1:colcon.colcon_core.package_identification:_identify(bags/input2) by extension 'colcon_meta'
[2.904s] Level 1:colcon.colcon_core.package_identification:_identify(bags/input2) by extensions ['ros']
[2.904s] Level 1:colcon.colcon_core.package_identification:_identify(bags/input2) by extension 'ros'
[2.904s] Level 1:colcon.colcon_core.package_identification:_identify(bags/input2) by extensions ['cmake', 'python']
[2.904s] Level 1:colcon.colcon_core.package_identification:_identify(bags/input2) by extension 'cmake'
[2.904s] Level 1:colcon.colcon_core.package_identification:_identify(bags/input2) by extension 'python'
[2.904s] Level 1:colcon.colcon_core.package_identification:_identify(bags/input2) by extensions ['python_setup_py']
[2.904s] Level 1:colcon.colcon_core.package_identification:_identify(bags/input2) by extension 'python_setup_py'
[2.904s] Level 1:colcon.colcon_core.package_identification:_identify(build) by extensions ['ignore', 'ignore_ament_install']
[2.904s] Level 1:colcon.colcon_core.package_identification:_identify(build) by extension 'ignore'
[2.904s] Level 1:colcon.colcon_core.package_identification:_identify(build) ignored
[2.905s] Level 1:colcon.colcon_core.package_identification:_identify(install) by extensions ['ignore', 'ignore_ament_install']
[2.905s] Level 1:colcon.colcon_core.package_identification:_identify(install) by extension 'ignore'
[2.905s] Level 1:colcon.colcon_core.package_identification:_identify(install) ignored
[2.905s] Level 1:colcon.colcon_core.package_identification:_identify(log) by extensions ['ignore', 'ignore_ament_install']
[2.905s] Level 1:colcon.colcon_core.package_identification:_identify(log) by extension 'ignore'
[2.905s] Level 1:colcon.colcon_core.package_identification:_identify(log) ignored
[2.906s] Level 1:colcon.colcon_core.package_identification:_identify(p4pkg) by extensions ['ignore', 'ignore_ament_install']
[2.906s] Level 1:colcon.colcon_core.package_identification:_identify(p4pkg) by extension 'ignore'
[2.906s] Level 1:colcon.colcon_core.package_identification:_identify(p4pkg) by extension 'ignore_ament_install'
[2.906s] Level 1:colcon.colcon_core.package_identification:_identify(p4pkg) by extensions ['colcon_pkg']
[2.906s] Level 1:colcon.colcon_core.package_identification:_identify(p4pkg) by extension 'colcon_pkg'
[2.906s] Level 1:colcon.colcon_core.package_identification:_identify(p4pkg) by extensions ['colcon_meta']
[2.906s] Level 1:colcon.colcon_core.package_identification:_identify(p4pkg) by extension 'colcon_meta'
[2.906s] Level 1:colcon.colcon_core.package_identification:_identify(p4pkg) by extensions ['ros']
[2.906s] Level 1:colcon.colcon_core.package_identification:_identify(p4pkg) by extension 'ros'
[2.919s] DEBUG:colcon.colcon_core.package_identification:Package 'p4pkg' with type 'ros.ament_python' and name 'p4pkg'
[2.919s] Level 1:colcon.colcon_core.package_discovery:discover_packages(recursive) using defaults
[2.920s] Level 1:colcon.colcon_core.package_discovery:discover_packages(ignore) discover
[2.920s] Level 1:colcon.colcon_core.package_discovery:discover_packages(ignore) using defaults
[2.920s] Level 1:colcon.colcon_core.package_discovery:discover_packages(path) discover
[2.920s] Level 1:colcon.colcon_core.package_discovery:discover_packages(path) using defaults
[3.072s] Level 1:colcon.colcon_core.package_discovery:discover_packages(prefix_path) check parameters
[3.072s] Level 1:colcon.colcon_core.package_discovery:discover_packages(prefix_path) discover
[3.132s] DEBUG:colcon.colcon_installed_package_information.package_discovery:Found 1 installed packages in /home/chase/project4/src/install
[3.173s] DEBUG:colcon.colcon_installed_package_information.package_discovery:Found 325 installed packages in /home/chase/ros2_humble/install
[3.177s] Level 1:colcon.colcon_core.package_discovery:discover_packages(prefix_path) using defaults
[3.292s] Level 5:colcon.colcon_core.verb:set package 'p4pkg' build argument 'cmake_args' from command line to 'None'
[3.292s] Level 5:colcon.colcon_core.verb:set package 'p4pkg' build argument 'cmake_target' from command line to 'None'
[3.292s] Level 5:colcon.colcon_core.verb:set package 'p4pkg' build argument 'cmake_target_skip_unavailable' from command line to 'False'
[3.292s] Level 5:colcon.colcon_core.verb:set package 'p4pkg' build argument 'cmake_clean_cache' from command line to 'False'
[3.292s] Level 5:colcon.colcon_core.verb:set package 'p4pkg' build argument 'cmake_clean_first' from command line to 'False'
[3.292s] Level 5:colcon.colcon_core.verb:set package 'p4pkg' build argument 'cmake_force_configure' from command line to 'False'
[3.292s] Level 5:colcon.colcon_core.verb:set package 'p4pkg' build argument 'ament_cmake_args' from command line to 'None'
[3.292s] Level 5:colcon.colcon_core.verb:set package 'p4pkg' build argument 'catkin_cmake_args' from command line to 'None'
[3.292s] Level 5:colcon.colcon_core.verb:set package 'p4pkg' build argument 'catkin_skip_building_tests' from command line to 'False'
[3.292s] DEBUG:colcon.colcon_core.verb:Building package 'p4pkg' with the following arguments: {'ament_cmake_args': None, 'build_base': '/home/chase/project4/src/build/p4pkg', 'catkin_cmake_args': None, 'catkin_skip_building_tests': False, 'cmake_args': None, 'cmake_clean_cache': False, 'cmake_clean_first': False, 'cmake_force_configure': False, 'cmake_target': None, 'cmake_target_skip_unavailable': False, 'install_base': '/home/chase/project4/src/install/p4pkg', 'merge_install': False, 'path': '/home/chase/project4/src/p4pkg', 'symlink_install': False, 'test_result_base': None}
[3.294s] INFO:colcon.colcon_core.executor:Executing jobs using 'parallel' executor
[3.332s] DEBUG:colcon.colcon_parallel_executor.executor.parallel:run_until_complete
[3.332s] INFO:colcon.colcon_ros.task.ament_python.build:Building ROS package in '/home/chase/project4/src/p4pkg' with build type 'ament_python'
[3.332s] Level 1:colcon.colcon_core.shell:create_environment_hook('p4pkg', 'ament_prefix_path')
[3.377s] INFO:colcon.colcon_core.plugin_system:Skipping extension 'colcon_core.shell.bat': Not used on non-Windows systems
[3.377s] INFO:colcon.colcon_core.shell:Creating environment hook '/home/chase/project4/src/install/p4pkg/share/p4pkg/hook/ament_prefix_path.ps1'
[3.406s] INFO:colcon.colcon_core.shell:Creating environment descriptor '/home/chase/project4/src/install/p4pkg/share/p4pkg/hook/ament_prefix_path.dsv'
[3.424s] INFO:colcon.colcon_core.shell:Creating environment hook '/home/chase/project4/src/install/p4pkg/share/p4pkg/hook/ament_prefix_path.sh'
[3.440s] INFO:colcon.colcon_core.shell:Skip shell extension 'powershell' for command environment: Not usable outside of PowerShell
[3.458s] DEBUG:colcon.colcon_core.shell:Skip shell extension 'dsv' for command environment
[8.416s] INFO:colcon.colcon_core.task.python.build:Building Python package in '/home/chase/project4/src/p4pkg'
[8.432s] INFO:colcon.colcon_core.shell:Skip shell extension 'powershell' for command environment: Not usable outside of PowerShell
[8.432s] DEBUG:colcon.colcon_core.shell:Skip shell extension 'dsv' for command environment
[14.351s] DEBUG:colcon.colcon_core.event_handler.log_command:Invoking command in '/home/chase/project4/src/p4pkg': PYTHONPATH=/home/chase/project4/src/build/p4pkg/prefix_override:/home/chase/project4/src/install/p4pkg/lib/python3.8/site-packages:${PYTHONPATH} /usr/bin/python3 setup.py egg_info --egg-base ../build/p4pkg build --build-base /home/chase/project4/src/build/p4pkg/build install --record /home/chase/project4/src/build/p4pkg/install.log --single-version-externally-managed
[19.997s] DEBUG:colcon.colcon_core.event_handler.log_command:Invoked command in '/home/chase/project4/src/p4pkg' returned '0': PYTHONPATH=/home/chase/project4/src/build/p4pkg/prefix_override:/home/chase/project4/src/install/p4pkg/lib/python3.8/site-packages:${PYTHONPATH} /usr/bin/python3 setup.py egg_info --egg-base ../build/p4pkg build --build-base /home/chase/project4/src/build/p4pkg/build install --record /home/chase/project4/src/build/p4pkg/install.log --single-version-externally-managed
[20.102s] Level 1:colcon.colcon_core.environment:checking '/home/chase/project4/src/install/p4pkg' for CMake module files
[20.103s] Level 1:colcon.colcon_core.environment:checking '/home/chase/project4/src/install/p4pkg' for CMake config files
[20.112s] Level 1:colcon.colcon_core.environment:checking '/home/chase/project4/src/install/p4pkg/lib'
[20.112s] Level 1:colcon.colcon_core.environment:checking '/home/chase/project4/src/install/p4pkg/bin'
[20.113s] Level 1:colcon.colcon_core.environment:checking '/home/chase/project4/src/install/p4pkg/lib/pkgconfig/p4pkg.pc'
[20.113s] Level 1:colcon.colcon_core.environment:checking '/home/chase/project4/src/install/p4pkg/lib/python3.8/site-packages'
[20.114s] Level 1:colcon.colcon_core.shell:create_environment_hook('p4pkg', 'pythonpath')
[20.134s] INFO:colcon.colcon_core.shell:Creating environment hook '/home/chase/project4/src/install/p4pkg/share/p4pkg/hook/pythonpath.ps1'
[20.144s] INFO:colcon.colcon_core.shell:Creating environment descriptor '/home/chase/project4/src/install/p4pkg/share/p4pkg/hook/pythonpath.dsv'
[20.155s] INFO:colcon.colcon_core.shell:Creating environment hook '/home/chase/project4/src/install/p4pkg/share/p4pkg/hook/pythonpath.sh'
[20.161s] Level 1:colcon.colcon_core.environment:checking '/home/chase/project4/src/install/p4pkg/bin'
[20.161s] Level 1:colcon.colcon_core.environment:create_environment_scripts_only(p4pkg)
[20.168s] INFO:colcon.colcon_core.shell:Creating package script '/home/chase/project4/src/install/p4pkg/share/p4pkg/package.ps1'
[20.211s] INFO:colcon.colcon_core.shell:Creating package descriptor '/home/chase/project4/src/install/p4pkg/share/p4pkg/package.dsv'
[20.221s] INFO:colcon.colcon_core.shell:Creating package script '/home/chase/project4/src/install/p4pkg/share/p4pkg/package.sh'
[20.231s] INFO:colcon.colcon_core.shell:Creating package script '/home/chase/project4/src/install/p4pkg/share/p4pkg/package.bash'
[20.241s] INFO:colcon.colcon_core.shell:Creating package script '/home/chase/project4/src/install/p4pkg/share/p4pkg/package.zsh'
[20.249s] Level 1:colcon.colcon_core.environment:create_file_with_runtime_dependencies(/home/chase/project4/src/install/p4pkg/share/colcon-core/packages/p4pkg)
[20.259s] DEBUG:colcon.colcon_parallel_executor.executor.parallel:closing loop
[20.261s] DEBUG:colcon.colcon_parallel_executor.executor.parallel:loop closed
[20.262s] DEBUG:colcon.colcon_parallel_executor.executor.parallel:run_until_complete finished with '0'
[20.262s] DEBUG:colcon.colcon_core.event_reactor:joining thread
[20.346s] INFO:colcon.colcon_core.plugin_system:Skipping extension 'colcon_notification.desktop_notification.terminal_notifier': Not used on non-Darwin systems
[20.347s] INFO:colcon.colcon_core.plugin_system:Skipping extension 'colcon_notification.desktop_notification.win32': Not used on non-Windows systems
[20.347s] INFO:colcon.colcon_notification.desktop_notification:Sending desktop notification using 'notify2'
[20.462s] DEBUG:colcon.colcon_core.event_reactor:joined thread
[20.471s] INFO:colcon.colcon_core.shell:Creating prefix script '/home/chase/project4/src/install/local_setup.ps1'
[20.477s] INFO:colcon.colcon_core.shell:Creating prefix util module '/home/chase/project4/src/install/_local_setup_util_ps1.py'
[20.487s] INFO:colcon.colcon_core.shell:Creating prefix chain script '/home/chase/project4/src/install/setup.ps1'
[20.558s] INFO:colcon.colcon_core.shell:Creating prefix script '/home/chase/project4/src/install/local_setup.sh'
[20.561s] INFO:colcon.colcon_core.shell:Creating prefix util module '/home/chase/project4/src/install/_local_setup_util_sh.py'
[20.566s] INFO:colcon.colcon_core.shell:Creating prefix chain script '/home/chase/project4/src/install/setup.sh'
[20.627s] INFO:colcon.colcon_core.shell:Creating prefix script '/home/chase/project4/src/install/local_setup.bash'
[20.633s] INFO:colcon.colcon_core.shell:Creating prefix chain script '/home/chase/project4/src/install/setup.bash'
[20.729s] INFO:colcon.colcon_core.shell:Creating prefix script '/home/chase/project4/src/install/local_setup.zsh'
[20.732s] INFO:colcon.colcon_core.shell:Creating prefix chain script '/home/chase/project4/src/install/setup.zsh'
