[4.539s] Invoking command in '/home/chase/project4/src/p4pkg': PYTHONPATH=/home/chase/project4/src/build/p4pkg/prefix_override:/home/chase/project4/src/install/p4pkg/lib/python3.8/site-packages:${PYTHONPATH} /usr/bin/python3 setup.py egg_info --egg-base ../build/p4pkg build --build-base /home/chase/project4/src/build/p4pkg/build install --record /home/chase/project4/src/build/p4pkg/install.log --single-version-externally-managed
[6.142s] running egg_info
[6.143s] writing ../build/p4pkg/p4pkg.egg-info/PKG-INFO
[6.156s] writing dependency_links to ../build/p4pkg/p4pkg.egg-info/dependency_links.txt
[6.157s] writing entry points to ../build/p4pkg/p4pkg.egg-info/entry_points.txt
[6.161s] writing requirements to ../build/p4pkg/p4pkg.egg-info/requires.txt
[6.166s] writing top-level names to ../build/p4pkg/p4pkg.egg-info/top_level.txt
[6.265s] reading manifest file '../build/p4pkg/p4pkg.egg-info/SOURCES.txt'
[6.267s] writing manifest file '../build/p4pkg/p4pkg.egg-info/SOURCES.txt'
[6.268s] running build
[6.268s] running build_py
[6.269s] copying p4pkg/simulator.py -> /home/chase/project4/src/build/p4pkg/build/lib/p4pkg
[6.269s] copying p4pkg/world_reader.py -> /home/chase/project4/src/build/p4pkg/build/lib/p4pkg
[6.270s] running install
[6.273s] running install_lib
[6.275s] copying /home/chase/project4/src/build/p4pkg/build/lib/p4pkg/simulator.py -> /home/chase/project4/src/install/p4pkg/lib/python3.8/site-packages/p4pkg
[6.275s] copying /home/chase/project4/src/build/p4pkg/build/lib/p4pkg/world_reader.py -> /home/chase/project4/src/install/p4pkg/lib/python3.8/site-packages/p4pkg
[6.279s] byte-compiling /home/chase/project4/src/install/p4pkg/lib/python3.8/site-packages/p4pkg/simulator.py to simulator.cpython-38.pyc
[6.286s] byte-compiling /home/chase/project4/src/install/p4pkg/lib/python3.8/site-packages/p4pkg/world_reader.py to world_reader.cpython-38.pyc
[6.289s]   File "/home/chase/project4/src/install/p4pkg/lib/python3.8/site-packages/p4pkg/world_reader.py", line 26
[6.289s]     elif char == '#'
[6.289s]                    ^
[6.290s] SyntaxError: invalid syntax
[6.290s] 
[6.290s] running install_data
[6.294s] running install_egg_info
[6.300s] removing '/home/chase/project4/src/install/p4pkg/lib/python3.8/site-packages/p4pkg-0.0.0-py3.8.egg-info' (and everything under it)
[6.300s] Copying ../build/p4pkg/p4pkg.egg-info to /home/chase/project4/src/install/p4pkg/lib/python3.8/site-packages/p4pkg-0.0.0-py3.8.egg-info
[6.303s] running install_scripts
[6.370s] Installing simulator script to /home/chase/project4/src/install/p4pkg/lib/p4pkg
[6.377s] writing list of installed files to '/home/chase/project4/src/build/p4pkg/install.log'
[6.427s] Invoked command in '/home/chase/project4/src/p4pkg' returned '0': PYTHONPATH=/home/chase/project4/src/build/p4pkg/prefix_override:/home/chase/project4/src/install/p4pkg/lib/python3.8/site-packages:${PYTHONPATH} /usr/bin/python3 setup.py egg_info --egg-base ../build/p4pkg build --build-base /home/chase/project4/src/build/p4pkg/build install --record /home/chase/project4/src/build/p4pkg/install.log --single-version-externally-managed
