[3.127s] Invoking command in '/home/chase/project4/src/p4pkg': PYTHONPATH=/home/chase/project4/src/build/p4pkg/prefix_override:/home/chase/project4/src/install/p4pkg/lib/python3.8/site-packages:${PYTHONPATH} /usr/bin/python3 setup.py egg_info --egg-base ../build/p4pkg build --build-base /home/chase/project4/src/build/p4pkg/build install --record /home/chase/project4/src/build/p4pkg/install.log --single-version-externally-managed
[4.450s] running egg_info
[4.451s] writing ../build/p4pkg/p4pkg.egg-info/PKG-INFO
[4.453s] writing dependency_links to ../build/p4pkg/p4pkg.egg-info/dependency_links.txt
[4.455s] writing entry points to ../build/p4pkg/p4pkg.egg-info/entry_points.txt
[4.456s] writing requirements to ../build/p4pkg/p4pkg.egg-info/requires.txt
[4.457s] writing top-level names to ../build/p4pkg/p4pkg.egg-info/top_level.txt
[4.519s] reading manifest file '../build/p4pkg/p4pkg.egg-info/SOURCES.txt'
[4.531s] writing manifest file '../build/p4pkg/p4pkg.egg-info/SOURCES.txt'
[4.533s] running build
[4.533s] running build_py
[4.534s] running install
[4.538s] running install_lib
[4.542s] running install_data
[4.544s] copying launch/launch.py -> /home/chase/project4/src/install/p4pkg/share/p4pkg
[4.544s] running install_egg_info
[4.550s] removing '/home/chase/project4/src/install/p4pkg/lib/python3.8/site-packages/p4pkg-0.0.0-py3.8.egg-info' (and everything under it)
[4.550s] Copying ../build/p4pkg/p4pkg.egg-info to /home/chase/project4/src/install/p4pkg/lib/python3.8/site-packages/p4pkg-0.0.0-py3.8.egg-info
[4.551s] running install_scripts
[4.592s] Installing simulator script to /home/chase/project4/src/install/p4pkg/lib/p4pkg
[4.594s] writing list of installed files to '/home/chase/project4/src/build/p4pkg/install.log'
[4.630s] Invoked command in '/home/chase/project4/src/p4pkg' returned '0': PYTHONPATH=/home/chase/project4/src/build/p4pkg/prefix_override:/home/chase/project4/src/install/p4pkg/lib/python3.8/site-packages:${PYTHONPATH} /usr/bin/python3 setup.py egg_info --egg-base ../build/p4pkg build --build-base /home/chase/project4/src/build/p4pkg/build install --record /home/chase/project4/src/build/p4pkg/install.log --single-version-externally-managed
