[9.478s] Invoking command in '/home/chase/project4/src/p4pkg': PYTHONPATH=/home/chase/project4/src/build/p4pkg/prefix_override:/home/chase/project4/src/install/p4pkg/lib/python3.8/site-packages:${PYTHONPATH} /usr/bin/python3 setup.py egg_info --egg-base ../build/p4pkg build --build-base /home/chase/project4/src/build/p4pkg/build install --record /home/chase/project4/src/build/p4pkg/install.log --single-version-externally-managed
[12.655s] running egg_info
[12.656s] writing ../build/p4pkg/p4pkg.egg-info/PKG-INFO
[12.658s] writing dependency_links to ../build/p4pkg/p4pkg.egg-info/dependency_links.txt
[12.660s] writing entry points to ../build/p4pkg/p4pkg.egg-info/entry_points.txt
[12.674s] writing requirements to ../build/p4pkg/p4pkg.egg-info/requires.txt
[12.690s] writing top-level names to ../build/p4pkg/p4pkg.egg-info/top_level.txt
[12.838s] reading manifest file '../build/p4pkg/p4pkg.egg-info/SOURCES.txt'
[12.849s] writing manifest file '../build/p4pkg/p4pkg.egg-info/SOURCES.txt'
[12.850s] running build
[12.850s] running build_py
[12.854s] copying p4pkg/simulator.py -> /home/chase/project4/src/build/p4pkg/build/lib/p4pkg
[12.857s] running install
[12.872s] running install_lib
[12.874s] copying /home/chase/project4/src/build/p4pkg/build/lib/p4pkg/simulator.py -> /home/chase/project4/src/install/p4pkg/lib/python3.8/site-packages/p4pkg
[12.879s] byte-compiling /home/chase/project4/src/install/p4pkg/lib/python3.8/site-packages/p4pkg/simulator.py to simulator.cpython-38.pyc
[12.899s] running install_data
[12.910s] running install_egg_info
[12.924s] removing '/home/chase/project4/src/install/p4pkg/lib/python3.8/site-packages/p4pkg-0.0.0-py3.8.egg-info' (and everything under it)
[12.924s] Copying ../build/p4pkg/p4pkg.egg-info to /home/chase/project4/src/install/p4pkg/lib/python3.8/site-packages/p4pkg-0.0.0-py3.8.egg-info
[12.939s] running install_scripts
[13.065s] Installing simulator script to /home/chase/project4/src/install/p4pkg/lib/p4pkg
[13.067s] writing list of installed files to '/home/chase/project4/src/build/p4pkg/install.log'
[13.184s] Invoked command in '/home/chase/project4/src/p4pkg' returned '0': PYTHONPATH=/home/chase/project4/src/build/p4pkg/prefix_override:/home/chase/project4/src/install/p4pkg/lib/python3.8/site-packages:${PYTHONPATH} /usr/bin/python3 setup.py egg_info --egg-base ../build/p4pkg build --build-base /home/chase/project4/src/build/p4pkg/build install --record /home/chase/project4/src/build/p4pkg/install.log --single-version-externally-managed
