[7.418s] Invoking command in '/home/chase/project4/src/teleop_twist_keyboard': PYTHONPATH=/home/chase/project4/src/build/teleop_twist_keyboard/prefix_override:/home/chase/project4/src/install/teleop_twist_keyboard/lib/python3.8/site-packages:${PYTHONPATH} /usr/bin/python3 setup.py egg_info --egg-base ../build/teleop_twist_keyboard build --build-base /home/chase/project4/src/build/teleop_twist_keyboard/build install --record /home/chase/project4/src/build/teleop_twist_keyboard/install.log --single-version-externally-managed
[10.677s] running egg_info
[10.696s] writing ../build/teleop_twist_keyboard/teleop_twist_keyboard.egg-info/PKG-INFO
[10.698s] writing dependency_links to ../build/teleop_twist_keyboard/teleop_twist_keyboard.egg-info/dependency_links.txt
[10.704s] writing entry points to ../build/teleop_twist_keyboard/teleop_twist_keyboard.egg-info/entry_points.txt
[10.705s] writing requirements to ../build/teleop_twist_keyboard/teleop_twist_keyboard.egg-info/requires.txt
[10.715s] writing top-level names to ../build/teleop_twist_keyboard/teleop_twist_keyboard.egg-info/top_level.txt
[10.855s] reading manifest file '../build/teleop_twist_keyboard/teleop_twist_keyboard.egg-info/SOURCES.txt'
[10.863s] writing manifest file '../build/teleop_twist_keyboard/teleop_twist_keyboard.egg-info/SOURCES.txt'
[10.865s] running build
[10.865s] running build_py
[10.865s] running install
[10.878s] running install_lib
[10.896s] running install_data
[10.897s] running install_egg_info
[10.903s] removing '/home/chase/project4/src/install/teleop_twist_keyboard/lib/python3.8/site-packages/teleop_twist_keyboard-2.3.2-py3.8.egg-info' (and everything under it)
[10.903s] Copying ../build/teleop_twist_keyboard/teleop_twist_keyboard.egg-info to /home/chase/project4/src/install/teleop_twist_keyboard/lib/python3.8/site-packages/teleop_twist_keyboard-2.3.2-py3.8.egg-info
[10.907s] running install_scripts
[11.021s] Installing teleop_twist_keyboard script to /home/chase/project4/src/install/teleop_twist_keyboard/lib/teleop_twist_keyboard
[11.049s] writing list of installed files to '/home/chase/project4/src/build/teleop_twist_keyboard/install.log'
[11.136s] Invoked command in '/home/chase/project4/src/teleop_twist_keyboard' returned '0': PYTHONPATH=/home/chase/project4/src/build/teleop_twist_keyboard/prefix_override:/home/chase/project4/src/install/teleop_twist_keyboard/lib/python3.8/site-packages:${PYTHONPATH} /usr/bin/python3 setup.py egg_info --egg-base ../build/teleop_twist_keyboard build --build-base /home/chase/project4/src/build/teleop_twist_keyboard/build install --record /home/chase/project4/src/build/teleop_twist_keyboard/install.log --single-version-externally-managed
