[4.381s] Invoking command in '/home/chase/project4/src/p4pkg': PYTHONPATH=/home/chase/project4/src/build/p4pkg/prefix_override:/home/chase/project4/src/install/p4pkg/lib/python3.8/site-packages:${PYTHONPATH} /usr/bin/python3 setup.py egg_info --egg-base ../build/p4pkg build --build-base /home/chase/project4/src/build/p4pkg/build install --record /home/chase/project4/src/build/p4pkg/install.log --single-version-externally-managed
[6.018s] running egg_info
[6.024s] writing ../build/p4pkg/p4pkg.egg-info/PKG-INFO
[6.031s] writing dependency_links to ../build/p4pkg/p4pkg.egg-info/dependency_links.txt
[6.033s] writing entry points to ../build/p4pkg/p4pkg.egg-info/entry_points.txt
[6.035s] writing requirements to ../build/p4pkg/p4pkg.egg-info/requires.txt
[6.041s] writing top-level names to ../build/p4pkg/p4pkg.egg-info/top_level.txt
[6.133s] reading manifest file '../build/p4pkg/p4pkg.egg-info/SOURCES.txt'
[6.143s] writing manifest file '../build/p4pkg/p4pkg.egg-info/SOURCES.txt'
[6.145s] running build
[6.145s] running build_py
[6.147s] copying p4pkg/world_reader.py -> /home/chase/project4/src/build/p4pkg/build/lib/p4pkg
[6.148s] running install
[6.152s] running install_lib
[6.154s] copying /home/chase/project4/src/build/p4pkg/build/lib/p4pkg/world_reader.py -> /home/chase/project4/src/install/p4pkg/lib/python3.8/site-packages/p4pkg
[6.158s] byte-compiling /home/chase/project4/src/install/p4pkg/lib/python3.8/site-packages/p4pkg/world_reader.py to world_reader.cpython-38.pyc
[6.180s] running install_data
[6.182s] running install_egg_info
[6.192s] removing '/home/chase/project4/src/install/p4pkg/lib/python3.8/site-packages/p4pkg-0.0.0-py3.8.egg-info' (and everything under it)
[6.197s] Copying ../build/p4pkg/p4pkg.egg-info to /home/chase/project4/src/install/p4pkg/lib/python3.8/site-packages/p4pkg-0.0.0-py3.8.egg-info
[6.212s] running install_scripts
[6.250s] Installing simulator script to /home/chase/project4/src/install/p4pkg/lib/p4pkg
[6.252s] writing list of installed files to '/home/chase/project4/src/build/p4pkg/install.log'
[6.308s] Invoked command in '/home/chase/project4/src/p4pkg' returned '0': PYTHONPATH=/home/chase/project4/src/build/p4pkg/prefix_override:/home/chase/project4/src/install/p4pkg/lib/python3.8/site-packages:${PYTHONPATH} /usr/bin/python3 setup.py egg_info --egg-base ../build/p4pkg build --build-base /home/chase/project4/src/build/p4pkg/build install --record /home/chase/project4/src/build/p4pkg/install.log --single-version-externally-managed
