[13.351s] Invoking command in '/home/chase/project4/src/p4pkg': PYTHONPATH=/home/chase/project4/src/build/p4pkg/prefix_override:/home/chase/project4/src/install/p4pkg/lib/python3.8/site-packages:${PYTHONPATH} /usr/bin/python3 setup.py egg_info --egg-base ../build/p4pkg build --build-base /home/chase/project4/src/build/p4pkg/build install --record /home/chase/project4/src/build/p4pkg/install.log --single-version-externally-managed
[18.359s] running egg_info
[18.361s] writing ../build/p4pkg/p4pkg.egg-info/PKG-INFO
[18.396s] writing dependency_links to ../build/p4pkg/p4pkg.egg-info/dependency_links.txt
[18.400s] writing entry points to ../build/p4pkg/p4pkg.egg-info/entry_points.txt
[18.402s] writing requirements to ../build/p4pkg/p4pkg.egg-info/requires.txt
[18.404s] writing top-level names to ../build/p4pkg/p4pkg.egg-info/top_level.txt
[18.647s] reading manifest file '../build/p4pkg/p4pkg.egg-info/SOURCES.txt'
[18.660s] writing manifest file '../build/p4pkg/p4pkg.egg-info/SOURCES.txt'
[18.669s] running build
[18.669s] running build_py
[18.670s] copying p4pkg/simulator.py -> /home/chase/project4/src/build/p4pkg/build/lib/p4pkg
[18.681s] running install
[18.700s] running install_lib
[18.708s] copying /home/chase/project4/src/build/p4pkg/build/lib/p4pkg/simulator.py -> /home/chase/project4/src/install/p4pkg/lib/python3.8/site-packages/p4pkg
[18.726s] byte-compiling /home/chase/project4/src/install/p4pkg/lib/python3.8/site-packages/p4pkg/simulator.py to simulator.cpython-38.pyc
[18.732s] running install_data
[18.733s] running install_egg_info
[18.742s] removing '/home/chase/project4/src/install/p4pkg/lib/python3.8/site-packages/p4pkg-0.0.0-py3.8.egg-info' (and everything under it)
[18.743s] Copying ../build/p4pkg/p4pkg.egg-info to /home/chase/project4/src/install/p4pkg/lib/python3.8/site-packages/p4pkg-0.0.0-py3.8.egg-info
[18.769s] running install_scripts
[19.088s] Installing simulator script to /home/chase/project4/src/install/p4pkg/lib/p4pkg
[19.101s] writing list of installed files to '/home/chase/project4/src/build/p4pkg/install.log'
[19.312s] Invoked command in '/home/chase/project4/src/p4pkg' returned '0': PYTHONPATH=/home/chase/project4/src/build/p4pkg/prefix_override:/home/chase/project4/src/install/p4pkg/lib/python3.8/site-packages:${PYTHONPATH} /usr/bin/python3 setup.py egg_info --egg-base ../build/p4pkg build --build-base /home/chase/project4/src/build/p4pkg/build install --record /home/chase/project4/src/build/p4pkg/install.log --single-version-externally-managed
