[14.614s] Invoking command in '/home/chase/project4/src/p4pkg': PYTHONPATH=/home/chase/project4/src/build/p4pkg/prefix_override:/home/chase/project4/src/install/p4pkg/lib/python3.8/site-packages:${PYTHONPATH} /usr/bin/python3 setup.py egg_info --egg-base ../build/p4pkg build --build-base /home/chase/project4/src/build/p4pkg/build install --record /home/chase/project4/src/build/p4pkg/install.log --single-version-externally-managed
[21.966s] running egg_info
[21.972s] writing ../build/p4pkg/p4pkg.egg-info/PKG-INFO
[21.975s] writing dependency_links to ../build/p4pkg/p4pkg.egg-info/dependency_links.txt
[21.984s] writing entry points to ../build/p4pkg/p4pkg.egg-info/entry_points.txt
[21.986s] writing requirements to ../build/p4pkg/p4pkg.egg-info/requires.txt
[21.994s] writing top-level names to ../build/p4pkg/p4pkg.egg-info/top_level.txt
[22.210s] reading manifest file '../build/p4pkg/p4pkg.egg-info/SOURCES.txt'
[22.216s] writing manifest file '../build/p4pkg/p4pkg.egg-info/SOURCES.txt'
[22.219s] running build
[22.221s] running build_py
[22.222s] running install
[22.228s] running install_lib
[22.257s] running install_data
[22.258s] copying launch/launch.py -> /home/chase/project4/src/install/p4pkg/share/p4pkg
[22.259s] running install_egg_info
[22.269s] removing '/home/chase/project4/src/install/p4pkg/lib/python3.8/site-packages/p4pkg-0.0.0-py3.8.egg-info' (and everything under it)
[22.270s] Copying ../build/p4pkg/p4pkg.egg-info to /home/chase/project4/src/install/p4pkg/lib/python3.8/site-packages/p4pkg-0.0.0-py3.8.egg-info
[22.285s] running install_scripts
[22.446s] Installing simulator script to /home/chase/project4/src/install/p4pkg/lib/p4pkg
[22.454s] writing list of installed files to '/home/chase/project4/src/build/p4pkg/install.log'
[22.584s] Invoked command in '/home/chase/project4/src/p4pkg' returned '0': PYTHONPATH=/home/chase/project4/src/build/p4pkg/prefix_override:/home/chase/project4/src/install/p4pkg/lib/python3.8/site-packages:${PYTHONPATH} /usr/bin/python3 setup.py egg_info --egg-base ../build/p4pkg build --build-base /home/chase/project4/src/build/p4pkg/build install --record /home/chase/project4/src/build/p4pkg/install.log --single-version-externally-managed
