[15.112s] Invoking command in '/home/chase/project4/src/p4pkg': PYTHONPATH=/home/chase/project4/src/build/p4pkg/prefix_override:/home/chase/project4/src/install/p4pkg/lib/python3.8/site-packages:${PYTHONPATH} /usr/bin/python3 setup.py egg_info --egg-base ../build/p4pkg build --build-base /home/chase/project4/src/build/p4pkg/build install --record /home/chase/project4/src/build/p4pkg/install.log --single-version-externally-managed
[22.680s] running egg_info
[22.683s] writing ../build/p4pkg/p4pkg.egg-info/PKG-INFO
[22.687s] writing dependency_links to ../build/p4pkg/p4pkg.egg-info/dependency_links.txt
[22.690s] writing entry points to ../build/p4pkg/p4pkg.egg-info/entry_points.txt
[22.693s] writing requirements to ../build/p4pkg/p4pkg.egg-info/requires.txt
[22.695s] writing top-level names to ../build/p4pkg/p4pkg.egg-info/top_level.txt
[22.939s] reading manifest file '../build/p4pkg/p4pkg.egg-info/SOURCES.txt'
[22.948s] writing manifest file '../build/p4pkg/p4pkg.egg-info/SOURCES.txt'
[22.950s] running build
[22.951s] running build_py
[22.955s] running install
[22.966s] running install_lib
[23.019s] running install_data
[23.024s] copying launch/launch.py -> /home/chase/project4/src/install/p4pkg/share/p4pkg
[23.025s] running install_egg_info
[23.049s] removing '/home/chase/project4/src/install/p4pkg/lib/python3.8/site-packages/p4pkg-0.0.0-py3.8.egg-info' (and everything under it)
[23.050s] Copying ../build/p4pkg/p4pkg.egg-info to /home/chase/project4/src/install/p4pkg/lib/python3.8/site-packages/p4pkg-0.0.0-py3.8.egg-info
[23.063s] running install_scripts
[23.360s] Installing simulator script to /home/chase/project4/src/install/p4pkg/lib/p4pkg
[23.376s] writing list of installed files to '/home/chase/project4/src/build/p4pkg/install.log'
[23.504s] Invoked command in '/home/chase/project4/src/p4pkg' returned '0': PYTHONPATH=/home/chase/project4/src/build/p4pkg/prefix_override:/home/chase/project4/src/install/p4pkg/lib/python3.8/site-packages:${PYTHONPATH} /usr/bin/python3 setup.py egg_info --egg-base ../build/p4pkg build --build-base /home/chase/project4/src/build/p4pkg/build install --record /home/chase/project4/src/build/p4pkg/install.log --single-version-externally-managed
