[0.090s] Invoking command in '/home/chase/project4/src/build/controller_manager_msgs': CMAKE_PREFIX_PATH=${CMAKE_PREFIX_PATH}:/home/chase/project4/src/install/p4pkg:/home/chase/ros2_humble/install/rqt_bag_plugins:/home/chase/ros2_humble/install/rqt_bag:/home/chase/ros2_humble/install/ros2bag:/home/chase/ros2_humble/install/tracetools_test:/home/chase/ros2_humble/install/tracetools_launch:/home/chase/ros2_humble/install/tf2_tools:/home/chase/ros2_humble/install/examples_tf2_py:/home/chase/ros2_humble/install/tf2_ros_py:/home/chase/ros2_humble/install/sros2:/home/chase/ros2_humble/install/rqt_topic:/home/chase/ros2_humble/install/rqt_srv:/home/chase/ros2_humble/install/rqt_shell:/home/chase/ros2_humble/install/rqt_service_caller:/home/chase/ros2_humble/install/rqt_reconfigure:/home/chase/ros2_humble/install/rqt_py_console:/home/chase/ros2_humble/install/rqt_publisher:/home/chase/ros2_humble/install/rqt_plot:/home/chase/ros2_humble/install/rqt_action:/home/chase/ros2_humble/install/rqt_msg:/home/chase/ros2_humble/install/rqt_console:/home/chase/ros2_humble/install/rqt:/home/chase/ros2_humble/install/rqt_graph:/home/chase/ros2_humble/install/rqt_gui_py:/home/chase/ros2_humble/install/rqt_gui:/home/chase/ros2_humble/install/ros2trace:/home/chase/ros2_humble/install/ros2topic:/home/chase/ros2_humble/install/ros2test:/home/chase/ros2_humble/install/ros2component:/home/chase/ros2_humble/install/ros2param:/home/chase/ros2_humble/install/ros2lifecycle:/home/chase/ros2_humble/install/ros2service:/home/chase/ros2_humble/install/ros2run:/home/chase/ros2_humble/install/ros2launch:/home/chase/ros2_humble/install/ros2pkg:/home/chase/ros2_humble/install/ros2node:/home/chase/ros2_humble/install/ros2multicast:/home/chase/ros2_humble/install/ros2interface:/home/chase/ros2_humble/install/ros2doctor:/home/chase/ros2_humble/install/ros2action:/home/chase/ros2_humble/install/ros2cli:/home/chase/ros2_humble/install/py_pubsub:/home/chase/ros2_humble/install/launch_testing_ros:/home/chase/ros2_humble/install/launch_ros:/home/chase/ros2_humble/install/examples_rclpy_pointcloud_publisher:/home/chase/ros2_humble/install/examples_rclpy_minimal_subscriber:/home/chase/ros2_humble/install/examples_rclpy_minimal_service:/home/chase/ros2_humble/install/examples_rclpy_minimal_publisher:/home/chase/ros2_humble/install/examples_rclpy_minimal_client:/home/chase/ros2_humble/install/examples_rclpy_minimal_action_server:/home/chase/ros2_humble/install/examples_rclpy_minimal_action_client:/home/chase/ros2_humble/install/examples_rclpy_guard_conditions:/home/chase/ros2_humble/install/examples_rclpy_executors:/home/chase/ros2_humble/install/ament_uncrustify:/home/chase/ros2_humble/install/tracetools_trace:/home/chase/ros2_humble/install/tracetools_read:/home/chase/ros2_humble/install/test_tracetools_launch:/home/chase/ros2_humble/install/test_launch_ros:/home/chase/ros2_humble/install/sensor_msgs_py:/home/chase/ros2_humble/install/rpyutils:/home/chase/ros2_humble/install/rosidl_runtime_py:/home/chase/ros2_humble/install/rosidl_cli:/home/chase/ros2_humble/install/launch_pytest:/home/chase/ros2_humble/install/launch_testing:/home/chase/ros2_humble/install/launch_yaml:/home/chase/ros2_humble/install/launch_xml:/home/chase/ros2_humble/install/launch:/home/chase/ros2_humble/install/osrf_pycommon:/home/chase/ros2_humble/install/launch_testing_examples:/home/chase/ros2_humble/install/domain_coordinator:/home/chase/ros2_humble/install/ament_xmllint:/home/chase/ros2_humble/install/ament_pyflakes:/home/chase/ros2_humble/install/ament_pycodestyle:/home/chase/ros2_humble/install/ament_pep257:/home/chase/ros2_humble/install/ament_pclint:/home/chase/ros2_humble/install/ament_package:/home/chase/ros2_humble/install/ament_mypy:/home/chase/ros2_humble/install/ament_lint_cmake:/home/chase/ros2_humble/install/ament_flake8:/home/chase/ros2_humble/install/ament_copyright:/home/chase/ros2_humble/install/ament_lint:/home/chase/ros2_humble/install/ament_index_python:/home/chase/ros2_humble/install/ament_cpplint:/home/chase/ros2_humble/install/ament_cppcheck:/home/chase/ros2_humble/install/ament_clang_tidy:/home/chase/ros2_humble/install/ament_clang_format /usr/bin/cmake --build /home/chase/project4/src/build/controller_manager_msgs -- -j1 -l1
[0.316s] [  0%] Built target controller_manager_msgs__cpp
[0.403s] [ 12%] Built target controller_manager_msgs__rosidl_generator_c
[0.487s] [ 24%] Built target controller_manager_msgs__rosidl_typesupport_c
[0.582s] [ 36%] Built target controller_manager_msgs__rosidl_typesupport_introspection_cpp
[0.677s] [ 48%] Built target controller_manager_msgs__rosidl_typesupport_cpp
[0.775s] [ 60%] Built target controller_manager_msgs__rosidl_typesupport_fastrtps_cpp
[0.863s] [ 72%] Built target controller_manager_msgs__rosidl_typesupport_introspection_c
[0.952s] [ 84%] Built target controller_manager_msgs__rosidl_typesupport_fastrtps_c
[1.030s] [ 84%] Built target controller_manager_msgs
[1.109s] [ 85%] Built target controller_manager_msgs__py
[1.209s] [ 96%] Built target controller_manager_msgs__rosidl_generator_py
[1.295s] [ 97%] Built target controller_manager_msgs__rosidl_typesupport_c__pyext
[1.385s] [ 98%] Built target controller_manager_msgs__rosidl_typesupport_fastrtps_c__pyext
[1.463s] [100%] Built target controller_manager_msgs__rosidl_typesupport_introspection_c__pyext
[1.606s] [100%] Built target ament_cmake_python_copy_controller_manager_msgs
[2.815s] running egg_info
[2.816s] writing controller_manager_msgs.egg-info/PKG-INFO
[2.818s] writing dependency_links to controller_manager_msgs.egg-info/dependency_links.txt
[2.820s] writing top-level names to controller_manager_msgs.egg-info/top_level.txt
[2.881s] reading manifest file 'controller_manager_msgs.egg-info/SOURCES.txt'
[2.882s] writing manifest file 'controller_manager_msgs.egg-info/SOURCES.txt'
[2.937s] [100%] Built target ament_cmake_python_build_controller_manager_msgs_egg
[2.977s] Invoked command in '/home/chase/project4/src/build/controller_manager_msgs' returned '0': CMAKE_PREFIX_PATH=${CMAKE_PREFIX_PATH}:/home/chase/project4/src/install/p4pkg:/home/chase/ros2_humble/install/rqt_bag_plugins:/home/chase/ros2_humble/install/rqt_bag:/home/chase/ros2_humble/install/ros2bag:/home/chase/ros2_humble/install/tracetools_test:/home/chase/ros2_humble/install/tracetools_launch:/home/chase/ros2_humble/install/tf2_tools:/home/chase/ros2_humble/install/examples_tf2_py:/home/chase/ros2_humble/install/tf2_ros_py:/home/chase/ros2_humble/install/sros2:/home/chase/ros2_humble/install/rqt_topic:/home/chase/ros2_humble/install/rqt_srv:/home/chase/ros2_humble/install/rqt_shell:/home/chase/ros2_humble/install/rqt_service_caller:/home/chase/ros2_humble/install/rqt_reconfigure:/home/chase/ros2_humble/install/rqt_py_console:/home/chase/ros2_humble/install/rqt_publisher:/home/chase/ros2_humble/install/rqt_plot:/home/chase/ros2_humble/install/rqt_action:/home/chase/ros2_humble/install/rqt_msg:/home/chase/ros2_humble/install/rqt_console:/home/chase/ros2_humble/install/rqt:/home/chase/ros2_humble/install/rqt_graph:/home/chase/ros2_humble/install/rqt_gui_py:/home/chase/ros2_humble/install/rqt_gui:/home/chase/ros2_humble/install/ros2trace:/home/chase/ros2_humble/install/ros2topic:/home/chase/ros2_humble/install/ros2test:/home/chase/ros2_humble/install/ros2component:/home/chase/ros2_humble/install/ros2param:/home/chase/ros2_humble/install/ros2lifecycle:/home/chase/ros2_humble/install/ros2service:/home/chase/ros2_humble/install/ros2run:/home/chase/ros2_humble/install/ros2launch:/home/chase/ros2_humble/install/ros2pkg:/home/chase/ros2_humble/install/ros2node:/home/chase/ros2_humble/install/ros2multicast:/home/chase/ros2_humble/install/ros2interface:/home/chase/ros2_humble/install/ros2doctor:/home/chase/ros2_humble/install/ros2action:/home/chase/ros2_humble/install/ros2cli:/home/chase/ros2_humble/install/py_pubsub:/home/chase/ros2_humble/install/launch_testing_ros:/home/chase/ros2_humble/install/launch_ros:/home/chase/ros2_humble/install/examples_rclpy_pointcloud_publisher:/home/chase/ros2_humble/install/examples_rclpy_minimal_subscriber:/home/chase/ros2_humble/install/examples_rclpy_minimal_service:/home/chase/ros2_humble/install/examples_rclpy_minimal_publisher:/home/chase/ros2_humble/install/examples_rclpy_minimal_client:/home/chase/ros2_humble/install/examples_rclpy_minimal_action_server:/home/chase/ros2_humble/install/examples_rclpy_minimal_action_client:/home/chase/ros2_humble/install/examples_rclpy_guard_conditions:/home/chase/ros2_humble/install/examples_rclpy_executors:/home/chase/ros2_humble/install/ament_uncrustify:/home/chase/ros2_humble/install/tracetools_trace:/home/chase/ros2_humble/install/tracetools_read:/home/chase/ros2_humble/install/test_tracetools_launch:/home/chase/ros2_humble/install/test_launch_ros:/home/chase/ros2_humble/install/sensor_msgs_py:/home/chase/ros2_humble/install/rpyutils:/home/chase/ros2_humble/install/rosidl_runtime_py:/home/chase/ros2_humble/install/rosidl_cli:/home/chase/ros2_humble/install/launch_pytest:/home/chase/ros2_humble/install/launch_testing:/home/chase/ros2_humble/install/launch_yaml:/home/chase/ros2_humble/install/launch_xml:/home/chase/ros2_humble/install/launch:/home/chase/ros2_humble/install/osrf_pycommon:/home/chase/ros2_humble/install/launch_testing_examples:/home/chase/ros2_humble/install/domain_coordinator:/home/chase/ros2_humble/install/ament_xmllint:/home/chase/ros2_humble/install/ament_pyflakes:/home/chase/ros2_humble/install/ament_pycodestyle:/home/chase/ros2_humble/install/ament_pep257:/home/chase/ros2_humble/install/ament_pclint:/home/chase/ros2_humble/install/ament_package:/home/chase/ros2_humble/install/ament_mypy:/home/chase/ros2_humble/install/ament_lint_cmake:/home/chase/ros2_humble/install/ament_flake8:/home/chase/ros2_humble/install/ament_copyright:/home/chase/ros2_humble/install/ament_lint:/home/chase/ros2_humble/install/ament_index_python:/home/chase/ros2_humble/install/ament_cpplint:/home/chase/ros2_humble/install/ament_cppcheck:/home/chase/ros2_humble/install/ament_clang_tidy:/home/chase/ros2_humble/install/ament_clang_format /usr/bin/cmake --build /home/chase/project4/src/build/controller_manager_msgs -- -j1 -l1
[4.778s] Invoking command in '/home/chase/project4/src/build/controller_manager_msgs': CMAKE_PREFIX_PATH=${CMAKE_PREFIX_PATH}:/home/chase/project4/src/install/p4pkg:/home/chase/ros2_humble/install/rqt_bag_plugins:/home/chase/ros2_humble/install/rqt_bag:/home/chase/ros2_humble/install/ros2bag:/home/chase/ros2_humble/install/tracetools_test:/home/chase/ros2_humble/install/tracetools_launch:/home/chase/ros2_humble/install/tf2_tools:/home/chase/ros2_humble/install/examples_tf2_py:/home/chase/ros2_humble/install/tf2_ros_py:/home/chase/ros2_humble/install/sros2:/home/chase/ros2_humble/install/rqt_topic:/home/chase/ros2_humble/install/rqt_srv:/home/chase/ros2_humble/install/rqt_shell:/home/chase/ros2_humble/install/rqt_service_caller:/home/chase/ros2_humble/install/rqt_reconfigure:/home/chase/ros2_humble/install/rqt_py_console:/home/chase/ros2_humble/install/rqt_publisher:/home/chase/ros2_humble/install/rqt_plot:/home/chase/ros2_humble/install/rqt_action:/home/chase/ros2_humble/install/rqt_msg:/home/chase/ros2_humble/install/rqt_console:/home/chase/ros2_humble/install/rqt:/home/chase/ros2_humble/install/rqt_graph:/home/chase/ros2_humble/install/rqt_gui_py:/home/chase/ros2_humble/install/rqt_gui:/home/chase/ros2_humble/install/ros2trace:/home/chase/ros2_humble/install/ros2topic:/home/chase/ros2_humble/install/ros2test:/home/chase/ros2_humble/install/ros2component:/home/chase/ros2_humble/install/ros2param:/home/chase/ros2_humble/install/ros2lifecycle:/home/chase/ros2_humble/install/ros2service:/home/chase/ros2_humble/install/ros2run:/home/chase/ros2_humble/install/ros2launch:/home/chase/ros2_humble/install/ros2pkg:/home/chase/ros2_humble/install/ros2node:/home/chase/ros2_humble/install/ros2multicast:/home/chase/ros2_humble/install/ros2interface:/home/chase/ros2_humble/install/ros2doctor:/home/chase/ros2_humble/install/ros2action:/home/chase/ros2_humble/install/ros2cli:/home/chase/ros2_humble/install/py_pubsub:/home/chase/ros2_humble/install/launch_testing_ros:/home/chase/ros2_humble/install/launch_ros:/home/chase/ros2_humble/install/examples_rclpy_pointcloud_publisher:/home/chase/ros2_humble/install/examples_rclpy_minimal_subscriber:/home/chase/ros2_humble/install/examples_rclpy_minimal_service:/home/chase/ros2_humble/install/examples_rclpy_minimal_publisher:/home/chase/ros2_humble/install/examples_rclpy_minimal_client:/home/chase/ros2_humble/install/examples_rclpy_minimal_action_server:/home/chase/ros2_humble/install/examples_rclpy_minimal_action_client:/home/chase/ros2_humble/install/examples_rclpy_guard_conditions:/home/chase/ros2_humble/install/examples_rclpy_executors:/home/chase/ros2_humble/install/ament_uncrustify:/home/chase/ros2_humble/install/tracetools_trace:/home/chase/ros2_humble/install/tracetools_read:/home/chase/ros2_humble/install/test_tracetools_launch:/home/chase/ros2_humble/install/test_launch_ros:/home/chase/ros2_humble/install/sensor_msgs_py:/home/chase/ros2_humble/install/rpyutils:/home/chase/ros2_humble/install/rosidl_runtime_py:/home/chase/ros2_humble/install/rosidl_cli:/home/chase/ros2_humble/install/launch_pytest:/home/chase/ros2_humble/install/launch_testing:/home/chase/ros2_humble/install/launch_yaml:/home/chase/ros2_humble/install/launch_xml:/home/chase/ros2_humble/install/launch:/home/chase/ros2_humble/install/osrf_pycommon:/home/chase/ros2_humble/install/launch_testing_examples:/home/chase/ros2_humble/install/domain_coordinator:/home/chase/ros2_humble/install/ament_xmllint:/home/chase/ros2_humble/install/ament_pyflakes:/home/chase/ros2_humble/install/ament_pycodestyle:/home/chase/ros2_humble/install/ament_pep257:/home/chase/ros2_humble/install/ament_pclint:/home/chase/ros2_humble/install/ament_package:/home/chase/ros2_humble/install/ament_mypy:/home/chase/ros2_humble/install/ament_lint_cmake:/home/chase/ros2_humble/install/ament_flake8:/home/chase/ros2_humble/install/ament_copyright:/home/chase/ros2_humble/install/ament_lint:/home/chase/ros2_humble/install/ament_index_python:/home/chase/ros2_humble/install/ament_cpplint:/home/chase/ros2_humble/install/ament_cppcheck:/home/chase/ros2_humble/install/ament_clang_tidy:/home/chase/ros2_humble/install/ament_clang_format /usr/bin/cmake --install /home/chase/project4/src/build/controller_manager_msgs
[4.808s] -- Install configuration: ""
[4.808s] -- Up-to-date: /home/chase/project4/src/install/controller_manager_msgs/share/ament_index/resource_index/rosidl_interfaces/controller_manager_msgs
[4.809s] -- Up-to-date: /home/chase/project4/src/install/controller_manager_msgs/include/controller_manager_msgs/controller_manager_msgs
[4.809s] -- Up-to-date: /home/chase/project4/src/install/controller_manager_msgs/include/controller_manager_msgs/controller_manager_msgs/srv
[4.809s] -- Up-to-date: /home/chase/project4/src/install/controller_manager_msgs/include/controller_manager_msgs/controller_manager_msgs/srv/detail
[4.809s] -- Up-to-date: /home/chase/project4/src/install/controller_manager_msgs/include/controller_manager_msgs/controller_manager_msgs/srv/detail/unload_controller__struct.h
[4.810s] -- Up-to-date: /home/chase/project4/src/install/controller_manager_msgs/include/controller_manager_msgs/controller_manager_msgs/srv/detail/list_hardware_interfaces__functions.h
[4.810s] -- Up-to-date: /home/chase/project4/src/install/controller_manager_msgs/include/controller_manager_msgs/controller_manager_msgs/srv/detail/list_hardware_components__functions.h
[4.810s] -- Up-to-date: /home/chase/project4/src/install/controller_manager_msgs/include/controller_manager_msgs/controller_manager_msgs/srv/detail/list_controller_types__functions.h
[4.810s] -- Up-to-date: /home/chase/project4/src/install/controller_manager_msgs/include/controller_manager_msgs/controller_manager_msgs/srv/detail/list_hardware_interfaces__struct.h
[4.810s] -- Up-to-date: /home/chase/project4/src/install/controller_manager_msgs/include/controller_manager_msgs/controller_manager_msgs/srv/detail/reload_controller_libraries__type_support.h
[4.810s] -- Up-to-date: /home/chase/project4/src/install/controller_manager_msgs/include/controller_manager_msgs/controller_manager_msgs/srv/detail/load_controller__functions.h
[4.811s] -- Up-to-date: /home/chase/project4/src/install/controller_manager_msgs/include/controller_manager_msgs/controller_manager_msgs/srv/detail/switch_controller__functions.c
[4.811s] -- Up-to-date: /home/chase/project4/src/install/controller_manager_msgs/include/controller_manager_msgs/controller_manager_msgs/srv/detail/reload_controller_libraries__functions.c
[4.811s] -- Up-to-date: /home/chase/project4/src/install/controller_manager_msgs/include/controller_manager_msgs/controller_manager_msgs/srv/detail/configure_controller__functions.c
[4.811s] -- Up-to-date: /home/chase/project4/src/install/controller_manager_msgs/include/controller_manager_msgs/controller_manager_msgs/srv/detail/list_hardware_components__functions.c
[4.812s] -- Up-to-date: /home/chase/project4/src/install/controller_manager_msgs/include/controller_manager_msgs/controller_manager_msgs/srv/detail/set_hardware_component_state__functions.h
[4.812s] -- Up-to-date: /home/chase/project4/src/install/controller_manager_msgs/include/controller_manager_msgs/controller_manager_msgs/srv/detail/configure_controller__functions.h
[4.812s] -- Up-to-date: /home/chase/project4/src/install/controller_manager_msgs/include/controller_manager_msgs/controller_manager_msgs/srv/detail/set_hardware_component_state__type_support.h
[4.812s] -- Up-to-date: /home/chase/project4/src/install/controller_manager_msgs/include/controller_manager_msgs/controller_manager_msgs/srv/detail/load_controller__struct.h
[4.812s] -- Up-to-date: /home/chase/project4/src/install/controller_manager_msgs/include/controller_manager_msgs/controller_manager_msgs/srv/detail/configure_controller__type_support.h
[4.812s] -- Up-to-date: /home/chase/project4/src/install/controller_manager_msgs/include/controller_manager_msgs/controller_manager_msgs/srv/detail/set_hardware_component_state__struct.h
[4.813s] -- Up-to-date: /home/chase/project4/src/install/controller_manager_msgs/include/controller_manager_msgs/controller_manager_msgs/srv/detail/configure_controller__struct.h
[4.813s] -- Up-to-date: /home/chase/project4/src/install/controller_manager_msgs/include/controller_manager_msgs/controller_manager_msgs/srv/detail/list_hardware_components__type_support.h
[4.813s] -- Up-to-date: /home/chase/project4/src/install/controller_manager_msgs/include/controller_manager_msgs/controller_manager_msgs/srv/detail/list_hardware_interfaces__functions.c
[4.813s] -- Up-to-date: /home/chase/project4/src/install/controller_manager_msgs/include/controller_manager_msgs/controller_manager_msgs/srv/detail/list_controller_types__functions.c
[4.813s] -- Up-to-date: /home/chase/project4/src/install/controller_manager_msgs/include/controller_manager_msgs/controller_manager_msgs/srv/detail/list_controllers__functions.h
[4.813s] -- Up-to-date: /home/chase/project4/src/install/controller_manager_msgs/include/controller_manager_msgs/controller_manager_msgs/srv/detail/reload_controller_libraries__functions.h
[4.814s] -- Up-to-date: /home/chase/project4/src/install/controller_manager_msgs/include/controller_manager_msgs/controller_manager_msgs/srv/detail/list_controller_types__type_support.h
[4.814s] -- Up-to-date: /home/chase/project4/src/install/controller_manager_msgs/include/controller_manager_msgs/controller_manager_msgs/srv/detail/load_controller__type_support.h
[4.814s] -- Up-to-date: /home/chase/project4/src/install/controller_manager_msgs/include/controller_manager_msgs/controller_manager_msgs/srv/detail/list_hardware_interfaces__type_support.h
[4.814s] -- Up-to-date: /home/chase/project4/src/install/controller_manager_msgs/include/controller_manager_msgs/controller_manager_msgs/srv/detail/reload_controller_libraries__struct.h
[4.814s] -- Up-to-date: /home/chase/project4/src/install/controller_manager_msgs/include/controller_manager_msgs/controller_manager_msgs/srv/detail/list_controllers__struct.h
[4.814s] -- Up-to-date: /home/chase/project4/src/install/controller_manager_msgs/include/controller_manager_msgs/controller_manager_msgs/srv/detail/list_hardware_components__struct.h
[4.814s] -- Up-to-date: /home/chase/project4/src/install/controller_manager_msgs/include/controller_manager_msgs/controller_manager_msgs/srv/detail/set_hardware_component_state__functions.c
[4.815s] -- Up-to-date: /home/chase/project4/src/install/controller_manager_msgs/include/controller_manager_msgs/controller_manager_msgs/srv/detail/unload_controller__type_support.h
[4.815s] -- Up-to-date: /home/chase/project4/src/install/controller_manager_msgs/include/controller_manager_msgs/controller_manager_msgs/srv/detail/switch_controller__type_support.h
[4.815s] -- Up-to-date: /home/chase/project4/src/install/controller_manager_msgs/include/controller_manager_msgs/controller_manager_msgs/srv/detail/unload_controller__functions.h
[4.815s] -- Up-to-date: /home/chase/project4/src/install/controller_manager_msgs/include/controller_manager_msgs/controller_manager_msgs/srv/detail/switch_controller__struct.h
[4.815s] -- Up-to-date: /home/chase/project4/src/install/controller_manager_msgs/include/controller_manager_msgs/controller_manager_msgs/srv/detail/list_controllers__type_support.h
[4.815s] -- Up-to-date: /home/chase/project4/src/install/controller_manager_msgs/include/controller_manager_msgs/controller_manager_msgs/srv/detail/list_controllers__functions.c
[4.816s] -- Up-to-date: /home/chase/project4/src/install/controller_manager_msgs/include/controller_manager_msgs/controller_manager_msgs/srv/detail/list_controller_types__struct.h
[4.816s] -- Up-to-date: /home/chase/project4/src/install/controller_manager_msgs/include/controller_manager_msgs/controller_manager_msgs/srv/detail/switch_controller__functions.h
[4.816s] -- Up-to-date: /home/chase/project4/src/install/controller_manager_msgs/include/controller_manager_msgs/controller_manager_msgs/srv/detail/unload_controller__functions.c
[4.816s] -- Up-to-date: /home/chase/project4/src/install/controller_manager_msgs/include/controller_manager_msgs/controller_manager_msgs/srv/detail/load_controller__functions.c
[4.816s] -- Up-to-date: /home/chase/project4/src/install/controller_manager_msgs/include/controller_manager_msgs/controller_manager_msgs/srv/unload_controller.h
[4.816s] -- Up-to-date: /home/chase/project4/src/install/controller_manager_msgs/include/controller_manager_msgs/controller_manager_msgs/srv/switch_controller.h
[4.816s] -- Up-to-date: /home/chase/project4/src/install/controller_manager_msgs/include/controller_manager_msgs/controller_manager_msgs/srv/list_controller_types.h
[4.817s] -- Up-to-date: /home/chase/project4/src/install/controller_manager_msgs/include/controller_manager_msgs/controller_manager_msgs/srv/set_hardware_component_state.h
[4.817s] -- Up-to-date: /home/chase/project4/src/install/controller_manager_msgs/include/controller_manager_msgs/controller_manager_msgs/srv/list_controllers.h
[4.817s] -- Up-to-date: /home/chase/project4/src/install/controller_manager_msgs/include/controller_manager_msgs/controller_manager_msgs/srv/list_hardware_components.h
[4.817s] -- Up-to-date: /home/chase/project4/src/install/controller_manager_msgs/include/controller_manager_msgs/controller_manager_msgs/srv/list_hardware_interfaces.h
[4.817s] -- Up-to-date: /home/chase/project4/src/install/controller_manager_msgs/include/controller_manager_msgs/controller_manager_msgs/srv/reload_controller_libraries.h
[4.818s] -- Up-to-date: /home/chase/project4/src/install/controller_manager_msgs/include/controller_manager_msgs/controller_manager_msgs/srv/configure_controller.h
[4.818s] -- Up-to-date: /home/chase/project4/src/install/controller_manager_msgs/include/controller_manager_msgs/controller_manager_msgs/srv/load_controller.h
[4.818s] -- Up-to-date: /home/chase/project4/src/install/controller_manager_msgs/include/controller_manager_msgs/controller_manager_msgs/msg
[4.818s] -- Up-to-date: /home/chase/project4/src/install/controller_manager_msgs/include/controller_manager_msgs/controller_manager_msgs/msg/hardware_component_state.h
[4.818s] -- Up-to-date: /home/chase/project4/src/install/controller_manager_msgs/include/controller_manager_msgs/controller_manager_msgs/msg/detail
[4.819s] -- Up-to-date: /home/chase/project4/src/install/controller_manager_msgs/include/controller_manager_msgs/controller_manager_msgs/msg/detail/chain_connection__type_support.h
[4.819s] -- Up-to-date: /home/chase/project4/src/install/controller_manager_msgs/include/controller_manager_msgs/controller_manager_msgs/msg/detail/hardware_component_state__type_support.h
[4.819s] -- Up-to-date: /home/chase/project4/src/install/controller_manager_msgs/include/controller_manager_msgs/controller_manager_msgs/msg/detail/controller_state__functions.h
[4.819s] -- Up-to-date: /home/chase/project4/src/install/controller_manager_msgs/include/controller_manager_msgs/controller_manager_msgs/msg/detail/hardware_interface__functions.h
[4.819s] -- Up-to-date: /home/chase/project4/src/install/controller_manager_msgs/include/controller_manager_msgs/controller_manager_msgs/msg/detail/hardware_component_state__functions.c
[4.819s] -- Up-to-date: /home/chase/project4/src/install/controller_manager_msgs/include/controller_manager_msgs/controller_manager_msgs/msg/detail/controller_state__functions.c
[4.820s] -- Up-to-date: /home/chase/project4/src/install/controller_manager_msgs/include/controller_manager_msgs/controller_manager_msgs/msg/detail/chain_connection__functions.c
[4.820s] -- Up-to-date: /home/chase/project4/src/install/controller_manager_msgs/include/controller_manager_msgs/controller_manager_msgs/msg/detail/controller_state__struct.h
[4.820s] -- Up-to-date: /home/chase/project4/src/install/controller_manager_msgs/include/controller_manager_msgs/controller_manager_msgs/msg/detail/chain_connection__functions.h
[4.820s] -- Up-to-date: /home/chase/project4/src/install/controller_manager_msgs/include/controller_manager_msgs/controller_manager_msgs/msg/detail/hardware_interface__functions.c
[4.820s] -- Up-to-date: /home/chase/project4/src/install/controller_manager_msgs/include/controller_manager_msgs/controller_manager_msgs/msg/detail/hardware_interface__struct.h
[4.821s] -- Up-to-date: /home/chase/project4/src/install/controller_manager_msgs/include/controller_manager_msgs/controller_manager_msgs/msg/detail/controller_state__type_support.h
[4.821s] -- Up-to-date: /home/chase/project4/src/install/controller_manager_msgs/include/controller_manager_msgs/controller_manager_msgs/msg/detail/hardware_interface__type_support.h
[4.821s] -- Up-to-date: /home/chase/project4/src/install/controller_manager_msgs/include/controller_manager_msgs/controller_manager_msgs/msg/detail/hardware_component_state__functions.h
[4.821s] -- Up-to-date: /home/chase/project4/src/install/controller_manager_msgs/include/controller_manager_msgs/controller_manager_msgs/msg/detail/hardware_component_state__struct.h
[4.821s] -- Up-to-date: /home/chase/project4/src/install/controller_manager_msgs/include/controller_manager_msgs/controller_manager_msgs/msg/detail/chain_connection__struct.h
[4.821s] -- Up-to-date: /home/chase/project4/src/install/controller_manager_msgs/include/controller_manager_msgs/controller_manager_msgs/msg/controller_state.h
[4.821s] -- Up-to-date: /home/chase/project4/src/install/controller_manager_msgs/include/controller_manager_msgs/controller_manager_msgs/msg/chain_connection.h
[4.821s] -- Up-to-date: /home/chase/project4/src/install/controller_manager_msgs/include/controller_manager_msgs/controller_manager_msgs/msg/hardware_interface.h
[4.821s] -- Up-to-date: /home/chase/project4/src/install/controller_manager_msgs/include/controller_manager_msgs/controller_manager_msgs/msg/rosidl_generator_c__visibility_control.h
[4.821s] -- Up-to-date: /home/chase/project4/src/install/controller_manager_msgs/share/controller_manager_msgs/environment/library_path.sh
[4.825s] -- Up-to-date: /home/chase/project4/src/install/controller_manager_msgs/share/controller_manager_msgs/environment/library_path.dsv
[4.825s] -- Up-to-date: /home/chase/project4/src/install/controller_manager_msgs/lib/libcontroller_manager_msgs__rosidl_generator_c.so
[4.825s] -- Up-to-date: /home/chase/project4/src/install/controller_manager_msgs/include/controller_manager_msgs/controller_manager_msgs
[4.825s] -- Up-to-date: /home/chase/project4/src/install/controller_manager_msgs/include/controller_manager_msgs/controller_manager_msgs/srv
[4.825s] -- Up-to-date: /home/chase/project4/src/install/controller_manager_msgs/include/controller_manager_msgs/controller_manager_msgs/srv/detail
[4.825s] -- Up-to-date: /home/chase/project4/src/install/controller_manager_msgs/include/controller_manager_msgs/controller_manager_msgs/srv/detail/list_hardware_interfaces__rosidl_typesupport_fastrtps_c.h
[4.826s] -- Up-to-date: /home/chase/project4/src/install/controller_manager_msgs/include/controller_manager_msgs/controller_manager_msgs/srv/detail/list_controller_types__rosidl_typesupport_fastrtps_c.h
[4.826s] -- Up-to-date: /home/chase/project4/src/install/controller_manager_msgs/include/controller_manager_msgs/controller_manager_msgs/srv/detail/reload_controller_libraries__rosidl_typesupport_fastrtps_c.h
[4.826s] -- Up-to-date: /home/chase/project4/src/install/controller_manager_msgs/include/controller_manager_msgs/controller_manager_msgs/srv/detail/load_controller__rosidl_typesupport_fastrtps_c.h
[4.826s] -- Up-to-date: /home/chase/project4/src/install/controller_manager_msgs/include/controller_manager_msgs/controller_manager_msgs/srv/detail/configure_controller__rosidl_typesupport_fastrtps_c.h
[4.826s] -- Up-to-date: /home/chase/project4/src/install/controller_manager_msgs/include/controller_manager_msgs/controller_manager_msgs/srv/detail/unload_controller__rosidl_typesupport_fastrtps_c.h
[4.826s] -- Up-to-date: /home/chase/project4/src/install/controller_manager_msgs/include/controller_manager_msgs/controller_manager_msgs/srv/detail/list_controllers__rosidl_typesupport_fastrtps_c.h
[4.827s] -- Up-to-date: /home/chase/project4/src/install/controller_manager_msgs/include/controller_manager_msgs/controller_manager_msgs/srv/detail/switch_controller__rosidl_typesupport_fastrtps_c.h
[4.827s] -- Up-to-date: /home/chase/project4/src/install/controller_manager_msgs/include/controller_manager_msgs/controller_manager_msgs/srv/detail/list_hardware_components__rosidl_typesupport_fastrtps_c.h
[4.827s] -- Up-to-date: /home/chase/project4/src/install/controller_manager_msgs/include/controller_manager_msgs/controller_manager_msgs/srv/detail/set_hardware_component_state__rosidl_typesupport_fastrtps_c.h
[4.827s] -- Up-to-date: /home/chase/project4/src/install/controller_manager_msgs/include/controller_manager_msgs/controller_manager_msgs/msg
[4.827s] -- Up-to-date: /home/chase/project4/src/install/controller_manager_msgs/include/controller_manager_msgs/controller_manager_msgs/msg/detail
[4.827s] -- Up-to-date: /home/chase/project4/src/install/controller_manager_msgs/include/controller_manager_msgs/controller_manager_msgs/msg/detail/chain_connection__rosidl_typesupport_fastrtps_c.h
[4.827s] -- Up-to-date: /home/chase/project4/src/install/controller_manager_msgs/include/controller_manager_msgs/controller_manager_msgs/msg/detail/controller_state__rosidl_typesupport_fastrtps_c.h
[4.827s] -- Up-to-date: /home/chase/project4/src/install/controller_manager_msgs/include/controller_manager_msgs/controller_manager_msgs/msg/detail/hardware_component_state__rosidl_typesupport_fastrtps_c.h
[4.828s] -- Up-to-date: /home/chase/project4/src/install/controller_manager_msgs/include/controller_manager_msgs/controller_manager_msgs/msg/detail/hardware_interface__rosidl_typesupport_fastrtps_c.h
[4.828s] -- Up-to-date: /home/chase/project4/src/install/controller_manager_msgs/include/controller_manager_msgs/controller_manager_msgs/msg/rosidl_typesupport_fastrtps_c__visibility_control.h
[4.828s] -- Up-to-date: /home/chase/project4/src/install/controller_manager_msgs/lib/libcontroller_manager_msgs__rosidl_typesupport_fastrtps_c.so
[4.828s] -- Up-to-date: /home/chase/project4/src/install/controller_manager_msgs/include/controller_manager_msgs/controller_manager_msgs
[4.829s] -- Up-to-date: /home/chase/project4/src/install/controller_manager_msgs/include/controller_manager_msgs/controller_manager_msgs/srv
[4.829s] -- Up-to-date: /home/chase/project4/src/install/controller_manager_msgs/include/controller_manager_msgs/controller_manager_msgs/srv/detail
[4.829s] -- Up-to-date: /home/chase/project4/src/install/controller_manager_msgs/include/controller_manager_msgs/controller_manager_msgs/srv/detail/set_hardware_component_state__builder.hpp
[4.829s] -- Up-to-date: /home/chase/project4/src/install/controller_manager_msgs/include/controller_manager_msgs/controller_manager_msgs/srv/detail/set_hardware_component_state__traits.hpp
[4.829s] -- Up-to-date: /home/chase/project4/src/install/controller_manager_msgs/include/controller_manager_msgs/controller_manager_msgs/srv/detail/load_controller__builder.hpp
[4.830s] -- Up-to-date: /home/chase/project4/src/install/controller_manager_msgs/include/controller_manager_msgs/controller_manager_msgs/srv/detail/list_hardware_components__builder.hpp
[4.830s] -- Up-to-date: /home/chase/project4/src/install/controller_manager_msgs/include/controller_manager_msgs/controller_manager_msgs/srv/detail/configure_controller__traits.hpp
[4.830s] -- Up-to-date: /home/chase/project4/src/install/controller_manager_msgs/include/controller_manager_msgs/controller_manager_msgs/srv/detail/load_controller__struct.hpp
[4.830s] -- Up-to-date: /home/chase/project4/src/install/controller_manager_msgs/include/controller_manager_msgs/controller_manager_msgs/srv/detail/list_controller_types__builder.hpp
[4.830s] -- Up-to-date: /home/chase/project4/src/install/controller_manager_msgs/include/controller_manager_msgs/controller_manager_msgs/srv/detail/reload_controller_libraries__traits.hpp
[4.830s] -- Up-to-date: /home/chase/project4/src/install/controller_manager_msgs/include/controller_manager_msgs/controller_manager_msgs/srv/detail/list_hardware_components__traits.hpp
[4.831s] -- Up-to-date: /home/chase/project4/src/install/controller_manager_msgs/include/controller_manager_msgs/controller_manager_msgs/srv/detail/list_hardware_interfaces__builder.hpp
[4.831s] -- Up-to-date: /home/chase/project4/src/install/controller_manager_msgs/include/controller_manager_msgs/controller_manager_msgs/srv/detail/configure_controller__struct.hpp
[4.831s] -- Up-to-date: /home/chase/project4/src/install/controller_manager_msgs/include/controller_manager_msgs/controller_manager_msgs/srv/detail/list_hardware_components__struct.hpp
[4.831s] -- Up-to-date: /home/chase/project4/src/install/controller_manager_msgs/include/controller_manager_msgs/controller_manager_msgs/srv/detail/list_controllers__struct.hpp
[4.831s] -- Up-to-date: /home/chase/project4/src/install/controller_manager_msgs/include/controller_manager_msgs/controller_manager_msgs/srv/detail/set_hardware_component_state__struct.hpp
[4.831s] -- Up-to-date: /home/chase/project4/src/install/controller_manager_msgs/include/controller_manager_msgs/controller_manager_msgs/srv/detail/load_controller__traits.hpp
[4.836s] -- Up-to-date: /home/chase/project4/src/install/controller_manager_msgs/include/controller_manager_msgs/controller_manager_msgs/srv/detail/switch_controller__traits.hpp
[4.836s] -- Up-to-date: /home/chase/project4/src/install/controller_manager_msgs/include/controller_manager_msgs/controller_manager_msgs/srv/detail/list_controller_types__traits.hpp
[4.836s] -- Up-to-date: /home/chase/project4/src/install/controller_manager_msgs/include/controller_manager_msgs/controller_manager_msgs/srv/detail/configure_controller__builder.hpp
[4.836s] -- Up-to-date: /home/chase/project4/src/install/controller_manager_msgs/include/controller_manager_msgs/controller_manager_msgs/srv/detail/list_hardware_interfaces__traits.hpp
[4.836s] -- Up-to-date: /home/chase/project4/src/install/controller_manager_msgs/include/controller_manager_msgs/controller_manager_msgs/srv/detail/list_controllers__traits.hpp
[4.836s] -- Up-to-date: /home/chase/project4/src/install/controller_manager_msgs/include/controller_manager_msgs/controller_manager_msgs/srv/detail/unload_controller__builder.hpp
[4.836s] -- Up-to-date: /home/chase/project4/src/install/controller_manager_msgs/include/controller_manager_msgs/controller_manager_msgs/srv/detail/unload_controller__struct.hpp
[4.836s] -- Up-to-date: /home/chase/project4/src/install/controller_manager_msgs/include/controller_manager_msgs/controller_manager_msgs/srv/detail/reload_controller_libraries__builder.hpp
[4.836s] -- Up-to-date: /home/chase/project4/src/install/controller_manager_msgs/include/controller_manager_msgs/controller_manager_msgs/srv/detail/switch_controller__builder.hpp
[4.836s] -- Up-to-date: /home/chase/project4/src/install/controller_manager_msgs/include/controller_manager_msgs/controller_manager_msgs/srv/detail/list_controllers__builder.hpp
[4.836s] -- Up-to-date: /home/chase/project4/src/install/controller_manager_msgs/include/controller_manager_msgs/controller_manager_msgs/srv/detail/reload_controller_libraries__struct.hpp
[4.836s] -- Up-to-date: /home/chase/project4/src/install/controller_manager_msgs/include/controller_manager_msgs/controller_manager_msgs/srv/detail/list_hardware_interfaces__struct.hpp
[4.837s] -- Up-to-date: /home/chase/project4/src/install/controller_manager_msgs/include/controller_manager_msgs/controller_manager_msgs/srv/detail/switch_controller__struct.hpp
[4.837s] -- Up-to-date: /home/chase/project4/src/install/controller_manager_msgs/include/controller_manager_msgs/controller_manager_msgs/srv/detail/list_controller_types__struct.hpp
[4.837s] -- Up-to-date: /home/chase/project4/src/install/controller_manager_msgs/include/controller_manager_msgs/controller_manager_msgs/srv/detail/unload_controller__traits.hpp
[4.837s] -- Up-to-date: /home/chase/project4/src/install/controller_manager_msgs/include/controller_manager_msgs/controller_manager_msgs/srv/reload_controller_libraries.hpp
[4.837s] -- Up-to-date: /home/chase/project4/src/install/controller_manager_msgs/include/controller_manager_msgs/controller_manager_msgs/srv/switch_controller.hpp
[4.837s] -- Up-to-date: /home/chase/project4/src/install/controller_manager_msgs/include/controller_manager_msgs/controller_manager_msgs/srv/set_hardware_component_state.hpp
[4.837s] -- Up-to-date: /home/chase/project4/src/install/controller_manager_msgs/include/controller_manager_msgs/controller_manager_msgs/srv/configure_controller.hpp
[4.837s] -- Up-to-date: /home/chase/project4/src/install/controller_manager_msgs/include/controller_manager_msgs/controller_manager_msgs/srv/load_controller.hpp
[4.837s] -- Up-to-date: /home/chase/project4/src/install/controller_manager_msgs/include/controller_manager_msgs/controller_manager_msgs/srv/list_hardware_components.hpp
[4.837s] -- Up-to-date: /home/chase/project4/src/install/controller_manager_msgs/include/controller_manager_msgs/controller_manager_msgs/srv/list_controllers.hpp
[4.837s] -- Up-to-date: /home/chase/project4/src/install/controller_manager_msgs/include/controller_manager_msgs/controller_manager_msgs/srv/list_controller_types.hpp
[4.837s] -- Up-to-date: /home/chase/project4/src/install/controller_manager_msgs/include/controller_manager_msgs/controller_manager_msgs/srv/list_hardware_interfaces.hpp
[4.837s] -- Up-to-date: /home/chase/project4/src/install/controller_manager_msgs/include/controller_manager_msgs/controller_manager_msgs/srv/unload_controller.hpp
[4.837s] -- Up-to-date: /home/chase/project4/src/install/controller_manager_msgs/include/controller_manager_msgs/controller_manager_msgs/msg
[4.837s] -- Up-to-date: /home/chase/project4/src/install/controller_manager_msgs/include/controller_manager_msgs/controller_manager_msgs/msg/detail
[4.837s] -- Up-to-date: /home/chase/project4/src/install/controller_manager_msgs/include/controller_manager_msgs/controller_manager_msgs/msg/detail/controller_state__traits.hpp
[4.838s] -- Up-to-date: /home/chase/project4/src/install/controller_manager_msgs/include/controller_manager_msgs/controller_manager_msgs/msg/detail/hardware_component_state__builder.hpp
[4.838s] -- Up-to-date: /home/chase/project4/src/install/controller_manager_msgs/include/controller_manager_msgs/controller_manager_msgs/msg/detail/hardware_component_state__struct.hpp
[4.838s] -- Up-to-date: /home/chase/project4/src/install/controller_manager_msgs/include/controller_manager_msgs/controller_manager_msgs/msg/detail/hardware_interface__struct.hpp
[4.838s] -- Up-to-date: /home/chase/project4/src/install/controller_manager_msgs/include/controller_manager_msgs/controller_manager_msgs/msg/detail/hardware_interface__builder.hpp
[4.838s] -- Up-to-date: /home/chase/project4/src/install/controller_manager_msgs/include/controller_manager_msgs/controller_manager_msgs/msg/detail/chain_connection__traits.hpp
[4.838s] -- Up-to-date: /home/chase/project4/src/install/controller_manager_msgs/include/controller_manager_msgs/controller_manager_msgs/msg/detail/chain_connection__struct.hpp
[4.838s] -- Up-to-date: /home/chase/project4/src/install/controller_manager_msgs/include/controller_manager_msgs/controller_manager_msgs/msg/detail/controller_state__struct.hpp
[4.839s] -- Up-to-date: /home/chase/project4/src/install/controller_manager_msgs/include/controller_manager_msgs/controller_manager_msgs/msg/detail/chain_connection__builder.hpp
[4.839s] -- Up-to-date: /home/chase/project4/src/install/controller_manager_msgs/include/controller_manager_msgs/controller_manager_msgs/msg/detail/controller_state__builder.hpp
[4.839s] -- Up-to-date: /home/chase/project4/src/install/controller_manager_msgs/include/controller_manager_msgs/controller_manager_msgs/msg/detail/hardware_component_state__traits.hpp
[4.839s] -- Up-to-date: /home/chase/project4/src/install/controller_manager_msgs/include/controller_manager_msgs/controller_manager_msgs/msg/detail/hardware_interface__traits.hpp
[4.839s] -- Up-to-date: /home/chase/project4/src/install/controller_manager_msgs/include/controller_manager_msgs/controller_manager_msgs/msg/controller_state.hpp
[4.839s] -- Up-to-date: /home/chase/project4/src/install/controller_manager_msgs/include/controller_manager_msgs/controller_manager_msgs/msg/hardware_component_state.hpp
[4.840s] -- Up-to-date: /home/chase/project4/src/install/controller_manager_msgs/include/controller_manager_msgs/controller_manager_msgs/msg/chain_connection.hpp
[4.840s] -- Up-to-date: /home/chase/project4/src/install/controller_manager_msgs/include/controller_manager_msgs/controller_manager_msgs/msg/hardware_interface.hpp
[4.840s] -- Up-to-date: /home/chase/project4/src/install/controller_manager_msgs/include/controller_manager_msgs/controller_manager_msgs
[4.841s] -- Up-to-date: /home/chase/project4/src/install/controller_manager_msgs/include/controller_manager_msgs/controller_manager_msgs/srv
[4.841s] -- Up-to-date: /home/chase/project4/src/install/controller_manager_msgs/include/controller_manager_msgs/controller_manager_msgs/srv/detail
[4.841s] -- Up-to-date: /home/chase/project4/src/install/controller_manager_msgs/include/controller_manager_msgs/controller_manager_msgs/srv/detail/list_hardware_interfaces__rosidl_typesupport_fastrtps_cpp.hpp
[4.841s] -- Up-to-date: /home/chase/project4/src/install/controller_manager_msgs/include/controller_manager_msgs/controller_manager_msgs/srv/detail/configure_controller__rosidl_typesupport_fastrtps_cpp.hpp
[4.841s] -- Up-to-date: /home/chase/project4/src/install/controller_manager_msgs/include/controller_manager_msgs/controller_manager_msgs/srv/detail/unload_controller__rosidl_typesupport_fastrtps_cpp.hpp
[4.841s] -- Up-to-date: /home/chase/project4/src/install/controller_manager_msgs/include/controller_manager_msgs/controller_manager_msgs/srv/detail/set_hardware_component_state__rosidl_typesupport_fastrtps_cpp.hpp
[4.841s] -- Up-to-date: /home/chase/project4/src/install/controller_manager_msgs/include/controller_manager_msgs/controller_manager_msgs/srv/detail/list_controllers__rosidl_typesupport_fastrtps_cpp.hpp
[4.842s] -- Up-to-date: /home/chase/project4/src/install/controller_manager_msgs/include/controller_manager_msgs/controller_manager_msgs/srv/detail/switch_controller__rosidl_typesupport_fastrtps_cpp.hpp
[4.842s] -- Up-to-date: /home/chase/project4/src/install/controller_manager_msgs/include/controller_manager_msgs/controller_manager_msgs/srv/detail/dds_fastrtps
[4.842s] -- Up-to-date: /home/chase/project4/src/install/controller_manager_msgs/include/controller_manager_msgs/controller_manager_msgs/srv/detail/reload_controller_libraries__rosidl_typesupport_fastrtps_cpp.hpp
[4.842s] -- Up-to-date: /home/chase/project4/src/install/controller_manager_msgs/include/controller_manager_msgs/controller_manager_msgs/srv/detail/load_controller__rosidl_typesupport_fastrtps_cpp.hpp
[4.845s] -- Up-to-date: /home/chase/project4/src/install/controller_manager_msgs/include/controller_manager_msgs/controller_manager_msgs/srv/detail/list_controller_types__rosidl_typesupport_fastrtps_cpp.hpp
[4.845s] -- Up-to-date: /home/chase/project4/src/install/controller_manager_msgs/include/controller_manager_msgs/controller_manager_msgs/srv/detail/list_hardware_components__rosidl_typesupport_fastrtps_cpp.hpp
[4.845s] -- Up-to-date: /home/chase/project4/src/install/controller_manager_msgs/include/controller_manager_msgs/controller_manager_msgs/msg
[4.845s] -- Up-to-date: /home/chase/project4/src/install/controller_manager_msgs/include/controller_manager_msgs/controller_manager_msgs/msg/detail
[4.845s] -- Up-to-date: /home/chase/project4/src/install/controller_manager_msgs/include/controller_manager_msgs/controller_manager_msgs/msg/detail/dds_fastrtps
[4.845s] -- Up-to-date: /home/chase/project4/src/install/controller_manager_msgs/include/controller_manager_msgs/controller_manager_msgs/msg/detail/hardware_interface__rosidl_typesupport_fastrtps_cpp.hpp
[4.845s] -- Up-to-date: /home/chase/project4/src/install/controller_manager_msgs/include/controller_manager_msgs/controller_manager_msgs/msg/detail/chain_connection__rosidl_typesupport_fastrtps_cpp.hpp
[4.845s] -- Up-to-date: /home/chase/project4/src/install/controller_manager_msgs/include/controller_manager_msgs/controller_manager_msgs/msg/detail/hardware_component_state__rosidl_typesupport_fastrtps_cpp.hpp
[4.845s] -- Up-to-date: /home/chase/project4/src/install/controller_manager_msgs/include/controller_manager_msgs/controller_manager_msgs/msg/detail/controller_state__rosidl_typesupport_fastrtps_cpp.hpp
[4.845s] -- Up-to-date: /home/chase/project4/src/install/controller_manager_msgs/include/controller_manager_msgs/controller_manager_msgs/msg/rosidl_typesupport_fastrtps_cpp__visibility_control.h
[4.845s] -- Up-to-date: /home/chase/project4/src/install/controller_manager_msgs/lib/libcontroller_manager_msgs__rosidl_typesupport_fastrtps_cpp.so
[4.845s] -- Up-to-date: /home/chase/project4/src/install/controller_manager_msgs/include/controller_manager_msgs/controller_manager_msgs
[4.845s] -- Up-to-date: /home/chase/project4/src/install/controller_manager_msgs/include/controller_manager_msgs/controller_manager_msgs/srv
[4.846s] -- Up-to-date: /home/chase/project4/src/install/controller_manager_msgs/include/controller_manager_msgs/controller_manager_msgs/srv/detail
[4.846s] -- Up-to-date: /home/chase/project4/src/install/controller_manager_msgs/include/controller_manager_msgs/controller_manager_msgs/srv/detail/list_controllers__type_support.c
[4.846s] -- Up-to-date: /home/chase/project4/src/install/controller_manager_msgs/include/controller_manager_msgs/controller_manager_msgs/srv/detail/load_controller__rosidl_typesupport_introspection_c.h
[4.846s] -- Up-to-date: /home/chase/project4/src/install/controller_manager_msgs/include/controller_manager_msgs/controller_manager_msgs/srv/detail/list_controller_types__rosidl_typesupport_introspection_c.h
[4.846s] -- Up-to-date: /home/chase/project4/src/install/controller_manager_msgs/include/controller_manager_msgs/controller_manager_msgs/srv/detail/configure_controller__type_support.c
[4.846s] -- Up-to-date: /home/chase/project4/src/install/controller_manager_msgs/include/controller_manager_msgs/controller_manager_msgs/srv/detail/list_hardware_interfaces__type_support.c
[4.846s] -- Up-to-date: /home/chase/project4/src/install/controller_manager_msgs/include/controller_manager_msgs/controller_manager_msgs/srv/detail/unload_controller__rosidl_typesupport_introspection_c.h
[4.846s] -- Up-to-date: /home/chase/project4/src/install/controller_manager_msgs/include/controller_manager_msgs/controller_manager_msgs/srv/detail/set_hardware_component_state__rosidl_typesupport_introspection_c.h
[4.846s] -- Up-to-date: /home/chase/project4/src/install/controller_manager_msgs/include/controller_manager_msgs/controller_manager_msgs/srv/detail/list_hardware_components__type_support.c
[4.846s] -- Up-to-date: /home/chase/project4/src/install/controller_manager_msgs/include/controller_manager_msgs/controller_manager_msgs/srv/detail/unload_controller__type_support.c
[4.846s] -- Up-to-date: /home/chase/project4/src/install/controller_manager_msgs/include/controller_manager_msgs/controller_manager_msgs/srv/detail/configure_controller__rosidl_typesupport_introspection_c.h
[4.846s] -- Up-to-date: /home/chase/project4/src/install/controller_manager_msgs/include/controller_manager_msgs/controller_manager_msgs/srv/detail/list_hardware_components__rosidl_typesupport_introspection_c.h
[4.848s] -- Up-to-date: /home/chase/project4/src/install/controller_manager_msgs/include/controller_manager_msgs/controller_manager_msgs/srv/detail/list_controller_types__type_support.c
[4.848s] -- Up-to-date: /home/chase/project4/src/install/controller_manager_msgs/include/controller_manager_msgs/controller_manager_msgs/srv/detail/set_hardware_component_state__type_support.c
[4.848s] -- Up-to-date: /home/chase/project4/src/install/controller_manager_msgs/include/controller_manager_msgs/controller_manager_msgs/srv/detail/list_hardware_interfaces__rosidl_typesupport_introspection_c.h
[4.849s] -- Up-to-date: /home/chase/project4/src/install/controller_manager_msgs/include/controller_manager_msgs/controller_manager_msgs/srv/detail/list_controllers__rosidl_typesupport_introspection_c.h
[4.849s] -- Up-to-date: /home/chase/project4/src/install/controller_manager_msgs/include/controller_manager_msgs/controller_manager_msgs/srv/detail/switch_controller__rosidl_typesupport_introspection_c.h
[4.849s] -- Up-to-date: /home/chase/project4/src/install/controller_manager_msgs/include/controller_manager_msgs/controller_manager_msgs/srv/detail/load_controller__type_support.c
[4.849s] -- Up-to-date: /home/chase/project4/src/install/controller_manager_msgs/include/controller_manager_msgs/controller_manager_msgs/srv/detail/reload_controller_libraries__type_support.c
[4.849s] -- Up-to-date: /home/chase/project4/src/install/controller_manager_msgs/include/controller_manager_msgs/controller_manager_msgs/srv/detail/switch_controller__type_support.c
[4.849s] -- Up-to-date: /home/chase/project4/src/install/controller_manager_msgs/include/controller_manager_msgs/controller_manager_msgs/srv/detail/reload_controller_libraries__rosidl_typesupport_introspection_c.h
[4.849s] -- Up-to-date: /home/chase/project4/src/install/controller_manager_msgs/include/controller_manager_msgs/controller_manager_msgs/msg
[4.849s] -- Up-to-date: /home/chase/project4/src/install/controller_manager_msgs/include/controller_manager_msgs/controller_manager_msgs/msg/detail
[4.849s] -- Up-to-date: /home/chase/project4/src/install/controller_manager_msgs/include/controller_manager_msgs/controller_manager_msgs/msg/detail/controller_state__type_support.c
[4.849s] -- Up-to-date: /home/chase/project4/src/install/controller_manager_msgs/include/controller_manager_msgs/controller_manager_msgs/msg/detail/controller_state__rosidl_typesupport_introspection_c.h
[4.849s] -- Up-to-date: /home/chase/project4/src/install/controller_manager_msgs/include/controller_manager_msgs/controller_manager_msgs/msg/detail/hardware_component_state__rosidl_typesupport_introspection_c.h
[4.849s] -- Up-to-date: /home/chase/project4/src/install/controller_manager_msgs/include/controller_manager_msgs/controller_manager_msgs/msg/detail/hardware_interface__type_support.c
[4.849s] -- Up-to-date: /home/chase/project4/src/install/controller_manager_msgs/include/controller_manager_msgs/controller_manager_msgs/msg/detail/hardware_interface__rosidl_typesupport_introspection_c.h
[4.849s] -- Up-to-date: /home/chase/project4/src/install/controller_manager_msgs/include/controller_manager_msgs/controller_manager_msgs/msg/detail/chain_connection__rosidl_typesupport_introspection_c.h
[4.849s] -- Up-to-date: /home/chase/project4/src/install/controller_manager_msgs/include/controller_manager_msgs/controller_manager_msgs/msg/detail/chain_connection__type_support.c
[4.849s] -- Up-to-date: /home/chase/project4/src/install/controller_manager_msgs/include/controller_manager_msgs/controller_manager_msgs/msg/detail/hardware_component_state__type_support.c
[4.849s] -- Up-to-date: /home/chase/project4/src/install/controller_manager_msgs/include/controller_manager_msgs/controller_manager_msgs/msg/rosidl_typesupport_introspection_c__visibility_control.h
[4.850s] -- Up-to-date: /home/chase/project4/src/install/controller_manager_msgs/lib/libcontroller_manager_msgs__rosidl_typesupport_introspection_c.so
[4.850s] -- Up-to-date: /home/chase/project4/src/install/controller_manager_msgs/lib/libcontroller_manager_msgs__rosidl_typesupport_c.so
[4.850s] -- Up-to-date: /home/chase/project4/src/install/controller_manager_msgs/include/controller_manager_msgs/controller_manager_msgs
[4.850s] -- Up-to-date: /home/chase/project4/src/install/controller_manager_msgs/include/controller_manager_msgs/controller_manager_msgs/srv
[4.850s] -- Up-to-date: /home/chase/project4/src/install/controller_manager_msgs/include/controller_manager_msgs/controller_manager_msgs/srv/detail
[4.852s] -- Up-to-date: /home/chase/project4/src/install/controller_manager_msgs/include/controller_manager_msgs/controller_manager_msgs/srv/detail/switch_controller__rosidl_typesupport_introspection_cpp.hpp
[4.852s] -- Up-to-date: /home/chase/project4/src/install/controller_manager_msgs/include/controller_manager_msgs/controller_manager_msgs/srv/detail/unload_controller__rosidl_typesupport_introspection_cpp.hpp
[4.853s] -- Up-to-date: /home/chase/project4/src/install/controller_manager_msgs/include/controller_manager_msgs/controller_manager_msgs/srv/detail/configure_controller__rosidl_typesupport_introspection_cpp.hpp
[4.853s] -- Up-to-date: /home/chase/project4/src/install/controller_manager_msgs/include/controller_manager_msgs/controller_manager_msgs/srv/detail/reload_controller_libraries__rosidl_typesupport_introspection_cpp.hpp
[4.853s] -- Up-to-date: /home/chase/project4/src/install/controller_manager_msgs/include/controller_manager_msgs/controller_manager_msgs/srv/detail/load_controller__rosidl_typesupport_introspection_cpp.hpp
[4.853s] -- Up-to-date: /home/chase/project4/src/install/controller_manager_msgs/include/controller_manager_msgs/controller_manager_msgs/srv/detail/list_controller_types__type_support.cpp
[4.853s] -- Up-to-date: /home/chase/project4/src/install/controller_manager_msgs/include/controller_manager_msgs/controller_manager_msgs/srv/detail/reload_controller_libraries__type_support.cpp
[4.853s] -- Up-to-date: /home/chase/project4/src/install/controller_manager_msgs/include/controller_manager_msgs/controller_manager_msgs/srv/detail/list_hardware_interfaces__rosidl_typesupport_introspection_cpp.hpp
[4.853s] -- Up-to-date: /home/chase/project4/src/install/controller_manager_msgs/include/controller_manager_msgs/controller_manager_msgs/srv/detail/list_hardware_components__rosidl_typesupport_introspection_cpp.hpp
[4.853s] -- Up-to-date: /home/chase/project4/src/install/controller_manager_msgs/include/controller_manager_msgs/controller_manager_msgs/srv/detail/unload_controller__type_support.cpp
[4.853s] -- Up-to-date: /home/chase/project4/src/install/controller_manager_msgs/include/controller_manager_msgs/controller_manager_msgs/srv/detail/list_controller_types__rosidl_typesupport_introspection_cpp.hpp
[4.853s] -- Up-to-date: /home/chase/project4/src/install/controller_manager_msgs/include/controller_manager_msgs/controller_manager_msgs/srv/detail/switch_controller__type_support.cpp
[4.853s] -- Up-to-date: /home/chase/project4/src/install/controller_manager_msgs/include/controller_manager_msgs/controller_manager_msgs/srv/detail/list_hardware_interfaces__type_support.cpp
[4.856s] -- Up-to-date: /home/chase/project4/src/install/controller_manager_msgs/include/controller_manager_msgs/controller_manager_msgs/srv/detail/list_controllers__rosidl_typesupport_introspection_cpp.hpp
[4.856s] -- Up-to-date: /home/chase/project4/src/install/controller_manager_msgs/include/controller_manager_msgs/controller_manager_msgs/srv/detail/load_controller__type_support.cpp
[4.856s] -- Up-to-date: /home/chase/project4/src/install/controller_manager_msgs/include/controller_manager_msgs/controller_manager_msgs/srv/detail/configure_controller__type_support.cpp
[4.856s] -- Up-to-date: /home/chase/project4/src/install/controller_manager_msgs/include/controller_manager_msgs/controller_manager_msgs/srv/detail/set_hardware_component_state__type_support.cpp
[4.856s] -- Up-to-date: /home/chase/project4/src/install/controller_manager_msgs/include/controller_manager_msgs/controller_manager_msgs/srv/detail/set_hardware_component_state__rosidl_typesupport_introspection_cpp.hpp
[4.856s] -- Up-to-date: /home/chase/project4/src/install/controller_manager_msgs/include/controller_manager_msgs/controller_manager_msgs/srv/detail/list_controllers__type_support.cpp
[4.856s] -- Up-to-date: /home/chase/project4/src/install/controller_manager_msgs/include/controller_manager_msgs/controller_manager_msgs/srv/detail/list_hardware_components__type_support.cpp
[4.857s] -- Up-to-date: /home/chase/project4/src/install/controller_manager_msgs/include/controller_manager_msgs/controller_manager_msgs/msg
[4.857s] -- Up-to-date: /home/chase/project4/src/install/controller_manager_msgs/include/controller_manager_msgs/controller_manager_msgs/msg/detail
[4.857s] -- Up-to-date: /home/chase/project4/src/install/controller_manager_msgs/include/controller_manager_msgs/controller_manager_msgs/msg/detail/chain_connection__type_support.cpp
[4.857s] -- Up-to-date: /home/chase/project4/src/install/controller_manager_msgs/include/controller_manager_msgs/controller_manager_msgs/msg/detail/hardware_component_state__type_support.cpp
[4.857s] -- Up-to-date: /home/chase/project4/src/install/controller_manager_msgs/include/controller_manager_msgs/controller_manager_msgs/msg/detail/chain_connection__rosidl_typesupport_introspection_cpp.hpp
[4.857s] -- Up-to-date: /home/chase/project4/src/install/controller_manager_msgs/include/controller_manager_msgs/controller_manager_msgs/msg/detail/hardware_interface__type_support.cpp
[4.857s] -- Up-to-date: /home/chase/project4/src/install/controller_manager_msgs/include/controller_manager_msgs/controller_manager_msgs/msg/detail/hardware_interface__rosidl_typesupport_introspection_cpp.hpp
[4.857s] -- Up-to-date: /home/chase/project4/src/install/controller_manager_msgs/include/controller_manager_msgs/controller_manager_msgs/msg/detail/controller_state__type_support.cpp
[4.857s] -- Up-to-date: /home/chase/project4/src/install/controller_manager_msgs/include/controller_manager_msgs/controller_manager_msgs/msg/detail/controller_state__rosidl_typesupport_introspection_cpp.hpp
[4.857s] -- Up-to-date: /home/chase/project4/src/install/controller_manager_msgs/include/controller_manager_msgs/controller_manager_msgs/msg/detail/hardware_component_state__rosidl_typesupport_introspection_cpp.hpp
[4.857s] -- Up-to-date: /home/chase/project4/src/install/controller_manager_msgs/lib/libcontroller_manager_msgs__rosidl_typesupport_introspection_cpp.so
[4.857s] -- Up-to-date: /home/chase/project4/src/install/controller_manager_msgs/lib/libcontroller_manager_msgs__rosidl_typesupport_cpp.so
[4.858s] -- Up-to-date: /home/chase/project4/src/install/controller_manager_msgs/share/controller_manager_msgs/environment/pythonpath.sh
[4.858s] -- Up-to-date: /home/chase/project4/src/install/controller_manager_msgs/share/controller_manager_msgs/environment/pythonpath.dsv
[4.858s] -- Up-to-date: /home/chase/project4/src/install/controller_manager_msgs/lib/python3.8/site-packages/controller_manager_msgs-3.12.1-py3.8.egg-info
[4.858s] -- Installing: /home/chase/project4/src/install/controller_manager_msgs/lib/python3.8/site-packages/controller_manager_msgs-3.12.1-py3.8.egg-info/PKG-INFO
[4.858s] -- Installing: /home/chase/project4/src/install/controller_manager_msgs/lib/python3.8/site-packages/controller_manager_msgs-3.12.1-py3.8.egg-info/SOURCES.txt
[4.858s] -- Installing: /home/chase/project4/src/install/controller_manager_msgs/lib/python3.8/site-packages/controller_manager_msgs-3.12.1-py3.8.egg-info/dependency_links.txt
[4.858s] -- Installing: /home/chase/project4/src/install/controller_manager_msgs/lib/python3.8/site-packages/controller_manager_msgs-3.12.1-py3.8.egg-info/top_level.txt
[4.858s] -- Up-to-date: /home/chase/project4/src/install/controller_manager_msgs/lib/python3.8/site-packages/controller_manager_msgs
[4.858s] -- Up-to-date: /home/chase/project4/src/install/controller_manager_msgs/lib/python3.8/site-packages/controller_manager_msgs/_controller_manager_msgs_s.ep.rosidl_typesupport_c.c
[4.858s] -- Up-to-date: /home/chase/project4/src/install/controller_manager_msgs/lib/python3.8/site-packages/controller_manager_msgs/controller_manager_msgs_s__rosidl_typesupport_introspection_c.cpython-38-x86_64-linux-gnu.so
[4.858s] -- Up-to-date: /home/chase/project4/src/install/controller_manager_msgs/lib/python3.8/site-packages/controller_manager_msgs/controller_manager_msgs_s__rosidl_typesupport_fastrtps_c.cpython-38-x86_64-linux-gnu.so
[4.858s] -- Up-to-date: /home/chase/project4/src/install/controller_manager_msgs/lib/python3.8/site-packages/controller_manager_msgs/_controller_manager_msgs_s.ep.rosidl_typesupport_fastrtps_c.c
[4.858s] -- Up-to-date: /home/chase/project4/src/install/controller_manager_msgs/lib/python3.8/site-packages/controller_manager_msgs/libcontroller_manager_msgs__rosidl_generator_py.so
[4.858s] -- Up-to-date: /home/chase/project4/src/install/controller_manager_msgs/lib/python3.8/site-packages/controller_manager_msgs/_controller_manager_msgs_s.ep.rosidl_typesupport_introspection_c.c
[4.858s] -- Up-to-date: /home/chase/project4/src/install/controller_manager_msgs/lib/python3.8/site-packages/controller_manager_msgs/srv
[4.858s] -- Up-to-date: /home/chase/project4/src/install/controller_manager_msgs/lib/python3.8/site-packages/controller_manager_msgs/srv/_list_hardware_components.py
[4.858s] -- Up-to-date: /home/chase/project4/src/install/controller_manager_msgs/lib/python3.8/site-packages/controller_manager_msgs/srv/_unload_controller_s.c
[4.859s] -- Up-to-date: /home/chase/project4/src/install/controller_manager_msgs/lib/python3.8/site-packages/controller_manager_msgs/srv/_set_hardware_component_state.py
[4.859s] -- Up-to-date: /home/chase/project4/src/install/controller_manager_msgs/lib/python3.8/site-packages/controller_manager_msgs/srv/_unload_controller.py
[4.859s] -- Up-to-date: /home/chase/project4/src/install/controller_manager_msgs/lib/python3.8/site-packages/controller_manager_msgs/srv/_load_controller_s.c
[4.859s] -- Up-to-date: /home/chase/project4/src/install/controller_manager_msgs/lib/python3.8/site-packages/controller_manager_msgs/srv/_set_hardware_component_state_s.c
[4.859s] -- Up-to-date: /home/chase/project4/src/install/controller_manager_msgs/lib/python3.8/site-packages/controller_manager_msgs/srv/_switch_controller.py
[4.859s] -- Up-to-date: /home/chase/project4/src/install/controller_manager_msgs/lib/python3.8/site-packages/controller_manager_msgs/srv/_list_controllers_s.c
[4.859s] -- Up-to-date: /home/chase/project4/src/install/controller_manager_msgs/lib/python3.8/site-packages/controller_manager_msgs/srv/_load_controller.py
[4.861s] -- Up-to-date: /home/chase/project4/src/install/controller_manager_msgs/lib/python3.8/site-packages/controller_manager_msgs/srv/_reload_controller_libraries.py
[4.861s] -- Up-to-date: /home/chase/project4/src/install/controller_manager_msgs/lib/python3.8/site-packages/controller_manager_msgs/srv/_list_hardware_components_s.c
[4.861s] -- Up-to-date: /home/chase/project4/src/install/controller_manager_msgs/lib/python3.8/site-packages/controller_manager_msgs/srv/_reload_controller_libraries_s.c
[4.861s] -- Up-to-date: /home/chase/project4/src/install/controller_manager_msgs/lib/python3.8/site-packages/controller_manager_msgs/srv/_list_controller_types_s.c
[4.861s] -- Up-to-date: /home/chase/project4/src/install/controller_manager_msgs/lib/python3.8/site-packages/controller_manager_msgs/srv/_list_hardware_interfaces.py
[4.861s] -- Up-to-date: /home/chase/project4/src/install/controller_manager_msgs/lib/python3.8/site-packages/controller_manager_msgs/srv/_list_hardware_interfaces_s.c
[4.861s] -- Up-to-date: /home/chase/project4/src/install/controller_manager_msgs/lib/python3.8/site-packages/controller_manager_msgs/srv/__init__.py
[4.861s] -- Up-to-date: /home/chase/project4/src/install/controller_manager_msgs/lib/python3.8/site-packages/controller_manager_msgs/srv/_switch_controller_s.c
[4.861s] -- Up-to-date: /home/chase/project4/src/install/controller_manager_msgs/lib/python3.8/site-packages/controller_manager_msgs/srv/_list_controller_types.py
[4.862s] -- Up-to-date: /home/chase/project4/src/install/controller_manager_msgs/lib/python3.8/site-packages/controller_manager_msgs/srv/_configure_controller.py
[4.862s] -- Up-to-date: /home/chase/project4/src/install/controller_manager_msgs/lib/python3.8/site-packages/controller_manager_msgs/srv/_configure_controller_s.c
[4.862s] -- Up-to-date: /home/chase/project4/src/install/controller_manager_msgs/lib/python3.8/site-packages/controller_manager_msgs/srv/_list_controllers.py
[4.862s] -- Up-to-date: /home/chase/project4/src/install/controller_manager_msgs/lib/python3.8/site-packages/controller_manager_msgs/controller_manager_msgs_s__rosidl_typesupport_c.cpython-38-x86_64-linux-gnu.so
[4.862s] -- Up-to-date: /home/chase/project4/src/install/controller_manager_msgs/lib/python3.8/site-packages/controller_manager_msgs/__init__.py
[4.862s] -- Up-to-date: /home/chase/project4/src/install/controller_manager_msgs/lib/python3.8/site-packages/controller_manager_msgs/msg
[4.862s] -- Up-to-date: /home/chase/project4/src/install/controller_manager_msgs/lib/python3.8/site-packages/controller_manager_msgs/msg/_hardware_interface_s.c
[4.862s] -- Up-to-date: /home/chase/project4/src/install/controller_manager_msgs/lib/python3.8/site-packages/controller_manager_msgs/msg/_controller_state.py
[4.862s] -- Up-to-date: /home/chase/project4/src/install/controller_manager_msgs/lib/python3.8/site-packages/controller_manager_msgs/msg/_hardware_interface.py
[4.862s] -- Up-to-date: /home/chase/project4/src/install/controller_manager_msgs/lib/python3.8/site-packages/controller_manager_msgs/msg/_chain_connection_s.c
[4.862s] -- Up-to-date: /home/chase/project4/src/install/controller_manager_msgs/lib/python3.8/site-packages/controller_manager_msgs/msg/_hardware_component_state_s.c
[4.862s] -- Up-to-date: /home/chase/project4/src/install/controller_manager_msgs/lib/python3.8/site-packages/controller_manager_msgs/msg/_chain_connection.py
[4.862s] -- Up-to-date: /home/chase/project4/src/install/controller_manager_msgs/lib/python3.8/site-packages/controller_manager_msgs/msg/_hardware_component_state.py
[4.862s] -- Up-to-date: /home/chase/project4/src/install/controller_manager_msgs/lib/python3.8/site-packages/controller_manager_msgs/msg/_controller_state_s.c
[4.862s] -- Up-to-date: /home/chase/project4/src/install/controller_manager_msgs/lib/python3.8/site-packages/controller_manager_msgs/msg/__init__.py
[5.528s] Listing '/home/chase/project4/src/install/controller_manager_msgs/lib/python3.8/site-packages/controller_manager_msgs'...
[5.528s] Listing '/home/chase/project4/src/install/controller_manager_msgs/lib/python3.8/site-packages/controller_manager_msgs/msg'...
[5.528s] Listing '/home/chase/project4/src/install/controller_manager_msgs/lib/python3.8/site-packages/controller_manager_msgs/srv'...
[5.534s] -- Up-to-date: /home/chase/project4/src/install/controller_manager_msgs/lib/python3.8/site-packages/controller_manager_msgs/controller_manager_msgs_s__rosidl_typesupport_introspection_c.cpython-38-x86_64-linux-gnu.so
[5.536s] -- Up-to-date: /home/chase/project4/src/install/controller_manager_msgs/lib/python3.8/site-packages/controller_manager_msgs/controller_manager_msgs_s__rosidl_typesupport_fastrtps_c.cpython-38-x86_64-linux-gnu.so
[5.536s] -- Up-to-date: /home/chase/project4/src/install/controller_manager_msgs/lib/python3.8/site-packages/controller_manager_msgs/controller_manager_msgs_s__rosidl_typesupport_c.cpython-38-x86_64-linux-gnu.so
[5.537s] -- Up-to-date: /home/chase/project4/src/install/controller_manager_msgs/lib/libcontroller_manager_msgs__rosidl_generator_py.so
[5.538s] -- Up-to-date: /home/chase/project4/src/install/controller_manager_msgs/share/controller_manager_msgs/msg/ControllerState.idl
[5.538s] -- Up-to-date: /home/chase/project4/src/install/controller_manager_msgs/share/controller_manager_msgs/msg/ChainConnection.idl
[5.538s] -- Up-to-date: /home/chase/project4/src/install/controller_manager_msgs/share/controller_manager_msgs/msg/HardwareComponentState.idl
[5.538s] -- Up-to-date: /home/chase/project4/src/install/controller_manager_msgs/share/controller_manager_msgs/msg/HardwareInterface.idl
[5.538s] -- Up-to-date: /home/chase/project4/src/install/controller_manager_msgs/share/controller_manager_msgs/srv/ConfigureController.idl
[5.539s] -- Up-to-date: /home/chase/project4/src/install/controller_manager_msgs/share/controller_manager_msgs/srv/ListControllers.idl
[5.539s] -- Up-to-date: /home/chase/project4/src/install/controller_manager_msgs/share/controller_manager_msgs/srv/ListControllerTypes.idl
[5.540s] -- Up-to-date: /home/chase/project4/src/install/controller_manager_msgs/share/controller_manager_msgs/srv/ListHardwareComponents.idl
[5.541s] -- Up-to-date: /home/chase/project4/src/install/controller_manager_msgs/share/controller_manager_msgs/srv/ListHardwareInterfaces.idl
[5.541s] -- Up-to-date: /home/chase/project4/src/install/controller_manager_msgs/share/controller_manager_msgs/srv/LoadController.idl
[5.541s] -- Up-to-date: /home/chase/project4/src/install/controller_manager_msgs/share/controller_manager_msgs/srv/ReloadControllerLibraries.idl
[5.541s] -- Up-to-date: /home/chase/project4/src/install/controller_manager_msgs/share/controller_manager_msgs/srv/SetHardwareComponentState.idl
[5.542s] -- Up-to-date: /home/chase/project4/src/install/controller_manager_msgs/share/controller_manager_msgs/srv/SwitchController.idl
[5.542s] -- Up-to-date: /home/chase/project4/src/install/controller_manager_msgs/share/controller_manager_msgs/srv/UnloadController.idl
[5.542s] -- Up-to-date: /home/chase/project4/src/install/controller_manager_msgs/share/controller_manager_msgs/msg/ControllerState.msg
[5.542s] -- Up-to-date: /home/chase/project4/src/install/controller_manager_msgs/share/controller_manager_msgs/msg/ChainConnection.msg
[5.543s] -- Up-to-date: /home/chase/project4/src/install/controller_manager_msgs/share/controller_manager_msgs/msg/HardwareComponentState.msg
[5.543s] -- Up-to-date: /home/chase/project4/src/install/controller_manager_msgs/share/controller_manager_msgs/msg/HardwareInterface.msg
[5.543s] -- Up-to-date: /home/chase/project4/src/install/controller_manager_msgs/share/controller_manager_msgs/srv/ConfigureController.srv
[5.543s] -- Up-to-date: /home/chase/project4/src/install/controller_manager_msgs/share/controller_manager_msgs/srv/ConfigureController_Request.msg
[5.544s] -- Up-to-date: /home/chase/project4/src/install/controller_manager_msgs/share/controller_manager_msgs/srv/ConfigureController_Response.msg
[5.544s] -- Up-to-date: /home/chase/project4/src/install/controller_manager_msgs/share/controller_manager_msgs/srv/ListControllers.srv
[5.544s] -- Up-to-date: /home/chase/project4/src/install/controller_manager_msgs/share/controller_manager_msgs/srv/ListControllers_Request.msg
[5.544s] -- Up-to-date: /home/chase/project4/src/install/controller_manager_msgs/share/controller_manager_msgs/srv/ListControllers_Response.msg
[5.545s] -- Up-to-date: /home/chase/project4/src/install/controller_manager_msgs/share/controller_manager_msgs/srv/ListControllerTypes.srv
[5.545s] -- Up-to-date: /home/chase/project4/src/install/controller_manager_msgs/share/controller_manager_msgs/srv/ListControllerTypes_Request.msg
[5.545s] -- Up-to-date: /home/chase/project4/src/install/controller_manager_msgs/share/controller_manager_msgs/srv/ListControllerTypes_Response.msg
[5.545s] -- Up-to-date: /home/chase/project4/src/install/controller_manager_msgs/share/controller_manager_msgs/srv/ListHardwareComponents.srv
[5.545s] -- Up-to-date: /home/chase/project4/src/install/controller_manager_msgs/share/controller_manager_msgs/srv/ListHardwareComponents_Request.msg
[5.546s] -- Up-to-date: /home/chase/project4/src/install/controller_manager_msgs/share/controller_manager_msgs/srv/ListHardwareComponents_Response.msg
[5.546s] -- Up-to-date: /home/chase/project4/src/install/controller_manager_msgs/share/controller_manager_msgs/srv/ListHardwareInterfaces.srv
[5.546s] -- Up-to-date: /home/chase/project4/src/install/controller_manager_msgs/share/controller_manager_msgs/srv/ListHardwareInterfaces_Request.msg
[5.546s] -- Up-to-date: /home/chase/project4/src/install/controller_manager_msgs/share/controller_manager_msgs/srv/ListHardwareInterfaces_Response.msg
[5.546s] -- Up-to-date: /home/chase/project4/src/install/controller_manager_msgs/share/controller_manager_msgs/srv/LoadController.srv
[5.547s] -- Up-to-date: /home/chase/project4/src/install/controller_manager_msgs/share/controller_manager_msgs/srv/LoadController_Request.msg
[5.547s] -- Up-to-date: /home/chase/project4/src/install/controller_manager_msgs/share/controller_manager_msgs/srv/LoadController_Response.msg
[5.547s] -- Up-to-date: /home/chase/project4/src/install/controller_manager_msgs/share/controller_manager_msgs/srv/ReloadControllerLibraries.srv
[5.547s] -- Up-to-date: /home/chase/project4/src/install/controller_manager_msgs/share/controller_manager_msgs/srv/ReloadControllerLibraries_Request.msg
[5.548s] -- Up-to-date: /home/chase/project4/src/install/controller_manager_msgs/share/controller_manager_msgs/srv/ReloadControllerLibraries_Response.msg
[5.548s] -- Up-to-date: /home/chase/project4/src/install/controller_manager_msgs/share/controller_manager_msgs/srv/SetHardwareComponentState.srv
[5.548s] -- Up-to-date: /home/chase/project4/src/install/controller_manager_msgs/share/controller_manager_msgs/srv/SetHardwareComponentState_Request.msg
[5.548s] -- Up-to-date: /home/chase/project4/src/install/controller_manager_msgs/share/controller_manager_msgs/srv/SetHardwareComponentState_Response.msg
[5.548s] -- Up-to-date: /home/chase/project4/src/install/controller_manager_msgs/share/controller_manager_msgs/srv/SwitchController.srv
[5.549s] -- Up-to-date: /home/chase/project4/src/install/controller_manager_msgs/share/controller_manager_msgs/srv/SwitchController_Request.msg
[5.549s] -- Up-to-date: /home/chase/project4/src/install/controller_manager_msgs/share/controller_manager_msgs/srv/SwitchController_Response.msg
[5.549s] -- Up-to-date: /home/chase/project4/src/install/controller_manager_msgs/share/controller_manager_msgs/srv/UnloadController.srv
[5.549s] -- Up-to-date: /home/chase/project4/src/install/controller_manager_msgs/share/controller_manager_msgs/srv/UnloadController_Request.msg
[5.552s] -- Up-to-date: /home/chase/project4/src/install/controller_manager_msgs/share/controller_manager_msgs/srv/UnloadController_Response.msg
[5.552s] -- Up-to-date: /home/chase/project4/src/install/controller_manager_msgs/share/ament_index/resource_index/package_run_dependencies/controller_manager_msgs
[5.552s] -- Up-to-date: /home/chase/project4/src/install/controller_manager_msgs/share/ament_index/resource_index/parent_prefix_path/controller_manager_msgs
[5.553s] -- Up-to-date: /home/chase/project4/src/install/controller_manager_msgs/share/controller_manager_msgs/environment/ament_prefix_path.dsv
[5.553s] -- Up-to-date: /home/chase/project4/src/install/controller_manager_msgs/share/controller_manager_msgs/environment/path.dsv
[5.553s] -- Up-to-date: /home/chase/project4/src/install/controller_manager_msgs/share/controller_manager_msgs/local_setup.bash
[5.554s] -- Up-to-date: /home/chase/project4/src/install/controller_manager_msgs/share/controller_manager_msgs/local_setup.sh
[5.554s] -- Up-to-date: /home/chase/project4/src/install/controller_manager_msgs/share/controller_manager_msgs/local_setup.zsh
[5.554s] -- Up-to-date: /home/chase/project4/src/install/controller_manager_msgs/share/controller_manager_msgs/local_setup.dsv
[5.554s] -- Installing: /home/chase/project4/src/install/controller_manager_msgs/share/controller_manager_msgs/package.dsv
[5.555s] -- Up-to-date: /home/chase/project4/src/install/controller_manager_msgs/share/ament_index/resource_index/packages/controller_manager_msgs
[5.555s] -- Up-to-date: /home/chase/project4/src/install/controller_manager_msgs/share/controller_manager_msgs/cmake/export_controller_manager_msgs__rosidl_generator_cExport.cmake
[5.555s] -- Up-to-date: /home/chase/project4/src/install/controller_manager_msgs/share/controller_manager_msgs/cmake/export_controller_manager_msgs__rosidl_generator_cExport-noconfig.cmake
[5.555s] -- Up-to-date: /home/chase/project4/src/install/controller_manager_msgs/share/controller_manager_msgs/cmake/export_controller_manager_msgs__rosidl_typesupport_fastrtps_cExport.cmake
[5.556s] -- Up-to-date: /home/chase/project4/src/install/controller_manager_msgs/share/controller_manager_msgs/cmake/export_controller_manager_msgs__rosidl_typesupport_fastrtps_cExport-noconfig.cmake
[5.556s] -- Up-to-date: /home/chase/project4/src/install/controller_manager_msgs/share/controller_manager_msgs/cmake/export_controller_manager_msgs__rosidl_generator_cppExport.cmake
[5.557s] -- Up-to-date: /home/chase/project4/src/install/controller_manager_msgs/share/controller_manager_msgs/cmake/export_controller_manager_msgs__rosidl_typesupport_fastrtps_cppExport.cmake
[5.558s] -- Up-to-date: /home/chase/project4/src/install/controller_manager_msgs/share/controller_manager_msgs/cmake/export_controller_manager_msgs__rosidl_typesupport_fastrtps_cppExport-noconfig.cmake
[5.558s] -- Up-to-date: /home/chase/project4/src/install/controller_manager_msgs/share/controller_manager_msgs/cmake/controller_manager_msgs__rosidl_typesupport_introspection_cExport.cmake
[5.558s] -- Up-to-date: /home/chase/project4/src/install/controller_manager_msgs/share/controller_manager_msgs/cmake/controller_manager_msgs__rosidl_typesupport_introspection_cExport-noconfig.cmake
[5.559s] -- Up-to-date: /home/chase/project4/src/install/controller_manager_msgs/share/controller_manager_msgs/cmake/controller_manager_msgs__rosidl_typesupport_cExport.cmake
[5.559s] -- Up-to-date: /home/chase/project4/src/install/controller_manager_msgs/share/controller_manager_msgs/cmake/controller_manager_msgs__rosidl_typesupport_cExport-noconfig.cmake
[5.560s] -- Up-to-date: /home/chase/project4/src/install/controller_manager_msgs/share/controller_manager_msgs/cmake/controller_manager_msgs__rosidl_typesupport_introspection_cppExport.cmake
[5.560s] -- Up-to-date: /home/chase/project4/src/install/controller_manager_msgs/share/controller_manager_msgs/cmake/controller_manager_msgs__rosidl_typesupport_introspection_cppExport-noconfig.cmake
[5.561s] -- Up-to-date: /home/chase/project4/src/install/controller_manager_msgs/share/controller_manager_msgs/cmake/controller_manager_msgs__rosidl_typesupport_cppExport.cmake
[5.562s] -- Up-to-date: /home/chase/project4/src/install/controller_manager_msgs/share/controller_manager_msgs/cmake/controller_manager_msgs__rosidl_typesupport_cppExport-noconfig.cmake
[5.562s] -- Up-to-date: /home/chase/project4/src/install/controller_manager_msgs/share/controller_manager_msgs/cmake/export_controller_manager_msgs__rosidl_generator_pyExport.cmake
[5.562s] -- Up-to-date: /home/chase/project4/src/install/controller_manager_msgs/share/controller_manager_msgs/cmake/export_controller_manager_msgs__rosidl_generator_pyExport-noconfig.cmake
[5.563s] -- Up-to-date: /home/chase/project4/src/install/controller_manager_msgs/share/controller_manager_msgs/cmake/rosidl_cmake-extras.cmake
[5.563s] -- Up-to-date: /home/chase/project4/src/install/controller_manager_msgs/share/controller_manager_msgs/cmake/ament_cmake_export_dependencies-extras.cmake
[5.563s] -- Up-to-date: /home/chase/project4/src/install/controller_manager_msgs/share/controller_manager_msgs/cmake/ament_cmake_export_include_directories-extras.cmake
[5.563s] -- Up-to-date: /home/chase/project4/src/install/controller_manager_msgs/share/controller_manager_msgs/cmake/ament_cmake_export_libraries-extras.cmake
[5.563s] -- Up-to-date: /home/chase/project4/src/install/controller_manager_msgs/share/controller_manager_msgs/cmake/ament_cmake_export_targets-extras.cmake
[5.564s] -- Up-to-date: /home/chase/project4/src/install/controller_manager_msgs/share/controller_manager_msgs/cmake/rosidl_cmake_export_typesupport_targets-extras.cmake
[5.564s] -- Up-to-date: /home/chase/project4/src/install/controller_manager_msgs/share/controller_manager_msgs/cmake/rosidl_cmake_export_typesupport_libraries-extras.cmake
[5.564s] -- Up-to-date: /home/chase/project4/src/install/controller_manager_msgs/share/controller_manager_msgs/cmake/controller_manager_msgsConfig.cmake
[5.564s] -- Up-to-date: /home/chase/project4/src/install/controller_manager_msgs/share/controller_manager_msgs/cmake/controller_manager_msgsConfig-version.cmake
[5.565s] -- Up-to-date: /home/chase/project4/src/install/controller_manager_msgs/share/controller_manager_msgs/package.xml
[5.572s] Invoked command in '/home/chase/project4/src/build/controller_manager_msgs' returned '0': CMAKE_PREFIX_PATH=${CMAKE_PREFIX_PATH}:/home/chase/project4/src/install/p4pkg:/home/chase/ros2_humble/install/rqt_bag_plugins:/home/chase/ros2_humble/install/rqt_bag:/home/chase/ros2_humble/install/ros2bag:/home/chase/ros2_humble/install/tracetools_test:/home/chase/ros2_humble/install/tracetools_launch:/home/chase/ros2_humble/install/tf2_tools:/home/chase/ros2_humble/install/examples_tf2_py:/home/chase/ros2_humble/install/tf2_ros_py:/home/chase/ros2_humble/install/sros2:/home/chase/ros2_humble/install/rqt_topic:/home/chase/ros2_humble/install/rqt_srv:/home/chase/ros2_humble/install/rqt_shell:/home/chase/ros2_humble/install/rqt_service_caller:/home/chase/ros2_humble/install/rqt_reconfigure:/home/chase/ros2_humble/install/rqt_py_console:/home/chase/ros2_humble/install/rqt_publisher:/home/chase/ros2_humble/install/rqt_plot:/home/chase/ros2_humble/install/rqt_action:/home/chase/ros2_humble/install/rqt_msg:/home/chase/ros2_humble/install/rqt_console:/home/chase/ros2_humble/install/rqt:/home/chase/ros2_humble/install/rqt_graph:/home/chase/ros2_humble/install/rqt_gui_py:/home/chase/ros2_humble/install/rqt_gui:/home/chase/ros2_humble/install/ros2trace:/home/chase/ros2_humble/install/ros2topic:/home/chase/ros2_humble/install/ros2test:/home/chase/ros2_humble/install/ros2component:/home/chase/ros2_humble/install/ros2param:/home/chase/ros2_humble/install/ros2lifecycle:/home/chase/ros2_humble/install/ros2service:/home/chase/ros2_humble/install/ros2run:/home/chase/ros2_humble/install/ros2launch:/home/chase/ros2_humble/install/ros2pkg:/home/chase/ros2_humble/install/ros2node:/home/chase/ros2_humble/install/ros2multicast:/home/chase/ros2_humble/install/ros2interface:/home/chase/ros2_humble/install/ros2doctor:/home/chase/ros2_humble/install/ros2action:/home/chase/ros2_humble/install/ros2cli:/home/chase/ros2_humble/install/py_pubsub:/home/chase/ros2_humble/install/launch_testing_ros:/home/chase/ros2_humble/install/launch_ros:/home/chase/ros2_humble/install/examples_rclpy_pointcloud_publisher:/home/chase/ros2_humble/install/examples_rclpy_minimal_subscriber:/home/chase/ros2_humble/install/examples_rclpy_minimal_service:/home/chase/ros2_humble/install/examples_rclpy_minimal_publisher:/home/chase/ros2_humble/install/examples_rclpy_minimal_client:/home/chase/ros2_humble/install/examples_rclpy_minimal_action_server:/home/chase/ros2_humble/install/examples_rclpy_minimal_action_client:/home/chase/ros2_humble/install/examples_rclpy_guard_conditions:/home/chase/ros2_humble/install/examples_rclpy_executors:/home/chase/ros2_humble/install/ament_uncrustify:/home/chase/ros2_humble/install/tracetools_trace:/home/chase/ros2_humble/install/tracetools_read:/home/chase/ros2_humble/install/test_tracetools_launch:/home/chase/ros2_humble/install/test_launch_ros:/home/chase/ros2_humble/install/sensor_msgs_py:/home/chase/ros2_humble/install/rpyutils:/home/chase/ros2_humble/install/rosidl_runtime_py:/home/chase/ros2_humble/install/rosidl_cli:/home/chase/ros2_humble/install/launch_pytest:/home/chase/ros2_humble/install/launch_testing:/home/chase/ros2_humble/install/launch_yaml:/home/chase/ros2_humble/install/launch_xml:/home/chase/ros2_humble/install/launch:/home/chase/ros2_humble/install/osrf_pycommon:/home/chase/ros2_humble/install/launch_testing_examples:/home/chase/ros2_humble/install/domain_coordinator:/home/chase/ros2_humble/install/ament_xmllint:/home/chase/ros2_humble/install/ament_pyflakes:/home/chase/ros2_humble/install/ament_pycodestyle:/home/chase/ros2_humble/install/ament_pep257:/home/chase/ros2_humble/install/ament_pclint:/home/chase/ros2_humble/install/ament_package:/home/chase/ros2_humble/install/ament_mypy:/home/chase/ros2_humble/install/ament_lint_cmake:/home/chase/ros2_humble/install/ament_flake8:/home/chase/ros2_humble/install/ament_copyright:/home/chase/ros2_humble/install/ament_lint:/home/chase/ros2_humble/install/ament_index_python:/home/chase/ros2_humble/install/ament_cpplint:/home/chase/ros2_humble/install/ament_cppcheck:/home/chase/ros2_humble/install/ament_clang_tidy:/home/chase/ros2_humble/install/ament_clang_format /usr/bin/cmake --install /home/chase/project4/src/build/controller_manager_msgs
