[4.513s] Invoking command in '/home/chase/project4/src/p4pkg': PYTHONPATH=/home/chase/project4/src/build/p4pkg/prefix_override:/home/chase/project4/src/install/p4pkg/lib/python3.8/site-packages: /usr/bin/python3 setup.py egg_info --egg-base ../build/p4pkg build --build-base /home/chase/project4/src/build/p4pkg/build install --record /home/chase/project4/src/build/p4pkg/install.log --single-version-externally-managed
[6.200s] running egg_info
[6.201s] writing ../build/p4pkg/p4pkg.egg-info/PKG-INFO
[6.215s] writing dependency_links to ../build/p4pkg/p4pkg.egg-info/dependency_links.txt
[6.222s] writing entry points to ../build/p4pkg/p4pkg.egg-info/entry_points.txt
[6.248s] writing requirements to ../build/p4pkg/p4pkg.egg-info/requires.txt
[6.249s] writing top-level names to ../build/p4pkg/p4pkg.egg-info/top_level.txt
[6.501s] reading manifest file '../build/p4pkg/p4pkg.egg-info/SOURCES.txt'
[6.507s] writing manifest file '../build/p4pkg/p4pkg.egg-info/SOURCES.txt'
[6.527s] running build
[6.527s] running build_py
[6.533s] copying p4pkg/simulator.py -> /home/chase/project4/src/build/p4pkg/build/lib/p4pkg
[6.534s] copying p4pkg/world_reader.py -> /home/chase/project4/src/build/p4pkg/build/lib/p4pkg
[6.535s] running install
[6.543s] running install_lib
[6.550s] copying /home/chase/project4/src/build/p4pkg/build/lib/p4pkg/simulator.py -> /home/chase/project4/src/install/p4pkg/lib/python3.8/site-packages/p4pkg
[6.551s] copying /home/chase/project4/src/build/p4pkg/build/lib/p4pkg/world_reader.py -> /home/chase/project4/src/install/p4pkg/lib/python3.8/site-packages/p4pkg
[6.580s] byte-compiling /home/chase/project4/src/install/p4pkg/lib/python3.8/site-packages/p4pkg/simulator.py to simulator.cpython-38.pyc
[6.584s] byte-compiling /home/chase/project4/src/install/p4pkg/lib/python3.8/site-packages/p4pkg/world_reader.py to world_reader.cpython-38.pyc
[6.612s] running install_data
[6.616s] running install_egg_info
[6.620s] removing '/home/chase/project4/src/install/p4pkg/lib/python3.8/site-packages/p4pkg-0.0.0-py3.8.egg-info' (and everything under it)
[6.629s] Copying ../build/p4pkg/p4pkg.egg-info to /home/chase/project4/src/install/p4pkg/lib/python3.8/site-packages/p4pkg-0.0.0-py3.8.egg-info
[6.656s] running install_scripts
[6.732s] Installing simulator script to /home/chase/project4/src/install/p4pkg/lib/p4pkg
[6.736s] writing list of installed files to '/home/chase/project4/src/build/p4pkg/install.log'
[6.913s] Invoked command in '/home/chase/project4/src/p4pkg' returned '0': PYTHONPATH=/home/chase/project4/src/build/p4pkg/prefix_override:/home/chase/project4/src/install/p4pkg/lib/python3.8/site-packages: /usr/bin/python3 setup.py egg_info --egg-base ../build/p4pkg build --build-base /home/chase/project4/src/build/p4pkg/build install --record /home/chase/project4/src/build/p4pkg/install.log --single-version-externally-managed
