[6.287s] Invoking command in '/home/chase/project4/src/p4pkg': PYTHONPATH=/home/chase/project4/src/build/p4pkg/prefix_override:/home/chase/project4/src/install/p4pkg/lib/python3.8/site-packages:${PYTHONPATH} /usr/bin/python3 setup.py egg_info --egg-base ../build/p4pkg build --build-base /home/chase/project4/src/build/p4pkg/build install --record /home/chase/project4/src/build/p4pkg/install.log --single-version-externally-managed
[8.794s] running egg_info
[8.819s] writing ../build/p4pkg/p4pkg.egg-info/PKG-INFO
[8.821s] writing dependency_links to ../build/p4pkg/p4pkg.egg-info/dependency_links.txt
[8.829s] writing entry points to ../build/p4pkg/p4pkg.egg-info/entry_points.txt
[8.834s] writing requirements to ../build/p4pkg/p4pkg.egg-info/requires.txt
[8.837s] writing top-level names to ../build/p4pkg/p4pkg.egg-info/top_level.txt
[8.974s] reading manifest file '../build/p4pkg/p4pkg.egg-info/SOURCES.txt'
[8.976s] writing manifest file '../build/p4pkg/p4pkg.egg-info/SOURCES.txt'
[8.980s] running build
[8.980s] running build_py
[8.980s] copying p4pkg/simulator.py -> /home/chase/project4/src/build/p4pkg/build/lib/p4pkg
[8.981s] running install
[8.985s] running install_lib
[8.996s] copying /home/chase/project4/src/build/p4pkg/build/lib/p4pkg/simulator.py -> /home/chase/project4/src/install/p4pkg/lib/python3.8/site-packages/p4pkg
[9.004s] byte-compiling /home/chase/project4/src/install/p4pkg/lib/python3.8/site-packages/p4pkg/simulator.py to simulator.cpython-38.pyc
[9.023s] running install_data
[9.025s] running install_egg_info
[9.047s] removing '/home/chase/project4/src/install/p4pkg/lib/python3.8/site-packages/p4pkg-0.0.0-py3.8.egg-info' (and everything under it)
[9.047s] Copying ../build/p4pkg/p4pkg.egg-info to /home/chase/project4/src/install/p4pkg/lib/python3.8/site-packages/p4pkg-0.0.0-py3.8.egg-info
[9.050s] running install_scripts
[9.142s] Installing simulator script to /home/chase/project4/src/install/p4pkg/lib/p4pkg
[9.144s] writing list of installed files to '/home/chase/project4/src/build/p4pkg/install.log'
[9.236s] Invoked command in '/home/chase/project4/src/p4pkg' returned '0': PYTHONPATH=/home/chase/project4/src/build/p4pkg/prefix_override:/home/chase/project4/src/install/p4pkg/lib/python3.8/site-packages:${PYTHONPATH} /usr/bin/python3 setup.py egg_info --egg-base ../build/p4pkg build --build-base /home/chase/project4/src/build/p4pkg/build install --record /home/chase/project4/src/build/p4pkg/install.log --single-version-externally-managed
