[1.371s] DEBUG:colcon:Command line arguments: ['/usr/bin/colcon', 'build']
[1.371s] DEBUG:colcon:Parsed command line arguments: Namespace(allow_overriding=[], ament_cmake_args=None, base_paths=['.'], build_base='build', catkin_cmake_args=None, catkin_skip_building_tests=False, cmake_args=None, cmake_clean_cache=False, cmake_clean_first=False, cmake_force_configure=False, cmake_target=None, cmake_target_skip_unavailable=False, continue_on_error=False, event_handlers=None, executor='parallel', ignore_user_meta=False, install_base='install', log_base=None, log_level=None, main=<bound method BuildVerb.main of <colcon_core.verb.build.BuildVerb object at 0x7fe1ff88ea30>>, merge_install=False, metas=['./colcon.meta'], packages_above=None, packages_above_and_dependencies=None, packages_above_depth=None, packages_end=None, packages_ignore=None, packages_ignore_regex=None, packages_select=None, packages_select_build_failed=False, packages_select_by_dep=None, packages_select_regex=None, packages_select_test_failures=False, packages_skip=None, packages_skip_build_finished=False, packages_skip_by_dep=None, packages_skip_regex=None, packages_skip_test_passed=False, packages_skip_up_to=None, packages_start=None, packages_up_to=None, packages_up_to_regex=None, parallel_workers=1, paths=None, symlink_install=False, test_result_base=None, verb_extension=<colcon_core.verb.build.BuildVerb object at 0x7fe1ff88ea30>, verb_name='build', verb_parser=<colcon_defaults.argument_parser.defaults.DefaultArgumentsDecorator object at 0x7fe1ff88efa0>)
[1.504s] Level 1:colcon.colcon_core.package_discovery:discover_packages(colcon_meta) check parameters
[1.505s] Level 1:colcon.colcon_core.package_discovery:discover_packages(recursive) check parameters
[1.505s] Level 1:colcon.colcon_core.package_discovery:discover_packages(ignore) check parameters
[1.505s] Level 1:colcon.colcon_core.package_discovery:discover_packages(path) check parameters
[1.505s] Level 1:colcon.colcon_core.package_discovery:discover_packages(colcon_meta) discover
[1.505s] Level 1:colcon.colcon_core.package_discovery:discover_packages(recursive) discover
[1.505s] INFO:colcon.colcon_core.package_discovery:Crawling recursively for packages in '/home/chase/project4/src'
[1.505s] Level 1:colcon.colcon_core.package_identification:_identify(.) by extensions ['ignore', 'ignore_ament_install']
[1.505s] Level 1:colcon.colcon_core.package_identification:_identify(.) by extension 'ignore'
[1.505s] Level 1:colcon.colcon_core.package_identification:_identify(.) by extension 'ignore_ament_install'
[1.505s] Level 1:colcon.colcon_core.package_identification:_identify(.) by extensions ['colcon_pkg']
[1.505s] Level 1:colcon.colcon_core.package_identification:_identify(.) by extension 'colcon_pkg'
[1.505s] Level 1:colcon.colcon_core.package_identification:_identify(.) by extensions ['colcon_meta']
[1.505s] Level 1:colcon.colcon_core.package_identification:_identify(.) by extension 'colcon_meta'
[1.505s] Level 1:colcon.colcon_core.package_identification:_identify(.) by extensions ['ros']
[1.505s] Level 1:colcon.colcon_core.package_identification:_identify(.) by extension 'ros'
[1.528s] Level 1:colcon.colcon_core.package_identification:_identify(.) by extensions ['cmake', 'python']
[1.528s] Level 1:colcon.colcon_core.package_identification:_identify(.) by extension 'cmake'
[1.528s] Level 1:colcon.colcon_core.package_identification:_identify(.) by extension 'python'
[1.528s] Level 1:colcon.colcon_core.package_identification:_identify(.) by extensions ['python_setup_py']
[1.528s] Level 1:colcon.colcon_core.package_identification:_identify(.) by extension 'python_setup_py'
[1.529s] Level 1:colcon.colcon_core.package_identification:_identify(bags) by extensions ['ignore', 'ignore_ament_install']
[1.529s] Level 1:colcon.colcon_core.package_identification:_identify(bags) by extension 'ignore'
[1.529s] Level 1:colcon.colcon_core.package_identification:_identify(bags) by extension 'ignore_ament_install'
[1.529s] Level 1:colcon.colcon_core.package_identification:_identify(bags) by extensions ['colcon_pkg']
[1.529s] Level 1:colcon.colcon_core.package_identification:_identify(bags) by extension 'colcon_pkg'
[1.529s] Level 1:colcon.colcon_core.package_identification:_identify(bags) by extensions ['colcon_meta']
[1.529s] Level 1:colcon.colcon_core.package_identification:_identify(bags) by extension 'colcon_meta'
[1.529s] Level 1:colcon.colcon_core.package_identification:_identify(bags) by extensions ['ros']
[1.529s] Level 1:colcon.colcon_core.package_identification:_identify(bags) by extension 'ros'
[1.529s] Level 1:colcon.colcon_core.package_identification:_identify(bags) by extensions ['cmake', 'python']
[1.529s] Level 1:colcon.colcon_core.package_identification:_identify(bags) by extension 'cmake'
[1.529s] Level 1:colcon.colcon_core.package_identification:_identify(bags) by extension 'python'
[1.529s] Level 1:colcon.colcon_core.package_identification:_identify(bags) by extensions ['python_setup_py']
[1.529s] Level 1:colcon.colcon_core.package_identification:_identify(bags) by extension 'python_setup_py'
[1.529s] Level 1:colcon.colcon_core.package_identification:_identify(bags/input1) by extensions ['ignore', 'ignore_ament_install']
[1.530s] Level 1:colcon.colcon_core.package_identification:_identify(bags/input1) by extension 'ignore'
[1.530s] Level 1:colcon.colcon_core.package_identification:_identify(bags/input1) by extension 'ignore_ament_install'
[1.530s] Level 1:colcon.colcon_core.package_identification:_identify(bags/input1) by extensions ['colcon_pkg']
[1.530s] Level 1:colcon.colcon_core.package_identification:_identify(bags/input1) by extension 'colcon_pkg'
[1.530s] Level 1:colcon.colcon_core.package_identification:_identify(bags/input1) by extensions ['colcon_meta']
[1.530s] Level 1:colcon.colcon_core.package_identification:_identify(bags/input1) by extension 'colcon_meta'
[1.530s] Level 1:colcon.colcon_core.package_identification:_identify(bags/input1) by extensions ['ros']
[1.540s] Level 1:colcon.colcon_core.package_identification:_identify(bags/input1) by extension 'ros'
[1.541s] Level 1:colcon.colcon_core.package_identification:_identify(bags/input1) by extensions ['cmake', 'python']
[1.541s] Level 1:colcon.colcon_core.package_identification:_identify(bags/input1) by extension 'cmake'
[1.541s] Level 1:colcon.colcon_core.package_identification:_identify(bags/input1) by extension 'python'
[1.541s] Level 1:colcon.colcon_core.package_identification:_identify(bags/input1) by extensions ['python_setup_py']
[1.541s] Level 1:colcon.colcon_core.package_identification:_identify(bags/input1) by extension 'python_setup_py'
[1.541s] Level 1:colcon.colcon_core.package_identification:_identify(bags/input2) by extensions ['ignore', 'ignore_ament_install']
[1.542s] Level 1:colcon.colcon_core.package_identification:_identify(bags/input2) by extension 'ignore'
[1.542s] Level 1:colcon.colcon_core.package_identification:_identify(bags/input2) by extension 'ignore_ament_install'
[1.542s] Level 1:colcon.colcon_core.package_identification:_identify(bags/input2) by extensions ['colcon_pkg']
[1.542s] Level 1:colcon.colcon_core.package_identification:_identify(bags/input2) by extension 'colcon_pkg'
[1.542s] Level 1:colcon.colcon_core.package_identification:_identify(bags/input2) by extensions ['colcon_meta']
[1.542s] Level 1:colcon.colcon_core.package_identification:_identify(bags/input2) by extension 'colcon_meta'
[1.542s] Level 1:colcon.colcon_core.package_identification:_identify(bags/input2) by extensions ['ros']
[1.542s] Level 1:colcon.colcon_core.package_identification:_identify(bags/input2) by extension 'ros'
[1.542s] Level 1:colcon.colcon_core.package_identification:_identify(bags/input2) by extensions ['cmake', 'python']
[1.542s] Level 1:colcon.colcon_core.package_identification:_identify(bags/input2) by extension 'cmake'
[1.542s] Level 1:colcon.colcon_core.package_identification:_identify(bags/input2) by extension 'python'
[1.542s] Level 1:colcon.colcon_core.package_identification:_identify(bags/input2) by extensions ['python_setup_py']
[1.542s] Level 1:colcon.colcon_core.package_identification:_identify(bags/input2) by extension 'python_setup_py'
[1.542s] Level 1:colcon.colcon_core.package_identification:_identify(build) by extensions ['ignore', 'ignore_ament_install']
[1.542s] Level 1:colcon.colcon_core.package_identification:_identify(build) by extension 'ignore'
[1.543s] Level 1:colcon.colcon_core.package_identification:_identify(build) ignored
[1.543s] Level 1:colcon.colcon_core.package_identification:_identify(install) by extensions ['ignore', 'ignore_ament_install']
[1.543s] Level 1:colcon.colcon_core.package_identification:_identify(install) by extension 'ignore'
[1.543s] Level 1:colcon.colcon_core.package_identification:_identify(install) ignored
[1.543s] Level 1:colcon.colcon_core.package_identification:_identify(log) by extensions ['ignore', 'ignore_ament_install']
[1.543s] Level 1:colcon.colcon_core.package_identification:_identify(log) by extension 'ignore'
[1.543s] Level 1:colcon.colcon_core.package_identification:_identify(log) ignored
[1.543s] Level 1:colcon.colcon_core.package_identification:_identify(p4pkg) by extensions ['ignore', 'ignore_ament_install']
[1.543s] Level 1:colcon.colcon_core.package_identification:_identify(p4pkg) by extension 'ignore'
[1.543s] Level 1:colcon.colcon_core.package_identification:_identify(p4pkg) by extension 'ignore_ament_install'
[1.543s] Level 1:colcon.colcon_core.package_identification:_identify(p4pkg) by extensions ['colcon_pkg']
[1.544s] Level 1:colcon.colcon_core.package_identification:_identify(p4pkg) by extension 'colcon_pkg'
[1.544s] Level 1:colcon.colcon_core.package_identification:_identify(p4pkg) by extensions ['colcon_meta']
[1.544s] Level 1:colcon.colcon_core.package_identification:_identify(p4pkg) by extension 'colcon_meta'
[1.544s] Level 1:colcon.colcon_core.package_identification:_identify(p4pkg) by extensions ['ros']
[1.544s] Level 1:colcon.colcon_core.package_identification:_identify(p4pkg) by extension 'ros'
[1.546s] DEBUG:colcon.colcon_core.package_identification:Package 'p4pkg' with type 'ros.ament_python' and name 'p4pkg'
[1.546s] Level 1:colcon.colcon_core.package_discovery:discover_packages(recursive) using defaults
[1.547s] Level 1:colcon.colcon_core.package_discovery:discover_packages(ignore) discover
[1.547s] Level 1:colcon.colcon_core.package_discovery:discover_packages(ignore) using defaults
[1.547s] Level 1:colcon.colcon_core.package_discovery:discover_packages(path) discover
[1.547s] Level 1:colcon.colcon_core.package_discovery:discover_packages(path) using defaults
[1.644s] Level 1:colcon.colcon_core.package_discovery:discover_packages(prefix_path) check parameters
[1.644s] Level 1:colcon.colcon_core.package_discovery:discover_packages(prefix_path) discover
[1.703s] DEBUG:colcon.colcon_installed_package_information.package_discovery:Found 325 installed packages in /home/chase/ros2_humble/install
[1.707s] DEBUG:colcon.colcon_installed_package_information.package_discovery:Found 1 installed packages in /home/chase/project4/src/install
[1.707s] Level 1:colcon.colcon_core.package_discovery:discover_packages(prefix_path) using defaults
[1.815s] Level 5:colcon.colcon_core.verb:set package 'p4pkg' build argument 'cmake_args' from command line to 'None'
[1.815s] Level 5:colcon.colcon_core.verb:set package 'p4pkg' build argument 'cmake_target' from command line to 'None'
[1.815s] Level 5:colcon.colcon_core.verb:set package 'p4pkg' build argument 'cmake_target_skip_unavailable' from command line to 'False'
[1.815s] Level 5:colcon.colcon_core.verb:set package 'p4pkg' build argument 'cmake_clean_cache' from command line to 'False'
[1.815s] Level 5:colcon.colcon_core.verb:set package 'p4pkg' build argument 'cmake_clean_first' from command line to 'False'
[1.815s] Level 5:colcon.colcon_core.verb:set package 'p4pkg' build argument 'cmake_force_configure' from command line to 'False'
[1.815s] Level 5:colcon.colcon_core.verb:set package 'p4pkg' build argument 'ament_cmake_args' from command line to 'None'
[1.815s] Level 5:colcon.colcon_core.verb:set package 'p4pkg' build argument 'catkin_cmake_args' from command line to 'None'
[1.815s] Level 5:colcon.colcon_core.verb:set package 'p4pkg' build argument 'catkin_skip_building_tests' from command line to 'False'
[1.815s] DEBUG:colcon.colcon_core.verb:Building package 'p4pkg' with the following arguments: {'ament_cmake_args': None, 'build_base': '/home/chase/project4/src/build/p4pkg', 'catkin_cmake_args': None, 'catkin_skip_building_tests': False, 'cmake_args': None, 'cmake_clean_cache': False, 'cmake_clean_first': False, 'cmake_force_configure': False, 'cmake_target': None, 'cmake_target_skip_unavailable': False, 'install_base': '/home/chase/project4/src/install/p4pkg', 'merge_install': False, 'path': '/home/chase/project4/src/p4pkg', 'symlink_install': False, 'test_result_base': None}
[1.817s] INFO:colcon.colcon_core.executor:Executing jobs using 'parallel' executor
[1.828s] DEBUG:colcon.colcon_parallel_executor.executor.parallel:run_until_complete
[1.829s] INFO:colcon.colcon_ros.task.ament_python.build:Building ROS package in '/home/chase/project4/src/p4pkg' with build type 'ament_python'
[1.829s] Level 1:colcon.colcon_core.shell:create_environment_hook('p4pkg', 'ament_prefix_path')
[1.843s] INFO:colcon.colcon_core.plugin_system:Skipping extension 'colcon_core.shell.bat': Not used on non-Windows systems
[1.843s] INFO:colcon.colcon_core.shell:Creating environment hook '/home/chase/project4/src/install/p4pkg/share/p4pkg/hook/ament_prefix_path.ps1'
[1.850s] INFO:colcon.colcon_core.shell:Creating environment descriptor '/home/chase/project4/src/install/p4pkg/share/p4pkg/hook/ament_prefix_path.dsv'
[1.872s] INFO:colcon.colcon_core.shell:Creating environment hook '/home/chase/project4/src/install/p4pkg/share/p4pkg/hook/ament_prefix_path.sh'
[1.888s] INFO:colcon.colcon_core.shell:Skip shell extension 'powershell' for command environment: Not usable outside of PowerShell
[1.895s] DEBUG:colcon.colcon_core.shell:Skip shell extension 'dsv' for command environment
[4.599s] INFO:colcon.colcon_core.task.python.build:Building Python package in '/home/chase/project4/src/p4pkg'
[4.602s] INFO:colcon.colcon_core.shell:Skip shell extension 'powershell' for command environment: Not usable outside of PowerShell
[4.602s] DEBUG:colcon.colcon_core.shell:Skip shell extension 'dsv' for command environment
[8.125s] DEBUG:colcon.colcon_core.event_handler.log_command:Invoking command in '/home/chase/project4/src/p4pkg': PYTHONPATH=/home/chase/project4/src/build/p4pkg/prefix_override:/home/chase/project4/src/install/p4pkg/lib/python3.8/site-packages:${PYTHONPATH} /usr/bin/python3 setup.py egg_info --egg-base ../build/p4pkg build --build-base /home/chase/project4/src/build/p4pkg/build install --record /home/chase/project4/src/build/p4pkg/install.log --single-version-externally-managed
[11.074s] DEBUG:colcon.colcon_core.event_handler.log_command:Invoked command in '/home/chase/project4/src/p4pkg' returned '0': PYTHONPATH=/home/chase/project4/src/build/p4pkg/prefix_override:/home/chase/project4/src/install/p4pkg/lib/python3.8/site-packages:${PYTHONPATH} /usr/bin/python3 setup.py egg_info --egg-base ../build/p4pkg build --build-base /home/chase/project4/src/build/p4pkg/build install --record /home/chase/project4/src/build/p4pkg/install.log --single-version-externally-managed
[11.103s] Level 1:colcon.colcon_core.environment:checking '/home/chase/project4/src/install/p4pkg' for CMake module files
[11.104s] Level 1:colcon.colcon_core.environment:checking '/home/chase/project4/src/install/p4pkg' for CMake config files
[11.105s] Level 1:colcon.colcon_core.environment:checking '/home/chase/project4/src/install/p4pkg/lib'
[11.105s] Level 1:colcon.colcon_core.environment:checking '/home/chase/project4/src/install/p4pkg/bin'
[11.105s] Level 1:colcon.colcon_core.environment:checking '/home/chase/project4/src/install/p4pkg/lib/pkgconfig/p4pkg.pc'
[11.105s] Level 1:colcon.colcon_core.environment:checking '/home/chase/project4/src/install/p4pkg/lib/python3.8/site-packages'
[11.105s] Level 1:colcon.colcon_core.shell:create_environment_hook('p4pkg', 'pythonpath')
[11.108s] INFO:colcon.colcon_core.shell:Creating environment hook '/home/chase/project4/src/install/p4pkg/share/p4pkg/hook/pythonpath.ps1'
[11.116s] INFO:colcon.colcon_core.shell:Creating environment descriptor '/home/chase/project4/src/install/p4pkg/share/p4pkg/hook/pythonpath.dsv'
[11.129s] INFO:colcon.colcon_core.shell:Creating environment hook '/home/chase/project4/src/install/p4pkg/share/p4pkg/hook/pythonpath.sh'
[11.132s] Level 1:colcon.colcon_core.environment:checking '/home/chase/project4/src/install/p4pkg/bin'
[11.132s] Level 1:colcon.colcon_core.environment:create_environment_scripts_only(p4pkg)
[11.135s] INFO:colcon.colcon_core.shell:Creating package script '/home/chase/project4/src/install/p4pkg/share/p4pkg/package.ps1'
[11.137s] INFO:colcon.colcon_core.shell:Creating package descriptor '/home/chase/project4/src/install/p4pkg/share/p4pkg/package.dsv'
[11.153s] INFO:colcon.colcon_core.shell:Creating package script '/home/chase/project4/src/install/p4pkg/share/p4pkg/package.sh'
[11.159s] INFO:colcon.colcon_core.shell:Creating package script '/home/chase/project4/src/install/p4pkg/share/p4pkg/package.bash'
[11.161s] INFO:colcon.colcon_core.shell:Creating package script '/home/chase/project4/src/install/p4pkg/share/p4pkg/package.zsh'
[11.172s] Level 1:colcon.colcon_core.environment:create_file_with_runtime_dependencies(/home/chase/project4/src/install/p4pkg/share/colcon-core/packages/p4pkg)
[11.183s] DEBUG:colcon.colcon_parallel_executor.executor.parallel:closing loop
[11.183s] DEBUG:colcon.colcon_parallel_executor.executor.parallel:loop closed
[11.183s] DEBUG:colcon.colcon_parallel_executor.executor.parallel:run_until_complete finished with '0'
[11.183s] DEBUG:colcon.colcon_core.event_reactor:joining thread
[11.214s] INFO:colcon.colcon_core.plugin_system:Skipping extension 'colcon_notification.desktop_notification.terminal_notifier': Not used on non-Darwin systems
[11.214s] INFO:colcon.colcon_core.plugin_system:Skipping extension 'colcon_notification.desktop_notification.win32': Not used on non-Windows systems
[11.214s] INFO:colcon.colcon_notification.desktop_notification:Sending desktop notification using 'notify2'
[11.369s] DEBUG:colcon.colcon_core.event_reactor:joined thread
[11.373s] INFO:colcon.colcon_core.shell:Creating prefix script '/home/chase/project4/src/install/local_setup.ps1'
[11.408s] INFO:colcon.colcon_core.shell:Creating prefix util module '/home/chase/project4/src/install/_local_setup_util_ps1.py'
[11.412s] INFO:colcon.colcon_core.shell:Creating prefix chain script '/home/chase/project4/src/install/setup.ps1'
[11.477s] INFO:colcon.colcon_core.shell:Creating prefix script '/home/chase/project4/src/install/local_setup.sh'
[11.483s] INFO:colcon.colcon_core.shell:Creating prefix util module '/home/chase/project4/src/install/_local_setup_util_sh.py'
[11.483s] INFO:colcon.colcon_core.shell:Creating prefix chain script '/home/chase/project4/src/install/setup.sh'
[11.586s] INFO:colcon.colcon_core.shell:Creating prefix script '/home/chase/project4/src/install/local_setup.bash'
[11.598s] INFO:colcon.colcon_core.shell:Creating prefix chain script '/home/chase/project4/src/install/setup.bash'
[11.689s] INFO:colcon.colcon_core.shell:Creating prefix script '/home/chase/project4/src/install/local_setup.zsh'
[11.693s] INFO:colcon.colcon_core.shell:Creating prefix chain script '/home/chase/project4/src/install/setup.zsh'
