[13.527s] Invoking command in '/home/chase/project4/src/p4pkg': PYTHONPATH=/home/chase/project4/src/build/p4pkg/prefix_override:/home/chase/project4/src/install/p4pkg/lib/python3.8/site-packages:${PYTHONPATH} /usr/bin/python3 setup.py egg_info --egg-base ../build/p4pkg build --build-base /home/chase/project4/src/build/p4pkg/build install --record /home/chase/project4/src/build/p4pkg/install.log --single-version-externally-managed
[18.943s] running egg_info
[18.944s] writing ../build/p4pkg/p4pkg.egg-info/PKG-INFO
[18.946s] writing dependency_links to ../build/p4pkg/p4pkg.egg-info/dependency_links.txt
[18.947s] writing entry points to ../build/p4pkg/p4pkg.egg-info/entry_points.txt
[18.957s] writing requirements to ../build/p4pkg/p4pkg.egg-info/requires.txt
[18.959s] writing top-level names to ../build/p4pkg/p4pkg.egg-info/top_level.txt
[19.203s] reading manifest file '../build/p4pkg/p4pkg.egg-info/SOURCES.txt'
[19.206s] writing manifest file '../build/p4pkg/p4pkg.egg-info/SOURCES.txt'
[19.232s] running build
[19.232s] running build_py
[19.233s] copying p4pkg/simulator.py -> /home/chase/project4/src/build/p4pkg/build/lib/p4pkg
[19.234s] running install
[19.238s] running install_lib
[19.245s] copying /home/chase/project4/src/build/p4pkg/build/lib/p4pkg/simulator.py -> /home/chase/project4/src/install/p4pkg/lib/python3.8/site-packages/p4pkg
[19.271s] byte-compiling /home/chase/project4/src/install/p4pkg/lib/python3.8/site-packages/p4pkg/simulator.py to simulator.cpython-38.pyc
[19.309s] running install_data
[19.311s] running install_egg_info
[19.345s] removing '/home/chase/project4/src/install/p4pkg/lib/python3.8/site-packages/p4pkg-0.0.0-py3.8.egg-info' (and everything under it)
[19.346s] Copying ../build/p4pkg/p4pkg.egg-info to /home/chase/project4/src/install/p4pkg/lib/python3.8/site-packages/p4pkg-0.0.0-py3.8.egg-info
[19.348s] running install_scripts
[19.501s] Installing simulator script to /home/chase/project4/src/install/p4pkg/lib/p4pkg
[19.545s] writing list of installed files to '/home/chase/project4/src/build/p4pkg/install.log'
[19.715s] Invoked command in '/home/chase/project4/src/p4pkg' returned '0': PYTHONPATH=/home/chase/project4/src/build/p4pkg/prefix_override:/home/chase/project4/src/install/p4pkg/lib/python3.8/site-packages:${PYTHONPATH} /usr/bin/python3 setup.py egg_info --egg-base ../build/p4pkg build --build-base /home/chase/project4/src/build/p4pkg/build install --record /home/chase/project4/src/build/p4pkg/install.log --single-version-externally-managed
