[9.577s] Invoking command in '/home/chase/project4/src/p4pkg': PYTHONPATH=/home/chase/project4/src/build/p4pkg/prefix_override:/home/chase/project4/src/install/p4pkg/lib/python3.8/site-packages:${PYTHONPATH} /usr/bin/python3 setup.py egg_info --egg-base ../build/p4pkg build --build-base /home/chase/project4/src/build/p4pkg/build install --record /home/chase/project4/src/build/p4pkg/install.log --single-version-externally-managed
[13.826s] running egg_info
[13.831s] writing ../build/p4pkg/p4pkg.egg-info/PKG-INFO
[13.838s] writing dependency_links to ../build/p4pkg/p4pkg.egg-info/dependency_links.txt
[13.846s] writing entry points to ../build/p4pkg/p4pkg.egg-info/entry_points.txt
[13.854s] writing requirements to ../build/p4pkg/p4pkg.egg-info/requires.txt
[13.867s] writing top-level names to ../build/p4pkg/p4pkg.egg-info/top_level.txt
[14.086s] reading manifest file '../build/p4pkg/p4pkg.egg-info/SOURCES.txt'
[14.088s] writing manifest file '../build/p4pkg/p4pkg.egg-info/SOURCES.txt'
[14.090s] running build
[14.090s] running build_py
[14.090s] copying p4pkg/simulator.py -> /home/chase/project4/src/build/p4pkg/build/lib/p4pkg
[14.091s] copying p4pkg/disc_robot.py -> /home/chase/project4/src/build/p4pkg/build/lib/p4pkg
[14.092s] running install
[14.101s] running install_lib
[14.105s] copying /home/chase/project4/src/build/p4pkg/build/lib/p4pkg/simulator.py -> /home/chase/project4/src/install/p4pkg/lib/python3.8/site-packages/p4pkg
[14.106s] copying /home/chase/project4/src/build/p4pkg/build/lib/p4pkg/disc_robot.py -> /home/chase/project4/src/install/p4pkg/lib/python3.8/site-packages/p4pkg
[14.119s] byte-compiling /home/chase/project4/src/install/p4pkg/lib/python3.8/site-packages/p4pkg/simulator.py to simulator.cpython-38.pyc
[14.134s] byte-compiling /home/chase/project4/src/install/p4pkg/lib/python3.8/site-packages/p4pkg/disc_robot.py to disc_robot.cpython-38.pyc
[14.138s] running install_data
[14.146s] running install_egg_info
[14.178s] removing '/home/chase/project4/src/install/p4pkg/lib/python3.8/site-packages/p4pkg-0.0.0-py3.8.egg-info' (and everything under it)
[14.179s] Copying ../build/p4pkg/p4pkg.egg-info to /home/chase/project4/src/install/p4pkg/lib/python3.8/site-packages/p4pkg-0.0.0-py3.8.egg-info
[14.181s] running install_scripts
[14.311s] Installing simulator script to /home/chase/project4/src/install/p4pkg/lib/p4pkg
[14.316s] writing list of installed files to '/home/chase/project4/src/build/p4pkg/install.log'
[14.415s] Invoked command in '/home/chase/project4/src/p4pkg' returned '0': PYTHONPATH=/home/chase/project4/src/build/p4pkg/prefix_override:/home/chase/project4/src/install/p4pkg/lib/python3.8/site-packages:${PYTHONPATH} /usr/bin/python3 setup.py egg_info --egg-base ../build/p4pkg build --build-base /home/chase/project4/src/build/p4pkg/build install --record /home/chase/project4/src/build/p4pkg/install.log --single-version-externally-managed
