[15.512s] Invoking command in '/home/chase/project4/src/p4pkg': PYTHONPATH=/home/chase/project4/src/build/p4pkg/prefix_override:/home/chase/project4/src/install/p4pkg/lib/python3.8/site-packages:${PYTHONPATH} /usr/bin/python3 setup.py egg_info --egg-base ../build/p4pkg build --build-base /home/chase/project4/src/build/p4pkg/build install --record /home/chase/project4/src/build/p4pkg/install.log --single-version-externally-managed
[24.969s] running egg_info
[24.973s] writing ../build/p4pkg/p4pkg.egg-info/PKG-INFO
[24.981s] writing dependency_links to ../build/p4pkg/p4pkg.egg-info/dependency_links.txt
[25.001s] writing entry points to ../build/p4pkg/p4pkg.egg-info/entry_points.txt
[25.019s] writing requirements to ../build/p4pkg/p4pkg.egg-info/requires.txt
[25.034s] writing top-level names to ../build/p4pkg/p4pkg.egg-info/top_level.txt
[25.687s] reading manifest file '../build/p4pkg/p4pkg.egg-info/SOURCES.txt'
[25.697s] writing manifest file '../build/p4pkg/p4pkg.egg-info/SOURCES.txt'
[25.720s] running build
[25.721s] running build_py
[25.721s] copying p4pkg/simulator.py -> /home/chase/project4/src/build/p4pkg/build/lib/p4pkg
[25.728s] running install
[25.756s] running install_lib
[25.836s] copying /home/chase/project4/src/build/p4pkg/build/lib/p4pkg/simulator.py -> /home/chase/project4/src/install/p4pkg/lib/python3.8/site-packages/p4pkg
[25.837s] byte-compiling /home/chase/project4/src/install/p4pkg/lib/python3.8/site-packages/p4pkg/simulator.py to simulator.cpython-38.pyc
[25.866s] running install_data
[25.867s] running install_egg_info
[25.915s] removing '/home/chase/project4/src/install/p4pkg/lib/python3.8/site-packages/p4pkg-0.0.0-py3.8.egg-info' (and everything under it)
[25.916s] Copying ../build/p4pkg/p4pkg.egg-info to /home/chase/project4/src/install/p4pkg/lib/python3.8/site-packages/p4pkg-0.0.0-py3.8.egg-info
[25.944s] running install_scripts
[26.420s] Installing simulator script to /home/chase/project4/src/install/p4pkg/lib/p4pkg
[26.423s] writing list of installed files to '/home/chase/project4/src/build/p4pkg/install.log'
[26.671s] Invoked command in '/home/chase/project4/src/p4pkg' returned '0': PYTHONPATH=/home/chase/project4/src/build/p4pkg/prefix_override:/home/chase/project4/src/install/p4pkg/lib/python3.8/site-packages:${PYTHONPATH} /usr/bin/python3 setup.py egg_info --egg-base ../build/p4pkg build --build-base /home/chase/project4/src/build/p4pkg/build install --record /home/chase/project4/src/build/p4pkg/install.log --single-version-externally-managed
