[4.664s] Invoking command in '/home/chase/project4/src/p4pkg': PYTHONPATH=/home/chase/project4/src/build/p4pkg/prefix_override:/home/chase/project4/src/install/p4pkg/lib/python3.8/site-packages:${PYTHONPATH} /usr/bin/python3 setup.py egg_info --egg-base ../build/p4pkg build --build-base /home/chase/project4/src/build/p4pkg/build install --record /home/chase/project4/src/build/p4pkg/install.log --single-version-externally-managed
[6.351s] running egg_info
[6.353s] writing ../build/p4pkg/p4pkg.egg-info/PKG-INFO
[6.357s] writing dependency_links to ../build/p4pkg/p4pkg.egg-info/dependency_links.txt
[6.361s] writing entry points to ../build/p4pkg/p4pkg.egg-info/entry_points.txt
[6.363s] writing requirements to ../build/p4pkg/p4pkg.egg-info/requires.txt
[6.364s] writing top-level names to ../build/p4pkg/p4pkg.egg-info/top_level.txt
[6.465s] reading manifest file '../build/p4pkg/p4pkg.egg-info/SOURCES.txt'
[6.467s] writing manifest file '../build/p4pkg/p4pkg.egg-info/SOURCES.txt'
[6.469s] running build
[6.469s] running build_py
[6.470s] copying p4pkg/simulator.py -> /home/chase/project4/src/build/p4pkg/build/lib/p4pkg
[6.470s] running install
[6.477s] running install_lib
[6.481s] copying /home/chase/project4/src/build/p4pkg/build/lib/p4pkg/simulator.py -> /home/chase/project4/src/install/p4pkg/lib/python3.8/site-packages/p4pkg
[6.485s] byte-compiling /home/chase/project4/src/install/p4pkg/lib/python3.8/site-packages/p4pkg/simulator.py to simulator.cpython-38.pyc
[6.509s] running install_data
[6.511s] running install_egg_info
[6.518s] removing '/home/chase/project4/src/install/p4pkg/lib/python3.8/site-packages/p4pkg-0.0.0-py3.8.egg-info' (and everything under it)
[6.519s] Copying ../build/p4pkg/p4pkg.egg-info to /home/chase/project4/src/install/p4pkg/lib/python3.8/site-packages/p4pkg-0.0.0-py3.8.egg-info
[6.520s] running install_scripts
[6.573s] Installing simulator script to /home/chase/project4/src/install/p4pkg/lib/p4pkg
[6.577s] writing list of installed files to '/home/chase/project4/src/build/p4pkg/install.log'
[6.641s] Invoked command in '/home/chase/project4/src/p4pkg' returned '0': PYTHONPATH=/home/chase/project4/src/build/p4pkg/prefix_override:/home/chase/project4/src/install/p4pkg/lib/python3.8/site-packages:${PYTHONPATH} /usr/bin/python3 setup.py egg_info --egg-base ../build/p4pkg build --build-base /home/chase/project4/src/build/p4pkg/build install --record /home/chase/project4/src/build/p4pkg/install.log --single-version-externally-managed
