[11.253s] Invoking command in '/home/chase/project4/src/p4pkg': PYTHONPATH=/home/chase/project4/src/build/p4pkg/prefix_override:/home/chase/project4/src/install/p4pkg/lib/python3.8/site-packages:${PYTHONPATH} /usr/bin/python3 setup.py egg_info --egg-base ../build/p4pkg build --build-base /home/chase/project4/src/build/p4pkg/build install --record /home/chase/project4/src/build/p4pkg/install.log --single-version-externally-managed
[18.635s] running egg_info
[18.637s] writing ../build/p4pkg/p4pkg.egg-info/PKG-INFO
[18.642s] writing dependency_links to ../build/p4pkg/p4pkg.egg-info/dependency_links.txt
[18.650s] writing entry points to ../build/p4pkg/p4pkg.egg-info/entry_points.txt
[18.658s] writing requirements to ../build/p4pkg/p4pkg.egg-info/requires.txt
[18.668s] writing top-level names to ../build/p4pkg/p4pkg.egg-info/top_level.txt
[18.856s] reading manifest file '../build/p4pkg/p4pkg.egg-info/SOURCES.txt'
[18.858s] writing manifest file '../build/p4pkg/p4pkg.egg-info/SOURCES.txt'
[18.865s] running build
[18.865s] running build_py
[18.866s] running install
[18.871s] running install_lib
[18.873s] copying /home/chase/project4/src/build/p4pkg/build/lib/p4pkg/simulator.py -> /home/chase/project4/src/install/p4pkg/lib/python3.8/site-packages/p4pkg
[18.874s] copying /home/chase/project4/src/build/p4pkg/build/lib/p4pkg/world_reader.py -> /home/chase/project4/src/install/p4pkg/lib/python3.8/site-packages/p4pkg
[18.879s] byte-compiling /home/chase/project4/src/install/p4pkg/lib/python3.8/site-packages/p4pkg/simulator.py to simulator.cpython-38.pyc
[18.901s] byte-compiling /home/chase/project4/src/install/p4pkg/lib/python3.8/site-packages/p4pkg/world_reader.py to world_reader.cpython-38.pyc
[18.909s] running install_data
[18.912s] copying launch/launch.py -> /home/chase/project4/src/install/p4pkg/share/p4pkg
[18.913s] running install_egg_info
[18.941s] removing '/home/chase/project4/src/install/p4pkg/lib/python3.8/site-packages/p4pkg-0.0.0-py3.8.egg-info' (and everything under it)
[18.949s] Copying ../build/p4pkg/p4pkg.egg-info to /home/chase/project4/src/install/p4pkg/lib/python3.8/site-packages/p4pkg-0.0.0-py3.8.egg-info
[18.963s] running install_scripts
[19.151s] Installing simulator script to /home/chase/project4/src/install/p4pkg/lib/p4pkg
[19.173s] writing list of installed files to '/home/chase/project4/src/build/p4pkg/install.log'
[19.322s] Invoked command in '/home/chase/project4/src/p4pkg' returned '0': PYTHONPATH=/home/chase/project4/src/build/p4pkg/prefix_override:/home/chase/project4/src/install/p4pkg/lib/python3.8/site-packages:${PYTHONPATH} /usr/bin/python3 setup.py egg_info --egg-base ../build/p4pkg build --build-base /home/chase/project4/src/build/p4pkg/build install --record /home/chase/project4/src/build/p4pkg/install.log --single-version-externally-managed
