[7.121s] Invoking command in '/home/chase/project4/src/p4pkg': PYTHONPATH=/home/chase/project4/src/build/p4pkg/prefix_override:/home/chase/project4/src/install/p4pkg/lib/python3.8/site-packages:${PYTHONPATH} /usr/bin/python3 setup.py egg_info --egg-base ../build/p4pkg build --build-base /home/chase/project4/src/build/p4pkg/build install --record /home/chase/project4/src/build/p4pkg/install.log --single-version-externally-managed
[9.781s] running egg_info
[9.789s] writing ../build/p4pkg/p4pkg.egg-info/PKG-INFO
[9.812s] writing dependency_links to ../build/p4pkg/p4pkg.egg-info/dependency_links.txt
[9.822s] writing entry points to ../build/p4pkg/p4pkg.egg-info/entry_points.txt
[9.845s] writing requirements to ../build/p4pkg/p4pkg.egg-info/requires.txt
[9.846s] writing top-level names to ../build/p4pkg/p4pkg.egg-info/top_level.txt
[10.018s] reading manifest file '../build/p4pkg/p4pkg.egg-info/SOURCES.txt'
[10.031s] writing manifest file '../build/p4pkg/p4pkg.egg-info/SOURCES.txt'
[10.035s] running build
[10.036s] running build_py
[10.036s] copying p4pkg/simulator.py -> /home/chase/project4/src/build/p4pkg/build/lib/p4pkg
[10.043s] running install
[10.047s] running install_lib
[10.048s] copying /home/chase/project4/src/build/p4pkg/build/lib/p4pkg/simulator.py -> /home/chase/project4/src/install/p4pkg/lib/python3.8/site-packages/p4pkg
[10.051s] byte-compiling /home/chase/project4/src/install/p4pkg/lib/python3.8/site-packages/p4pkg/simulator.py to simulator.cpython-38.pyc
[10.083s] running install_data
[10.087s] running install_egg_info
[10.091s] removing '/home/chase/project4/src/install/p4pkg/lib/python3.8/site-packages/p4pkg-0.0.0-py3.8.egg-info' (and everything under it)
[10.092s] Copying ../build/p4pkg/p4pkg.egg-info to /home/chase/project4/src/install/p4pkg/lib/python3.8/site-packages/p4pkg-0.0.0-py3.8.egg-info
[10.105s] running install_scripts
[10.185s] Installing simulator script to /home/chase/project4/src/install/p4pkg/lib/p4pkg
[10.198s] writing list of installed files to '/home/chase/project4/src/build/p4pkg/install.log'
[10.270s] Invoked command in '/home/chase/project4/src/p4pkg' returned '0': PYTHONPATH=/home/chase/project4/src/build/p4pkg/prefix_override:/home/chase/project4/src/install/p4pkg/lib/python3.8/site-packages:${PYTHONPATH} /usr/bin/python3 setup.py egg_info --egg-base ../build/p4pkg build --build-base /home/chase/project4/src/build/p4pkg/build install --record /home/chase/project4/src/build/p4pkg/install.log --single-version-externally-managed
