[11.011s] Invoking command in '/home/chase/project4/src/p4pkg': PYTHONPATH=/home/chase/project4/src/build/p4pkg/prefix_override:/home/chase/project4/src/install/p4pkg/lib/python3.8/site-packages:${PYTHONPATH} /usr/bin/python3 setup.py egg_info --egg-base ../build/p4pkg build --build-base /home/chase/project4/src/build/p4pkg/build install --record /home/chase/project4/src/build/p4pkg/install.log --single-version-externally-managed
[16.006s] running egg_info
[16.023s] writing ../build/p4pkg/p4pkg.egg-info/PKG-INFO
[16.034s] writing dependency_links to ../build/p4pkg/p4pkg.egg-info/dependency_links.txt
[16.039s] writing entry points to ../build/p4pkg/p4pkg.egg-info/entry_points.txt
[16.050s] writing requirements to ../build/p4pkg/p4pkg.egg-info/requires.txt
[16.052s] writing top-level names to ../build/p4pkg/p4pkg.egg-info/top_level.txt
[16.332s] reading manifest file '../build/p4pkg/p4pkg.egg-info/SOURCES.txt'
[16.342s] writing manifest file '../build/p4pkg/p4pkg.egg-info/SOURCES.txt'
[16.350s] running build
[16.350s] running build_py
[16.351s] running install
[16.357s] running install_lib
[16.363s] running install_data
[16.364s] copying launch/launch.py -> /home/chase/project4/src/install/p4pkg/share/p4pkg
[16.364s] running install_egg_info
[16.390s] removing '/home/chase/project4/src/install/p4pkg/lib/python3.8/site-packages/p4pkg-0.0.0-py3.8.egg-info' (and everything under it)
[16.391s] Copying ../build/p4pkg/p4pkg.egg-info to /home/chase/project4/src/install/p4pkg/lib/python3.8/site-packages/p4pkg-0.0.0-py3.8.egg-info
[16.392s] running install_scripts
[16.523s] Installing simulator script to /home/chase/project4/src/install/p4pkg/lib/p4pkg
[16.525s] writing list of installed files to '/home/chase/project4/src/build/p4pkg/install.log'
[16.658s] Invoked command in '/home/chase/project4/src/p4pkg' returned '0': PYTHONPATH=/home/chase/project4/src/build/p4pkg/prefix_override:/home/chase/project4/src/install/p4pkg/lib/python3.8/site-packages:${PYTHONPATH} /usr/bin/python3 setup.py egg_info --egg-base ../build/p4pkg build --build-base /home/chase/project4/src/build/p4pkg/build install --record /home/chase/project4/src/build/p4pkg/install.log --single-version-externally-managed
