[10.164s] Invoking command in '/home/chase/project4/src/p4pkg': PYTHONPATH=/home/chase/project4/src/build/p4pkg/prefix_override:/home/chase/project4/src/install/p4pkg/lib/python3.8/site-packages:${PYTHONPATH} /usr/bin/python3 setup.py egg_info --egg-base ../build/p4pkg build --build-base /home/chase/project4/src/build/p4pkg/build install --record /home/chase/project4/src/build/p4pkg/install.log --single-version-externally-managed
[15.237s] running egg_info
[15.239s] writing ../build/p4pkg/p4pkg.egg-info/PKG-INFO
[15.248s] writing dependency_links to ../build/p4pkg/p4pkg.egg-info/dependency_links.txt
[15.259s] writing entry points to ../build/p4pkg/p4pkg.egg-info/entry_points.txt
[15.269s] writing requirements to ../build/p4pkg/p4pkg.egg-info/requires.txt
[15.289s] writing top-level names to ../build/p4pkg/p4pkg.egg-info/top_level.txt
[15.709s] reading manifest file '../build/p4pkg/p4pkg.egg-info/SOURCES.txt'
[15.717s] writing manifest file '../build/p4pkg/p4pkg.egg-info/SOURCES.txt'
[15.732s] running build
[15.739s] running build_py
[15.740s] running install
[15.761s] running install_lib
[15.784s] running install_data
[15.789s] copying launch/launch.py -> /home/chase/project4/src/install/p4pkg/share/p4pkg
[15.790s] running install_egg_info
[15.801s] removing '/home/chase/project4/src/install/p4pkg/lib/python3.8/site-packages/p4pkg-0.0.0-py3.8.egg-info' (and everything under it)
[15.802s] Copying ../build/p4pkg/p4pkg.egg-info to /home/chase/project4/src/install/p4pkg/lib/python3.8/site-packages/p4pkg-0.0.0-py3.8.egg-info
[15.821s] running install_scripts
[15.964s] Installing simulator script to /home/chase/project4/src/install/p4pkg/lib/p4pkg
[15.967s] writing list of installed files to '/home/chase/project4/src/build/p4pkg/install.log'
[16.103s] Invoked command in '/home/chase/project4/src/p4pkg' returned '0': PYTHONPATH=/home/chase/project4/src/build/p4pkg/prefix_override:/home/chase/project4/src/install/p4pkg/lib/python3.8/site-packages:${PYTHONPATH} /usr/bin/python3 setup.py egg_info --egg-base ../build/p4pkg build --build-base /home/chase/project4/src/build/p4pkg/build install --record /home/chase/project4/src/build/p4pkg/install.log --single-version-externally-managed
