[26.348s] Invoking command in '/home/chase/project4/src/p4pkg': PYTHONPATH=/home/chase/project4/src/build/p4pkg/prefix_override:/home/chase/project4/src/install/p4pkg/lib/python3.8/site-packages:${PYTHONPATH} /usr/bin/python3 setup.py egg_info --egg-base ../build/p4pkg build --build-base /home/chase/project4/src/build/p4pkg/build install --record /home/chase/project4/src/build/p4pkg/install.log --single-version-externally-managed
[34.965s] running egg_info
[34.976s] writing ../build/p4pkg/p4pkg.egg-info/PKG-INFO
[34.979s] writing dependency_links to ../build/p4pkg/p4pkg.egg-info/dependency_links.txt
[34.982s] writing entry points to ../build/p4pkg/p4pkg.egg-info/entry_points.txt
[34.995s] writing requirements to ../build/p4pkg/p4pkg.egg-info/requires.txt
[35.001s] writing top-level names to ../build/p4pkg/p4pkg.egg-info/top_level.txt
[35.425s] reading manifest file '../build/p4pkg/p4pkg.egg-info/SOURCES.txt'
[35.433s] writing manifest file '../build/p4pkg/p4pkg.egg-info/SOURCES.txt'
[35.450s] running build
[35.450s] running build_py
[35.451s] copying p4pkg/simulator.py -> /home/chase/project4/src/build/p4pkg/build/lib/p4pkg
[35.454s] running install
[35.473s] running install_lib
[35.492s] copying /home/chase/project4/src/build/p4pkg/build/lib/p4pkg/simulator.py -> /home/chase/project4/src/install/p4pkg/lib/python3.8/site-packages/p4pkg
[35.579s] byte-compiling /home/chase/project4/src/install/p4pkg/lib/python3.8/site-packages/p4pkg/simulator.py to simulator.cpython-38.pyc
[35.608s] running install_data
[35.611s] running install_egg_info
[35.651s] removing '/home/chase/project4/src/install/p4pkg/lib/python3.8/site-packages/p4pkg-0.0.0-py3.8.egg-info' (and everything under it)
[35.667s] Copying ../build/p4pkg/p4pkg.egg-info to /home/chase/project4/src/install/p4pkg/lib/python3.8/site-packages/p4pkg-0.0.0-py3.8.egg-info
[35.674s] running install_scripts
[35.933s] Installing simulator script to /home/chase/project4/src/install/p4pkg/lib/p4pkg
[35.946s] writing list of installed files to '/home/chase/project4/src/build/p4pkg/install.log'
[36.183s] Invoked command in '/home/chase/project4/src/p4pkg' returned '0': PYTHONPATH=/home/chase/project4/src/build/p4pkg/prefix_override:/home/chase/project4/src/install/p4pkg/lib/python3.8/site-packages:${PYTHONPATH} /usr/bin/python3 setup.py egg_info --egg-base ../build/p4pkg build --build-base /home/chase/project4/src/build/p4pkg/build install --record /home/chase/project4/src/build/p4pkg/install.log --single-version-externally-managed
