[13.785s] Invoking command in '/home/chase/project4/src/p4pkg': PYTHONPATH=/home/chase/project4/src/build/p4pkg/prefix_override:/home/chase/project4/src/install/p4pkg/lib/python3.8/site-packages:${PYTHONPATH} /usr/bin/python3 setup.py egg_info --egg-base ../build/p4pkg build --build-base /home/chase/project4/src/build/p4pkg/build install --record /home/chase/project4/src/build/p4pkg/install.log --single-version-externally-managed
[18.957s] running egg_info
[18.958s] writing ../build/p4pkg/p4pkg.egg-info/PKG-INFO
[18.960s] writing dependency_links to ../build/p4pkg/p4pkg.egg-info/dependency_links.txt
[18.963s] writing entry points to ../build/p4pkg/p4pkg.egg-info/entry_points.txt
[18.976s] writing requirements to ../build/p4pkg/p4pkg.egg-info/requires.txt
[18.994s] writing top-level names to ../build/p4pkg/p4pkg.egg-info/top_level.txt
[19.212s] reading manifest file '../build/p4pkg/p4pkg.egg-info/SOURCES.txt'
[19.228s] writing manifest file '../build/p4pkg/p4pkg.egg-info/SOURCES.txt'
[19.230s] running build
[19.230s] running build_py
[19.231s] copying p4pkg/simulator.py -> /home/chase/project4/src/build/p4pkg/build/lib/p4pkg
[19.233s] running install
[19.262s] running install_lib
[19.264s] copying /home/chase/project4/src/build/p4pkg/build/lib/p4pkg/simulator.py -> /home/chase/project4/src/install/p4pkg/lib/python3.8/site-packages/p4pkg
[19.267s] byte-compiling /home/chase/project4/src/install/p4pkg/lib/python3.8/site-packages/p4pkg/simulator.py to simulator.cpython-38.pyc
[19.286s] running install_data
[19.287s] running install_egg_info
[19.292s] removing '/home/chase/project4/src/install/p4pkg/lib/python3.8/site-packages/p4pkg-0.0.0-py3.8.egg-info' (and everything under it)
[19.292s] Copying ../build/p4pkg/p4pkg.egg-info to /home/chase/project4/src/install/p4pkg/lib/python3.8/site-packages/p4pkg-0.0.0-py3.8.egg-info
[19.299s] running install_scripts
[19.452s] Installing simulator script to /home/chase/project4/src/install/p4pkg/lib/p4pkg
[19.477s] writing list of installed files to '/home/chase/project4/src/build/p4pkg/install.log'
[19.643s] Invoked command in '/home/chase/project4/src/p4pkg' returned '0': PYTHONPATH=/home/chase/project4/src/build/p4pkg/prefix_override:/home/chase/project4/src/install/p4pkg/lib/python3.8/site-packages:${PYTHONPATH} /usr/bin/python3 setup.py egg_info --egg-base ../build/p4pkg build --build-base /home/chase/project4/src/build/p4pkg/build install --record /home/chase/project4/src/build/p4pkg/install.log --single-version-externally-managed
