[4.409s] Invoking command in '/home/chase/project4/src/p4pkg': PYTHONPATH=/home/chase/project4/src/build/p4pkg/prefix_override:/home/chase/project4/src/install/p4pkg/lib/python3.8/site-packages:${PYTHONPATH} /usr/bin/python3 setup.py egg_info --egg-base ../build/p4pkg build --build-base /home/chase/project4/src/build/p4pkg/build install --record /home/chase/project4/src/build/p4pkg/install.log --single-version-externally-managed
[6.152s] running egg_info
[6.153s] writing ../build/p4pkg/p4pkg.egg-info/PKG-INFO
[6.160s] writing dependency_links to ../build/p4pkg/p4pkg.egg-info/dependency_links.txt
[6.166s] writing entry points to ../build/p4pkg/p4pkg.egg-info/entry_points.txt
[6.168s] writing requirements to ../build/p4pkg/p4pkg.egg-info/requires.txt
[6.172s] writing top-level names to ../build/p4pkg/p4pkg.egg-info/top_level.txt
[6.269s] reading manifest file '../build/p4pkg/p4pkg.egg-info/SOURCES.txt'
[6.270s] writing manifest file '../build/p4pkg/p4pkg.egg-info/SOURCES.txt'
[6.277s] running build
[6.277s] running build_py
[6.277s] copying p4pkg/simulator.py -> /home/chase/project4/src/build/p4pkg/build/lib/p4pkg
[6.278s] running install
[6.285s] running install_lib
[6.288s] copying /home/chase/project4/src/build/p4pkg/build/lib/p4pkg/simulator.py -> /home/chase/project4/src/install/p4pkg/lib/python3.8/site-packages/p4pkg
[6.292s] byte-compiling /home/chase/project4/src/install/p4pkg/lib/python3.8/site-packages/p4pkg/simulator.py to simulator.cpython-38.pyc
[6.301s] running install_data
[6.306s] running install_egg_info
[6.312s] removing '/home/chase/project4/src/install/p4pkg/lib/python3.8/site-packages/p4pkg-0.0.0-py3.8.egg-info' (and everything under it)
[6.313s] Copying ../build/p4pkg/p4pkg.egg-info to /home/chase/project4/src/install/p4pkg/lib/python3.8/site-packages/p4pkg-0.0.0-py3.8.egg-info
[6.314s] running install_scripts
[6.387s] Installing simulator script to /home/chase/project4/src/install/p4pkg/lib/p4pkg
[6.390s] writing list of installed files to '/home/chase/project4/src/build/p4pkg/install.log'
[6.448s] Invoked command in '/home/chase/project4/src/p4pkg' returned '0': PYTHONPATH=/home/chase/project4/src/build/p4pkg/prefix_override:/home/chase/project4/src/install/p4pkg/lib/python3.8/site-packages:${PYTHONPATH} /usr/bin/python3 setup.py egg_info --egg-base ../build/p4pkg build --build-base /home/chase/project4/src/build/p4pkg/build install --record /home/chase/project4/src/build/p4pkg/install.log --single-version-externally-managed
