[7.052s] Invoking command in '/home/chase/project4/src/p4pkg': PYTHONPATH=/home/chase/project4/src/build/p4pkg/prefix_override:/home/chase/project4/src/install/p4pkg/lib/python3.8/site-packages:${PYTHONPATH} /usr/bin/python3 setup.py egg_info --egg-base ../build/p4pkg build --build-base /home/chase/project4/src/build/p4pkg/build install --record /home/chase/project4/src/build/p4pkg/install.log --single-version-externally-managed
[9.989s] running egg_info
[9.991s] writing ../build/p4pkg/p4pkg.egg-info/PKG-INFO
[9.993s] writing dependency_links to ../build/p4pkg/p4pkg.egg-info/dependency_links.txt
[9.994s] writing entry points to ../build/p4pkg/p4pkg.egg-info/entry_points.txt
[9.996s] writing requirements to ../build/p4pkg/p4pkg.egg-info/requires.txt
[10.004s] writing top-level names to ../build/p4pkg/p4pkg.egg-info/top_level.txt
[10.120s] reading manifest file '../build/p4pkg/p4pkg.egg-info/SOURCES.txt'
[10.122s] writing manifest file '../build/p4pkg/p4pkg.egg-info/SOURCES.txt'
[10.129s] running build
[10.129s] running build_py
[10.130s] running install
[10.140s] running install_lib
[10.148s] running install_data
[10.158s] running install_egg_info
[10.187s] removing '/home/chase/project4/src/install/p4pkg/lib/python3.8/site-packages/p4pkg-0.0.0-py3.8.egg-info' (and everything under it)
[10.188s] Copying ../build/p4pkg/p4pkg.egg-info to /home/chase/project4/src/install/p4pkg/lib/python3.8/site-packages/p4pkg-0.0.0-py3.8.egg-info
[10.192s] running install_scripts
[10.273s] Installing simulator script to /home/chase/project4/src/install/p4pkg/lib/p4pkg
[10.290s] writing list of installed files to '/home/chase/project4/src/build/p4pkg/install.log'
[10.375s] Invoked command in '/home/chase/project4/src/p4pkg' returned '0': PYTHONPATH=/home/chase/project4/src/build/p4pkg/prefix_override:/home/chase/project4/src/install/p4pkg/lib/python3.8/site-packages:${PYTHONPATH} /usr/bin/python3 setup.py egg_info --egg-base ../build/p4pkg build --build-base /home/chase/project4/src/build/p4pkg/build install --record /home/chase/project4/src/build/p4pkg/install.log --single-version-externally-managed
