[1.882s] DEBUG:colcon:Command line arguments: ['/usr/bin/colcon', 'build']
[1.883s] DEBUG:colcon:Parsed command line arguments: Namespace(allow_overriding=[], ament_cmake_args=None, base_paths=['.'], build_base='build', catkin_cmake_args=None, catkin_skip_building_tests=False, cmake_args=None, cmake_clean_cache=False, cmake_clean_first=False, cmake_force_configure=False, cmake_target=None, cmake_target_skip_unavailable=False, continue_on_error=False, event_handlers=None, executor='parallel', ignore_user_meta=False, install_base='install', log_base=None, log_level=None, main=<bound method BuildVerb.main of <colcon_core.verb.build.BuildVerb object at 0x7f3d3dce43d0>>, merge_install=False, metas=['./colcon.meta'], packages_above=None, packages_above_and_dependencies=None, packages_above_depth=None, packages_end=None, packages_ignore=None, packages_ignore_regex=None, packages_select=None, packages_select_build_failed=False, packages_select_by_dep=None, packages_select_regex=None, packages_select_test_failures=False, packages_skip=None, packages_skip_build_finished=False, packages_skip_by_dep=None, packages_skip_regex=None, packages_skip_test_passed=False, packages_skip_up_to=None, packages_start=None, packages_up_to=None, packages_up_to_regex=None, parallel_workers=1, paths=None, symlink_install=False, test_result_base=None, verb_extension=<colcon_core.verb.build.BuildVerb object at 0x7f3d3dce43d0>, verb_name='build', verb_parser=<colcon_defaults.argument_parser.defaults.DefaultArgumentsDecorator object at 0x7f3d3dce4910>)
[2.088s] Level 1:colcon.colcon_core.package_discovery:discover_packages(colcon_meta) check parameters
[2.088s] Level 1:colcon.colcon_core.package_discovery:discover_packages(recursive) check parameters
[2.088s] Level 1:colcon.colcon_core.package_discovery:discover_packages(ignore) check parameters
[2.088s] Level 1:colcon.colcon_core.package_discovery:discover_packages(path) check parameters
[2.088s] Level 1:colcon.colcon_core.package_discovery:discover_packages(colcon_meta) discover
[2.088s] Level 1:colcon.colcon_core.package_discovery:discover_packages(recursive) discover
[2.088s] INFO:colcon.colcon_core.package_discovery:Crawling recursively for packages in '/home/chase/project4/src'
[2.088s] Level 1:colcon.colcon_core.package_identification:_identify(.) by extensions ['ignore', 'ignore_ament_install']
[2.088s] Level 1:colcon.colcon_core.package_identification:_identify(.) by extension 'ignore'
[2.088s] Level 1:colcon.colcon_core.package_identification:_identify(.) by extension 'ignore_ament_install'
[2.089s] Level 1:colcon.colcon_core.package_identification:_identify(.) by extensions ['colcon_pkg']
[2.089s] Level 1:colcon.colcon_core.package_identification:_identify(.) by extension 'colcon_pkg'
[2.089s] Level 1:colcon.colcon_core.package_identification:_identify(.) by extensions ['colcon_meta']
[2.089s] Level 1:colcon.colcon_core.package_identification:_identify(.) by extension 'colcon_meta'
[2.089s] Level 1:colcon.colcon_core.package_identification:_identify(.) by extensions ['ros']
[2.089s] Level 1:colcon.colcon_core.package_identification:_identify(.) by extension 'ros'
[2.119s] Level 1:colcon.colcon_core.package_identification:_identify(.) by extensions ['cmake', 'python']
[2.119s] Level 1:colcon.colcon_core.package_identification:_identify(.) by extension 'cmake'
[2.119s] Level 1:colcon.colcon_core.package_identification:_identify(.) by extension 'python'
[2.119s] Level 1:colcon.colcon_core.package_identification:_identify(.) by extensions ['python_setup_py']
[2.119s] Level 1:colcon.colcon_core.package_identification:_identify(.) by extension 'python_setup_py'
[2.119s] Level 1:colcon.colcon_core.package_identification:_identify(bags) by extensions ['ignore', 'ignore_ament_install']
[2.119s] Level 1:colcon.colcon_core.package_identification:_identify(bags) by extension 'ignore'
[2.119s] Level 1:colcon.colcon_core.package_identification:_identify(bags) by extension 'ignore_ament_install'
[2.119s] Level 1:colcon.colcon_core.package_identification:_identify(bags) by extensions ['colcon_pkg']
[2.119s] Level 1:colcon.colcon_core.package_identification:_identify(bags) by extension 'colcon_pkg'
[2.119s] Level 1:colcon.colcon_core.package_identification:_identify(bags) by extensions ['colcon_meta']
[2.119s] Level 1:colcon.colcon_core.package_identification:_identify(bags) by extension 'colcon_meta'
[2.120s] Level 1:colcon.colcon_core.package_identification:_identify(bags) by extensions ['ros']
[2.120s] Level 1:colcon.colcon_core.package_identification:_identify(bags) by extension 'ros'
[2.120s] Level 1:colcon.colcon_core.package_identification:_identify(bags) by extensions ['cmake', 'python']
[2.120s] Level 1:colcon.colcon_core.package_identification:_identify(bags) by extension 'cmake'
[2.120s] Level 1:colcon.colcon_core.package_identification:_identify(bags) by extension 'python'
[2.120s] Level 1:colcon.colcon_core.package_identification:_identify(bags) by extensions ['python_setup_py']
[2.120s] Level 1:colcon.colcon_core.package_identification:_identify(bags) by extension 'python_setup_py'
[2.120s] Level 1:colcon.colcon_core.package_identification:_identify(bags/input1) by extensions ['ignore', 'ignore_ament_install']
[2.120s] Level 1:colcon.colcon_core.package_identification:_identify(bags/input1) by extension 'ignore'
[2.120s] Level 1:colcon.colcon_core.package_identification:_identify(bags/input1) by extension 'ignore_ament_install'
[2.120s] Level 1:colcon.colcon_core.package_identification:_identify(bags/input1) by extensions ['colcon_pkg']
[2.120s] Level 1:colcon.colcon_core.package_identification:_identify(bags/input1) by extension 'colcon_pkg'
[2.120s] Level 1:colcon.colcon_core.package_identification:_identify(bags/input1) by extensions ['colcon_meta']
[2.120s] Level 1:colcon.colcon_core.package_identification:_identify(bags/input1) by extension 'colcon_meta'
[2.120s] Level 1:colcon.colcon_core.package_identification:_identify(bags/input1) by extensions ['ros']
[2.120s] Level 1:colcon.colcon_core.package_identification:_identify(bags/input1) by extension 'ros'
[2.121s] Level 1:colcon.colcon_core.package_identification:_identify(bags/input1) by extensions ['cmake', 'python']
[2.121s] Level 1:colcon.colcon_core.package_identification:_identify(bags/input1) by extension 'cmake'
[2.121s] Level 1:colcon.colcon_core.package_identification:_identify(bags/input1) by extension 'python'
[2.121s] Level 1:colcon.colcon_core.package_identification:_identify(bags/input1) by extensions ['python_setup_py']
[2.121s] Level 1:colcon.colcon_core.package_identification:_identify(bags/input1) by extension 'python_setup_py'
[2.121s] Level 1:colcon.colcon_core.package_identification:_identify(bags/input2) by extensions ['ignore', 'ignore_ament_install']
[2.121s] Level 1:colcon.colcon_core.package_identification:_identify(bags/input2) by extension 'ignore'
[2.121s] Level 1:colcon.colcon_core.package_identification:_identify(bags/input2) by extension 'ignore_ament_install'
[2.121s] Level 1:colcon.colcon_core.package_identification:_identify(bags/input2) by extensions ['colcon_pkg']
[2.121s] Level 1:colcon.colcon_core.package_identification:_identify(bags/input2) by extension 'colcon_pkg'
[2.121s] Level 1:colcon.colcon_core.package_identification:_identify(bags/input2) by extensions ['colcon_meta']
[2.121s] Level 1:colcon.colcon_core.package_identification:_identify(bags/input2) by extension 'colcon_meta'
[2.121s] Level 1:colcon.colcon_core.package_identification:_identify(bags/input2) by extensions ['ros']
[2.121s] Level 1:colcon.colcon_core.package_identification:_identify(bags/input2) by extension 'ros'
[2.122s] Level 1:colcon.colcon_core.package_identification:_identify(bags/input2) by extensions ['cmake', 'python']
[2.122s] Level 1:colcon.colcon_core.package_identification:_identify(bags/input2) by extension 'cmake'
[2.122s] Level 1:colcon.colcon_core.package_identification:_identify(bags/input2) by extension 'python'
[2.122s] Level 1:colcon.colcon_core.package_identification:_identify(bags/input2) by extensions ['python_setup_py']
[2.122s] Level 1:colcon.colcon_core.package_identification:_identify(bags/input2) by extension 'python_setup_py'
[2.122s] Level 1:colcon.colcon_core.package_identification:_identify(bags/input3) by extensions ['ignore', 'ignore_ament_install']
[2.122s] Level 1:colcon.colcon_core.package_identification:_identify(bags/input3) by extension 'ignore'
[2.122s] Level 1:colcon.colcon_core.package_identification:_identify(bags/input3) by extension 'ignore_ament_install'
[2.122s] Level 1:colcon.colcon_core.package_identification:_identify(bags/input3) by extensions ['colcon_pkg']
[2.122s] Level 1:colcon.colcon_core.package_identification:_identify(bags/input3) by extension 'colcon_pkg'
[2.122s] Level 1:colcon.colcon_core.package_identification:_identify(bags/input3) by extensions ['colcon_meta']
[2.122s] Level 1:colcon.colcon_core.package_identification:_identify(bags/input3) by extension 'colcon_meta'
[2.122s] Level 1:colcon.colcon_core.package_identification:_identify(bags/input3) by extensions ['ros']
[2.122s] Level 1:colcon.colcon_core.package_identification:_identify(bags/input3) by extension 'ros'
[2.122s] Level 1:colcon.colcon_core.package_identification:_identify(bags/input3) by extensions ['cmake', 'python']
[2.122s] Level 1:colcon.colcon_core.package_identification:_identify(bags/input3) by extension 'cmake'
[2.123s] Level 1:colcon.colcon_core.package_identification:_identify(bags/input3) by extension 'python'
[2.123s] Level 1:colcon.colcon_core.package_identification:_identify(bags/input3) by extensions ['python_setup_py']
[2.123s] Level 1:colcon.colcon_core.package_identification:_identify(bags/input3) by extension 'python_setup_py'
[2.123s] Level 1:colcon.colcon_core.package_identification:_identify(bags/input4) by extensions ['ignore', 'ignore_ament_install']
[2.123s] Level 1:colcon.colcon_core.package_identification:_identify(bags/input4) by extension 'ignore'
[2.123s] Level 1:colcon.colcon_core.package_identification:_identify(bags/input4) by extension 'ignore_ament_install'
[2.123s] Level 1:colcon.colcon_core.package_identification:_identify(bags/input4) by extensions ['colcon_pkg']
[2.123s] Level 1:colcon.colcon_core.package_identification:_identify(bags/input4) by extension 'colcon_pkg'
[2.123s] Level 1:colcon.colcon_core.package_identification:_identify(bags/input4) by extensions ['colcon_meta']
[2.123s] Level 1:colcon.colcon_core.package_identification:_identify(bags/input4) by extension 'colcon_meta'
[2.123s] Level 1:colcon.colcon_core.package_identification:_identify(bags/input4) by extensions ['ros']
[2.123s] Level 1:colcon.colcon_core.package_identification:_identify(bags/input4) by extension 'ros'
[2.123s] Level 1:colcon.colcon_core.package_identification:_identify(bags/input4) by extensions ['cmake', 'python']
[2.123s] Level 1:colcon.colcon_core.package_identification:_identify(bags/input4) by extension 'cmake'
[2.123s] Level 1:colcon.colcon_core.package_identification:_identify(bags/input4) by extension 'python'
[2.123s] Level 1:colcon.colcon_core.package_identification:_identify(bags/input4) by extensions ['python_setup_py']
[2.123s] Level 1:colcon.colcon_core.package_identification:_identify(bags/input4) by extension 'python_setup_py'
[2.135s] Level 1:colcon.colcon_core.package_identification:_identify(bags/input5) by extensions ['ignore', 'ignore_ament_install']
[2.135s] Level 1:colcon.colcon_core.package_identification:_identify(bags/input5) by extension 'ignore'
[2.135s] Level 1:colcon.colcon_core.package_identification:_identify(bags/input5) by extension 'ignore_ament_install'
[2.135s] Level 1:colcon.colcon_core.package_identification:_identify(bags/input5) by extensions ['colcon_pkg']
[2.136s] Level 1:colcon.colcon_core.package_identification:_identify(bags/input5) by extension 'colcon_pkg'
[2.136s] Level 1:colcon.colcon_core.package_identification:_identify(bags/input5) by extensions ['colcon_meta']
[2.136s] Level 1:colcon.colcon_core.package_identification:_identify(bags/input5) by extension 'colcon_meta'
[2.136s] Level 1:colcon.colcon_core.package_identification:_identify(bags/input5) by extensions ['ros']
[2.136s] Level 1:colcon.colcon_core.package_identification:_identify(bags/input5) by extension 'ros'
[2.136s] Level 1:colcon.colcon_core.package_identification:_identify(bags/input5) by extensions ['cmake', 'python']
[2.136s] Level 1:colcon.colcon_core.package_identification:_identify(bags/input5) by extension 'cmake'
[2.136s] Level 1:colcon.colcon_core.package_identification:_identify(bags/input5) by extension 'python'
[2.136s] Level 1:colcon.colcon_core.package_identification:_identify(bags/input5) by extensions ['python_setup_py']
[2.136s] Level 1:colcon.colcon_core.package_identification:_identify(bags/input5) by extension 'python_setup_py'
[2.136s] Level 1:colcon.colcon_core.package_identification:_identify(build) by extensions ['ignore', 'ignore_ament_install']
[2.136s] Level 1:colcon.colcon_core.package_identification:_identify(build) by extension 'ignore'
[2.136s] Level 1:colcon.colcon_core.package_identification:_identify(build) ignored
[2.137s] Level 1:colcon.colcon_core.package_identification:_identify(install) by extensions ['ignore', 'ignore_ament_install']
[2.137s] Level 1:colcon.colcon_core.package_identification:_identify(install) by extension 'ignore'
[2.137s] Level 1:colcon.colcon_core.package_identification:_identify(install) ignored
[2.137s] Level 1:colcon.colcon_core.package_identification:_identify(log) by extensions ['ignore', 'ignore_ament_install']
[2.137s] Level 1:colcon.colcon_core.package_identification:_identify(log) by extension 'ignore'
[2.137s] Level 1:colcon.colcon_core.package_identification:_identify(log) ignored
[2.137s] Level 1:colcon.colcon_core.package_identification:_identify(p4pkg) by extensions ['ignore', 'ignore_ament_install']
[2.137s] Level 1:colcon.colcon_core.package_identification:_identify(p4pkg) by extension 'ignore'
[2.138s] Level 1:colcon.colcon_core.package_identification:_identify(p4pkg) by extension 'ignore_ament_install'
[2.138s] Level 1:colcon.colcon_core.package_identification:_identify(p4pkg) by extensions ['colcon_pkg']
[2.138s] Level 1:colcon.colcon_core.package_identification:_identify(p4pkg) by extension 'colcon_pkg'
[2.138s] Level 1:colcon.colcon_core.package_identification:_identify(p4pkg) by extensions ['colcon_meta']
[2.138s] Level 1:colcon.colcon_core.package_identification:_identify(p4pkg) by extension 'colcon_meta'
[2.138s] Level 1:colcon.colcon_core.package_identification:_identify(p4pkg) by extensions ['ros']
[2.138s] Level 1:colcon.colcon_core.package_identification:_identify(p4pkg) by extension 'ros'
[2.141s] DEBUG:colcon.colcon_core.package_identification:Package 'p4pkg' with type 'ros.ament_python' and name 'p4pkg'
[2.141s] Level 1:colcon.colcon_core.package_identification:_identify(teleop_twist_keyboard) by extensions ['ignore', 'ignore_ament_install']
[2.141s] Level 1:colcon.colcon_core.package_identification:_identify(teleop_twist_keyboard) by extension 'ignore'
[2.141s] Level 1:colcon.colcon_core.package_identification:_identify(teleop_twist_keyboard) by extension 'ignore_ament_install'
[2.141s] Level 1:colcon.colcon_core.package_identification:_identify(teleop_twist_keyboard) by extensions ['colcon_pkg']
[2.141s] Level 1:colcon.colcon_core.package_identification:_identify(teleop_twist_keyboard) by extension 'colcon_pkg'
[2.141s] Level 1:colcon.colcon_core.package_identification:_identify(teleop_twist_keyboard) by extensions ['colcon_meta']
[2.141s] Level 1:colcon.colcon_core.package_identification:_identify(teleop_twist_keyboard) by extension 'colcon_meta'
[2.142s] Level 1:colcon.colcon_core.package_identification:_identify(teleop_twist_keyboard) by extensions ['ros']
[2.142s] Level 1:colcon.colcon_core.package_identification:_identify(teleop_twist_keyboard) by extension 'ros'
[2.142s] DEBUG:colcon.colcon_core.package_identification:Package 'teleop_twist_keyboard' with type 'ros.ament_python' and name 'teleop_twist_keyboard'
[2.142s] Level 1:colcon.colcon_core.package_discovery:discover_packages(recursive) using defaults
[2.142s] Level 1:colcon.colcon_core.package_discovery:discover_packages(ignore) discover
[2.142s] Level 1:colcon.colcon_core.package_discovery:discover_packages(ignore) using defaults
[2.142s] Level 1:colcon.colcon_core.package_discovery:discover_packages(path) discover
[2.142s] Level 1:colcon.colcon_core.package_discovery:discover_packages(path) using defaults
[2.276s] Level 1:colcon.colcon_core.package_discovery:discover_packages(prefix_path) check parameters
[2.276s] Level 1:colcon.colcon_core.package_discovery:discover_packages(prefix_path) discover
[2.320s] DEBUG:colcon.colcon_installed_package_information.package_discovery:Found 6 installed packages in /home/chase/project4/src/install
[2.335s] DEBUG:colcon.colcon_installed_package_information.package_discovery:Found 325 installed packages in /home/chase/ros2_humble/install
[2.349s] Level 1:colcon.colcon_core.package_discovery:discover_packages(prefix_path) using defaults
[2.425s] Level 5:colcon.colcon_core.verb:set package 'p4pkg' build argument 'cmake_args' from command line to 'None'
[2.425s] Level 5:colcon.colcon_core.verb:set package 'p4pkg' build argument 'cmake_target' from command line to 'None'
[2.425s] Level 5:colcon.colcon_core.verb:set package 'p4pkg' build argument 'cmake_target_skip_unavailable' from command line to 'False'
[2.425s] Level 5:colcon.colcon_core.verb:set package 'p4pkg' build argument 'cmake_clean_cache' from command line to 'False'
[2.425s] Level 5:colcon.colcon_core.verb:set package 'p4pkg' build argument 'cmake_clean_first' from command line to 'False'
[2.425s] Level 5:colcon.colcon_core.verb:set package 'p4pkg' build argument 'cmake_force_configure' from command line to 'False'
[2.425s] Level 5:colcon.colcon_core.verb:set package 'p4pkg' build argument 'ament_cmake_args' from command line to 'None'
[2.425s] Level 5:colcon.colcon_core.verb:set package 'p4pkg' build argument 'catkin_cmake_args' from command line to 'None'
[2.425s] Level 5:colcon.colcon_core.verb:set package 'p4pkg' build argument 'catkin_skip_building_tests' from command line to 'False'
[2.425s] DEBUG:colcon.colcon_core.verb:Building package 'p4pkg' with the following arguments: {'ament_cmake_args': None, 'build_base': '/home/chase/project4/src/build/p4pkg', 'catkin_cmake_args': None, 'catkin_skip_building_tests': False, 'cmake_args': None, 'cmake_clean_cache': False, 'cmake_clean_first': False, 'cmake_force_configure': False, 'cmake_target': None, 'cmake_target_skip_unavailable': False, 'install_base': '/home/chase/project4/src/install/p4pkg', 'merge_install': False, 'path': '/home/chase/project4/src/p4pkg', 'symlink_install': False, 'test_result_base': None}
[2.428s] Level 5:colcon.colcon_core.verb:set package 'teleop_twist_keyboard' build argument 'cmake_args' from command line to 'None'
[2.428s] Level 5:colcon.colcon_core.verb:set package 'teleop_twist_keyboard' build argument 'cmake_target' from command line to 'None'
[2.428s] Level 5:colcon.colcon_core.verb:set package 'teleop_twist_keyboard' build argument 'cmake_target_skip_unavailable' from command line to 'False'
[2.428s] Level 5:colcon.colcon_core.verb:set package 'teleop_twist_keyboard' build argument 'cmake_clean_cache' from command line to 'False'
[2.428s] Level 5:colcon.colcon_core.verb:set package 'teleop_twist_keyboard' build argument 'cmake_clean_first' from command line to 'False'
[2.428s] Level 5:colcon.colcon_core.verb:set package 'teleop_twist_keyboard' build argument 'cmake_force_configure' from command line to 'False'
[2.428s] Level 5:colcon.colcon_core.verb:set package 'teleop_twist_keyboard' build argument 'ament_cmake_args' from command line to 'None'
[2.428s] Level 5:colcon.colcon_core.verb:set package 'teleop_twist_keyboard' build argument 'catkin_cmake_args' from command line to 'None'
[2.428s] Level 5:colcon.colcon_core.verb:set package 'teleop_twist_keyboard' build argument 'catkin_skip_building_tests' from command line to 'False'
[2.428s] DEBUG:colcon.colcon_core.verb:Building package 'teleop_twist_keyboard' with the following arguments: {'ament_cmake_args': None, 'build_base': '/home/chase/project4/src/build/teleop_twist_keyboard', 'catkin_cmake_args': None, 'catkin_skip_building_tests': False, 'cmake_args': None, 'cmake_clean_cache': False, 'cmake_clean_first': False, 'cmake_force_configure': False, 'cmake_target': None, 'cmake_target_skip_unavailable': False, 'install_base': '/home/chase/project4/src/install/teleop_twist_keyboard', 'merge_install': False, 'path': '/home/chase/project4/src/teleop_twist_keyboard', 'symlink_install': False, 'test_result_base': None}
[2.429s] INFO:colcon.colcon_core.executor:Executing jobs using 'parallel' executor
[2.452s] DEBUG:colcon.colcon_parallel_executor.executor.parallel:run_until_complete
[2.452s] INFO:colcon.colcon_ros.task.ament_python.build:Building ROS package in '/home/chase/project4/src/p4pkg' with build type 'ament_python'
[2.452s] Level 1:colcon.colcon_core.shell:create_environment_hook('p4pkg', 'ament_prefix_path')
[2.509s] INFO:colcon.colcon_core.plugin_system:Skipping extension 'colcon_core.shell.bat': Not used on non-Windows systems
[2.509s] INFO:colcon.colcon_core.shell:Creating environment hook '/home/chase/project4/src/install/p4pkg/share/p4pkg/hook/ament_prefix_path.ps1'
[2.511s] INFO:colcon.colcon_core.shell:Creating environment descriptor '/home/chase/project4/src/install/p4pkg/share/p4pkg/hook/ament_prefix_path.dsv'
[2.513s] INFO:colcon.colcon_core.shell:Creating environment hook '/home/chase/project4/src/install/p4pkg/share/p4pkg/hook/ament_prefix_path.sh'
[2.518s] INFO:colcon.colcon_core.shell:Skip shell extension 'powershell' for command environment: Not usable outside of PowerShell
[2.518s] DEBUG:colcon.colcon_core.shell:Skip shell extension 'dsv' for command environment
[5.705s] INFO:colcon.colcon_core.task.python.build:Building Python package in '/home/chase/project4/src/p4pkg'
[5.710s] INFO:colcon.colcon_core.shell:Skip shell extension 'powershell' for command environment: Not usable outside of PowerShell
[5.711s] DEBUG:colcon.colcon_core.shell:Skip shell extension 'dsv' for command environment
[9.753s] DEBUG:colcon.colcon_core.event_handler.log_command:Invoking command in '/home/chase/project4/src/p4pkg': PYTHONPATH=/home/chase/project4/src/build/p4pkg/prefix_override:/home/chase/project4/src/install/p4pkg/lib/python3.8/site-packages:${PYTHONPATH} /usr/bin/python3 setup.py egg_info --egg-base ../build/p4pkg build --build-base /home/chase/project4/src/build/p4pkg/build install --record /home/chase/project4/src/build/p4pkg/install.log --single-version-externally-managed
[13.251s] DEBUG:colcon.colcon_core.event_handler.log_command:Invoked command in '/home/chase/project4/src/p4pkg' returned '0': PYTHONPATH=/home/chase/project4/src/build/p4pkg/prefix_override:/home/chase/project4/src/install/p4pkg/lib/python3.8/site-packages:${PYTHONPATH} /usr/bin/python3 setup.py egg_info --egg-base ../build/p4pkg build --build-base /home/chase/project4/src/build/p4pkg/build install --record /home/chase/project4/src/build/p4pkg/install.log --single-version-externally-managed
[13.305s] Level 1:colcon.colcon_core.environment:checking '/home/chase/project4/src/install/p4pkg' for CMake module files
[13.305s] Level 1:colcon.colcon_core.environment:checking '/home/chase/project4/src/install/p4pkg' for CMake config files
[13.306s] Level 1:colcon.colcon_core.environment:checking '/home/chase/project4/src/install/p4pkg/lib'
[13.307s] Level 1:colcon.colcon_core.environment:checking '/home/chase/project4/src/install/p4pkg/bin'
[13.307s] Level 1:colcon.colcon_core.environment:checking '/home/chase/project4/src/install/p4pkg/lib/pkgconfig/p4pkg.pc'
[13.307s] Level 1:colcon.colcon_core.environment:checking '/home/chase/project4/src/install/p4pkg/lib/python3.8/site-packages'
[13.307s] Level 1:colcon.colcon_core.shell:create_environment_hook('p4pkg', 'pythonpath')
[13.321s] INFO:colcon.colcon_core.shell:Creating environment hook '/home/chase/project4/src/install/p4pkg/share/p4pkg/hook/pythonpath.ps1'
[13.329s] INFO:colcon.colcon_core.shell:Creating environment descriptor '/home/chase/project4/src/install/p4pkg/share/p4pkg/hook/pythonpath.dsv'
[13.332s] INFO:colcon.colcon_core.shell:Creating environment hook '/home/chase/project4/src/install/p4pkg/share/p4pkg/hook/pythonpath.sh'
[13.333s] Level 1:colcon.colcon_core.environment:checking '/home/chase/project4/src/install/p4pkg/bin'
[13.333s] Level 1:colcon.colcon_core.environment:create_environment_scripts_only(p4pkg)
[13.336s] INFO:colcon.colcon_core.shell:Creating package script '/home/chase/project4/src/install/p4pkg/share/p4pkg/package.ps1'
[13.351s] INFO:colcon.colcon_core.shell:Creating package descriptor '/home/chase/project4/src/install/p4pkg/share/p4pkg/package.dsv'
[13.353s] INFO:colcon.colcon_core.shell:Creating package script '/home/chase/project4/src/install/p4pkg/share/p4pkg/package.sh'
[13.355s] INFO:colcon.colcon_core.shell:Creating package script '/home/chase/project4/src/install/p4pkg/share/p4pkg/package.bash'
[13.356s] INFO:colcon.colcon_core.shell:Creating package script '/home/chase/project4/src/install/p4pkg/share/p4pkg/package.zsh'
[13.359s] Level 1:colcon.colcon_core.environment:create_file_with_runtime_dependencies(/home/chase/project4/src/install/p4pkg/share/colcon-core/packages/p4pkg)
[13.375s] INFO:colcon.colcon_ros.task.ament_python.build:Building ROS package in '/home/chase/project4/src/teleop_twist_keyboard' with build type 'ament_python'
[13.380s] Level 1:colcon.colcon_core.shell:create_environment_hook('teleop_twist_keyboard', 'ament_prefix_path')
[13.417s] INFO:colcon.colcon_core.shell:Creating environment hook '/home/chase/project4/src/install/teleop_twist_keyboard/share/teleop_twist_keyboard/hook/ament_prefix_path.ps1'
[13.427s] INFO:colcon.colcon_core.shell:Creating environment descriptor '/home/chase/project4/src/install/teleop_twist_keyboard/share/teleop_twist_keyboard/hook/ament_prefix_path.dsv'
[13.429s] INFO:colcon.colcon_core.shell:Creating environment hook '/home/chase/project4/src/install/teleop_twist_keyboard/share/teleop_twist_keyboard/hook/ament_prefix_path.sh'
[13.438s] INFO:colcon.colcon_core.shell:Skip shell extension 'powershell' for command environment: Not usable outside of PowerShell
[13.438s] DEBUG:colcon.colcon_core.shell:Skip shell extension 'dsv' for command environment
[16.792s] INFO:colcon.colcon_core.task.python.build:Building Python package in '/home/chase/project4/src/teleop_twist_keyboard'
[16.798s] INFO:colcon.colcon_core.shell:Skip shell extension 'powershell' for command environment: Not usable outside of PowerShell
[16.798s] DEBUG:colcon.colcon_core.shell:Skip shell extension 'dsv' for command environment
[20.798s] DEBUG:colcon.colcon_core.event_handler.log_command:Invoking command in '/home/chase/project4/src/teleop_twist_keyboard': PYTHONPATH=/home/chase/project4/src/build/teleop_twist_keyboard/prefix_override:/home/chase/project4/src/install/teleop_twist_keyboard/lib/python3.8/site-packages:${PYTHONPATH} /usr/bin/python3 setup.py egg_info --egg-base ../build/teleop_twist_keyboard build --build-base /home/chase/project4/src/build/teleop_twist_keyboard/build install --record /home/chase/project4/src/build/teleop_twist_keyboard/install.log --single-version-externally-managed
[24.496s] Level 1:colcon.colcon_core.environment:checking '/home/chase/project4/src/install/teleop_twist_keyboard' for CMake module files
[24.497s] Level 1:colcon.colcon_core.environment:checking '/home/chase/project4/src/install/teleop_twist_keyboard' for CMake config files
[24.497s] Level 1:colcon.colcon_core.environment:checking '/home/chase/project4/src/install/teleop_twist_keyboard/lib'
[24.498s] Level 1:colcon.colcon_core.environment:checking '/home/chase/project4/src/install/teleop_twist_keyboard/bin'
[24.498s] Level 1:colcon.colcon_core.environment:checking '/home/chase/project4/src/install/teleop_twist_keyboard/lib/pkgconfig/teleop_twist_keyboard.pc'
[24.498s] Level 1:colcon.colcon_core.environment:checking '/home/chase/project4/src/install/teleop_twist_keyboard/lib/python3.8/site-packages'
[24.498s] Level 1:colcon.colcon_core.shell:create_environment_hook('teleop_twist_keyboard', 'pythonpath')
[24.515s] INFO:colcon.colcon_core.shell:Creating environment hook '/home/chase/project4/src/install/teleop_twist_keyboard/share/teleop_twist_keyboard/hook/pythonpath.ps1'
[24.515s] DEBUG:colcon.colcon_core.event_handler.log_command:Invoked command in '/home/chase/project4/src/teleop_twist_keyboard' returned '0': PYTHONPATH=/home/chase/project4/src/build/teleop_twist_keyboard/prefix_override:/home/chase/project4/src/install/teleop_twist_keyboard/lib/python3.8/site-packages:${PYTHONPATH} /usr/bin/python3 setup.py egg_info --egg-base ../build/teleop_twist_keyboard build --build-base /home/chase/project4/src/build/teleop_twist_keyboard/build install --record /home/chase/project4/src/build/teleop_twist_keyboard/install.log --single-version-externally-managed
[24.525s] INFO:colcon.colcon_core.shell:Creating environment descriptor '/home/chase/project4/src/install/teleop_twist_keyboard/share/teleop_twist_keyboard/hook/pythonpath.dsv'
[24.539s] INFO:colcon.colcon_core.shell:Creating environment hook '/home/chase/project4/src/install/teleop_twist_keyboard/share/teleop_twist_keyboard/hook/pythonpath.sh'
[24.541s] Level 1:colcon.colcon_core.environment:checking '/home/chase/project4/src/install/teleop_twist_keyboard/bin'
[24.541s] Level 1:colcon.colcon_core.environment:create_environment_scripts_only(teleop_twist_keyboard)
[24.545s] INFO:colcon.colcon_core.shell:Creating package script '/home/chase/project4/src/install/teleop_twist_keyboard/share/teleop_twist_keyboard/package.ps1'
[24.550s] INFO:colcon.colcon_core.shell:Creating package descriptor '/home/chase/project4/src/install/teleop_twist_keyboard/share/teleop_twist_keyboard/package.dsv'
[24.565s] INFO:colcon.colcon_core.shell:Creating package script '/home/chase/project4/src/install/teleop_twist_keyboard/share/teleop_twist_keyboard/package.sh'
[24.567s] INFO:colcon.colcon_core.shell:Creating package script '/home/chase/project4/src/install/teleop_twist_keyboard/share/teleop_twist_keyboard/package.bash'
[24.568s] INFO:colcon.colcon_core.shell:Creating package script '/home/chase/project4/src/install/teleop_twist_keyboard/share/teleop_twist_keyboard/package.zsh'
[24.570s] Level 1:colcon.colcon_core.environment:create_file_with_runtime_dependencies(/home/chase/project4/src/install/teleop_twist_keyboard/share/colcon-core/packages/teleop_twist_keyboard)
[24.573s] DEBUG:colcon.colcon_parallel_executor.executor.parallel:closing loop
[24.574s] DEBUG:colcon.colcon_parallel_executor.executor.parallel:loop closed
[24.574s] DEBUG:colcon.colcon_parallel_executor.executor.parallel:run_until_complete finished with '0'
[24.574s] DEBUG:colcon.colcon_core.event_reactor:joining thread
[24.627s] INFO:colcon.colcon_core.plugin_system:Skipping extension 'colcon_notification.desktop_notification.terminal_notifier': Not used on non-Darwin systems
[24.627s] INFO:colcon.colcon_core.plugin_system:Skipping extension 'colcon_notification.desktop_notification.win32': Not used on non-Windows systems
[24.627s] INFO:colcon.colcon_notification.desktop_notification:Sending desktop notification using 'notify2'
[24.704s] DEBUG:colcon.colcon_core.event_reactor:joined thread
[24.707s] INFO:colcon.colcon_core.shell:Creating prefix script '/home/chase/project4/src/install/local_setup.ps1'
[24.723s] INFO:colcon.colcon_core.shell:Creating prefix util module '/home/chase/project4/src/install/_local_setup_util_ps1.py'
[24.735s] INFO:colcon.colcon_core.shell:Creating prefix chain script '/home/chase/project4/src/install/setup.ps1'
[24.814s] INFO:colcon.colcon_core.shell:Creating prefix script '/home/chase/project4/src/install/local_setup.sh'
[24.821s] INFO:colcon.colcon_core.shell:Creating prefix util module '/home/chase/project4/src/install/_local_setup_util_sh.py'
[24.823s] INFO:colcon.colcon_core.shell:Creating prefix chain script '/home/chase/project4/src/install/setup.sh'
[24.887s] INFO:colcon.colcon_core.shell:Creating prefix script '/home/chase/project4/src/install/local_setup.bash'
[24.888s] INFO:colcon.colcon_core.shell:Creating prefix chain script '/home/chase/project4/src/install/setup.bash'
[24.962s] INFO:colcon.colcon_core.shell:Creating prefix script '/home/chase/project4/src/install/local_setup.zsh'
[25.001s] INFO:colcon.colcon_core.shell:Creating prefix chain script '/home/chase/project4/src/install/setup.zsh'
