[12.480s] Invoking command in '/home/chase/project4/src/p4pkg': PYTHONPATH=/home/chase/project4/src/build/p4pkg/prefix_override:/home/chase/project4/src/install/p4pkg/lib/python3.8/site-packages:${PYTHONPATH} /usr/bin/python3 setup.py egg_info --egg-base ../build/p4pkg build --build-base /home/chase/project4/src/build/p4pkg/build install --record /home/chase/project4/src/build/p4pkg/install.log --single-version-externally-managed
[18.592s] running egg_info
[18.593s] writing ../build/p4pkg/p4pkg.egg-info/PKG-INFO
[18.599s] writing dependency_links to ../build/p4pkg/p4pkg.egg-info/dependency_links.txt
[18.656s] writing entry points to ../build/p4pkg/p4pkg.egg-info/entry_points.txt
[18.659s] writing requirements to ../build/p4pkg/p4pkg.egg-info/requires.txt
[18.661s] writing top-level names to ../build/p4pkg/p4pkg.egg-info/top_level.txt
[18.881s] reading manifest file '../build/p4pkg/p4pkg.egg-info/SOURCES.txt'
[18.884s] writing manifest file '../build/p4pkg/p4pkg.egg-info/SOURCES.txt'
[18.885s] running build
[18.885s] running build_py
[18.888s] copying p4pkg/velocity.py -> /home/chase/project4/src/build/p4pkg/build/lib/p4pkg
[18.889s] running install
[18.899s] running install_lib
[18.936s] copying /home/chase/project4/src/build/p4pkg/build/lib/p4pkg/velocity.py -> /home/chase/project4/src/install/p4pkg/lib/python3.8/site-packages/p4pkg
[18.954s] byte-compiling /home/chase/project4/src/install/p4pkg/lib/python3.8/site-packages/p4pkg/velocity.py to velocity.cpython-38.pyc
[18.964s] running install_data
[18.965s] running install_egg_info
[18.986s] removing '/home/chase/project4/src/install/p4pkg/lib/python3.8/site-packages/p4pkg-0.0.0-py3.8.egg-info' (and everything under it)
[18.997s] Copying ../build/p4pkg/p4pkg.egg-info to /home/chase/project4/src/install/p4pkg/lib/python3.8/site-packages/p4pkg-0.0.0-py3.8.egg-info
[18.999s] running install_scripts
[19.316s] Installing navigation script to /home/chase/project4/src/install/p4pkg/lib/p4pkg
[19.321s] Installing simulator script to /home/chase/project4/src/install/p4pkg/lib/p4pkg
[19.336s] Installing velocity script to /home/chase/project4/src/install/p4pkg/lib/p4pkg
[19.358s] writing list of installed files to '/home/chase/project4/src/build/p4pkg/install.log'
[19.494s] Invoked command in '/home/chase/project4/src/p4pkg' returned '0': PYTHONPATH=/home/chase/project4/src/build/p4pkg/prefix_override:/home/chase/project4/src/install/p4pkg/lib/python3.8/site-packages:${PYTHONPATH} /usr/bin/python3 setup.py egg_info --egg-base ../build/p4pkg build --build-base /home/chase/project4/src/build/p4pkg/build install --record /home/chase/project4/src/build/p4pkg/install.log --single-version-externally-managed
