[4.172s] Invoking command in '/home/chase/project4/src/p4pkg': PYTHONPATH=/home/chase/project4/src/build/p4pkg/prefix_override:/home/chase/project4/src/install/p4pkg/lib/python3.8/site-packages:${PYTHONPATH} /usr/bin/python3 setup.py egg_info --egg-base ../build/p4pkg build --build-base /home/chase/project4/src/build/p4pkg/build install --record /home/chase/project4/src/build/p4pkg/install.log --single-version-externally-managed
[5.828s] running egg_info
[5.829s] writing ../build/p4pkg/p4pkg.egg-info/PKG-INFO
[5.835s] writing dependency_links to ../build/p4pkg/p4pkg.egg-info/dependency_links.txt
[5.840s] writing entry points to ../build/p4pkg/p4pkg.egg-info/entry_points.txt
[5.842s] writing requirements to ../build/p4pkg/p4pkg.egg-info/requires.txt
[5.843s] writing top-level names to ../build/p4pkg/p4pkg.egg-info/top_level.txt
[5.918s] reading manifest file '../build/p4pkg/p4pkg.egg-info/SOURCES.txt'
[5.920s] writing manifest file '../build/p4pkg/p4pkg.egg-info/SOURCES.txt'
[5.929s] running build
[5.929s] running build_py
[5.930s] copying p4pkg/world_reader.py -> /home/chase/project4/src/build/p4pkg/build/lib/p4pkg
[5.930s] running install
[5.935s] running install_lib
[5.937s] copying /home/chase/project4/src/build/p4pkg/build/lib/p4pkg/world_reader.py -> /home/chase/project4/src/install/p4pkg/lib/python3.8/site-packages/p4pkg
[5.949s] byte-compiling /home/chase/project4/src/install/p4pkg/lib/python3.8/site-packages/p4pkg/world_reader.py to world_reader.cpython-38.pyc
[5.955s] running install_data
[5.956s] running install_egg_info
[5.981s] removing '/home/chase/project4/src/install/p4pkg/lib/python3.8/site-packages/p4pkg-0.0.0-py3.8.egg-info' (and everything under it)
[5.981s] Copying ../build/p4pkg/p4pkg.egg-info to /home/chase/project4/src/install/p4pkg/lib/python3.8/site-packages/p4pkg-0.0.0-py3.8.egg-info
[5.983s] running install_scripts
[6.042s] Installing simulator script to /home/chase/project4/src/install/p4pkg/lib/p4pkg
[6.048s] writing list of installed files to '/home/chase/project4/src/build/p4pkg/install.log'
[6.110s] Invoked command in '/home/chase/project4/src/p4pkg' returned '0': PYTHONPATH=/home/chase/project4/src/build/p4pkg/prefix_override:/home/chase/project4/src/install/p4pkg/lib/python3.8/site-packages:${PYTHONPATH} /usr/bin/python3 setup.py egg_info --egg-base ../build/p4pkg build --build-base /home/chase/project4/src/build/p4pkg/build install --record /home/chase/project4/src/build/p4pkg/install.log --single-version-externally-managed
