[12.438s] Invoking command in '/home/chase/project4/src/p4pkg': PYTHONPATH=/home/chase/project4/src/build/p4pkg/prefix_override:/home/chase/project4/src/install/p4pkg/lib/python3.8/site-packages:${PYTHONPATH} /usr/bin/python3 setup.py egg_info --egg-base ../build/p4pkg build --build-base /home/chase/project4/src/build/p4pkg/build install --record /home/chase/project4/src/build/p4pkg/install.log --single-version-externally-managed
[17.170s] running egg_info
[17.226s] writing ../build/p4pkg/p4pkg.egg-info/PKG-INFO
[17.230s] writing dependency_links to ../build/p4pkg/p4pkg.egg-info/dependency_links.txt
[17.230s] writing entry points to ../build/p4pkg/p4pkg.egg-info/entry_points.txt
[17.230s] writing requirements to ../build/p4pkg/p4pkg.egg-info/requires.txt
[17.237s] writing top-level names to ../build/p4pkg/p4pkg.egg-info/top_level.txt
[17.529s] reading manifest file '../build/p4pkg/p4pkg.egg-info/SOURCES.txt'
[17.532s] writing manifest file '../build/p4pkg/p4pkg.egg-info/SOURCES.txt'
[17.535s] running build
[17.536s] running build_py
[17.546s] copying p4pkg/navigation.py -> /home/chase/project4/src/build/p4pkg/build/lib/p4pkg
[17.557s] copying p4pkg/velocity.py -> /home/chase/project4/src/build/p4pkg/build/lib/p4pkg
[17.558s] running install
[17.561s] running install_lib
[17.563s] copying /home/chase/project4/src/build/p4pkg/build/lib/p4pkg/navigation.py -> /home/chase/project4/src/install/p4pkg/lib/python3.8/site-packages/p4pkg
[17.563s] copying /home/chase/project4/src/build/p4pkg/build/lib/p4pkg/velocity.py -> /home/chase/project4/src/install/p4pkg/lib/python3.8/site-packages/p4pkg
[17.594s] byte-compiling /home/chase/project4/src/install/p4pkg/lib/python3.8/site-packages/p4pkg/navigation.py to navigation.cpython-38.pyc
[17.598s] byte-compiling /home/chase/project4/src/install/p4pkg/lib/python3.8/site-packages/p4pkg/velocity.py to velocity.cpython-38.pyc
[17.600s] running install_data
[17.609s] running install_egg_info
[17.629s] removing '/home/chase/project4/src/install/p4pkg/lib/python3.8/site-packages/p4pkg-0.0.0-py3.8.egg-info' (and everything under it)
[17.631s] Copying ../build/p4pkg/p4pkg.egg-info to /home/chase/project4/src/install/p4pkg/lib/python3.8/site-packages/p4pkg-0.0.0-py3.8.egg-info
[17.635s] running install_scripts
[17.802s] Installing navigation script to /home/chase/project4/src/install/p4pkg/lib/p4pkg
[17.826s] Installing simulator script to /home/chase/project4/src/install/p4pkg/lib/p4pkg
[17.828s] Installing velocity script to /home/chase/project4/src/install/p4pkg/lib/p4pkg
[17.829s] writing list of installed files to '/home/chase/project4/src/build/p4pkg/install.log'
[17.997s] Invoked command in '/home/chase/project4/src/p4pkg' returned '0': PYTHONPATH=/home/chase/project4/src/build/p4pkg/prefix_override:/home/chase/project4/src/install/p4pkg/lib/python3.8/site-packages:${PYTHONPATH} /usr/bin/python3 setup.py egg_info --egg-base ../build/p4pkg build --build-base /home/chase/project4/src/build/p4pkg/build install --record /home/chase/project4/src/build/p4pkg/install.log --single-version-externally-managed
