[6.169s] Invoking command in '/home/chase/project4/src/p4pkg': PYTHONPATH=/home/chase/project4/src/build/p4pkg/prefix_override:/home/chase/project4/src/install/p4pkg/lib/python3.8/site-packages:${PYTHONPATH} /usr/bin/python3 setup.py egg_info --egg-base ../build/p4pkg build --build-base /home/chase/project4/src/build/p4pkg/build install --record /home/chase/project4/src/build/p4pkg/install.log --single-version-externally-managed
[8.796s] running egg_info
[8.799s] writing ../build/p4pkg/p4pkg.egg-info/PKG-INFO
[8.800s] writing dependency_links to ../build/p4pkg/p4pkg.egg-info/dependency_links.txt
[8.803s] writing entry points to ../build/p4pkg/p4pkg.egg-info/entry_points.txt
[8.805s] writing requirements to ../build/p4pkg/p4pkg.egg-info/requires.txt
[8.806s] writing top-level names to ../build/p4pkg/p4pkg.egg-info/top_level.txt
[8.965s] reading manifest file '../build/p4pkg/p4pkg.egg-info/SOURCES.txt'
[8.966s] writing manifest file '../build/p4pkg/p4pkg.egg-info/SOURCES.txt'
[8.978s] running build
[8.985s] running build_py
[8.989s] copying p4pkg/simulator.py -> /home/chase/project4/src/build/p4pkg/build/lib/p4pkg
[8.995s] running install
[9.002s] running install_lib
[9.004s] copying /home/chase/project4/src/build/p4pkg/build/lib/p4pkg/simulator.py -> /home/chase/project4/src/install/p4pkg/lib/python3.8/site-packages/p4pkg
[9.017s] byte-compiling /home/chase/project4/src/install/p4pkg/lib/python3.8/site-packages/p4pkg/simulator.py to simulator.cpython-38.pyc
[9.026s] running install_data
[9.027s] running install_egg_info
[9.051s] removing '/home/chase/project4/src/install/p4pkg/lib/python3.8/site-packages/p4pkg-0.0.0-py3.8.egg-info' (and everything under it)
[9.055s] Copying ../build/p4pkg/p4pkg.egg-info to /home/chase/project4/src/install/p4pkg/lib/python3.8/site-packages/p4pkg-0.0.0-py3.8.egg-info
[9.058s] running install_scripts
[9.140s] Installing simulator script to /home/chase/project4/src/install/p4pkg/lib/p4pkg
[9.176s] writing list of installed files to '/home/chase/project4/src/build/p4pkg/install.log'
[9.261s] Invoked command in '/home/chase/project4/src/p4pkg' returned '0': PYTHONPATH=/home/chase/project4/src/build/p4pkg/prefix_override:/home/chase/project4/src/install/p4pkg/lib/python3.8/site-packages:${PYTHONPATH} /usr/bin/python3 setup.py egg_info --egg-base ../build/p4pkg build --build-base /home/chase/project4/src/build/p4pkg/build install --record /home/chase/project4/src/build/p4pkg/install.log --single-version-externally-managed
