[15.076s] Invoking command in '/home/chase/project4/src/p4pkg': PYTHONPATH=/home/chase/project4/src/build/p4pkg/prefix_override:/home/chase/project4/src/install/p4pkg/lib/python3.8/site-packages:${PYTHONPATH} /usr/bin/python3 setup.py egg_info --egg-base ../build/p4pkg build --build-base /home/chase/project4/src/build/p4pkg/build install --record /home/chase/project4/src/build/p4pkg/install.log --single-version-externally-managed
[20.384s] running egg_info
[20.386s] writing ../build/p4pkg/p4pkg.egg-info/PKG-INFO
[20.392s] writing dependency_links to ../build/p4pkg/p4pkg.egg-info/dependency_links.txt
[20.413s] writing entry points to ../build/p4pkg/p4pkg.egg-info/entry_points.txt
[20.414s] writing requirements to ../build/p4pkg/p4pkg.egg-info/requires.txt
[20.416s] writing top-level names to ../build/p4pkg/p4pkg.egg-info/top_level.txt
[20.747s] reading manifest file '../build/p4pkg/p4pkg.egg-info/SOURCES.txt'
[20.748s] writing manifest file '../build/p4pkg/p4pkg.egg-info/SOURCES.txt'
[20.753s] running build
[20.753s] running build_py
[20.762s] copying p4pkg/simulator.py -> /home/chase/project4/src/build/p4pkg/build/lib/p4pkg
[20.774s] running install
[20.783s] running install_lib
[20.802s] copying /home/chase/project4/src/build/p4pkg/build/lib/p4pkg/simulator.py -> /home/chase/project4/src/install/p4pkg/lib/python3.8/site-packages/p4pkg
[20.815s] byte-compiling /home/chase/project4/src/install/p4pkg/lib/python3.8/site-packages/p4pkg/simulator.py to simulator.cpython-38.pyc
[20.882s] running install_data
[20.893s] running install_egg_info
[20.902s] removing '/home/chase/project4/src/install/p4pkg/lib/python3.8/site-packages/p4pkg-0.0.0-py3.8.egg-info' (and everything under it)
[20.904s] Copying ../build/p4pkg/p4pkg.egg-info to /home/chase/project4/src/install/p4pkg/lib/python3.8/site-packages/p4pkg-0.0.0-py3.8.egg-info
[20.921s] running install_scripts
[21.153s] Installing simulator script to /home/chase/project4/src/install/p4pkg/lib/p4pkg
[21.179s] writing list of installed files to '/home/chase/project4/src/build/p4pkg/install.log'
[21.373s] Invoked command in '/home/chase/project4/src/p4pkg' returned '0': PYTHONPATH=/home/chase/project4/src/build/p4pkg/prefix_override:/home/chase/project4/src/install/p4pkg/lib/python3.8/site-packages:${PYTHONPATH} /usr/bin/python3 setup.py egg_info --egg-base ../build/p4pkg build --build-base /home/chase/project4/src/build/p4pkg/build install --record /home/chase/project4/src/build/p4pkg/install.log --single-version-externally-managed
