[4.142s] Invoking command in '/home/chase/project4/src/p4pkg': PYTHONPATH=/home/chase/project4/src/build/p4pkg/prefix_override:/home/chase/project4/src/install/p4pkg/lib/python3.8/site-packages:${PYTHONPATH} /usr/bin/python3 setup.py egg_info --egg-base ../build/p4pkg build --build-base /home/chase/project4/src/build/p4pkg/build install --record /home/chase/project4/src/build/p4pkg/install.log --single-version-externally-managed
[5.931s] running egg_info
[5.932s] writing ../build/p4pkg/p4pkg.egg-info/PKG-INFO
[5.938s] writing dependency_links to ../build/p4pkg/p4pkg.egg-info/dependency_links.txt
[5.943s] writing entry points to ../build/p4pkg/p4pkg.egg-info/entry_points.txt
[5.945s] writing requirements to ../build/p4pkg/p4pkg.egg-info/requires.txt
[5.947s] writing top-level names to ../build/p4pkg/p4pkg.egg-info/top_level.txt
[6.036s] reading manifest file '../build/p4pkg/p4pkg.egg-info/SOURCES.txt'
[6.038s] writing manifest file '../build/p4pkg/p4pkg.egg-info/SOURCES.txt'
[6.040s] running build
[6.040s] running build_py
[6.040s] copying p4pkg/world_reader.py -> /home/chase/project4/src/build/p4pkg/build/lib/p4pkg
[6.041s] running install
[6.044s] running install_lib
[6.046s] copying /home/chase/project4/src/build/p4pkg/build/lib/p4pkg/world_reader.py -> /home/chase/project4/src/install/p4pkg/lib/python3.8/site-packages/p4pkg
[6.049s] byte-compiling /home/chase/project4/src/install/p4pkg/lib/python3.8/site-packages/p4pkg/world_reader.py to world_reader.cpython-38.pyc
[6.056s] running install_data
[6.062s] running install_egg_info
[6.072s] removing '/home/chase/project4/src/install/p4pkg/lib/python3.8/site-packages/p4pkg-0.0.0-py3.8.egg-info' (and everything under it)
[6.073s] Copying ../build/p4pkg/p4pkg.egg-info to /home/chase/project4/src/install/p4pkg/lib/python3.8/site-packages/p4pkg-0.0.0-py3.8.egg-info
[6.074s] running install_scripts
[6.139s] Installing simulator script to /home/chase/project4/src/install/p4pkg/lib/p4pkg
[6.150s] writing list of installed files to '/home/chase/project4/src/build/p4pkg/install.log'
[6.217s] Invoked command in '/home/chase/project4/src/p4pkg' returned '0': PYTHONPATH=/home/chase/project4/src/build/p4pkg/prefix_override:/home/chase/project4/src/install/p4pkg/lib/python3.8/site-packages:${PYTHONPATH} /usr/bin/python3 setup.py egg_info --egg-base ../build/p4pkg build --build-base /home/chase/project4/src/build/p4pkg/build install --record /home/chase/project4/src/build/p4pkg/install.log --single-version-externally-managed
