[21.264s] Invoking command in '/home/chase/project4/src/p4pkg': PYTHONPATH=/home/chase/project4/src/build/p4pkg/prefix_override:/home/chase/project4/src/install/p4pkg/lib/python3.8/site-packages:${PYTHONPATH} /usr/bin/python3 setup.py egg_info --egg-base ../build/p4pkg build --build-base /home/chase/project4/src/build/p4pkg/build install --record /home/chase/project4/src/build/p4pkg/install.log --single-version-externally-managed
[49.982s] running egg_info
[49.983s] writing ../build/p4pkg/p4pkg.egg-info/PKG-INFO
[50.045s] writing dependency_links to ../build/p4pkg/p4pkg.egg-info/dependency_links.txt
[50.052s] writing entry points to ../build/p4pkg/p4pkg.egg-info/entry_points.txt
[50.064s] writing requirements to ../build/p4pkg/p4pkg.egg-info/requires.txt
[50.069s] writing top-level names to ../build/p4pkg/p4pkg.egg-info/top_level.txt
[52.090s] reading manifest file '../build/p4pkg/p4pkg.egg-info/SOURCES.txt'
[52.121s] writing manifest file '../build/p4pkg/p4pkg.egg-info/SOURCES.txt'
[52.148s] running build
[52.149s] running build_py
[52.152s] running install
[52.267s] running install_lib
[52.394s] running install_data
[52.398s] copying launch/launch.py -> /home/chase/project4/src/install/p4pkg/share/p4pkg
[52.465s] running install_egg_info
[52.614s] removing '/home/chase/project4/src/install/p4pkg/lib/python3.8/site-packages/p4pkg-0.0.0-py3.8.egg-info' (and everything under it)
[52.621s] Copying ../build/p4pkg/p4pkg.egg-info to /home/chase/project4/src/install/p4pkg/lib/python3.8/site-packages/p4pkg-0.0.0-py3.8.egg-info
[52.730s] running install_scripts
[53.893s] Installing simulator script to /home/chase/project4/src/install/p4pkg/lib/p4pkg
[53.901s] writing list of installed files to '/home/chase/project4/src/build/p4pkg/install.log'
[54.658s] Invoked command in '/home/chase/project4/src/p4pkg' returned '0': PYTHONPATH=/home/chase/project4/src/build/p4pkg/prefix_override:/home/chase/project4/src/install/p4pkg/lib/python3.8/site-packages:${PYTHONPATH} /usr/bin/python3 setup.py egg_info --egg-base ../build/p4pkg build --build-base /home/chase/project4/src/build/p4pkg/build install --record /home/chase/project4/src/build/p4pkg/install.log --single-version-externally-managed
