[13.785s] Invoking command in '/home/chase/project4/src/p4pkg': PYTHONPATH=/home/chase/project4/src/build/p4pkg/prefix_override:/home/chase/project4/src/install/p4pkg/lib/python3.8/site-packages:${PYTHONPATH} /usr/bin/python3 setup.py egg_info --egg-base ../build/p4pkg build --build-base /home/chase/project4/src/build/p4pkg/build install --record /home/chase/project4/src/build/p4pkg/install.log --single-version-externally-managed
[19.189s] running egg_info
[19.214s] writing ../build/p4pkg/p4pkg.egg-info/PKG-INFO
[19.236s] writing dependency_links to ../build/p4pkg/p4pkg.egg-info/dependency_links.txt
[19.243s] writing entry points to ../build/p4pkg/p4pkg.egg-info/entry_points.txt
[19.322s] writing requirements to ../build/p4pkg/p4pkg.egg-info/requires.txt
[19.327s] writing top-level names to ../build/p4pkg/p4pkg.egg-info/top_level.txt
[19.646s] reading manifest file '../build/p4pkg/p4pkg.egg-info/SOURCES.txt'
[19.672s] writing manifest file '../build/p4pkg/p4pkg.egg-info/SOURCES.txt'
[19.674s] running build
[19.674s] running build_py
[19.675s] running install
[19.679s] running install_lib
[19.688s] copying /home/chase/project4/src/build/p4pkg/build/lib/p4pkg/simulator.py -> /home/chase/project4/src/install/p4pkg/lib/python3.8/site-packages/p4pkg
[19.734s] byte-compiling /home/chase/project4/src/install/p4pkg/lib/python3.8/site-packages/p4pkg/simulator.py to simulator.cpython-38.pyc
[19.757s] running install_data
[19.759s] running install_egg_info
[19.788s] removing '/home/chase/project4/src/install/p4pkg/lib/python3.8/site-packages/p4pkg-0.0.0-py3.8.egg-info' (and everything under it)
[19.789s] Copying ../build/p4pkg/p4pkg.egg-info to /home/chase/project4/src/install/p4pkg/lib/python3.8/site-packages/p4pkg-0.0.0-py3.8.egg-info
[19.797s] running install_scripts
[20.059s] Installing simulator script to /home/chase/project4/src/install/p4pkg/lib/p4pkg
[20.070s] writing list of installed files to '/home/chase/project4/src/build/p4pkg/install.log'
[20.210s] Invoked command in '/home/chase/project4/src/p4pkg' returned '0': PYTHONPATH=/home/chase/project4/src/build/p4pkg/prefix_override:/home/chase/project4/src/install/p4pkg/lib/python3.8/site-packages:${PYTHONPATH} /usr/bin/python3 setup.py egg_info --egg-base ../build/p4pkg build --build-base /home/chase/project4/src/build/p4pkg/build install --record /home/chase/project4/src/build/p4pkg/install.log --single-version-externally-managed
