running egg_info
creating ../build/p4pkg/p4pkg.egg-info
writing ../build/p4pkg/p4pkg.egg-info/PKG-INFO
writing dependency_links to ../build/p4pkg/p4pkg.egg-info/dependency_links.txt
writing entry points to ../build/p4pkg/p4pkg.egg-info/entry_points.txt
writing requirements to ../build/p4pkg/p4pkg.egg-info/requires.txt
writing top-level names to ../build/p4pkg/p4pkg.egg-info/top_level.txt
writing manifest file '../build/p4pkg/p4pkg.egg-info/SOURCES.txt'
reading manifest file '../build/p4pkg/p4pkg.egg-info/SOURCES.txt'
writing manifest file '../build/p4pkg/p4pkg.egg-info/SOURCES.txt'
running build
running build_py
creating /home/chase/project4/src/build/p4pkg/build
creating /home/chase/project4/src/build/p4pkg/build/lib
creating /home/chase/project4/src/build/p4pkg/build/lib/p4pkg
copying p4pkg/simulator.py -> /home/chase/project4/src/build/p4pkg/build/lib/p4pkg
copying p4pkg/__init__.py -> /home/chase/project4/src/build/p4pkg/build/lib/p4pkg
running install
running install_lib
creating /home/chase/project4/src/install/p4pkg/lib/python3.8/site-packages/p4pkg
copying /home/chase/project4/src/build/p4pkg/build/lib/p4pkg/simulator.py -> /home/chase/project4/src/install/p4pkg/lib/python3.8/site-packages/p4pkg
copying /home/chase/project4/src/build/p4pkg/build/lib/p4pkg/__init__.py -> /home/chase/project4/src/install/p4pkg/lib/python3.8/site-packages/p4pkg
byte-compiling /home/chase/project4/src/install/p4pkg/lib/python3.8/site-packages/p4pkg/simulator.py to simulator.cpython-38.pyc
byte-compiling /home/chase/project4/src/install/p4pkg/lib/python3.8/site-packages/p4pkg/__init__.py to __init__.cpython-38.pyc
running install_data
creating /home/chase/project4/src/install/p4pkg/share/ament_index
creating /home/chase/project4/src/install/p4pkg/share/ament_index/resource_index
creating /home/chase/project4/src/install/p4pkg/share/ament_index/resource_index/packages
copying resource/p4pkg -> /home/chase/project4/src/install/p4pkg/share/ament_index/resource_index/packages
copying package.xml -> /home/chase/project4/src/install/p4pkg/share/p4pkg
running install_egg_info
Copying ../build/p4pkg/p4pkg.egg-info to /home/chase/project4/src/install/p4pkg/lib/python3.8/site-packages/p4pkg-0.0.0-py3.8.egg-info
running install_scripts
Installing simulator script to /home/chase/project4/src/install/p4pkg/lib/p4pkg
writing list of installed files to '/home/chase/project4/src/build/p4pkg/install.log'
