[4.355s] Invoking command in '/home/chase/project4/src/p4pkg': PYTHONPATH=/home/chase/project4/src/build/p4pkg/prefix_override:/home/chase/project4/src/install/p4pkg/lib/python3.8/site-packages:${PYTHONPATH} /usr/bin/python3 setup.py egg_info --egg-base ../build/p4pkg build --build-base /home/chase/project4/src/build/p4pkg/build install --record /home/chase/project4/src/build/p4pkg/install.log --single-version-externally-managed
[6.158s] running egg_info
[6.159s] creating ../build/p4pkg/p4pkg.egg-info
[6.160s] writing ../build/p4pkg/p4pkg.egg-info/PKG-INFO
[6.161s] writing dependency_links to ../build/p4pkg/p4pkg.egg-info/dependency_links.txt
[6.161s] writing entry points to ../build/p4pkg/p4pkg.egg-info/entry_points.txt
[6.161s] writing requirements to ../build/p4pkg/p4pkg.egg-info/requires.txt
[6.162s] writing top-level names to ../build/p4pkg/p4pkg.egg-info/top_level.txt
[6.162s] writing manifest file '../build/p4pkg/p4pkg.egg-info/SOURCES.txt'
[6.236s] reading manifest file '../build/p4pkg/p4pkg.egg-info/SOURCES.txt'
[6.238s] writing manifest file '../build/p4pkg/p4pkg.egg-info/SOURCES.txt'
[6.240s] running build
[6.240s] running build_py
[6.241s] creating /home/chase/project4/src/build/p4pkg/build
[6.241s] creating /home/chase/project4/src/build/p4pkg/build/lib
[6.241s] creating /home/chase/project4/src/build/p4pkg/build/lib/p4pkg
[6.241s] copying p4pkg/simulator.py -> /home/chase/project4/src/build/p4pkg/build/lib/p4pkg
[6.242s] copying p4pkg/__init__.py -> /home/chase/project4/src/build/p4pkg/build/lib/p4pkg
[6.244s] running install
[6.248s] running install_lib
[6.250s] creating /home/chase/project4/src/install/p4pkg/lib/python3.8/site-packages/p4pkg
[6.251s] copying /home/chase/project4/src/build/p4pkg/build/lib/p4pkg/simulator.py -> /home/chase/project4/src/install/p4pkg/lib/python3.8/site-packages/p4pkg
[6.251s] copying /home/chase/project4/src/build/p4pkg/build/lib/p4pkg/__init__.py -> /home/chase/project4/src/install/p4pkg/lib/python3.8/site-packages/p4pkg
[6.255s] byte-compiling /home/chase/project4/src/install/p4pkg/lib/python3.8/site-packages/p4pkg/simulator.py to simulator.cpython-38.pyc
[6.257s] byte-compiling /home/chase/project4/src/install/p4pkg/lib/python3.8/site-packages/p4pkg/__init__.py to __init__.cpython-38.pyc
[6.258s] running install_data
[6.259s] creating /home/chase/project4/src/install/p4pkg/share/ament_index
[6.259s] creating /home/chase/project4/src/install/p4pkg/share/ament_index/resource_index
[6.259s] creating /home/chase/project4/src/install/p4pkg/share/ament_index/resource_index/packages
[6.260s] copying resource/p4pkg -> /home/chase/project4/src/install/p4pkg/share/ament_index/resource_index/packages
[6.260s] copying package.xml -> /home/chase/project4/src/install/p4pkg/share/p4pkg
[6.260s] running install_egg_info
[6.268s] Copying ../build/p4pkg/p4pkg.egg-info to /home/chase/project4/src/install/p4pkg/lib/python3.8/site-packages/p4pkg-0.0.0-py3.8.egg-info
[6.271s] running install_scripts
[6.342s] Installing simulator script to /home/chase/project4/src/install/p4pkg/lib/p4pkg
[6.342s] writing list of installed files to '/home/chase/project4/src/build/p4pkg/install.log'
[6.385s] Invoked command in '/home/chase/project4/src/p4pkg' returned '0': PYTHONPATH=/home/chase/project4/src/build/p4pkg/prefix_override:/home/chase/project4/src/install/p4pkg/lib/python3.8/site-packages:${PYTHONPATH} /usr/bin/python3 setup.py egg_info --egg-base ../build/p4pkg build --build-base /home/chase/project4/src/build/p4pkg/build install --record /home/chase/project4/src/build/p4pkg/install.log --single-version-externally-managed
