/home/tate/Documents/4a/CSCE452-Project4a/install/p4pkg/lib/python3.10/site-packages/p4pkg/__init__.py
/home/tate/Documents/4a/CSCE452-Project4a/install/p4pkg/lib/python3.10/site-packages/p4pkg/navigation.py
/home/tate/Documents/4a/CSCE452-Project4a/install/p4pkg/lib/python3.10/site-packages/p4pkg/simulator.py
/home/tate/Documents/4a/CSCE452-Project4a/install/p4pkg/lib/python3.10/site-packages/p4pkg/velocity.py
/home/tate/Documents/4a/CSCE452-Project4a/install/p4pkg/lib/python3.10/site-packages/p4pkg/disc_robot.py
/home/tate/Documents/4a/CSCE452-Project4a/install/p4pkg/lib/python3.10/site-packages/p4pkg/world_reader.py
/home/tate/Documents/4a/CSCE452-Project4a/install/p4pkg/lib/python3.10/site-packages/p4pkg/__pycache__/__init__.cpython-310.pyc
/home/tate/Documents/4a/CSCE452-Project4a/install/p4pkg/lib/python3.10/site-packages/p4pkg/__pycache__/navigation.cpython-310.pyc
/home/tate/Documents/4a/CSCE452-Project4a/install/p4pkg/lib/python3.10/site-packages/p4pkg/__pycache__/simulator.cpython-310.pyc
/home/tate/Documents/4a/CSCE452-Project4a/install/p4pkg/lib/python3.10/site-packages/p4pkg/__pycache__/velocity.cpython-310.pyc
/home/tate/Documents/4a/CSCE452-Project4a/install/p4pkg/lib/python3.10/site-packages/p4pkg/__pycache__/disc_robot.cpython-310.pyc
/home/tate/Documents/4a/CSCE452-Project4a/install/p4pkg/lib/python3.10/site-packages/p4pkg/__pycache__/world_reader.cpython-310.pyc
/home/tate/Documents/4a/CSCE452-Project4a/install/p4pkg/share/ament_index/resource_index/packages/p4pkg
/home/tate/Documents/4a/CSCE452-Project4a/install/p4pkg/share/p4pkg/package.xml
/home/tate/Documents/4a/CSCE452-Project4a/install/p4pkg/share/p4pkg/launch.py
/home/tate/Documents/4a/CSCE452-Project4a/install/p4pkg/lib/python3.10/site-packages/p4pkg-0.0.0-py3.10.egg-info/top_level.txt
/home/tate/Documents/4a/CSCE452-Project4a/install/p4pkg/lib/python3.10/site-packages/p4pkg-0.0.0-py3.10.egg-info/SOURCES.txt
/home/tate/Documents/4a/CSCE452-Project4a/install/p4pkg/lib/python3.10/site-packages/p4pkg-0.0.0-py3.10.egg-info/requires.txt
/home/tate/Documents/4a/CSCE452-Project4a/install/p4pkg/lib/python3.10/site-packages/p4pkg-0.0.0-py3.10.egg-info/PKG-INFO
/home/tate/Documents/4a/CSCE452-Project4a/install/p4pkg/lib/python3.10/site-packages/p4pkg-0.0.0-py3.10.egg-info/zip-safe
/home/tate/Documents/4a/CSCE452-Project4a/install/p4pkg/lib/python3.10/site-packages/p4pkg-0.0.0-py3.10.egg-info/dependency_links.txt
/home/tate/Documents/4a/CSCE452-Project4a/install/p4pkg/lib/python3.10/site-packages/p4pkg-0.0.0-py3.10.egg-info/entry_points.txt
/home/tate/Documents/4a/CSCE452-Project4a/install/p4pkg/lib/p4pkg/navigation
/home/tate/Documents/4a/CSCE452-Project4a/install/p4pkg/lib/p4pkg/simulator
/home/tate/Documents/4a/CSCE452-Project4a/install/p4pkg/lib/p4pkg/velocity
