[4.754s] Invoking command in '/home/chase/project4/src/p4pkg': PYTHONPATH=/home/chase/project4/src/build/p4pkg/prefix_override:/home/chase/project4/src/install/p4pkg/lib/python3.8/site-packages:${PYTHONPATH} /usr/bin/python3 setup.py egg_info --egg-base ../build/p4pkg build --build-base /home/chase/project4/src/build/p4pkg/build install --record /home/chase/project4/src/build/p4pkg/install.log --single-version-externally-managed
[6.711s] running egg_info
[6.713s] writing ../build/p4pkg/p4pkg.egg-info/PKG-INFO
[6.715s] writing dependency_links to ../build/p4pkg/p4pkg.egg-info/dependency_links.txt
[6.736s] writing entry points to ../build/p4pkg/p4pkg.egg-info/entry_points.txt
[6.738s] writing requirements to ../build/p4pkg/p4pkg.egg-info/requires.txt
[6.740s] writing top-level names to ../build/p4pkg/p4pkg.egg-info/top_level.txt
[6.840s] reading manifest file '../build/p4pkg/p4pkg.egg-info/SOURCES.txt'
[6.842s] writing manifest file '../build/p4pkg/p4pkg.egg-info/SOURCES.txt'
[6.843s] running build
[6.844s] running build_py
[6.845s] copying p4pkg/disc_robot.py -> /home/chase/project4/src/build/p4pkg/build/lib/p4pkg
[6.846s] running install
[6.851s] running install_lib
[6.853s] copying /home/chase/project4/src/build/p4pkg/build/lib/p4pkg/disc_robot.py -> /home/chase/project4/src/install/p4pkg/lib/python3.8/site-packages/p4pkg
[6.858s] byte-compiling /home/chase/project4/src/install/p4pkg/lib/python3.8/site-packages/p4pkg/disc_robot.py to disc_robot.cpython-38.pyc
[6.862s] running install_data
[6.863s] running install_egg_info
[6.871s] removing '/home/chase/project4/src/install/p4pkg/lib/python3.8/site-packages/p4pkg-0.0.0-py3.8.egg-info' (and everything under it)
[6.872s] Copying ../build/p4pkg/p4pkg.egg-info to /home/chase/project4/src/install/p4pkg/lib/python3.8/site-packages/p4pkg-0.0.0-py3.8.egg-info
[6.874s] running install_scripts
[6.949s] Installing simulator script to /home/chase/project4/src/install/p4pkg/lib/p4pkg
[6.952s] writing list of installed files to '/home/chase/project4/src/build/p4pkg/install.log'
[6.995s] Invoked command in '/home/chase/project4/src/p4pkg' returned '0': PYTHONPATH=/home/chase/project4/src/build/p4pkg/prefix_override:/home/chase/project4/src/install/p4pkg/lib/python3.8/site-packages:${PYTHONPATH} /usr/bin/python3 setup.py egg_info --egg-base ../build/p4pkg build --build-base /home/chase/project4/src/build/p4pkg/build install --record /home/chase/project4/src/build/p4pkg/install.log --single-version-externally-managed
