running egg_info
writing ../build/p4pkg/p4pkg.egg-info/PKG-INFO
writing dependency_links to ../build/p4pkg/p4pkg.egg-info/dependency_links.txt
writing entry points to ../build/p4pkg/p4pkg.egg-info/entry_points.txt
writing requirements to ../build/p4pkg/p4pkg.egg-info/requires.txt
writing top-level names to ../build/p4pkg/p4pkg.egg-info/top_level.txt
reading manifest file '../build/p4pkg/p4pkg.egg-info/SOURCES.txt'
writing manifest file '../build/p4pkg/p4pkg.egg-info/SOURCES.txt'
running build
running build_py
running install
running install_lib
copying /home/tate/Documents/4a/CSCE452-Project4a/src/build/p4pkg/build/lib/p4pkg/simulator.py -> /home/tate/Documents/4a/CSCE452-Project4a/src/install/p4pkg/lib/python3.10/site-packages/p4pkg
byte-compiling /home/tate/Documents/4a/CSCE452-Project4a/src/install/p4pkg/lib/python3.10/site-packages/p4pkg/simulator.py to simulator.cpython-310.pyc
running install_data
running install_egg_info
removing '/home/tate/Documents/4a/CSCE452-Project4a/src/install/p4pkg/lib/python3.10/site-packages/p4pkg-0.0.0-py3.10.egg-info' (and everything under it)
Copying ../build/p4pkg/p4pkg.egg-info to /home/tate/Documents/4a/CSCE452-Project4a/src/install/p4pkg/lib/python3.10/site-packages/p4pkg-0.0.0-py3.10.egg-info
running install_scripts
Installing simulator script to /home/tate/Documents/4a/CSCE452-Project4a/src/install/p4pkg/lib/p4pkg
writing list of installed files to '/home/tate/Documents/4a/CSCE452-Project4a/src/build/p4pkg/install.log'
