[4.664s] Invoking command in '/home/chase/project4/src/p4pkg': PYTHONPATH=/home/chase/project4/src/build/p4pkg/prefix_override:/home/chase/project4/src/install/p4pkg/lib/python3.8/site-packages:${PYTHONPATH} /usr/bin/python3 setup.py egg_info --egg-base ../build/p4pkg build --build-base /home/chase/project4/src/build/p4pkg/build install --record /home/chase/project4/src/build/p4pkg/install.log --single-version-externally-managed
[6.431s] running egg_info
[6.432s] writing ../build/p4pkg/p4pkg.egg-info/PKG-INFO
[6.437s] writing dependency_links to ../build/p4pkg/p4pkg.egg-info/dependency_links.txt
[6.439s] writing entry points to ../build/p4pkg/p4pkg.egg-info/entry_points.txt
[6.441s] writing requirements to ../build/p4pkg/p4pkg.egg-info/requires.txt
[6.446s] writing top-level names to ../build/p4pkg/p4pkg.egg-info/top_level.txt
[6.520s] reading manifest file '../build/p4pkg/p4pkg.egg-info/SOURCES.txt'
[6.521s] writing manifest file '../build/p4pkg/p4pkg.egg-info/SOURCES.txt'
[6.527s] running build
[6.531s] running build_py
[6.531s] copying p4pkg/world_reader.py -> /home/chase/project4/src/build/p4pkg/build/lib/p4pkg
[6.532s] running install
[6.546s] running install_lib
[6.547s] copying /home/chase/project4/src/build/p4pkg/build/lib/p4pkg/world_reader.py -> /home/chase/project4/src/install/p4pkg/lib/python3.8/site-packages/p4pkg
[6.551s] byte-compiling /home/chase/project4/src/install/p4pkg/lib/python3.8/site-packages/p4pkg/world_reader.py to world_reader.cpython-38.pyc
[6.562s] running install_data
[6.563s] running install_egg_info
[6.570s] removing '/home/chase/project4/src/install/p4pkg/lib/python3.8/site-packages/p4pkg-0.0.0-py3.8.egg-info' (and everything under it)
[6.570s] Copying ../build/p4pkg/p4pkg.egg-info to /home/chase/project4/src/install/p4pkg/lib/python3.8/site-packages/p4pkg-0.0.0-py3.8.egg-info
[6.572s] running install_scripts
[6.652s] Installing simulator script to /home/chase/project4/src/install/p4pkg/lib/p4pkg
[6.654s] writing list of installed files to '/home/chase/project4/src/build/p4pkg/install.log'
[6.718s] Invoked command in '/home/chase/project4/src/p4pkg' returned '0': PYTHONPATH=/home/chase/project4/src/build/p4pkg/prefix_override:/home/chase/project4/src/install/p4pkg/lib/python3.8/site-packages:${PYTHONPATH} /usr/bin/python3 setup.py egg_info --egg-base ../build/p4pkg build --build-base /home/chase/project4/src/build/p4pkg/build install --record /home/chase/project4/src/build/p4pkg/install.log --single-version-externally-managed
