[13.127s] Invoking command in '/home/chase/project4/src/p4pkg': PYTHONPATH=/home/chase/project4/src/build/p4pkg/prefix_override:/home/chase/project4/src/install/p4pkg/lib/python3.8/site-packages:${PYTHONPATH} /usr/bin/python3 setup.py egg_info --egg-base ../build/p4pkg build --build-base /home/chase/project4/src/build/p4pkg/build install --record /home/chase/project4/src/build/p4pkg/install.log --single-version-externally-managed
[17.541s] running egg_info
[17.550s] writing ../build/p4pkg/p4pkg.egg-info/PKG-INFO
[17.555s] writing dependency_links to ../build/p4pkg/p4pkg.egg-info/dependency_links.txt
[17.557s] writing entry points to ../build/p4pkg/p4pkg.egg-info/entry_points.txt
[17.558s] writing requirements to ../build/p4pkg/p4pkg.egg-info/requires.txt
[17.560s] writing top-level names to ../build/p4pkg/p4pkg.egg-info/top_level.txt
[17.743s] reading manifest file '../build/p4pkg/p4pkg.egg-info/SOURCES.txt'
[17.746s] writing manifest file '../build/p4pkg/p4pkg.egg-info/SOURCES.txt'
[17.748s] running build
[17.749s] running build_py
[17.750s] running install
[17.758s] running install_lib
[17.764s] running install_data
[17.777s] copying launch/launch.py -> /home/chase/project4/src/install/p4pkg/share/p4pkg
[17.778s] running install_egg_info
[17.798s] removing '/home/chase/project4/src/install/p4pkg/lib/python3.8/site-packages/p4pkg-0.0.0-py3.8.egg-info' (and everything under it)
[17.801s] Copying ../build/p4pkg/p4pkg.egg-info to /home/chase/project4/src/install/p4pkg/lib/python3.8/site-packages/p4pkg-0.0.0-py3.8.egg-info
[17.804s] running install_scripts
[17.938s] Installing simulator script to /home/chase/project4/src/install/p4pkg/lib/p4pkg
[17.943s] writing list of installed files to '/home/chase/project4/src/build/p4pkg/install.log'
[18.043s] Invoked command in '/home/chase/project4/src/p4pkg' returned '0': PYTHONPATH=/home/chase/project4/src/build/p4pkg/prefix_override:/home/chase/project4/src/install/p4pkg/lib/python3.8/site-packages:${PYTHONPATH} /usr/bin/python3 setup.py egg_info --egg-base ../build/p4pkg build --build-base /home/chase/project4/src/build/p4pkg/build install --record /home/chase/project4/src/build/p4pkg/install.log --single-version-externally-managed
