[13.730s] Invoking command in '/home/chase/project4/src/p4pkg': PYTHONPATH=/home/chase/project4/src/build/p4pkg/prefix_override:/home/chase/project4/src/install/p4pkg/lib/python3.8/site-packages:${PYTHONPATH} /usr/bin/python3 setup.py egg_info --egg-base ../build/p4pkg build --build-base /home/chase/project4/src/build/p4pkg/build install --record /home/chase/project4/src/build/p4pkg/install.log --single-version-externally-managed
[18.245s] running egg_info
[18.246s] writing ../build/p4pkg/p4pkg.egg-info/PKG-INFO
[18.248s] writing dependency_links to ../build/p4pkg/p4pkg.egg-info/dependency_links.txt
[18.252s] writing entry points to ../build/p4pkg/p4pkg.egg-info/entry_points.txt
[18.253s] writing requirements to ../build/p4pkg/p4pkg.egg-info/requires.txt
[18.264s] writing top-level names to ../build/p4pkg/p4pkg.egg-info/top_level.txt
[18.520s] reading manifest file '../build/p4pkg/p4pkg.egg-info/SOURCES.txt'
[18.521s] writing manifest file '../build/p4pkg/p4pkg.egg-info/SOURCES.txt'
[18.524s] running build
[18.524s] running build_py
[18.524s] copying p4pkg/simulator.py -> /home/chase/project4/src/build/p4pkg/build/lib/p4pkg
[18.528s] running install
[18.575s] running install_lib
[18.585s] copying /home/chase/project4/src/build/p4pkg/build/lib/p4pkg/simulator.py -> /home/chase/project4/src/install/p4pkg/lib/python3.8/site-packages/p4pkg
[18.593s] byte-compiling /home/chase/project4/src/install/p4pkg/lib/python3.8/site-packages/p4pkg/simulator.py to simulator.cpython-38.pyc
[18.616s] running install_data
[18.625s] running install_egg_info
[18.633s] removing '/home/chase/project4/src/install/p4pkg/lib/python3.8/site-packages/p4pkg-0.0.0-py3.8.egg-info' (and everything under it)
[18.634s] Copying ../build/p4pkg/p4pkg.egg-info to /home/chase/project4/src/install/p4pkg/lib/python3.8/site-packages/p4pkg-0.0.0-py3.8.egg-info
[18.648s] running install_scripts
[18.780s] Installing simulator script to /home/chase/project4/src/install/p4pkg/lib/p4pkg
[18.788s] writing list of installed files to '/home/chase/project4/src/build/p4pkg/install.log'
[18.969s] Invoked command in '/home/chase/project4/src/p4pkg' returned '0': PYTHONPATH=/home/chase/project4/src/build/p4pkg/prefix_override:/home/chase/project4/src/install/p4pkg/lib/python3.8/site-packages:${PYTHONPATH} /usr/bin/python3 setup.py egg_info --egg-base ../build/p4pkg build --build-base /home/chase/project4/src/build/p4pkg/build install --record /home/chase/project4/src/build/p4pkg/install.log --single-version-externally-managed
