[5.063s] DEBUG:colcon:Command line arguments: ['/usr/bin/colcon', 'build']
[5.063s] DEBUG:colcon:Parsed command line arguments: Namespace(allow_overriding=[], ament_cmake_args=None, base_paths=['.'], build_base='build', catkin_cmake_args=None, catkin_skip_building_tests=False, cmake_args=None, cmake_clean_cache=False, cmake_clean_first=False, cmake_force_configure=False, cmake_target=None, cmake_target_skip_unavailable=False, continue_on_error=False, event_handlers=None, executor='parallel', ignore_user_meta=False, install_base='install', log_base=None, log_level=None, main=<bound method BuildVerb.main of <colcon_core.verb.build.BuildVerb object at 0x7f13241ad550>>, merge_install=False, metas=['./colcon.meta'], packages_above=None, packages_above_and_dependencies=None, packages_above_depth=None, packages_end=None, packages_ignore=None, packages_ignore_regex=None, packages_select=None, packages_select_build_failed=False, packages_select_by_dep=None, packages_select_regex=None, packages_select_test_failures=False, packages_skip=None, packages_skip_build_finished=False, packages_skip_by_dep=None, packages_skip_regex=None, packages_skip_test_passed=False, packages_skip_up_to=None, packages_start=None, packages_up_to=None, packages_up_to_regex=None, parallel_workers=1, paths=None, symlink_install=False, test_result_base=None, verb_extension=<colcon_core.verb.build.BuildVerb object at 0x7f13241ad550>, verb_name='build', verb_parser=<colcon_defaults.argument_parser.defaults.DefaultArgumentsDecorator object at 0x7f13241ada90>)
[5.488s] Level 1:colcon.colcon_core.package_discovery:discover_packages(colcon_meta) check parameters
[5.488s] Level 1:colcon.colcon_core.package_discovery:discover_packages(recursive) check parameters
[5.488s] Level 1:colcon.colcon_core.package_discovery:discover_packages(ignore) check parameters
[5.488s] Level 1:colcon.colcon_core.package_discovery:discover_packages(path) check parameters
[5.488s] Level 1:colcon.colcon_core.package_discovery:discover_packages(colcon_meta) discover
[5.488s] Level 1:colcon.colcon_core.package_discovery:discover_packages(recursive) discover
[5.488s] INFO:colcon.colcon_core.package_discovery:Crawling recursively for packages in '/home/chase/project4/src'
[5.488s] Level 1:colcon.colcon_core.package_identification:_identify(.) by extensions ['ignore', 'ignore_ament_install']
[5.489s] Level 1:colcon.colcon_core.package_identification:_identify(.) by extension 'ignore'
[5.489s] Level 1:colcon.colcon_core.package_identification:_identify(.) by extension 'ignore_ament_install'
[5.489s] Level 1:colcon.colcon_core.package_identification:_identify(.) by extensions ['colcon_pkg']
[5.489s] Level 1:colcon.colcon_core.package_identification:_identify(.) by extension 'colcon_pkg'
[5.489s] Level 1:colcon.colcon_core.package_identification:_identify(.) by extensions ['colcon_meta']
[5.489s] Level 1:colcon.colcon_core.package_identification:_identify(.) by extension 'colcon_meta'
[5.489s] Level 1:colcon.colcon_core.package_identification:_identify(.) by extensions ['ros']
[5.489s] Level 1:colcon.colcon_core.package_identification:_identify(.) by extension 'ros'
[5.615s] Level 1:colcon.colcon_core.package_identification:_identify(.) by extensions ['cmake', 'python']
[5.615s] Level 1:colcon.colcon_core.package_identification:_identify(.) by extension 'cmake'
[5.615s] Level 1:colcon.colcon_core.package_identification:_identify(.) by extension 'python'
[5.615s] Level 1:colcon.colcon_core.package_identification:_identify(.) by extensions ['python_setup_py']
[5.615s] Level 1:colcon.colcon_core.package_identification:_identify(.) by extension 'python_setup_py'
[5.615s] Level 1:colcon.colcon_core.package_identification:_identify(bags) by extensions ['ignore', 'ignore_ament_install']
[5.616s] Level 1:colcon.colcon_core.package_identification:_identify(bags) by extension 'ignore'
[5.616s] Level 1:colcon.colcon_core.package_identification:_identify(bags) by extension 'ignore_ament_install'
[5.616s] Level 1:colcon.colcon_core.package_identification:_identify(bags) by extensions ['colcon_pkg']
[5.616s] Level 1:colcon.colcon_core.package_identification:_identify(bags) by extension 'colcon_pkg'
[5.616s] Level 1:colcon.colcon_core.package_identification:_identify(bags) by extensions ['colcon_meta']
[5.616s] Level 1:colcon.colcon_core.package_identification:_identify(bags) by extension 'colcon_meta'
[5.616s] Level 1:colcon.colcon_core.package_identification:_identify(bags) by extensions ['ros']
[5.616s] Level 1:colcon.colcon_core.package_identification:_identify(bags) by extension 'ros'
[5.616s] Level 1:colcon.colcon_core.package_identification:_identify(bags) by extensions ['cmake', 'python']
[5.616s] Level 1:colcon.colcon_core.package_identification:_identify(bags) by extension 'cmake'
[5.616s] Level 1:colcon.colcon_core.package_identification:_identify(bags) by extension 'python'
[5.616s] Level 1:colcon.colcon_core.package_identification:_identify(bags) by extensions ['python_setup_py']
[5.616s] Level 1:colcon.colcon_core.package_identification:_identify(bags) by extension 'python_setup_py'
[5.660s] Level 1:colcon.colcon_core.package_identification:_identify(bags/input1) by extensions ['ignore', 'ignore_ament_install']
[5.660s] Level 1:colcon.colcon_core.package_identification:_identify(bags/input1) by extension 'ignore'
[5.660s] Level 1:colcon.colcon_core.package_identification:_identify(bags/input1) by extension 'ignore_ament_install'
[5.660s] Level 1:colcon.colcon_core.package_identification:_identify(bags/input1) by extensions ['colcon_pkg']
[5.660s] Level 1:colcon.colcon_core.package_identification:_identify(bags/input1) by extension 'colcon_pkg'
[5.660s] Level 1:colcon.colcon_core.package_identification:_identify(bags/input1) by extensions ['colcon_meta']
[5.660s] Level 1:colcon.colcon_core.package_identification:_identify(bags/input1) by extension 'colcon_meta'
[5.660s] Level 1:colcon.colcon_core.package_identification:_identify(bags/input1) by extensions ['ros']
[5.660s] Level 1:colcon.colcon_core.package_identification:_identify(bags/input1) by extension 'ros'
[5.660s] Level 1:colcon.colcon_core.package_identification:_identify(bags/input1) by extensions ['cmake', 'python']
[5.661s] Level 1:colcon.colcon_core.package_identification:_identify(bags/input1) by extension 'cmake'
[5.661s] Level 1:colcon.colcon_core.package_identification:_identify(bags/input1) by extension 'python'
[5.661s] Level 1:colcon.colcon_core.package_identification:_identify(bags/input1) by extensions ['python_setup_py']
[5.661s] Level 1:colcon.colcon_core.package_identification:_identify(bags/input1) by extension 'python_setup_py'
[5.661s] Level 1:colcon.colcon_core.package_identification:_identify(bags/input2) by extensions ['ignore', 'ignore_ament_install']
[5.661s] Level 1:colcon.colcon_core.package_identification:_identify(bags/input2) by extension 'ignore'
[5.661s] Level 1:colcon.colcon_core.package_identification:_identify(bags/input2) by extension 'ignore_ament_install'
[5.661s] Level 1:colcon.colcon_core.package_identification:_identify(bags/input2) by extensions ['colcon_pkg']
[5.661s] Level 1:colcon.colcon_core.package_identification:_identify(bags/input2) by extension 'colcon_pkg'
[5.661s] Level 1:colcon.colcon_core.package_identification:_identify(bags/input2) by extensions ['colcon_meta']
[5.661s] Level 1:colcon.colcon_core.package_identification:_identify(bags/input2) by extension 'colcon_meta'
[5.661s] Level 1:colcon.colcon_core.package_identification:_identify(bags/input2) by extensions ['ros']
[5.662s] Level 1:colcon.colcon_core.package_identification:_identify(bags/input2) by extension 'ros'
[5.662s] Level 1:colcon.colcon_core.package_identification:_identify(bags/input2) by extensions ['cmake', 'python']
[5.662s] Level 1:colcon.colcon_core.package_identification:_identify(bags/input2) by extension 'cmake'
[5.662s] Level 1:colcon.colcon_core.package_identification:_identify(bags/input2) by extension 'python'
[5.662s] Level 1:colcon.colcon_core.package_identification:_identify(bags/input2) by extensions ['python_setup_py']
[5.662s] Level 1:colcon.colcon_core.package_identification:_identify(bags/input2) by extension 'python_setup_py'
[5.662s] Level 1:colcon.colcon_core.package_identification:_identify(bags/input3) by extensions ['ignore', 'ignore_ament_install']
[5.663s] Level 1:colcon.colcon_core.package_identification:_identify(bags/input3) by extension 'ignore'
[5.664s] Level 1:colcon.colcon_core.package_identification:_identify(bags/input3) by extension 'ignore_ament_install'
[5.665s] Level 1:colcon.colcon_core.package_identification:_identify(bags/input3) by extensions ['colcon_pkg']
[5.665s] Level 1:colcon.colcon_core.package_identification:_identify(bags/input3) by extension 'colcon_pkg'
[5.665s] Level 1:colcon.colcon_core.package_identification:_identify(bags/input3) by extensions ['colcon_meta']
[5.665s] Level 1:colcon.colcon_core.package_identification:_identify(bags/input3) by extension 'colcon_meta'
[5.666s] Level 1:colcon.colcon_core.package_identification:_identify(bags/input3) by extensions ['ros']
[5.666s] Level 1:colcon.colcon_core.package_identification:_identify(bags/input3) by extension 'ros'
[5.666s] Level 1:colcon.colcon_core.package_identification:_identify(bags/input3) by extensions ['cmake', 'python']
[5.666s] Level 1:colcon.colcon_core.package_identification:_identify(bags/input3) by extension 'cmake'
[5.666s] Level 1:colcon.colcon_core.package_identification:_identify(bags/input3) by extension 'python'
[5.666s] Level 1:colcon.colcon_core.package_identification:_identify(bags/input3) by extensions ['python_setup_py']
[5.666s] Level 1:colcon.colcon_core.package_identification:_identify(bags/input3) by extension 'python_setup_py'
[5.667s] Level 1:colcon.colcon_core.package_identification:_identify(bags/input4) by extensions ['ignore', 'ignore_ament_install']
[5.667s] Level 1:colcon.colcon_core.package_identification:_identify(bags/input4) by extension 'ignore'
[5.667s] Level 1:colcon.colcon_core.package_identification:_identify(bags/input4) by extension 'ignore_ament_install'
[5.667s] Level 1:colcon.colcon_core.package_identification:_identify(bags/input4) by extensions ['colcon_pkg']
[5.667s] Level 1:colcon.colcon_core.package_identification:_identify(bags/input4) by extension 'colcon_pkg'
[5.667s] Level 1:colcon.colcon_core.package_identification:_identify(bags/input4) by extensions ['colcon_meta']
[5.667s] Level 1:colcon.colcon_core.package_identification:_identify(bags/input4) by extension 'colcon_meta'
[5.667s] Level 1:colcon.colcon_core.package_identification:_identify(bags/input4) by extensions ['ros']
[5.667s] Level 1:colcon.colcon_core.package_identification:_identify(bags/input4) by extension 'ros'
[5.667s] Level 1:colcon.colcon_core.package_identification:_identify(bags/input4) by extensions ['cmake', 'python']
[5.667s] Level 1:colcon.colcon_core.package_identification:_identify(bags/input4) by extension 'cmake'
[5.667s] Level 1:colcon.colcon_core.package_identification:_identify(bags/input4) by extension 'python'
[5.668s] Level 1:colcon.colcon_core.package_identification:_identify(bags/input4) by extensions ['python_setup_py']
[5.668s] Level 1:colcon.colcon_core.package_identification:_identify(bags/input4) by extension 'python_setup_py'
[5.668s] Level 1:colcon.colcon_core.package_identification:_identify(bags/input5) by extensions ['ignore', 'ignore_ament_install']
[5.668s] Level 1:colcon.colcon_core.package_identification:_identify(bags/input5) by extension 'ignore'
[5.668s] Level 1:colcon.colcon_core.package_identification:_identify(bags/input5) by extension 'ignore_ament_install'
[5.668s] Level 1:colcon.colcon_core.package_identification:_identify(bags/input5) by extensions ['colcon_pkg']
[5.668s] Level 1:colcon.colcon_core.package_identification:_identify(bags/input5) by extension 'colcon_pkg'
[5.668s] Level 1:colcon.colcon_core.package_identification:_identify(bags/input5) by extensions ['colcon_meta']
[5.668s] Level 1:colcon.colcon_core.package_identification:_identify(bags/input5) by extension 'colcon_meta'
[5.668s] Level 1:colcon.colcon_core.package_identification:_identify(bags/input5) by extensions ['ros']
[5.669s] Level 1:colcon.colcon_core.package_identification:_identify(bags/input5) by extension 'ros'
[5.669s] Level 1:colcon.colcon_core.package_identification:_identify(bags/input5) by extensions ['cmake', 'python']
[5.669s] Level 1:colcon.colcon_core.package_identification:_identify(bags/input5) by extension 'cmake'
[5.669s] Level 1:colcon.colcon_core.package_identification:_identify(bags/input5) by extension 'python'
[5.669s] Level 1:colcon.colcon_core.package_identification:_identify(bags/input5) by extensions ['python_setup_py']
[5.669s] Level 1:colcon.colcon_core.package_identification:_identify(bags/input5) by extension 'python_setup_py'
[5.669s] Level 1:colcon.colcon_core.package_identification:_identify(build) by extensions ['ignore', 'ignore_ament_install']
[5.669s] Level 1:colcon.colcon_core.package_identification:_identify(build) by extension 'ignore'
[5.669s] Level 1:colcon.colcon_core.package_identification:_identify(build) ignored
[5.669s] Level 1:colcon.colcon_core.package_identification:_identify(install) by extensions ['ignore', 'ignore_ament_install']
[5.670s] Level 1:colcon.colcon_core.package_identification:_identify(install) by extension 'ignore'
[5.670s] Level 1:colcon.colcon_core.package_identification:_identify(install) ignored
[5.715s] Level 1:colcon.colcon_core.package_identification:_identify(log) by extensions ['ignore', 'ignore_ament_install']
[5.771s] Level 1:colcon.colcon_core.package_identification:_identify(log) by extension 'ignore'
[5.771s] Level 1:colcon.colcon_core.package_identification:_identify(log) ignored
[5.772s] Level 1:colcon.colcon_core.package_identification:_identify(p4pkg) by extensions ['ignore', 'ignore_ament_install']
[5.772s] Level 1:colcon.colcon_core.package_identification:_identify(p4pkg) by extension 'ignore'
[5.772s] Level 1:colcon.colcon_core.package_identification:_identify(p4pkg) by extension 'ignore_ament_install'
[5.772s] Level 1:colcon.colcon_core.package_identification:_identify(p4pkg) by extensions ['colcon_pkg']
[5.772s] Level 1:colcon.colcon_core.package_identification:_identify(p4pkg) by extension 'colcon_pkg'
[5.772s] Level 1:colcon.colcon_core.package_identification:_identify(p4pkg) by extensions ['colcon_meta']
[5.772s] Level 1:colcon.colcon_core.package_identification:_identify(p4pkg) by extension 'colcon_meta'
[5.772s] Level 1:colcon.colcon_core.package_identification:_identify(p4pkg) by extensions ['ros']
[5.772s] Level 1:colcon.colcon_core.package_identification:_identify(p4pkg) by extension 'ros'
[5.775s] DEBUG:colcon.colcon_core.package_identification:Package 'p4pkg' with type 'ros.ament_python' and name 'p4pkg'
[5.776s] Level 1:colcon.colcon_core.package_identification:_identify(teleop_twist_keyboard) by extensions ['ignore', 'ignore_ament_install']
[5.776s] Level 1:colcon.colcon_core.package_identification:_identify(teleop_twist_keyboard) by extension 'ignore'
[5.776s] Level 1:colcon.colcon_core.package_identification:_identify(teleop_twist_keyboard) by extension 'ignore_ament_install'
[5.776s] Level 1:colcon.colcon_core.package_identification:_identify(teleop_twist_keyboard) by extensions ['colcon_pkg']
[5.776s] Level 1:colcon.colcon_core.package_identification:_identify(teleop_twist_keyboard) by extension 'colcon_pkg'
[5.776s] Level 1:colcon.colcon_core.package_identification:_identify(teleop_twist_keyboard) by extensions ['colcon_meta']
[5.776s] Level 1:colcon.colcon_core.package_identification:_identify(teleop_twist_keyboard) by extension 'colcon_meta'
[5.776s] Level 1:colcon.colcon_core.package_identification:_identify(teleop_twist_keyboard) by extensions ['ros']
[5.776s] Level 1:colcon.colcon_core.package_identification:_identify(teleop_twist_keyboard) by extension 'ros'
[5.815s] DEBUG:colcon.colcon_core.package_identification:Package 'teleop_twist_keyboard' with type 'ros.ament_python' and name 'teleop_twist_keyboard'
[5.815s] Level 1:colcon.colcon_core.package_discovery:discover_packages(recursive) using defaults
[5.815s] Level 1:colcon.colcon_core.package_discovery:discover_packages(ignore) discover
[5.815s] Level 1:colcon.colcon_core.package_discovery:discover_packages(ignore) using defaults
[5.815s] Level 1:colcon.colcon_core.package_discovery:discover_packages(path) discover
[5.815s] Level 1:colcon.colcon_core.package_discovery:discover_packages(path) using defaults
[6.282s] Level 1:colcon.colcon_core.package_discovery:discover_packages(prefix_path) check parameters
[6.282s] Level 1:colcon.colcon_core.package_discovery:discover_packages(prefix_path) discover
[6.456s] DEBUG:colcon.colcon_installed_package_information.package_discovery:Found 6 installed packages in /home/chase/project4/src/install
[6.526s] DEBUG:colcon.colcon_installed_package_information.package_discovery:Found 325 installed packages in /home/chase/ros2_humble/install
[6.528s] Level 1:colcon.colcon_core.package_discovery:discover_packages(prefix_path) using defaults
[6.860s] Level 5:colcon.colcon_core.verb:set package 'p4pkg' build argument 'cmake_args' from command line to 'None'
[6.861s] Level 5:colcon.colcon_core.verb:set package 'p4pkg' build argument 'cmake_target' from command line to 'None'
[6.861s] Level 5:colcon.colcon_core.verb:set package 'p4pkg' build argument 'cmake_target_skip_unavailable' from command line to 'False'
[6.861s] Level 5:colcon.colcon_core.verb:set package 'p4pkg' build argument 'cmake_clean_cache' from command line to 'False'
[6.861s] Level 5:colcon.colcon_core.verb:set package 'p4pkg' build argument 'cmake_clean_first' from command line to 'False'
[6.861s] Level 5:colcon.colcon_core.verb:set package 'p4pkg' build argument 'cmake_force_configure' from command line to 'False'
[6.861s] Level 5:colcon.colcon_core.verb:set package 'p4pkg' build argument 'ament_cmake_args' from command line to 'None'
[6.861s] Level 5:colcon.colcon_core.verb:set package 'p4pkg' build argument 'catkin_cmake_args' from command line to 'None'
[6.861s] Level 5:colcon.colcon_core.verb:set package 'p4pkg' build argument 'catkin_skip_building_tests' from command line to 'False'
[6.861s] DEBUG:colcon.colcon_core.verb:Building package 'p4pkg' with the following arguments: {'ament_cmake_args': None, 'build_base': '/home/chase/project4/src/build/p4pkg', 'catkin_cmake_args': None, 'catkin_skip_building_tests': False, 'cmake_args': None, 'cmake_clean_cache': False, 'cmake_clean_first': False, 'cmake_force_configure': False, 'cmake_target': None, 'cmake_target_skip_unavailable': False, 'install_base': '/home/chase/project4/src/install/p4pkg', 'merge_install': False, 'path': '/home/chase/project4/src/p4pkg', 'symlink_install': False, 'test_result_base': None}
[6.907s] Level 5:colcon.colcon_core.verb:set package 'teleop_twist_keyboard' build argument 'cmake_args' from command line to 'None'
[6.907s] Level 5:colcon.colcon_core.verb:set package 'teleop_twist_keyboard' build argument 'cmake_target' from command line to 'None'
[6.907s] Level 5:colcon.colcon_core.verb:set package 'teleop_twist_keyboard' build argument 'cmake_target_skip_unavailable' from command line to 'False'
[6.908s] Level 5:colcon.colcon_core.verb:set package 'teleop_twist_keyboard' build argument 'cmake_clean_cache' from command line to 'False'
[6.908s] Level 5:colcon.colcon_core.verb:set package 'teleop_twist_keyboard' build argument 'cmake_clean_first' from command line to 'False'
[6.908s] Level 5:colcon.colcon_core.verb:set package 'teleop_twist_keyboard' build argument 'cmake_force_configure' from command line to 'False'
[6.908s] Level 5:colcon.colcon_core.verb:set package 'teleop_twist_keyboard' build argument 'ament_cmake_args' from command line to 'None'
[6.908s] Level 5:colcon.colcon_core.verb:set package 'teleop_twist_keyboard' build argument 'catkin_cmake_args' from command line to 'None'
[6.908s] Level 5:colcon.colcon_core.verb:set package 'teleop_twist_keyboard' build argument 'catkin_skip_building_tests' from command line to 'False'
[6.908s] DEBUG:colcon.colcon_core.verb:Building package 'teleop_twist_keyboard' with the following arguments: {'ament_cmake_args': None, 'build_base': '/home/chase/project4/src/build/teleop_twist_keyboard', 'catkin_cmake_args': None, 'catkin_skip_building_tests': False, 'cmake_args': None, 'cmake_clean_cache': False, 'cmake_clean_first': False, 'cmake_force_configure': False, 'cmake_target': None, 'cmake_target_skip_unavailable': False, 'install_base': '/home/chase/project4/src/install/teleop_twist_keyboard', 'merge_install': False, 'path': '/home/chase/project4/src/teleop_twist_keyboard', 'symlink_install': False, 'test_result_base': None}
[6.910s] INFO:colcon.colcon_core.executor:Executing jobs using 'parallel' executor
[6.988s] DEBUG:colcon.colcon_parallel_executor.executor.parallel:run_until_complete
[6.989s] INFO:colcon.colcon_ros.task.ament_python.build:Building ROS package in '/home/chase/project4/src/p4pkg' with build type 'ament_python'
[6.989s] Level 1:colcon.colcon_core.shell:create_environment_hook('p4pkg', 'ament_prefix_path')
[7.090s] INFO:colcon.colcon_core.plugin_system:Skipping extension 'colcon_core.shell.bat': Not used on non-Windows systems
[7.090s] INFO:colcon.colcon_core.shell:Creating environment hook '/home/chase/project4/src/install/p4pkg/share/p4pkg/hook/ament_prefix_path.ps1'
[7.118s] INFO:colcon.colcon_core.shell:Creating environment descriptor '/home/chase/project4/src/install/p4pkg/share/p4pkg/hook/ament_prefix_path.dsv'
[7.120s] INFO:colcon.colcon_core.shell:Creating environment hook '/home/chase/project4/src/install/p4pkg/share/p4pkg/hook/ament_prefix_path.sh'
[7.128s] INFO:colcon.colcon_core.shell:Skip shell extension 'powershell' for command environment: Not usable outside of PowerShell
[7.129s] DEBUG:colcon.colcon_core.shell:Skip shell extension 'dsv' for command environment
[14.719s] INFO:colcon.colcon_core.task.python.build:Building Python package in '/home/chase/project4/src/p4pkg'
[14.770s] INFO:colcon.colcon_core.shell:Skip shell extension 'powershell' for command environment: Not usable outside of PowerShell
[14.770s] DEBUG:colcon.colcon_core.shell:Skip shell extension 'dsv' for command environment
[24.591s] DEBUG:colcon.colcon_core.event_handler.log_command:Invoking command in '/home/chase/project4/src/p4pkg': PYTHONPATH=/home/chase/project4/src/build/p4pkg/prefix_override:/home/chase/project4/src/install/p4pkg/lib/python3.8/site-packages:${PYTHONPATH} /usr/bin/python3 setup.py egg_info --egg-base ../build/p4pkg build --build-base /home/chase/project4/src/build/p4pkg/build install --record /home/chase/project4/src/build/p4pkg/install.log --single-version-externally-managed
[34.836s] DEBUG:colcon.colcon_core.event_handler.log_command:Invoked command in '/home/chase/project4/src/p4pkg' returned '0': PYTHONPATH=/home/chase/project4/src/build/p4pkg/prefix_override:/home/chase/project4/src/install/p4pkg/lib/python3.8/site-packages:${PYTHONPATH} /usr/bin/python3 setup.py egg_info --egg-base ../build/p4pkg build --build-base /home/chase/project4/src/build/p4pkg/build install --record /home/chase/project4/src/build/p4pkg/install.log --single-version-externally-managed
[34.841s] Level 1:colcon.colcon_core.environment:checking '/home/chase/project4/src/install/p4pkg' for CMake module files
[34.841s] Level 1:colcon.colcon_core.environment:checking '/home/chase/project4/src/install/p4pkg' for CMake config files
[34.842s] Level 1:colcon.colcon_core.environment:checking '/home/chase/project4/src/install/p4pkg/lib'
[34.842s] Level 1:colcon.colcon_core.environment:checking '/home/chase/project4/src/install/p4pkg/bin'
[34.842s] Level 1:colcon.colcon_core.environment:checking '/home/chase/project4/src/install/p4pkg/lib/pkgconfig/p4pkg.pc'
[34.843s] Level 1:colcon.colcon_core.environment:checking '/home/chase/project4/src/install/p4pkg/lib/python3.8/site-packages'
[34.843s] Level 1:colcon.colcon_core.shell:create_environment_hook('p4pkg', 'pythonpath')
[34.895s] INFO:colcon.colcon_core.shell:Creating environment hook '/home/chase/project4/src/install/p4pkg/share/p4pkg/hook/pythonpath.ps1'
[34.902s] INFO:colcon.colcon_core.shell:Creating environment descriptor '/home/chase/project4/src/install/p4pkg/share/p4pkg/hook/pythonpath.dsv'
[34.939s] INFO:colcon.colcon_core.shell:Creating environment hook '/home/chase/project4/src/install/p4pkg/share/p4pkg/hook/pythonpath.sh'
[34.960s] Level 1:colcon.colcon_core.environment:checking '/home/chase/project4/src/install/p4pkg/bin'
[34.960s] Level 1:colcon.colcon_core.environment:create_environment_scripts_only(p4pkg)
[34.967s] INFO:colcon.colcon_core.shell:Creating package script '/home/chase/project4/src/install/p4pkg/share/p4pkg/package.ps1'
[35.010s] INFO:colcon.colcon_core.shell:Creating package descriptor '/home/chase/project4/src/install/p4pkg/share/p4pkg/package.dsv'
[35.025s] INFO:colcon.colcon_core.shell:Creating package script '/home/chase/project4/src/install/p4pkg/share/p4pkg/package.sh'
[35.065s] INFO:colcon.colcon_core.shell:Creating package script '/home/chase/project4/src/install/p4pkg/share/p4pkg/package.bash'
[35.097s] INFO:colcon.colcon_core.shell:Creating package script '/home/chase/project4/src/install/p4pkg/share/p4pkg/package.zsh'
[35.105s] Level 1:colcon.colcon_core.environment:create_file_with_runtime_dependencies(/home/chase/project4/src/install/p4pkg/share/colcon-core/packages/p4pkg)
[35.106s] INFO:colcon.colcon_ros.task.ament_python.build:Building ROS package in '/home/chase/project4/src/teleop_twist_keyboard' with build type 'ament_python'
[35.106s] Level 1:colcon.colcon_core.shell:create_environment_hook('teleop_twist_keyboard', 'ament_prefix_path')
[35.109s] INFO:colcon.colcon_core.shell:Creating environment hook '/home/chase/project4/src/install/teleop_twist_keyboard/share/teleop_twist_keyboard/hook/ament_prefix_path.ps1'
[35.136s] INFO:colcon.colcon_core.shell:Creating environment descriptor '/home/chase/project4/src/install/teleop_twist_keyboard/share/teleop_twist_keyboard/hook/ament_prefix_path.dsv'
[35.148s] INFO:colcon.colcon_core.shell:Creating environment hook '/home/chase/project4/src/install/teleop_twist_keyboard/share/teleop_twist_keyboard/hook/ament_prefix_path.sh'
[35.152s] INFO:colcon.colcon_core.shell:Skip shell extension 'powershell' for command environment: Not usable outside of PowerShell
[35.152s] DEBUG:colcon.colcon_core.shell:Skip shell extension 'dsv' for command environment
[42.816s] INFO:colcon.colcon_core.task.python.build:Building Python package in '/home/chase/project4/src/teleop_twist_keyboard'
[42.821s] INFO:colcon.colcon_core.shell:Skip shell extension 'powershell' for command environment: Not usable outside of PowerShell
[42.821s] DEBUG:colcon.colcon_core.shell:Skip shell extension 'dsv' for command environment
[60.179s] DEBUG:colcon.colcon_core.event_handler.log_command:Invoking command in '/home/chase/project4/src/teleop_twist_keyboard': PYTHONPATH=/home/chase/project4/src/build/teleop_twist_keyboard/prefix_override:/home/chase/project4/src/install/teleop_twist_keyboard/lib/python3.8/site-packages:${PYTHONPATH} /usr/bin/python3 setup.py egg_info --egg-base ../build/teleop_twist_keyboard build --build-base /home/chase/project4/src/build/teleop_twist_keyboard/build install --record /home/chase/project4/src/build/teleop_twist_keyboard/install.log --single-version-externally-managed
[69.039s] Level 1:colcon.colcon_core.environment:checking '/home/chase/project4/src/install/teleop_twist_keyboard' for CMake module files
[69.039s] Level 1:colcon.colcon_core.environment:checking '/home/chase/project4/src/install/teleop_twist_keyboard' for CMake config files
[69.040s] Level 1:colcon.colcon_core.environment:checking '/home/chase/project4/src/install/teleop_twist_keyboard/lib'
[69.040s] Level 1:colcon.colcon_core.environment:checking '/home/chase/project4/src/install/teleop_twist_keyboard/bin'
[69.040s] Level 1:colcon.colcon_core.environment:checking '/home/chase/project4/src/install/teleop_twist_keyboard/lib/pkgconfig/teleop_twist_keyboard.pc'
[69.041s] Level 1:colcon.colcon_core.environment:checking '/home/chase/project4/src/install/teleop_twist_keyboard/lib/python3.8/site-packages'
[69.041s] Level 1:colcon.colcon_core.shell:create_environment_hook('teleop_twist_keyboard', 'pythonpath')
[69.070s] INFO:colcon.colcon_core.shell:Creating environment hook '/home/chase/project4/src/install/teleop_twist_keyboard/share/teleop_twist_keyboard/hook/pythonpath.ps1'
[69.076s] DEBUG:colcon.colcon_core.event_handler.log_command:Invoked command in '/home/chase/project4/src/teleop_twist_keyboard' returned '0': PYTHONPATH=/home/chase/project4/src/build/teleop_twist_keyboard/prefix_override:/home/chase/project4/src/install/teleop_twist_keyboard/lib/python3.8/site-packages:${PYTHONPATH} /usr/bin/python3 setup.py egg_info --egg-base ../build/teleop_twist_keyboard build --build-base /home/chase/project4/src/build/teleop_twist_keyboard/build install --record /home/chase/project4/src/build/teleop_twist_keyboard/install.log --single-version-externally-managed
[69.079s] INFO:colcon.colcon_core.shell:Creating environment descriptor '/home/chase/project4/src/install/teleop_twist_keyboard/share/teleop_twist_keyboard/hook/pythonpath.dsv'
[69.080s] INFO:colcon.colcon_core.shell:Creating environment hook '/home/chase/project4/src/install/teleop_twist_keyboard/share/teleop_twist_keyboard/hook/pythonpath.sh'
[69.083s] Level 1:colcon.colcon_core.environment:checking '/home/chase/project4/src/install/teleop_twist_keyboard/bin'
[69.083s] Level 1:colcon.colcon_core.environment:create_environment_scripts_only(teleop_twist_keyboard)
[69.108s] INFO:colcon.colcon_core.shell:Creating package script '/home/chase/project4/src/install/teleop_twist_keyboard/share/teleop_twist_keyboard/package.ps1'
[69.109s] INFO:colcon.colcon_core.shell:Creating package descriptor '/home/chase/project4/src/install/teleop_twist_keyboard/share/teleop_twist_keyboard/package.dsv'
[69.111s] INFO:colcon.colcon_core.shell:Creating package script '/home/chase/project4/src/install/teleop_twist_keyboard/share/teleop_twist_keyboard/package.sh'
[69.112s] INFO:colcon.colcon_core.shell:Creating package script '/home/chase/project4/src/install/teleop_twist_keyboard/share/teleop_twist_keyboard/package.bash'
[69.119s] INFO:colcon.colcon_core.shell:Creating package script '/home/chase/project4/src/install/teleop_twist_keyboard/share/teleop_twist_keyboard/package.zsh'
[69.120s] Level 1:colcon.colcon_core.environment:create_file_with_runtime_dependencies(/home/chase/project4/src/install/teleop_twist_keyboard/share/colcon-core/packages/teleop_twist_keyboard)
[69.173s] DEBUG:colcon.colcon_parallel_executor.executor.parallel:closing loop
[69.174s] DEBUG:colcon.colcon_parallel_executor.executor.parallel:loop closed
[69.174s] DEBUG:colcon.colcon_parallel_executor.executor.parallel:run_until_complete finished with '0'
[69.174s] DEBUG:colcon.colcon_core.event_reactor:joining thread
[69.234s] INFO:colcon.colcon_core.plugin_system:Skipping extension 'colcon_notification.desktop_notification.terminal_notifier': Not used on non-Darwin systems
[69.234s] INFO:colcon.colcon_core.plugin_system:Skipping extension 'colcon_notification.desktop_notification.win32': Not used on non-Windows systems
[69.234s] INFO:colcon.colcon_notification.desktop_notification:Sending desktop notification using 'notify2'
[69.331s] DEBUG:colcon.colcon_core.event_reactor:joined thread
[69.336s] INFO:colcon.colcon_core.shell:Creating prefix script '/home/chase/project4/src/install/local_setup.ps1'
[69.355s] INFO:colcon.colcon_core.shell:Creating prefix util module '/home/chase/project4/src/install/_local_setup_util_ps1.py'
[69.375s] INFO:colcon.colcon_core.shell:Creating prefix chain script '/home/chase/project4/src/install/setup.ps1'
[69.455s] INFO:colcon.colcon_core.shell:Creating prefix script '/home/chase/project4/src/install/local_setup.sh'
[69.456s] INFO:colcon.colcon_core.shell:Creating prefix util module '/home/chase/project4/src/install/_local_setup_util_sh.py'
[69.463s] INFO:colcon.colcon_core.shell:Creating prefix chain script '/home/chase/project4/src/install/setup.sh'
[69.540s] INFO:colcon.colcon_core.shell:Creating prefix script '/home/chase/project4/src/install/local_setup.bash'
[69.543s] INFO:colcon.colcon_core.shell:Creating prefix chain script '/home/chase/project4/src/install/setup.bash'
[69.654s] INFO:colcon.colcon_core.shell:Creating prefix script '/home/chase/project4/src/install/local_setup.zsh'
[69.656s] INFO:colcon.colcon_core.shell:Creating prefix chain script '/home/chase/project4/src/install/setup.zsh'
