[3.339s] DEBUG:colcon:Command line arguments: ['/usr/bin/colcon', 'build']
[3.339s] DEBUG:colcon:Parsed command line arguments: Namespace(allow_overriding=[], ament_cmake_args=None, base_paths=['.'], build_base='build', catkin_cmake_args=None, catkin_skip_building_tests=False, cmake_args=None, cmake_clean_cache=False, cmake_clean_first=False, cmake_force_configure=False, cmake_target=None, cmake_target_skip_unavailable=False, continue_on_error=False, event_handlers=None, executor='parallel', ignore_user_meta=False, install_base='install', log_base=None, log_level=None, main=<bound method BuildVerb.main of <colcon_core.verb.build.BuildVerb object at 0x7f1d493ad7f0>>, merge_install=False, metas=['./colcon.meta'], packages_above=None, packages_above_and_dependencies=None, packages_above_depth=None, packages_end=None, packages_ignore=None, packages_ignore_regex=None, packages_select=None, packages_select_build_failed=False, packages_select_by_dep=None, packages_select_regex=None, packages_select_test_failures=False, packages_skip=None, packages_skip_build_finished=False, packages_skip_by_dep=None, packages_skip_regex=None, packages_skip_test_passed=False, packages_skip_up_to=None, packages_start=None, packages_up_to=None, packages_up_to_regex=None, parallel_workers=1, paths=None, symlink_install=False, test_result_base=None, verb_extension=<colcon_core.verb.build.BuildVerb object at 0x7f1d493ad7f0>, verb_name='build', verb_parser=<colcon_defaults.argument_parser.defaults.DefaultArgumentsDecorator object at 0x7f1d493bc4f0>)
[3.683s] Level 1:colcon.colcon_core.package_discovery:discover_packages(colcon_meta) check parameters
[3.683s] Level 1:colcon.colcon_core.package_discovery:discover_packages(recursive) check parameters
[3.683s] Level 1:colcon.colcon_core.package_discovery:discover_packages(ignore) check parameters
[3.683s] Level 1:colcon.colcon_core.package_discovery:discover_packages(path) check parameters
[3.683s] Level 1:colcon.colcon_core.package_discovery:discover_packages(colcon_meta) discover
[3.683s] Level 1:colcon.colcon_core.package_discovery:discover_packages(recursive) discover
[3.683s] INFO:colcon.colcon_core.package_discovery:Crawling recursively for packages in '/home/chase/project4/src'
[3.683s] Level 1:colcon.colcon_core.package_identification:_identify(.) by extensions ['ignore', 'ignore_ament_install']
[3.683s] Level 1:colcon.colcon_core.package_identification:_identify(.) by extension 'ignore'
[3.683s] Level 1:colcon.colcon_core.package_identification:_identify(.) by extension 'ignore_ament_install'
[3.684s] Level 1:colcon.colcon_core.package_identification:_identify(.) by extensions ['colcon_pkg']
[3.684s] Level 1:colcon.colcon_core.package_identification:_identify(.) by extension 'colcon_pkg'
[3.684s] Level 1:colcon.colcon_core.package_identification:_identify(.) by extensions ['colcon_meta']
[3.684s] Level 1:colcon.colcon_core.package_identification:_identify(.) by extension 'colcon_meta'
[3.684s] Level 1:colcon.colcon_core.package_identification:_identify(.) by extensions ['ros']
[3.684s] Level 1:colcon.colcon_core.package_identification:_identify(.) by extension 'ros'
[3.815s] Level 1:colcon.colcon_core.package_identification:_identify(.) by extensions ['cmake', 'python']
[3.815s] Level 1:colcon.colcon_core.package_identification:_identify(.) by extension 'cmake'
[3.815s] Level 1:colcon.colcon_core.package_identification:_identify(.) by extension 'python'
[3.815s] Level 1:colcon.colcon_core.package_identification:_identify(.) by extensions ['python_setup_py']
[3.815s] Level 1:colcon.colcon_core.package_identification:_identify(.) by extension 'python_setup_py'
[3.815s] Level 1:colcon.colcon_core.package_identification:_identify(bags) by extensions ['ignore', 'ignore_ament_install']
[3.815s] Level 1:colcon.colcon_core.package_identification:_identify(bags) by extension 'ignore'
[3.815s] Level 1:colcon.colcon_core.package_identification:_identify(bags) by extension 'ignore_ament_install'
[3.815s] Level 1:colcon.colcon_core.package_identification:_identify(bags) by extensions ['colcon_pkg']
[3.815s] Level 1:colcon.colcon_core.package_identification:_identify(bags) by extension 'colcon_pkg'
[3.815s] Level 1:colcon.colcon_core.package_identification:_identify(bags) by extensions ['colcon_meta']
[3.815s] Level 1:colcon.colcon_core.package_identification:_identify(bags) by extension 'colcon_meta'
[3.816s] Level 1:colcon.colcon_core.package_identification:_identify(bags) by extensions ['ros']
[3.816s] Level 1:colcon.colcon_core.package_identification:_identify(bags) by extension 'ros'
[3.816s] Level 1:colcon.colcon_core.package_identification:_identify(bags) by extensions ['cmake', 'python']
[3.816s] Level 1:colcon.colcon_core.package_identification:_identify(bags) by extension 'cmake'
[3.816s] Level 1:colcon.colcon_core.package_identification:_identify(bags) by extension 'python'
[3.816s] Level 1:colcon.colcon_core.package_identification:_identify(bags) by extensions ['python_setup_py']
[3.816s] Level 1:colcon.colcon_core.package_identification:_identify(bags) by extension 'python_setup_py'
[3.816s] Level 1:colcon.colcon_core.package_identification:_identify(bags/input1) by extensions ['ignore', 'ignore_ament_install']
[3.816s] Level 1:colcon.colcon_core.package_identification:_identify(bags/input1) by extension 'ignore'
[3.816s] Level 1:colcon.colcon_core.package_identification:_identify(bags/input1) by extension 'ignore_ament_install'
[3.816s] Level 1:colcon.colcon_core.package_identification:_identify(bags/input1) by extensions ['colcon_pkg']
[3.816s] Level 1:colcon.colcon_core.package_identification:_identify(bags/input1) by extension 'colcon_pkg'
[3.816s] Level 1:colcon.colcon_core.package_identification:_identify(bags/input1) by extensions ['colcon_meta']
[3.816s] Level 1:colcon.colcon_core.package_identification:_identify(bags/input1) by extension 'colcon_meta'
[3.817s] Level 1:colcon.colcon_core.package_identification:_identify(bags/input1) by extensions ['ros']
[3.817s] Level 1:colcon.colcon_core.package_identification:_identify(bags/input1) by extension 'ros'
[3.817s] Level 1:colcon.colcon_core.package_identification:_identify(bags/input1) by extensions ['cmake', 'python']
[3.817s] Level 1:colcon.colcon_core.package_identification:_identify(bags/input1) by extension 'cmake'
[3.817s] Level 1:colcon.colcon_core.package_identification:_identify(bags/input1) by extension 'python'
[3.817s] Level 1:colcon.colcon_core.package_identification:_identify(bags/input1) by extensions ['python_setup_py']
[3.817s] Level 1:colcon.colcon_core.package_identification:_identify(bags/input1) by extension 'python_setup_py'
[3.817s] Level 1:colcon.colcon_core.package_identification:_identify(bags/input2) by extensions ['ignore', 'ignore_ament_install']
[3.817s] Level 1:colcon.colcon_core.package_identification:_identify(bags/input2) by extension 'ignore'
[3.817s] Level 1:colcon.colcon_core.package_identification:_identify(bags/input2) by extension 'ignore_ament_install'
[3.817s] Level 1:colcon.colcon_core.package_identification:_identify(bags/input2) by extensions ['colcon_pkg']
[3.817s] Level 1:colcon.colcon_core.package_identification:_identify(bags/input2) by extension 'colcon_pkg'
[3.825s] Level 1:colcon.colcon_core.package_identification:_identify(bags/input2) by extensions ['colcon_meta']
[3.825s] Level 1:colcon.colcon_core.package_identification:_identify(bags/input2) by extension 'colcon_meta'
[3.825s] Level 1:colcon.colcon_core.package_identification:_identify(bags/input2) by extensions ['ros']
[3.825s] Level 1:colcon.colcon_core.package_identification:_identify(bags/input2) by extension 'ros'
[3.825s] Level 1:colcon.colcon_core.package_identification:_identify(bags/input2) by extensions ['cmake', 'python']
[3.825s] Level 1:colcon.colcon_core.package_identification:_identify(bags/input2) by extension 'cmake'
[3.826s] Level 1:colcon.colcon_core.package_identification:_identify(bags/input2) by extension 'python'
[3.826s] Level 1:colcon.colcon_core.package_identification:_identify(bags/input2) by extensions ['python_setup_py']
[3.826s] Level 1:colcon.colcon_core.package_identification:_identify(bags/input2) by extension 'python_setup_py'
[3.852s] Level 1:colcon.colcon_core.package_identification:_identify(bags/input3) by extensions ['ignore', 'ignore_ament_install']
[3.852s] Level 1:colcon.colcon_core.package_identification:_identify(bags/input3) by extension 'ignore'
[3.852s] Level 1:colcon.colcon_core.package_identification:_identify(bags/input3) by extension 'ignore_ament_install'
[3.853s] Level 1:colcon.colcon_core.package_identification:_identify(bags/input3) by extensions ['colcon_pkg']
[3.853s] Level 1:colcon.colcon_core.package_identification:_identify(bags/input3) by extension 'colcon_pkg'
[3.853s] Level 1:colcon.colcon_core.package_identification:_identify(bags/input3) by extensions ['colcon_meta']
[3.853s] Level 1:colcon.colcon_core.package_identification:_identify(bags/input3) by extension 'colcon_meta'
[3.853s] Level 1:colcon.colcon_core.package_identification:_identify(bags/input3) by extensions ['ros']
[3.853s] Level 1:colcon.colcon_core.package_identification:_identify(bags/input3) by extension 'ros'
[3.853s] Level 1:colcon.colcon_core.package_identification:_identify(bags/input3) by extensions ['cmake', 'python']
[3.853s] Level 1:colcon.colcon_core.package_identification:_identify(bags/input3) by extension 'cmake'
[3.853s] Level 1:colcon.colcon_core.package_identification:_identify(bags/input3) by extension 'python'
[3.853s] Level 1:colcon.colcon_core.package_identification:_identify(bags/input3) by extensions ['python_setup_py']
[3.853s] Level 1:colcon.colcon_core.package_identification:_identify(bags/input3) by extension 'python_setup_py'
[3.853s] Level 1:colcon.colcon_core.package_identification:_identify(bags/input4) by extensions ['ignore', 'ignore_ament_install']
[3.853s] Level 1:colcon.colcon_core.package_identification:_identify(bags/input4) by extension 'ignore'
[3.853s] Level 1:colcon.colcon_core.package_identification:_identify(bags/input4) by extension 'ignore_ament_install'
[3.854s] Level 1:colcon.colcon_core.package_identification:_identify(bags/input4) by extensions ['colcon_pkg']
[3.854s] Level 1:colcon.colcon_core.package_identification:_identify(bags/input4) by extension 'colcon_pkg'
[3.854s] Level 1:colcon.colcon_core.package_identification:_identify(bags/input4) by extensions ['colcon_meta']
[3.854s] Level 1:colcon.colcon_core.package_identification:_identify(bags/input4) by extension 'colcon_meta'
[3.854s] Level 1:colcon.colcon_core.package_identification:_identify(bags/input4) by extensions ['ros']
[3.854s] Level 1:colcon.colcon_core.package_identification:_identify(bags/input4) by extension 'ros'
[3.854s] Level 1:colcon.colcon_core.package_identification:_identify(bags/input4) by extensions ['cmake', 'python']
[3.854s] Level 1:colcon.colcon_core.package_identification:_identify(bags/input4) by extension 'cmake'
[3.854s] Level 1:colcon.colcon_core.package_identification:_identify(bags/input4) by extension 'python'
[3.854s] Level 1:colcon.colcon_core.package_identification:_identify(bags/input4) by extensions ['python_setup_py']
[3.854s] Level 1:colcon.colcon_core.package_identification:_identify(bags/input4) by extension 'python_setup_py'
[3.854s] Level 1:colcon.colcon_core.package_identification:_identify(bags/input5) by extensions ['ignore', 'ignore_ament_install']
[3.854s] Level 1:colcon.colcon_core.package_identification:_identify(bags/input5) by extension 'ignore'
[3.854s] Level 1:colcon.colcon_core.package_identification:_identify(bags/input5) by extension 'ignore_ament_install'
[3.855s] Level 1:colcon.colcon_core.package_identification:_identify(bags/input5) by extensions ['colcon_pkg']
[3.855s] Level 1:colcon.colcon_core.package_identification:_identify(bags/input5) by extension 'colcon_pkg'
[3.855s] Level 1:colcon.colcon_core.package_identification:_identify(bags/input5) by extensions ['colcon_meta']
[3.855s] Level 1:colcon.colcon_core.package_identification:_identify(bags/input5) by extension 'colcon_meta'
[3.855s] Level 1:colcon.colcon_core.package_identification:_identify(bags/input5) by extensions ['ros']
[3.855s] Level 1:colcon.colcon_core.package_identification:_identify(bags/input5) by extension 'ros'
[3.855s] Level 1:colcon.colcon_core.package_identification:_identify(bags/input5) by extensions ['cmake', 'python']
[3.855s] Level 1:colcon.colcon_core.package_identification:_identify(bags/input5) by extension 'cmake'
[3.855s] Level 1:colcon.colcon_core.package_identification:_identify(bags/input5) by extension 'python'
[3.855s] Level 1:colcon.colcon_core.package_identification:_identify(bags/input5) by extensions ['python_setup_py']
[3.855s] Level 1:colcon.colcon_core.package_identification:_identify(bags/input5) by extension 'python_setup_py'
[3.855s] Level 1:colcon.colcon_core.package_identification:_identify(build) by extensions ['ignore', 'ignore_ament_install']
[3.855s] Level 1:colcon.colcon_core.package_identification:_identify(build) by extension 'ignore'
[3.855s] Level 1:colcon.colcon_core.package_identification:_identify(build) ignored
[3.856s] Level 1:colcon.colcon_core.package_identification:_identify(install) by extensions ['ignore', 'ignore_ament_install']
[3.856s] Level 1:colcon.colcon_core.package_identification:_identify(install) by extension 'ignore'
[3.856s] Level 1:colcon.colcon_core.package_identification:_identify(install) ignored
[3.856s] Level 1:colcon.colcon_core.package_identification:_identify(log) by extensions ['ignore', 'ignore_ament_install']
[3.856s] Level 1:colcon.colcon_core.package_identification:_identify(log) by extension 'ignore'
[3.856s] Level 1:colcon.colcon_core.package_identification:_identify(log) ignored
[3.856s] Level 1:colcon.colcon_core.package_identification:_identify(p4pkg) by extensions ['ignore', 'ignore_ament_install']
[3.856s] Level 1:colcon.colcon_core.package_identification:_identify(p4pkg) by extension 'ignore'
[3.856s] Level 1:colcon.colcon_core.package_identification:_identify(p4pkg) by extension 'ignore_ament_install'
[3.857s] Level 1:colcon.colcon_core.package_identification:_identify(p4pkg) by extensions ['colcon_pkg']
[3.857s] Level 1:colcon.colcon_core.package_identification:_identify(p4pkg) by extension 'colcon_pkg'
[3.857s] Level 1:colcon.colcon_core.package_identification:_identify(p4pkg) by extensions ['colcon_meta']
[3.857s] Level 1:colcon.colcon_core.package_identification:_identify(p4pkg) by extension 'colcon_meta'
[3.857s] Level 1:colcon.colcon_core.package_identification:_identify(p4pkg) by extensions ['ros']
[3.857s] Level 1:colcon.colcon_core.package_identification:_identify(p4pkg) by extension 'ros'
[3.917s] DEBUG:colcon.colcon_core.package_identification:Package 'p4pkg' with type 'ros.ament_python' and name 'p4pkg'
[3.917s] Level 1:colcon.colcon_core.package_discovery:discover_packages(recursive) using defaults
[3.917s] Level 1:colcon.colcon_core.package_discovery:discover_packages(ignore) discover
[3.917s] Level 1:colcon.colcon_core.package_discovery:discover_packages(ignore) using defaults
[3.917s] Level 1:colcon.colcon_core.package_discovery:discover_packages(path) discover
[3.917s] Level 1:colcon.colcon_core.package_discovery:discover_packages(path) using defaults
[4.287s] Level 1:colcon.colcon_core.package_discovery:discover_packages(prefix_path) check parameters
[4.288s] Level 1:colcon.colcon_core.package_discovery:discover_packages(prefix_path) discover
[4.391s] DEBUG:colcon.colcon_installed_package_information.package_discovery:Found 5 installed packages in /home/chase/project4/src/install
[5.129s] DEBUG:colcon.colcon_installed_package_information.package_discovery:Found 325 installed packages in /home/chase/ros2_humble/install
[5.131s] Level 1:colcon.colcon_core.package_discovery:discover_packages(prefix_path) using defaults
[7.230s] Level 5:colcon.colcon_core.verb:set package 'p4pkg' build argument 'cmake_args' from command line to 'None'
[7.230s] Level 5:colcon.colcon_core.verb:set package 'p4pkg' build argument 'cmake_target' from command line to 'None'
[7.230s] Level 5:colcon.colcon_core.verb:set package 'p4pkg' build argument 'cmake_target_skip_unavailable' from command line to 'False'
[7.230s] Level 5:colcon.colcon_core.verb:set package 'p4pkg' build argument 'cmake_clean_cache' from command line to 'False'
[7.230s] Level 5:colcon.colcon_core.verb:set package 'p4pkg' build argument 'cmake_clean_first' from command line to 'False'
[7.230s] Level 5:colcon.colcon_core.verb:set package 'p4pkg' build argument 'cmake_force_configure' from command line to 'False'
[7.230s] Level 5:colcon.colcon_core.verb:set package 'p4pkg' build argument 'ament_cmake_args' from command line to 'None'
[7.230s] Level 5:colcon.colcon_core.verb:set package 'p4pkg' build argument 'catkin_cmake_args' from command line to 'None'
[7.230s] Level 5:colcon.colcon_core.verb:set package 'p4pkg' build argument 'catkin_skip_building_tests' from command line to 'False'
[7.230s] DEBUG:colcon.colcon_core.verb:Building package 'p4pkg' with the following arguments: {'ament_cmake_args': None, 'build_base': '/home/chase/project4/src/build/p4pkg', 'catkin_cmake_args': None, 'catkin_skip_building_tests': False, 'cmake_args': None, 'cmake_clean_cache': False, 'cmake_clean_first': False, 'cmake_force_configure': False, 'cmake_target': None, 'cmake_target_skip_unavailable': False, 'install_base': '/home/chase/project4/src/install/p4pkg', 'merge_install': False, 'path': '/home/chase/project4/src/p4pkg', 'symlink_install': False, 'test_result_base': None}
[7.231s] INFO:colcon.colcon_core.executor:Executing jobs using 'parallel' executor
[7.281s] DEBUG:colcon.colcon_parallel_executor.executor.parallel:run_until_complete
[7.282s] INFO:colcon.colcon_ros.task.ament_python.build:Building ROS package in '/home/chase/project4/src/p4pkg' with build type 'ament_python'
[7.282s] Level 1:colcon.colcon_core.shell:create_environment_hook('p4pkg', 'ament_prefix_path')
[7.442s] INFO:colcon.colcon_core.plugin_system:Skipping extension 'colcon_core.shell.bat': Not used on non-Windows systems
[7.449s] INFO:colcon.colcon_core.shell:Creating environment hook '/home/chase/project4/src/install/p4pkg/share/p4pkg/hook/ament_prefix_path.ps1'
[7.455s] INFO:colcon.colcon_core.shell:Creating environment descriptor '/home/chase/project4/src/install/p4pkg/share/p4pkg/hook/ament_prefix_path.dsv'
[7.457s] INFO:colcon.colcon_core.shell:Creating environment hook '/home/chase/project4/src/install/p4pkg/share/p4pkg/hook/ament_prefix_path.sh'
[7.497s] INFO:colcon.colcon_core.shell:Skip shell extension 'powershell' for command environment: Not usable outside of PowerShell
[7.497s] DEBUG:colcon.colcon_core.shell:Skip shell extension 'dsv' for command environment
[12.860s] INFO:colcon.colcon_core.task.python.build:Building Python package in '/home/chase/project4/src/p4pkg'
[12.864s] INFO:colcon.colcon_core.shell:Skip shell extension 'powershell' for command environment: Not usable outside of PowerShell
[12.864s] DEBUG:colcon.colcon_core.shell:Skip shell extension 'dsv' for command environment
[20.160s] DEBUG:colcon.colcon_core.event_handler.log_command:Invoking command in '/home/chase/project4/src/p4pkg': PYTHONPATH=/home/chase/project4/src/build/p4pkg/prefix_override:/home/chase/project4/src/install/p4pkg/lib/python3.8/site-packages:${PYTHONPATH} /usr/bin/python3 setup.py egg_info --egg-base ../build/p4pkg build --build-base /home/chase/project4/src/build/p4pkg/build install --record /home/chase/project4/src/build/p4pkg/install.log --single-version-externally-managed
[26.204s] DEBUG:colcon.colcon_core.event_handler.log_command:Invoked command in '/home/chase/project4/src/p4pkg' returned '0': PYTHONPATH=/home/chase/project4/src/build/p4pkg/prefix_override:/home/chase/project4/src/install/p4pkg/lib/python3.8/site-packages:${PYTHONPATH} /usr/bin/python3 setup.py egg_info --egg-base ../build/p4pkg build --build-base /home/chase/project4/src/build/p4pkg/build install --record /home/chase/project4/src/build/p4pkg/install.log --single-version-externally-managed
[26.227s] Level 1:colcon.colcon_core.environment:checking '/home/chase/project4/src/install/p4pkg' for CMake module files
[26.251s] Level 1:colcon.colcon_core.environment:checking '/home/chase/project4/src/install/p4pkg' for CMake config files
[26.252s] Level 1:colcon.colcon_core.environment:checking '/home/chase/project4/src/install/p4pkg/lib'
[26.252s] Level 1:colcon.colcon_core.environment:checking '/home/chase/project4/src/install/p4pkg/bin'
[26.252s] Level 1:colcon.colcon_core.environment:checking '/home/chase/project4/src/install/p4pkg/lib/pkgconfig/p4pkg.pc'
[26.253s] Level 1:colcon.colcon_core.environment:checking '/home/chase/project4/src/install/p4pkg/lib/python3.8/site-packages'
[26.253s] Level 1:colcon.colcon_core.shell:create_environment_hook('p4pkg', 'pythonpath')
[26.256s] INFO:colcon.colcon_core.shell:Creating environment hook '/home/chase/project4/src/install/p4pkg/share/p4pkg/hook/pythonpath.ps1'
[26.260s] INFO:colcon.colcon_core.shell:Creating environment descriptor '/home/chase/project4/src/install/p4pkg/share/p4pkg/hook/pythonpath.dsv'
[26.279s] INFO:colcon.colcon_core.shell:Creating environment hook '/home/chase/project4/src/install/p4pkg/share/p4pkg/hook/pythonpath.sh'
[26.289s] Level 1:colcon.colcon_core.environment:checking '/home/chase/project4/src/install/p4pkg/bin'
[26.289s] Level 1:colcon.colcon_core.environment:create_environment_scripts_only(p4pkg)
[26.316s] INFO:colcon.colcon_core.shell:Creating package script '/home/chase/project4/src/install/p4pkg/share/p4pkg/package.ps1'
[26.332s] INFO:colcon.colcon_core.shell:Creating package descriptor '/home/chase/project4/src/install/p4pkg/share/p4pkg/package.dsv'
[26.336s] INFO:colcon.colcon_core.shell:Creating package script '/home/chase/project4/src/install/p4pkg/share/p4pkg/package.sh'
[26.383s] INFO:colcon.colcon_core.shell:Creating package script '/home/chase/project4/src/install/p4pkg/share/p4pkg/package.bash'
[26.387s] INFO:colcon.colcon_core.shell:Creating package script '/home/chase/project4/src/install/p4pkg/share/p4pkg/package.zsh'
[26.391s] Level 1:colcon.colcon_core.environment:create_file_with_runtime_dependencies(/home/chase/project4/src/install/p4pkg/share/colcon-core/packages/p4pkg)
[26.410s] DEBUG:colcon.colcon_parallel_executor.executor.parallel:closing loop
[26.451s] DEBUG:colcon.colcon_parallel_executor.executor.parallel:loop closed
[26.451s] DEBUG:colcon.colcon_parallel_executor.executor.parallel:run_until_complete finished with '0'
[26.451s] DEBUG:colcon.colcon_core.event_reactor:joining thread
[26.562s] INFO:colcon.colcon_core.plugin_system:Skipping extension 'colcon_notification.desktop_notification.terminal_notifier': Not used on non-Darwin systems
[26.562s] INFO:colcon.colcon_core.plugin_system:Skipping extension 'colcon_notification.desktop_notification.win32': Not used on non-Windows systems
[26.562s] INFO:colcon.colcon_notification.desktop_notification:Sending desktop notification using 'notify2'
[26.667s] DEBUG:colcon.colcon_core.event_reactor:joined thread
[26.670s] INFO:colcon.colcon_core.shell:Creating prefix script '/home/chase/project4/src/install/local_setup.ps1'
[26.699s] INFO:colcon.colcon_core.shell:Creating prefix util module '/home/chase/project4/src/install/_local_setup_util_ps1.py'
[26.703s] INFO:colcon.colcon_core.shell:Creating prefix chain script '/home/chase/project4/src/install/setup.ps1'
[26.761s] INFO:colcon.colcon_core.shell:Creating prefix script '/home/chase/project4/src/install/local_setup.sh'
[26.771s] INFO:colcon.colcon_core.shell:Creating prefix util module '/home/chase/project4/src/install/_local_setup_util_sh.py'
[26.776s] INFO:colcon.colcon_core.shell:Creating prefix chain script '/home/chase/project4/src/install/setup.sh'
[26.857s] INFO:colcon.colcon_core.shell:Creating prefix script '/home/chase/project4/src/install/local_setup.bash'
[26.861s] INFO:colcon.colcon_core.shell:Creating prefix chain script '/home/chase/project4/src/install/setup.bash'
[26.925s] INFO:colcon.colcon_core.shell:Creating prefix script '/home/chase/project4/src/install/local_setup.zsh'
[26.951s] INFO:colcon.colcon_core.shell:Creating prefix chain script '/home/chase/project4/src/install/setup.zsh'
