[25.855s] Invoking command in '/home/chase/project4/src/p4pkg': PYTHONPATH=/home/chase/project4/src/build/p4pkg/prefix_override:/home/chase/project4/src/install/p4pkg/lib/python3.8/site-packages:${PYTHONPATH} /usr/bin/python3 setup.py egg_info --egg-base ../build/p4pkg build --build-base /home/chase/project4/src/build/p4pkg/build install --record /home/chase/project4/src/build/p4pkg/install.log --single-version-externally-managed
[36.085s] running egg_info
[36.094s] writing ../build/p4pkg/p4pkg.egg-info/PKG-INFO
[36.112s] writing dependency_links to ../build/p4pkg/p4pkg.egg-info/dependency_links.txt
[36.116s] writing entry points to ../build/p4pkg/p4pkg.egg-info/entry_points.txt
[36.138s] writing requirements to ../build/p4pkg/p4pkg.egg-info/requires.txt
[36.139s] writing top-level names to ../build/p4pkg/p4pkg.egg-info/top_level.txt
[36.548s] reading manifest file '../build/p4pkg/p4pkg.egg-info/SOURCES.txt'
[36.571s] writing manifest file '../build/p4pkg/p4pkg.egg-info/SOURCES.txt'
[36.589s] running build
[36.589s] running build_py
[36.590s] copying p4pkg/simulator.py -> /home/chase/project4/src/build/p4pkg/build/lib/p4pkg
[36.591s] running install
[36.605s] running install_lib
[36.625s] copying /home/chase/project4/src/build/p4pkg/build/lib/p4pkg/simulator.py -> /home/chase/project4/src/install/p4pkg/lib/python3.8/site-packages/p4pkg
[36.658s] byte-compiling /home/chase/project4/src/install/p4pkg/lib/python3.8/site-packages/p4pkg/simulator.py to simulator.cpython-38.pyc
[36.726s] running install_data
[36.740s] running install_egg_info
[36.801s] removing '/home/chase/project4/src/install/p4pkg/lib/python3.8/site-packages/p4pkg-0.0.0-py3.8.egg-info' (and everything under it)
[36.806s] Copying ../build/p4pkg/p4pkg.egg-info to /home/chase/project4/src/install/p4pkg/lib/python3.8/site-packages/p4pkg-0.0.0-py3.8.egg-info
[36.814s] running install_scripts
[37.192s] Installing simulator script to /home/chase/project4/src/install/p4pkg/lib/p4pkg
[37.205s] writing list of installed files to '/home/chase/project4/src/build/p4pkg/install.log'
[37.479s] Invoked command in '/home/chase/project4/src/p4pkg' returned '0': PYTHONPATH=/home/chase/project4/src/build/p4pkg/prefix_override:/home/chase/project4/src/install/p4pkg/lib/python3.8/site-packages:${PYTHONPATH} /usr/bin/python3 setup.py egg_info --egg-base ../build/p4pkg build --build-base /home/chase/project4/src/build/p4pkg/build install --record /home/chase/project4/src/build/p4pkg/install.log --single-version-externally-managed
