[3.423s] Invoking command in '/home/chase/project4/src/p4pkg': PYTHONPATH=/home/chase/project4/src/build/p4pkg/prefix_override:/home/chase/project4/src/install/p4pkg/lib/python3.8/site-packages:${PYTHONPATH} /usr/bin/python3 setup.py egg_info --egg-base ../build/p4pkg build --build-base /home/chase/project4/src/build/p4pkg/build install --record /home/chase/project4/src/build/p4pkg/install.log --single-version-externally-managed
[4.459s] running egg_info
[4.461s] writing ../build/p4pkg/p4pkg.egg-info/PKG-INFO
[4.474s] writing dependency_links to ../build/p4pkg/p4pkg.egg-info/dependency_links.txt
[4.477s] writing entry points to ../build/p4pkg/p4pkg.egg-info/entry_points.txt
[4.483s] writing requirements to ../build/p4pkg/p4pkg.egg-info/requires.txt
[4.506s] writing top-level names to ../build/p4pkg/p4pkg.egg-info/top_level.txt
[4.749s] reading manifest file '../build/p4pkg/p4pkg.egg-info/SOURCES.txt'
[4.757s] writing manifest file '../build/p4pkg/p4pkg.egg-info/SOURCES.txt'
[4.769s] running build
[4.770s] running build_py
[4.771s] running install
[4.773s] running install_lib
[4.782s] running install_data
[4.810s] running install_egg_info
[4.831s] removing '/home/chase/project4/src/install/p4pkg/lib/python3.8/site-packages/p4pkg-0.0.0-py3.8.egg-info' (and everything under it)
[4.832s] Copying ../build/p4pkg/p4pkg.egg-info to /home/chase/project4/src/install/p4pkg/lib/python3.8/site-packages/p4pkg-0.0.0-py3.8.egg-info
[4.842s] running install_scripts
[4.899s] Installing simulator script to /home/chase/project4/src/install/p4pkg/lib/p4pkg
[4.917s] writing list of installed files to '/home/chase/project4/src/build/p4pkg/install.log'
[5.045s] Invoked command in '/home/chase/project4/src/p4pkg' returned '0': PYTHONPATH=/home/chase/project4/src/build/p4pkg/prefix_override:/home/chase/project4/src/install/p4pkg/lib/python3.8/site-packages:${PYTHONPATH} /usr/bin/python3 setup.py egg_info --egg-base ../build/p4pkg build --build-base /home/chase/project4/src/build/p4pkg/build install --record /home/chase/project4/src/build/p4pkg/install.log --single-version-externally-managed
