[0.790s] Invoking command in '/home/tate/Documents/4a/CSCE452-Project4a/src/p4pkg': PYTHONPATH=/home/tate/Documents/4a/CSCE452-Project4a/src/build/p4pkg/prefix_override:/home/tate/Documents/4a/CSCE452-Project4a/src/install/p4pkg/lib/python3.10/site-packages:${PYTHONPATH} /usr/bin/python3 setup.py egg_info --egg-base ../build/p4pkg build --build-base /home/tate/Documents/4a/CSCE452-Project4a/src/build/p4pkg/build install --record /home/tate/Documents/4a/CSCE452-Project4a/src/build/p4pkg/install.log --single-version-externally-managed
[1.082s] running egg_info
[1.087s] writing ../build/p4pkg/p4pkg.egg-info/PKG-INFO
[1.087s] writing dependency_links to ../build/p4pkg/p4pkg.egg-info/dependency_links.txt
[1.087s] writing entry points to ../build/p4pkg/p4pkg.egg-info/entry_points.txt
[1.087s] writing requirements to ../build/p4pkg/p4pkg.egg-info/requires.txt
[1.087s] writing top-level names to ../build/p4pkg/p4pkg.egg-info/top_level.txt
[1.113s] reading manifest file '../build/p4pkg/p4pkg.egg-info/SOURCES.txt'
[1.114s] writing manifest file '../build/p4pkg/p4pkg.egg-info/SOURCES.txt'
[1.126s] running build
[1.129s] running build_py
[1.129s] copying p4pkg/simulator.py -> /home/tate/Documents/4a/CSCE452-Project4a/src/build/p4pkg/build/lib/p4pkg
[1.129s] running install
[1.129s] running install_lib
[1.129s] copying /home/tate/Documents/4a/CSCE452-Project4a/src/build/p4pkg/build/lib/p4pkg/simulator.py -> /home/tate/Documents/4a/CSCE452-Project4a/src/install/p4pkg/lib/python3.10/site-packages/p4pkg
[1.129s] byte-compiling /home/tate/Documents/4a/CSCE452-Project4a/src/install/p4pkg/lib/python3.10/site-packages/p4pkg/simulator.py to simulator.cpython-310.pyc
[1.129s] running install_data
[1.129s] running install_egg_info
[1.136s] removing '/home/tate/Documents/4a/CSCE452-Project4a/src/install/p4pkg/lib/python3.10/site-packages/p4pkg-0.0.0-py3.10.egg-info' (and everything under it)
[1.136s] Copying ../build/p4pkg/p4pkg.egg-info to /home/tate/Documents/4a/CSCE452-Project4a/src/install/p4pkg/lib/python3.10/site-packages/p4pkg-0.0.0-py3.10.egg-info
[1.136s] running install_scripts
[1.160s] Installing simulator script to /home/tate/Documents/4a/CSCE452-Project4a/src/install/p4pkg/lib/p4pkg
[1.179s] writing list of installed files to '/home/tate/Documents/4a/CSCE452-Project4a/src/build/p4pkg/install.log'
[1.240s] Invoked command in '/home/tate/Documents/4a/CSCE452-Project4a/src/p4pkg' returned '0': PYTHONPATH=/home/tate/Documents/4a/CSCE452-Project4a/src/build/p4pkg/prefix_override:/home/tate/Documents/4a/CSCE452-Project4a/src/install/p4pkg/lib/python3.10/site-packages:${PYTHONPATH} /usr/bin/python3 setup.py egg_info --egg-base ../build/p4pkg build --build-base /home/tate/Documents/4a/CSCE452-Project4a/src/build/p4pkg/build install --record /home/tate/Documents/4a/CSCE452-Project4a/src/build/p4pkg/install.log --single-version-externally-managed
